32.4958 	WARNING 	User requested fullscreen with size [1536  864], but screen is actually [1920, 1080]. Using actual size
33.4362 	EXP 	Created window1 = Window(allowGUI=True, allowStencil=False, autoLog=True, backendConf=UNKNOWN, backgroundFit=<method-wrapper '__getattribute__' of attributeSetter object at 0x000001CB5161CC10>, backgroundImage=<method-wrapper '__getattribute__' of attributeSetter object at 0x000001CB5161CBB0>, bitsMode=UNKNOWN, blendMode='avg', bpc=(8, 8, 8), color=array([0, 0, 0]), colorSpace='rgb', depthBits=8, fullscr=<method-wrapper '__getattribute__' of attributeSetter object at 0x000001CB5161CA00>, gamma=None, gammaErrorPolicy='raise', infoMsg=UNKNOWN, lms=UNKNOWN, monitor=<psychopy.monitors.calibTools.Monitor object at 0x000001CB61FD0A90>, multiSample=False, name='window1', numSamples=2, pos=(0, 0), screen=0, size=array([1920, 1080]), stencilBits=0, stereo=False, title='PsychoPy', units='height', useFBO=True, useRetina=False, viewOri=0.0, viewPos=None, viewScale=None, waitBlanking=True, winType='pyglet')
33.4362 	EXP 	window1: backgroundImage = None
33.4363 	EXP 	window1: backgroundFit = 'cover'
33.4363 	EXP 	window1: mouseVisible = False
33.4383 	EXP 	window1: Attempting to measure frame rate of screen (0) ...
33.4383 	EXP 	window1: recordFrameIntervals = False
33.6020 	EXP 	window1: recordFrameIntervals = True
33.7853 	EXP 	Screen (0) actual frame rate measured at 59.90Hz
33.7853 	EXP 	window1: recordFrameIntervals = False
35.6232 	EXP 	window1: mouseVisible = False
35.6945 	EXP 	Created text_2 = TextStim(__class__=<class 'psychopy.visual.text.TextStim'>, alignHoriz=method-wrapper(...), alignText='center', alignVert=method-wrapper(...), anchorHoriz='center', anchorVert='center', antialias=True, autoDraw=False, autoLog=True, bold=False, color=array([1., 1., 1.]), colorSpace='rgb', contrast=1.0, depth=0.0, draggable=False, flipHoriz=False, flipVert=False, font='Open Sans', fontFiles=[], height=0.05, italic=False, languageStyle='LTR', name='text_2', opacity=1, ori=0.0, pos=array([0., 0.]), rgb=UNKNOWN, text='Press spacebar to start the experiment\n\n', units='height', win=Window(...), wrapWidth=1)
35.6946 	EXP 	window1: mouseVisible = False
35.7192 	EXP 	Created GA = GratingStim(__class__=<class 'psychopy.visual.grating.GratingStim'>, anchor='center', autoDraw=False, autoLog=True, blendmode='avg', color=array([1., 1., 1.]), colorSpace='rgb', contrast=1.0, depth=-2.0, draggable=False, interpolate=True, mask='sqr', maskParams=None, name='GA', opacity=1, ori=0.0, phase=array([0., 0.]), pos=array([0., 0.]), rgbPedestal=array([0., 0., 0.]), sf=array([1., 1.]), size=array([128.,  32.]), tex='sqr', texRes=512.0, units='deg', win=Window(...))
35.7193 	EXP 	window1: mouseVisible = False
35.7417 	EXP 	Created GA = GratingStim(__class__=<class 'psychopy.visual.grating.GratingStim'>, anchor='center', autoDraw=False, autoLog=True, blendmode='avg', color=array([1., 1., 1.]), colorSpace='rgb', contrast=1.0, depth=-2.0, draggable=False, interpolate=True, mask='sqr', maskParams=None, name='GA', opacity=1, ori=0.0, phase=array([0.5, 0.5]), pos=array([0., 0.]), rgbPedestal=array([0., 0., 0.]), sf=array([1., 1.]), size=array([32., 16.]), tex='sqr', texRes=512.0, units='deg', win=Window(...))
35.7418 	EXP 	window1: mouseVisible = False
35.7427 	EXP 	Created text_3 = TextStim(__class__=<class 'psychopy.visual.text.TextStim'>, alignHoriz=method-wrapper(...), alignText='center', alignVert=method-wrapper(...), anchorHoriz='center', anchorVert='center', antialias=True, autoDraw=False, autoLog=True, bold=False, color=array([1., 1., 1.]), colorSpace='rgb', contrast=1.0, depth=-4.0, draggable=False, flipHoriz=False, flipVert=False, font='Open Sans', fontFiles=[], height=0.05, italic=False, languageStyle='LTR', name='text_3', opacity=1, ori=0.0, pos=array([0.   , 0.125]), rgb=UNKNOWN, text='', units='height', win=Window(...), wrapWidth=1)
35.7428 	EXP 	window1: mouseVisible = False
35.7437 	EXP 	Created text_4 = TextStim(__class__=<class 'psychopy.visual.text.TextStim'>, alignHoriz=method-wrapper(...), alignText='center', alignVert=method-wrapper(...), anchorHoriz='center', anchorVert='center', antialias=True, autoDraw=False, autoLog=True, bold=False, color=array([1., 1., 1.]), colorSpace='rgb', contrast=1.0, depth=-3.0, draggable=False, flipHoriz=False, flipVert=False, font='Open Sans', fontFiles=[], height=0.05, italic=False, languageStyle='LTR', name='text_4', opacity=1, ori=0.0, pos=array([0.   , 0.125]), rgb=UNKNOWN, text='', units='height', win=Window(...), wrapWidth=1)
35.7438 	EXP 	window1: mouseVisible = False
35.7503 	EXP 	Created polygon_3 = ShapeStim(__class__=<class 'psychopy.visual.shape.ShapeStim'>, anchor=('center', 'center'), autoDraw=False, autoLog=True, closeShape=True, color=method-wrapper(...), colorSpace='rgb', contrast=None, depth=0.0, draggable=False, fillColor=array([0., 0., 0.]), fillColorSpace='rgb', fillRGB=array([0., 0., 0.]), interpolate=True, lineColor=array([0., 0., 0.]), lineColorSpace='rgb', lineRGB=array([0., 0., 0.]), lineWidth=1.0, name='polygon_3', opacity=1, ori=0.0, pos=array([0., 0.]), size=array([0.05, 0.05]), units='height', vertices=ndarray(...), win=Window(...), windingRule=None)
35.7557 	EXP 	text_2: autoDraw = True
36.4033 	DATA 	Mouse: Left button down, pos=(1137,653)
36.7718 	DATA 	Mouse:  Left button up, pos=(1033,653)
37.7455 	DATA 	Keypress: space
41.2952 	EXP 	text_2: autoDraw = False
41.2952 	EXP 	GA: sf = array([1., 1.])
41.2952 	EXP 	GA: sf = array([1., 1.])
41.2952 	EXP 	GA: phase = array([0.5, 0.5])
41.2952 	EXP 	text_3: height = 0.05
41.2952 	EXP 	text_3: height = 0.05
41.2952 	EXP 	text_3: height = 0.05
41.2952 	EXP 	text_3: text = 'Spatial frequency: 1.0\nContrast: 1.0\nPhase: 0.500'
41.2952 	EXP 	text_4: height = 0.05
41.2952 	EXP 	text_4: height = 0.05
41.2952 	EXP 	text_4: height = 0.05
41.2952 	EXP 	text_4: text = 'Spatial frequency: 1.0\nContrast: 1.0\nPhase: 0.500'
41.2952 	EXP 	GA: autoDraw = True
41.2952 	EXP 	GA: autoDraw = True
41.2952 	EXP 	text_4: autoDraw = True
41.2952 	EXP 	GA: tex = 'sqr'
41.2952 	EXP 	GA: tex = 'sqr'
44.3007 	EXP 	GA: autoDraw = False
44.3007 	EXP 	GA: autoDraw = False
44.3007 	EXP 	text_4: autoDraw = False
44.3007 	EXP 	GA: autoDraw = False
44.3007 	EXP 	GA: autoDraw = False
44.3007 	EXP 	text_4: autoDraw = False
44.3007 	EXP 	polygon_3: autoDraw = True
47.9864 	EXP 	polygon_3: autoDraw = False
47.9864 	EXP 	polygon_3: autoDraw = False
47.9864 	EXP 	GA: sf = array([1., 1.])
47.9864 	EXP 	GA: sf = array([1., 1.])
47.9864 	EXP 	GA: phase = array([0.44562547, 0.44562547])
47.9864 	EXP 	text_3: height = 0.05
47.9864 	EXP 	text_3: height = 0.05
47.9864 	EXP 	text_3: height = 0.05
47.9864 	EXP 	text_3: text = 'Spatial frequency: 1.0\nContrast: 1.0\nPhase: 0.446'
47.9864 	EXP 	text_4: height = 0.05
47.9864 	EXP 	text_4: height = 0.05
47.9864 	EXP 	text_4: height = 0.05
47.9864 	EXP 	text_4: text = 'Spatial frequency: 1.0\nContrast: 1.0\nPhase: 0.446'
47.9864 	EXP 	GA: autoDraw = True
47.9864 	EXP 	GA: autoDraw = True
47.9864 	EXP 	text_4: autoDraw = True
50.9842 	EXP 	GA: autoDraw = False
50.9842 	EXP 	GA: autoDraw = False
50.9842 	EXP 	text_4: autoDraw = False
50.9842 	EXP 	GA: autoDraw = False
50.9842 	EXP 	GA: autoDraw = False
50.9842 	EXP 	text_4: autoDraw = False
50.9842 	EXP 	polygon_3: autoDraw = True
54.7085 	EXP 	polygon_3: autoDraw = False
54.7085 	EXP 	polygon_3: autoDraw = False
54.7085 	EXP 	GA: sf = array([1., 1.])
54.7085 	EXP 	GA: sf = array([1., 1.])
54.7085 	EXP 	GA: phase = array([0.39716412, 0.39716412])
54.7085 	EXP 	text_3: height = 0.05
54.7085 	EXP 	text_3: height = 0.05
54.7085 	EXP 	text_3: height = 0.05
54.7085 	EXP 	text_3: text = 'Spatial frequency: 1.0\nContrast: 1.0\nPhase: 0.397'
54.7085 	EXP 	text_4: height = 0.05
54.7085 	EXP 	text_4: height = 0.05
54.7085 	EXP 	text_4: height = 0.05
54.7085 	EXP 	text_4: text = 'Spatial frequency: 1.0\nContrast: 1.0\nPhase: 0.397'
54.7085 	EXP 	GA: autoDraw = True
54.7085 	EXP 	GA: autoDraw = True
54.7085 	EXP 	text_4: autoDraw = True
57.7006 	EXP 	GA: autoDraw = False
57.7006 	EXP 	GA: autoDraw = False
57.7006 	EXP 	text_4: autoDraw = False
57.7006 	EXP 	GA: autoDraw = False
57.7006 	EXP 	GA: autoDraw = False
57.7006 	EXP 	text_4: autoDraw = False
57.7006 	EXP 	polygon_3: autoDraw = True
61.5447 	EXP 	polygon_3: autoDraw = False
61.5447 	EXP 	polygon_3: autoDraw = False
61.5447 	EXP 	GA: sf = array([1., 1.])
61.5447 	EXP 	GA: sf = array([1., 1.])
61.5447 	EXP 	GA: phase = array([0.35397289, 0.35397289])
61.5447 	EXP 	text_3: height = 0.05
61.5447 	EXP 	text_3: height = 0.05
61.5447 	EXP 	text_3: height = 0.05
61.5447 	EXP 	text_3: text = 'Spatial frequency: 1.0\nContrast: 1.0\nPhase: 0.354'
61.5447 	EXP 	text_4: height = 0.05
61.5447 	EXP 	text_4: height = 0.05
61.5447 	EXP 	text_4: height = 0.05
61.5447 	EXP 	text_4: text = 'Spatial frequency: 1.0\nContrast: 1.0\nPhase: 0.354'
61.5447 	EXP 	GA: autoDraw = True
61.5447 	EXP 	GA: autoDraw = True
61.5447 	EXP 	text_4: autoDraw = True
64.5503 	EXP 	GA: autoDraw = False
64.5503 	EXP 	GA: autoDraw = False
64.5503 	EXP 	text_4: autoDraw = False
64.5503 	EXP 	GA: autoDraw = False
64.5503 	EXP 	GA: autoDraw = False
64.5503 	EXP 	text_4: autoDraw = False
64.5503 	EXP 	polygon_3: autoDraw = True
68.2604 	EXP 	polygon_3: autoDraw = False
68.2604 	EXP 	polygon_3: autoDraw = False
68.2604 	EXP 	GA: sf = array([1., 1.])
68.2604 	EXP 	GA: sf = array([1., 1.])
68.2604 	EXP 	GA: phase = array([0.39716412, 0.39716412])
68.2604 	EXP 	text_3: height = 0.05
68.2604 	EXP 	text_3: height = 0.05
68.2604 	EXP 	text_3: height = 0.05
68.2604 	EXP 	text_3: text = 'Spatial frequency: 1.0\nContrast: 1.0\nPhase: 0.397'
68.2604 	EXP 	text_4: height = 0.05
68.2604 	EXP 	text_4: height = 0.05
68.2604 	EXP 	text_4: height = 0.05
68.2604 	EXP 	text_4: text = 'Spatial frequency: 1.0\nContrast: 1.0\nPhase: 0.397'
68.2604 	EXP 	GA: autoDraw = True
68.2604 	EXP 	GA: autoDraw = True
68.2604 	EXP 	text_4: autoDraw = True
71.4827 	EXP 	window1: mouseVisible = True
