3.6909 	WARNING 	Speech-to-text recognition module for PocketSphinx is not available (use command `pip install SpeechRecognition` to get it). Transcription will be unavailable using that service this session.
3.6915 	WARNING 	Speech-to-text recognition using Google online services is not available (use command `pip install google-api-core google-auth google-cloud google-cloud-speech googleapis-common-protos` to get it). Transcription will be unavailable using that service this session.
3.6928 	ERROR 	Support for the `sounddevice` audio backend is not available this session. Please install `psychopy-sounddevice` and restart the session to enable support.
30.7219 	WARNING 	User requested fullscreen with size [1536  864], but screen is actually [1920, 1200]. Using actual size
31.2818 	EXP 	Created window1 = Window(allowGUI=True, allowStencil=False, autoLog=True, backendConf=UNKNOWN, backgroundFit=<method-wrapper '__getattribute__' of attributeSetter object at 0x0000027B669CF350>, backgroundImage=<method-wrapper '__getattribute__' of attributeSetter object at 0x0000027B669CF310>, bitsMode=UNKNOWN, blendMode='avg', bpc=(8, 8, 8), color=array([0, 0, 0]), colorSpace='rgb', depthBits=8, fullscr=<method-wrapper '__getattribute__' of attributeSetter object at 0x0000027B666C6950>, gamma=None, gammaErrorPolicy='raise', lms=UNKNOWN, monitor=<psychopy.monitors.calibTools.Monitor object at 0x0000027B7922D3D0>, multiSample=False, name='window1', numSamples=2, pos=(0, 0), screen=0, size=array([1920, 1200]), stencilBits=0, stereo=False, units='height', useFBO=True, useRetina=False, viewOri=0.0, viewPos=None, viewScale=None, waitBlanking=True, winType='pyglet')
31.2820 	EXP 	window1: mouseVisible = True
31.2820 	EXP 	window1: backgroundImage = None
31.2821 	EXP 	window1: backgroundFit = 'cover'
31.2823 	EXP 	window1: mouseVisible = False
31.2823 	EXP 	window1: Attempting to measure frame rate of screen (0) ...
31.2824 	EXP 	window1: recordFrameIntervals = False
31.3391 	EXP 	window1: recordFrameIntervals = True
31.3593 	WARNING 	t of last frame was 7.64ms (=1/130)
31.4184 	EXP 	Screen (0) actual frame rate measured at 169.57Hz
31.4185 	EXP 	window1: recordFrameIntervals = False
34.9931 	EXP 	Created text_2 = TextStim(__class__=<class 'psychopy.visual.text.TextStim'>, alignHoriz=method-wrapper(...), alignText='center', alignVert=method-wrapper(...), anchorHoriz='center', anchorVert='center', antialias=True, autoDraw=False, autoLog=True, bold=False, color=array([1., 1., 1.]), colorSpace='rgb', contrast=1.0, depth=0.0, flipHoriz=False, flipVert=False, font='Open Sans', fontFiles=[], height=0.05, italic=False, languageStyle='LTR', name='text_2', opacity=1.0, ori=0.0, pos=array([0., 0.]), rgb=UNKNOWN, text='Press spacebar to start the experiment\n\n', units='height', win=Window(...), wrapWidth=1)
35.3761 	EXP 	Created GA = GratingStim(__class__=<class 'psychopy.visual.grating.GratingStim'>, anchor='center', autoDraw=False, autoLog=True, blendmode='avg', color=array([1., 1., 1.]), colorSpace='rgb', contrast=1.0, depth=-2.0, interpolate=True, mask='circle', maskParams=None, name='GA', opacity=1.0, ori=0.0, phase=array([0., 0.]), pos=array([0., 0.]), rgbPedestal=array([0., 0., 0.]), sf=array([1., 1.]), size=array([8.5]), tex='sqr', texRes=512.0, units='deg', win=Window(...))
35.3795 	EXP 	Created polygon = ShapeStim(__class__=<class 'psychopy.visual.shape.ShapeStim'>, anchor=('center', 'center'), autoDraw=False, autoLog=True, closeShape=True, color=method-wrapper(...), colorSpace='rgb', contrast=None, depth=-3.0, fillColor=array([0., 0., 0.]), fillColorSpace='rgb', fillRGB=array([0., 0., 0.]), interpolate=True, lineColor=array([0., 0., 0.]), lineColorSpace='rgb', lineRGB=array([0., 0., 0.]), lineWidth=1.0, name='polygon', opacity=1.0, ori=0.0, pos=array([0., 0.]), size=array([0.05, 0.05]), units='height', vertices=ndarray(...), win=Window(...), windingRule=None)
35.3801 	EXP 	Created text_3 = TextStim(__class__=<class 'psychopy.visual.text.TextStim'>, alignHoriz=method-wrapper(...), alignText='center', alignVert=method-wrapper(...), anchorHoriz='center', anchorVert='center', antialias=True, autoDraw=False, autoLog=True, bold=False, color=array([1., 1., 1.]), colorSpace='rgb', contrast=1.0, depth=-4.0, flipHoriz=False, flipVert=False, font='Open Sans', fontFiles=[], height=0.05, italic=False, languageStyle='LTR', name='text_3', opacity=1.0, ori=0.0, pos=array([0.   , 0.125]), rgb=UNKNOWN, text='', units='height', win=Window(...), wrapWidth=1)
35.3813 	EXP 	Created polygon_2 = ShapeStim(__class__=<class 'psychopy.visual.shape.ShapeStim'>, anchor=('center', 'center'), autoDraw=False, autoLog=True, closeShape=True, color=method-wrapper(...), colorSpace='rgb', contrast=None, depth=-2.0, fillColor=array([0., 0., 0.]), fillColorSpace='rgb', fillRGB=array([0., 0., 0.]), interpolate=True, lineColor=array([0., 0., 0.]), lineColorSpace='rgb', lineRGB=array([0., 0., 0.]), lineWidth=1.0, name='polygon_2', opacity=1.0, ori=0.0, pos=array([0., 0.]), size=array([0.05, 0.05]), units='height', vertices=ndarray(...), win=Window(...), windingRule=None)
35.3818 	EXP 	Created text_4 = TextStim(__class__=<class 'psychopy.visual.text.TextStim'>, alignHoriz=method-wrapper(...), alignText='center', alignVert=method-wrapper(...), anchorHoriz='center', anchorVert='center', antialias=True, autoDraw=False, autoLog=True, bold=False, color=array([1., 1., 1.]), colorSpace='rgb', contrast=1.0, depth=-3.0, flipHoriz=False, flipVert=False, font='Open Sans', fontFiles=[], height=0.05, italic=False, languageStyle='LTR', name='text_4', opacity=1.0, ori=0.0, pos=array([0.   , 0.125]), rgb=UNKNOWN, text='', units='height', win=Window(...), wrapWidth=1)
35.3830 	EXP 	Created polygon_3 = ShapeStim(__class__=<class 'psychopy.visual.shape.ShapeStim'>, anchor=('center', 'center'), autoDraw=False, autoLog=True, closeShape=True, color=method-wrapper(...), colorSpace='rgb', contrast=None, depth=0.0, fillColor=array([0., 0., 0.]), fillColorSpace='rgb', fillRGB=array([0., 0., 0.]), interpolate=True, lineColor=array([0., 0., 0.]), lineColorSpace='rgb', lineRGB=array([0., 0., 0.]), lineWidth=1.0, name='polygon_3', opacity=1.0, ori=0.0, pos=array([0., 0.]), size=array([0.05, 0.05]), units='height', vertices=ndarray(...), win=Window(...), windingRule=None)
35.3874 	EXP 	text_2: autoDraw = True
127.7797 	EXP 	Created sequence: random, trialTypes=1, nReps=20, seed=None
127.7798 	EXP 	New trial (rep=0, index=0): None
127.7801 	EXP 	Created sequence: random, trialTypes=1, nReps=1, seed=None
127.7802 	EXP 	New trial (rep=0, index=0): None
128.7046 	DATA 	Keypress: space
128.7093 	EXP 	text_2: autoDraw = False
128.7093 	EXP 	GA: sf = array([0.5, 0.5])
128.7093 	EXP 	GA: phase = array([0., 0.])
128.7093 	EXP 	text_3: height = 0.05
128.7093 	EXP 	text_3: height = 0.05
128.7093 	EXP 	text_3: height = 0.05
128.7093 	EXP 	text_3: text = 'Spatial frequency: 0.500\nContrast: 1.000'
128.7093 	EXP 	text_4: height = 0.05
128.7093 	EXP 	text_4: height = 0.05
128.7093 	EXP 	text_4: height = 0.05
128.7093 	EXP 	text_4: text = 'Spatial frequency: 0.500\nContrast: 1.000'
128.7093 	EXP 	GA: autoDraw = True
128.7093 	EXP 	polygon_2: autoDraw = True
128.7093 	EXP 	text_4: autoDraw = True
128.7093 	EXP 	GA: tex = 'sqr'
131.7108 	EXP 	GA: autoDraw = False
131.7108 	EXP 	polygon_2: autoDraw = False
131.7108 	EXP 	text_4: autoDraw = False
131.7108 	EXP 	GA: autoDraw = False
131.7108 	EXP 	polygon_2: autoDraw = False
131.7108 	EXP 	text_4: autoDraw = False
131.7108 	EXP 	polygon_3: autoDraw = True
132.2088 	EXP 	New trial (rep=1, index=0): None
132.2100 	EXP 	Created sequence: random, trialTypes=1, nReps=1, seed=None
132.2102 	EXP 	New trial (rep=0, index=0): None
132.6984 	EXP 	polygon_3: autoDraw = False
132.6984 	EXP 	GA: sf = array([0.5, 0.5])
132.6984 	EXP 	GA: phase = array([0., 0.])
132.6984 	EXP 	text_3: height = 0.05
132.6984 	EXP 	text_3: height = 0.05
132.6984 	EXP 	text_3: height = 0.05
132.6984 	EXP 	text_3: text = 'Spatial frequency: 0.500\nContrast: 0.141'
132.6984 	EXP 	text_4: height = 0.05
132.6984 	EXP 	text_4: height = 0.05
132.6984 	EXP 	text_4: height = 0.05
132.6984 	EXP 	text_4: text = 'Spatial frequency: 0.500\nContrast: 0.141'
132.6984 	EXP 	GA: autoDraw = True
132.6984 	EXP 	polygon_2: autoDraw = True
132.6984 	EXP 	text_4: autoDraw = True
132.6984 	EXP 	GA: tex = 'sqr'
135.6981 	EXP 	GA: autoDraw = False
135.6981 	EXP 	polygon_2: autoDraw = False
135.6981 	EXP 	text_4: autoDraw = False
135.6981 	EXP 	GA: autoDraw = False
135.6981 	EXP 	polygon_2: autoDraw = False
135.6981 	EXP 	text_4: autoDraw = False
135.6981 	EXP 	polygon_3: autoDraw = True
136.1948 	EXP 	New trial (rep=2, index=0): None
136.1953 	EXP 	Created sequence: random, trialTypes=1, nReps=1, seed=None
136.1954 	EXP 	New trial (rep=0, index=0): None
136.6807 	EXP 	polygon_3: autoDraw = False
136.6807 	EXP 	GA: sf = array([0.5, 0.5])
136.6807 	EXP 	GA: phase = array([0., 0.])
136.6807 	EXP 	text_3: height = 0.05
136.6807 	EXP 	text_3: height = 0.05
136.6807 	EXP 	text_3: height = 0.05
136.6807 	EXP 	text_3: text = 'Spatial frequency: 0.500\nContrast: 0.053'
136.6807 	EXP 	text_4: height = 0.05
136.6807 	EXP 	text_4: height = 0.05
136.6807 	EXP 	text_4: height = 0.05
136.6807 	EXP 	text_4: text = 'Spatial frequency: 0.500\nContrast: 0.053'
136.6807 	EXP 	GA: autoDraw = True
136.6807 	EXP 	polygon_2: autoDraw = True
136.6807 	EXP 	text_4: autoDraw = True
136.6807 	EXP 	GA: tex = 'sqr'
139.6842 	EXP 	GA: autoDraw = False
139.6842 	EXP 	polygon_2: autoDraw = False
139.6842 	EXP 	text_4: autoDraw = False
139.6842 	EXP 	GA: autoDraw = False
139.6842 	EXP 	polygon_2: autoDraw = False
139.6842 	EXP 	text_4: autoDraw = False
139.6842 	EXP 	polygon_3: autoDraw = True
140.1813 	EXP 	New trial (rep=3, index=0): None
140.1826 	EXP 	Created sequence: random, trialTypes=1, nReps=1, seed=None
140.1827 	EXP 	New trial (rep=0, index=0): None
140.7493 	EXP 	polygon_3: autoDraw = False
140.7493 	EXP 	GA: sf = array([0.5, 0.5])
140.7493 	EXP 	GA: phase = array([0., 0.])
140.7493 	EXP 	text_3: text = 'Spatial frequency: 0.500\nContrast: 0.053'
140.7493 	EXP 	text_4: text = 'Spatial frequency: 0.500\nContrast: 0.053'
140.7493 	EXP 	GA: autoDraw = True
140.7493 	EXP 	polygon_2: autoDraw = True
140.7493 	EXP 	text_4: autoDraw = True
140.7493 	EXP 	GA: tex = 'sqr'
143.7556 	EXP 	GA: autoDraw = False
143.7556 	EXP 	polygon_2: autoDraw = False
143.7556 	EXP 	text_4: autoDraw = False
143.7556 	EXP 	GA: autoDraw = False
143.7556 	EXP 	polygon_2: autoDraw = False
143.7556 	EXP 	text_4: autoDraw = False
143.7556 	EXP 	polygon_3: autoDraw = True
144.2537 	EXP 	New trial (rep=4, index=0): None
144.2543 	EXP 	Created sequence: random, trialTypes=1, nReps=1, seed=None
144.2545 	EXP 	New trial (rep=0, index=0): None
144.8025 	EXP 	polygon_3: autoDraw = False
144.8025 	EXP 	GA: sf = array([0.5, 0.5])
144.8025 	EXP 	GA: phase = array([0., 0.])
144.8025 	EXP 	text_3: height = 0.05
144.8025 	EXP 	text_3: height = 0.05
144.8025 	EXP 	text_3: height = 0.05
144.8025 	EXP 	text_3: text = 'Spatial frequency: 0.500\nContrast: 0.376'
144.8025 	EXP 	text_4: height = 0.05
144.8025 	EXP 	text_4: height = 0.05
144.8025 	EXP 	text_4: height = 0.05
144.8025 	EXP 	text_4: text = 'Spatial frequency: 0.500\nContrast: 0.376'
144.8025 	EXP 	GA: autoDraw = True
144.8025 	EXP 	polygon_2: autoDraw = True
144.8025 	EXP 	text_4: autoDraw = True
144.8025 	EXP 	GA: tex = 'sqr'
147.8027 	EXP 	GA: autoDraw = False
147.8027 	EXP 	polygon_2: autoDraw = False
147.8027 	EXP 	text_4: autoDraw = False
147.8027 	EXP 	GA: autoDraw = False
147.8027 	EXP 	polygon_2: autoDraw = False
147.8027 	EXP 	text_4: autoDraw = False
147.8027 	EXP 	polygon_3: autoDraw = True
148.2965 	EXP 	New trial (rep=5, index=0): None
148.2969 	EXP 	Created sequence: random, trialTypes=1, nReps=1, seed=None
148.2970 	EXP 	New trial (rep=0, index=0): None
148.7777 	EXP 	polygon_3: autoDraw = False
148.7777 	EXP 	polygon_3: autoDraw = False
148.7777 	EXP 	GA: sf = array([0.5, 0.5])
148.7777 	EXP 	GA: phase = array([0., 0.])
148.7777 	EXP 	text_3: height = 0.05
148.7777 	EXP 	text_3: height = 0.05
148.7777 	EXP 	text_3: height = 0.05
148.7777 	EXP 	text_3: text = 'Spatial frequency: 0.500\nContrast: 0.020'
148.7777 	EXP 	text_4: height = 0.05
148.7777 	EXP 	text_4: height = 0.05
148.7777 	EXP 	text_4: height = 0.05
148.7777 	EXP 	text_4: text = 'Spatial frequency: 0.500\nContrast: 0.020'
148.7777 	EXP 	GA: autoDraw = True
148.7777 	EXP 	polygon_2: autoDraw = True
148.7777 	EXP 	text_4: autoDraw = True
148.7777 	EXP 	GA: tex = 'sqr'
151.7782 	EXP 	GA: autoDraw = False
151.7782 	EXP 	polygon_2: autoDraw = False
151.7782 	EXP 	text_4: autoDraw = False
151.7782 	EXP 	GA: autoDraw = False
151.7782 	EXP 	polygon_2: autoDraw = False
151.7782 	EXP 	text_4: autoDraw = False
151.7782 	EXP 	polygon_3: autoDraw = True
152.2756 	EXP 	New trial (rep=6, index=0): None
152.2762 	EXP 	Created sequence: random, trialTypes=1, nReps=1, seed=None
152.2763 	EXP 	New trial (rep=0, index=0): None
152.8406 	EXP 	polygon_3: autoDraw = False
152.8406 	EXP 	GA: sf = array([0.5, 0.5])
152.8406 	EXP 	GA: phase = array([0., 0.])
152.8406 	EXP 	text_3: height = 0.05
152.8406 	EXP 	text_3: height = 0.05
152.8406 	EXP 	text_3: height = 0.05
152.8406 	EXP 	text_3: text = 'Spatial frequency: 0.500\nContrast: 0.376'
152.8406 	EXP 	text_4: height = 0.05
152.8406 	EXP 	text_4: height = 0.05
152.8406 	EXP 	text_4: height = 0.05
152.8406 	EXP 	text_4: text = 'Spatial frequency: 0.500\nContrast: 0.376'
152.8406 	EXP 	GA: autoDraw = True
152.8406 	EXP 	polygon_2: autoDraw = True
152.8406 	EXP 	text_4: autoDraw = True
152.8406 	EXP 	GA: tex = 'sqr'
155.8449 	EXP 	GA: autoDraw = False
155.8449 	EXP 	polygon_2: autoDraw = False
155.8449 	EXP 	text_4: autoDraw = False
155.8449 	EXP 	GA: autoDraw = False
155.8449 	EXP 	polygon_2: autoDraw = False
155.8449 	EXP 	text_4: autoDraw = False
155.8449 	EXP 	polygon_3: autoDraw = True
156.3406 	EXP 	New trial (rep=7, index=0): None
156.3409 	EXP 	Created sequence: random, trialTypes=1, nReps=1, seed=None
156.3410 	EXP 	New trial (rep=0, index=0): None
156.9251 	EXP 	polygon_3: autoDraw = False
156.9251 	EXP 	polygon_3: autoDraw = False
156.9251 	EXP 	GA: sf = array([0.5, 0.5])
156.9251 	EXP 	GA: phase = array([0., 0.])
156.9251 	EXP 	text_3: height = 0.05
156.9251 	EXP 	text_3: height = 0.05
156.9251 	EXP 	text_3: height = 0.05
156.9251 	EXP 	text_3: text = 'Spatial frequency: 0.500\nContrast: 1.000'
156.9251 	EXP 	text_4: height = 0.05
156.9251 	EXP 	text_4: height = 0.05
156.9251 	EXP 	text_4: height = 0.05
156.9251 	EXP 	text_4: text = 'Spatial frequency: 0.500\nContrast: 1.000'
156.9251 	EXP 	GA: autoDraw = True
156.9251 	EXP 	polygon_2: autoDraw = True
156.9251 	EXP 	text_4: autoDraw = True
156.9251 	EXP 	GA: tex = 'sqr'
159.9271 	EXP 	GA: autoDraw = False
159.9271 	EXP 	polygon_2: autoDraw = False
159.9271 	EXP 	text_4: autoDraw = False
159.9271 	EXP 	GA: autoDraw = False
159.9271 	EXP 	polygon_2: autoDraw = False
159.9271 	EXP 	text_4: autoDraw = False
159.9271 	EXP 	polygon_3: autoDraw = True
160.4242 	EXP 	New trial (rep=8, index=0): None
160.4247 	EXP 	Created sequence: random, trialTypes=1, nReps=1, seed=None
160.4248 	EXP 	New trial (rep=0, index=0): None
160.9715 	EXP 	polygon_3: autoDraw = False
160.9715 	EXP 	GA: sf = array([0.5, 0.5])
160.9715 	EXP 	GA: phase = array([0., 0.])
160.9715 	EXP 	text_3: height = 0.05
160.9715 	EXP 	text_3: height = 0.05
160.9715 	EXP 	text_3: height = 0.05
160.9715 	EXP 	text_3: text = 'Spatial frequency: 0.500\nContrast: 0.053'
160.9715 	EXP 	text_4: height = 0.05
160.9715 	EXP 	text_4: height = 0.05
160.9715 	EXP 	text_4: height = 0.05
160.9715 	EXP 	text_4: text = 'Spatial frequency: 0.500\nContrast: 0.053'
160.9715 	EXP 	GA: autoDraw = True
160.9715 	EXP 	polygon_2: autoDraw = True
160.9715 	EXP 	text_4: autoDraw = True
160.9715 	EXP 	GA: tex = 'sqr'
163.9742 	EXP 	GA: autoDraw = False
163.9742 	EXP 	polygon_2: autoDraw = False
163.9742 	EXP 	text_4: autoDraw = False
163.9742 	EXP 	GA: autoDraw = False
163.9742 	EXP 	polygon_2: autoDraw = False
163.9742 	EXP 	text_4: autoDraw = False
163.9742 	EXP 	polygon_3: autoDraw = True
164.4714 	EXP 	New trial (rep=9, index=0): None
164.4720 	EXP 	Created sequence: random, trialTypes=1, nReps=1, seed=None
164.4721 	EXP 	New trial (rep=0, index=0): None
164.9462 	EXP 	polygon_3: autoDraw = False
164.9462 	EXP 	GA: sf = array([0.5, 0.5])
164.9462 	EXP 	GA: phase = array([0., 0.])
164.9462 	EXP 	text_3: height = 0.05
164.9462 	EXP 	text_3: height = 0.05
164.9462 	EXP 	text_3: height = 0.05
164.9462 	EXP 	text_3: text = 'Spatial frequency: 0.500\nContrast: 0.020'
164.9462 	EXP 	text_4: height = 0.05
164.9462 	EXP 	text_4: height = 0.05
164.9462 	EXP 	text_4: height = 0.05
164.9462 	EXP 	text_4: text = 'Spatial frequency: 0.500\nContrast: 0.020'
164.9462 	EXP 	GA: autoDraw = True
164.9462 	EXP 	polygon_2: autoDraw = True
164.9462 	EXP 	text_4: autoDraw = True
164.9462 	EXP 	GA: tex = 'sqr'
167.9489 	EXP 	GA: autoDraw = False
167.9489 	EXP 	polygon_2: autoDraw = False
167.9489 	EXP 	text_4: autoDraw = False
167.9489 	EXP 	GA: autoDraw = False
167.9489 	EXP 	polygon_2: autoDraw = False
167.9489 	EXP 	text_4: autoDraw = False
167.9489 	EXP 	polygon_3: autoDraw = True
168.4459 	EXP 	New trial (rep=10, index=0): None
168.4464 	EXP 	Created sequence: random, trialTypes=1, nReps=1, seed=None
168.4465 	EXP 	New trial (rep=0, index=0): None
168.9250 	EXP 	polygon_3: autoDraw = False
168.9250 	EXP 	GA: sf = array([0.5, 0.5])
168.9250 	EXP 	GA: phase = array([0., 0.])
168.9250 	EXP 	text_3: height = 0.05
168.9250 	EXP 	text_3: height = 0.05
168.9250 	EXP 	text_3: height = 0.05
168.9250 	EXP 	text_3: text = 'Spatial frequency: 0.500\nContrast: 0.141'
168.9250 	EXP 	text_4: height = 0.05
168.9250 	EXP 	text_4: height = 0.05
168.9250 	EXP 	text_4: height = 0.05
168.9250 	EXP 	text_4: text = 'Spatial frequency: 0.500\nContrast: 0.141'
168.9250 	EXP 	GA: autoDraw = True
168.9250 	EXP 	polygon_2: autoDraw = True
168.9250 	EXP 	text_4: autoDraw = True
168.9250 	EXP 	GA: tex = 'sqr'
171.9251 	EXP 	GA: autoDraw = False
171.9251 	EXP 	polygon_2: autoDraw = False
171.9251 	EXP 	text_4: autoDraw = False
171.9251 	EXP 	GA: autoDraw = False
171.9251 	EXP 	polygon_2: autoDraw = False
171.9251 	EXP 	text_4: autoDraw = False
171.9251 	EXP 	polygon_3: autoDraw = True
172.4209 	EXP 	New trial (rep=11, index=0): None
172.4215 	EXP 	Created sequence: random, trialTypes=1, nReps=1, seed=None
172.4215 	EXP 	New trial (rep=0, index=0): None
172.9868 	EXP 	polygon_3: autoDraw = False
172.9868 	EXP 	GA: sf = array([0.5, 0.5])
172.9868 	EXP 	GA: phase = array([0., 0.])
172.9868 	EXP 	text_3: height = 0.05
172.9868 	EXP 	text_3: height = 0.05
172.9868 	EXP 	text_3: height = 0.05
172.9868 	EXP 	text_3: text = 'Spatial frequency: 0.500\nContrast: 0.020'
172.9868 	EXP 	text_4: height = 0.05
172.9868 	EXP 	text_4: height = 0.05
172.9868 	EXP 	text_4: height = 0.05
172.9868 	EXP 	text_4: text = 'Spatial frequency: 0.500\nContrast: 0.020'
172.9868 	EXP 	GA: autoDraw = True
172.9868 	EXP 	polygon_2: autoDraw = True
172.9868 	EXP 	text_4: autoDraw = True
172.9868 	EXP 	GA: tex = 'sqr'
175.9892 	EXP 	GA: autoDraw = False
175.9892 	EXP 	polygon_2: autoDraw = False
175.9892 	EXP 	text_4: autoDraw = False
175.9892 	EXP 	GA: autoDraw = False
175.9892 	EXP 	polygon_2: autoDraw = False
175.9892 	EXP 	text_4: autoDraw = False
175.9892 	EXP 	polygon_3: autoDraw = True
176.4867 	EXP 	New trial (rep=12, index=0): None
176.4875 	EXP 	Created sequence: random, trialTypes=1, nReps=1, seed=None
176.4877 	EXP 	New trial (rep=0, index=0): None
176.9578 	EXP 	polygon_3: autoDraw = False
176.9578 	EXP 	GA: sf = array([0.5, 0.5])
176.9578 	EXP 	GA: phase = array([0., 0.])
176.9578 	EXP 	text_3: height = 0.05
176.9578 	EXP 	text_3: height = 0.05
176.9578 	EXP 	text_3: height = 0.05
176.9578 	EXP 	text_3: text = 'Spatial frequency: 0.500\nContrast: 0.141'
176.9578 	EXP 	text_4: height = 0.05
176.9578 	EXP 	text_4: height = 0.05
176.9578 	EXP 	text_4: height = 0.05
176.9578 	EXP 	text_4: text = 'Spatial frequency: 0.500\nContrast: 0.141'
176.9578 	EXP 	GA: autoDraw = True
176.9578 	EXP 	polygon_2: autoDraw = True
176.9578 	EXP 	text_4: autoDraw = True
176.9578 	EXP 	GA: tex = 'sqr'
179.9576 	EXP 	GA: autoDraw = False
179.9576 	EXP 	polygon_2: autoDraw = False
179.9576 	EXP 	text_4: autoDraw = False
179.9576 	EXP 	GA: autoDraw = False
179.9576 	EXP 	polygon_2: autoDraw = False
179.9576 	EXP 	text_4: autoDraw = False
179.9576 	EXP 	polygon_3: autoDraw = True
180.4562 	EXP 	New trial (rep=13, index=0): None
180.4567 	EXP 	Created sequence: random, trialTypes=1, nReps=1, seed=None
180.4568 	EXP 	New trial (rep=0, index=0): None
180.9304 	EXP 	polygon_3: autoDraw = False
180.9304 	EXP 	GA: sf = array([0.5, 0.5])
180.9304 	EXP 	GA: phase = array([0., 0.])
180.9304 	EXP 	text_3: text = 'Spatial frequency: 0.500\nContrast: 0.141'
180.9304 	EXP 	text_4: text = 'Spatial frequency: 0.500\nContrast: 0.141'
180.9304 	EXP 	GA: autoDraw = True
180.9304 	EXP 	polygon_2: autoDraw = True
180.9304 	EXP 	text_4: autoDraw = True
180.9304 	EXP 	GA: tex = 'sqr'
183.9326 	EXP 	GA: autoDraw = False
183.9326 	EXP 	polygon_2: autoDraw = False
183.9326 	EXP 	text_4: autoDraw = False
183.9326 	EXP 	GA: autoDraw = False
183.9326 	EXP 	polygon_2: autoDraw = False
183.9326 	EXP 	text_4: autoDraw = False
183.9326 	EXP 	polygon_3: autoDraw = True
184.4301 	EXP 	New trial (rep=14, index=0): None
184.4307 	EXP 	Created sequence: random, trialTypes=1, nReps=1, seed=None
184.4308 	EXP 	New trial (rep=0, index=0): None
184.9667 	EXP 	polygon_3: autoDraw = False
184.9667 	EXP 	GA: sf = array([0.5, 0.5])
184.9667 	EXP 	GA: phase = array([0., 0.])
184.9667 	EXP 	text_3: height = 0.05
184.9667 	EXP 	text_3: height = 0.05
184.9667 	EXP 	text_3: height = 0.05
184.9667 	EXP 	text_3: text = 'Spatial frequency: 0.500\nContrast: 0.053'
184.9667 	EXP 	text_4: height = 0.05
184.9667 	EXP 	text_4: height = 0.05
184.9667 	EXP 	text_4: height = 0.05
184.9667 	EXP 	text_4: text = 'Spatial frequency: 0.500\nContrast: 0.053'
184.9667 	EXP 	GA: autoDraw = True
184.9667 	EXP 	polygon_2: autoDraw = True
184.9667 	EXP 	text_4: autoDraw = True
184.9667 	EXP 	GA: tex = 'sqr'
187.9684 	EXP 	GA: autoDraw = False
187.9684 	EXP 	polygon_2: autoDraw = False
187.9684 	EXP 	text_4: autoDraw = False
187.9684 	EXP 	GA: autoDraw = False
187.9684 	EXP 	polygon_2: autoDraw = False
187.9684 	EXP 	text_4: autoDraw = False
187.9684 	EXP 	polygon_3: autoDraw = True
188.4663 	EXP 	New trial (rep=15, index=0): None
188.4669 	EXP 	Created sequence: random, trialTypes=1, nReps=1, seed=None
188.4671 	EXP 	New trial (rep=0, index=0): None
188.9520 	EXP 	polygon_3: autoDraw = False
188.9520 	EXP 	GA: sf = array([0.5, 0.5])
188.9520 	EXP 	GA: phase = array([0., 0.])
188.9520 	EXP 	text_3: height = 0.05
188.9520 	EXP 	text_3: height = 0.05
188.9520 	EXP 	text_3: height = 0.05
188.9520 	EXP 	text_3: text = 'Spatial frequency: 0.500\nContrast: 0.376'
188.9520 	EXP 	text_4: height = 0.05
188.9520 	EXP 	text_4: height = 0.05
188.9520 	EXP 	text_4: height = 0.05
188.9520 	EXP 	text_4: text = 'Spatial frequency: 0.500\nContrast: 0.376'
188.9520 	EXP 	GA: autoDraw = True
188.9520 	EXP 	polygon_2: autoDraw = True
188.9520 	EXP 	text_4: autoDraw = True
188.9520 	EXP 	GA: tex = 'sqr'
191.9551 	EXP 	GA: autoDraw = False
191.9551 	EXP 	polygon_2: autoDraw = False
191.9551 	EXP 	text_4: autoDraw = False
191.9551 	EXP 	GA: autoDraw = False
191.9551 	EXP 	polygon_2: autoDraw = False
191.9551 	EXP 	text_4: autoDraw = False
191.9551 	EXP 	polygon_3: autoDraw = True
192.4514 	EXP 	New trial (rep=16, index=0): None
192.4519 	EXP 	Created sequence: random, trialTypes=1, nReps=1, seed=None
192.4520 	EXP 	New trial (rep=0, index=0): None
193.0330 	EXP 	polygon_3: autoDraw = False
193.0330 	EXP 	GA: sf = array([0.5, 0.5])
193.0330 	EXP 	GA: phase = array([0., 0.])
193.0330 	EXP 	text_3: height = 0.05
193.0330 	EXP 	text_3: height = 0.05
193.0330 	EXP 	text_3: height = 0.05
193.0330 	EXP 	text_3: text = 'Spatial frequency: 0.500\nContrast: 0.020'
193.0330 	EXP 	text_4: height = 0.05
193.0330 	EXP 	text_4: height = 0.05
193.0330 	EXP 	text_4: height = 0.05
193.0330 	EXP 	text_4: text = 'Spatial frequency: 0.500\nContrast: 0.020'
193.0330 	EXP 	GA: autoDraw = True
193.0330 	EXP 	polygon_2: autoDraw = True
193.0330 	EXP 	text_4: autoDraw = True
193.0330 	EXP 	GA: tex = 'sqr'
196.0321 	EXP 	GA: autoDraw = False
196.0321 	EXP 	polygon_2: autoDraw = False
196.0321 	EXP 	text_4: autoDraw = False
196.0321 	EXP 	GA: autoDraw = False
196.0321 	EXP 	polygon_2: autoDraw = False
196.0321 	EXP 	text_4: autoDraw = False
196.0321 	EXP 	polygon_3: autoDraw = True
196.5300 	EXP 	New trial (rep=17, index=0): None
196.5305 	EXP 	Created sequence: random, trialTypes=1, nReps=1, seed=None
196.5306 	EXP 	New trial (rep=0, index=0): None
197.0677 	EXP 	polygon_3: autoDraw = False
197.0677 	EXP 	GA: sf = array([0.5, 0.5])
197.0677 	EXP 	GA: phase = array([0., 0.])
197.0677 	EXP 	text_3: height = 0.05
197.0677 	EXP 	text_3: height = 0.05
197.0677 	EXP 	text_3: height = 0.05
197.0677 	EXP 	text_3: text = 'Spatial frequency: 0.500\nContrast: 1.000'
197.0677 	EXP 	text_4: height = 0.05
197.0677 	EXP 	text_4: height = 0.05
197.0677 	EXP 	text_4: height = 0.05
197.0677 	EXP 	text_4: text = 'Spatial frequency: 0.500\nContrast: 1.000'
197.0677 	EXP 	GA: autoDraw = True
197.0677 	EXP 	polygon_2: autoDraw = True
197.0677 	EXP 	text_4: autoDraw = True
197.0677 	EXP 	GA: tex = 'sqr'
200.0676 	EXP 	GA: autoDraw = False
200.0676 	EXP 	polygon_2: autoDraw = False
200.0676 	EXP 	text_4: autoDraw = False
200.0676 	EXP 	GA: autoDraw = False
200.0676 	EXP 	polygon_2: autoDraw = False
200.0676 	EXP 	text_4: autoDraw = False
200.0676 	EXP 	polygon_3: autoDraw = True
200.5669 	EXP 	New trial (rep=18, index=0): None
200.5680 	EXP 	Created sequence: random, trialTypes=1, nReps=1, seed=None
200.5682 	EXP 	New trial (rep=0, index=0): None
201.0570 	EXP 	polygon_3: autoDraw = False
201.0570 	EXP 	GA: sf = array([0.5, 0.5])
201.0570 	EXP 	GA: phase = array([0., 0.])
201.0570 	EXP 	text_3: text = 'Spatial frequency: 0.500\nContrast: 1.000'
201.0570 	EXP 	text_4: text = 'Spatial frequency: 0.500\nContrast: 1.000'
201.0570 	EXP 	GA: autoDraw = True
201.0570 	EXP 	polygon_2: autoDraw = True
201.0570 	EXP 	text_4: autoDraw = True
201.0570 	EXP 	GA: tex = 'sqr'
204.0603 	EXP 	GA: autoDraw = False
204.0603 	EXP 	polygon_2: autoDraw = False
204.0603 	EXP 	text_4: autoDraw = False
204.0603 	EXP 	GA: autoDraw = False
204.0603 	EXP 	polygon_2: autoDraw = False
204.0603 	EXP 	text_4: autoDraw = False
204.0603 	EXP 	polygon_3: autoDraw = True
204.5571 	EXP 	New trial (rep=19, index=0): None
204.5575 	EXP 	Created sequence: random, trialTypes=1, nReps=1, seed=None
204.5576 	EXP 	New trial (rep=0, index=0): None
205.1009 	EXP 	polygon_3: autoDraw = False
205.1009 	EXP 	GA: sf = array([0.5, 0.5])
205.1009 	EXP 	GA: phase = array([0., 0.])
205.1009 	EXP 	text_3: height = 0.05
205.1009 	EXP 	text_3: height = 0.05
205.1009 	EXP 	text_3: height = 0.05
205.1009 	EXP 	text_3: text = 'Spatial frequency: 0.500\nContrast: 0.376'
205.1009 	EXP 	text_4: height = 0.05
205.1009 	EXP 	text_4: height = 0.05
205.1009 	EXP 	text_4: height = 0.05
205.1009 	EXP 	text_4: text = 'Spatial frequency: 0.500\nContrast: 0.376'
205.1009 	EXP 	GA: autoDraw = True
205.1009 	EXP 	polygon_2: autoDraw = True
205.1009 	EXP 	text_4: autoDraw = True
205.1009 	EXP 	GA: tex = 'sqr'
208.1021 	EXP 	GA: autoDraw = False
208.1021 	EXP 	polygon_2: autoDraw = False
208.1021 	EXP 	text_4: autoDraw = False
208.1021 	EXP 	GA: autoDraw = False
208.1021 	EXP 	polygon_2: autoDraw = False
208.1021 	EXP 	text_4: autoDraw = False
208.1021 	EXP 	polygon_3: autoDraw = True
210.1431 	EXP 	window1: mouseVisible = True
