4.8358 	WARNING 	Speech-to-text recognition module for PocketSphinx is not available (use command `pip install SpeechRecognition` to get it). Transcription will be unavailable using that service this session.
4.8368 	WARNING 	Speech-to-text recognition using Google online services is not available (use command `pip install google-api-core google-auth google-cloud google-cloud-speech googleapis-common-protos` to get it). Transcription will be unavailable using that service this session.
4.8383 	ERROR 	Support for the `sounddevice` audio backend is not available this session. Please install `psychopy-sounddevice` and restart the session to enable support.
32.6541 	WARNING 	User requested fullscreen with size [1536  864], but screen is actually [1920, 1080]. Using actual size
33.3713 	EXP 	Created window1 = Window(allowGUI=True, allowStencil=False, autoLog=True, backendConf=UNKNOWN, backgroundFit=<method-wrapper '__getattribute__' of attributeSetter object at 0x000002067E238350>, backgroundImage=<method-wrapper '__getattribute__' of attributeSetter object at 0x000002067E2381D0>, bitsMode=UNKNOWN, blendMode='avg', bpc=(8, 8, 8), color=array([0, 0, 0]), colorSpace='rgb', depthBits=8, fullscr=<method-wrapper '__getattribute__' of attributeSetter object at 0x000002067D255210>, gamma=None, gammaErrorPolicy='raise', lms=UNKNOWN, monitor=<psychopy.monitors.calibTools.Monitor object at 0x000002060E274C90>, multiSample=False, name='window1', numSamples=2, pos=(0, 0), screen=0, size=array([1920, 1080]), stencilBits=0, stereo=False, units='height', useFBO=True, useRetina=False, viewOri=0.0, viewPos=None, viewScale=None, waitBlanking=True, winType='pyglet')
33.3715 	EXP 	window1: mouseVisible = True
33.3715 	EXP 	window1: backgroundImage = None
33.3715 	EXP 	window1: backgroundFit = 'cover'
33.3717 	EXP 	window1: mouseVisible = False
33.3717 	EXP 	window1: Attempting to measure frame rate of screen (0) ...
33.3717 	EXP 	window1: recordFrameIntervals = False
33.5373 	EXP 	window1: recordFrameIntervals = True
33.7210 	EXP 	Screen (0) actual frame rate measured at 59.89Hz
33.7211 	EXP 	window1: recordFrameIntervals = False
37.3671 	EXP 	Created text_2 = TextStim(__class__=<class 'psychopy.visual.text.TextStim'>, alignHoriz=method-wrapper(...), alignText='center', alignVert=method-wrapper(...), anchorHoriz='center', anchorVert='center', antialias=True, autoDraw=False, autoLog=True, bold=False, color=array([1., 1., 1.]), colorSpace='rgb', contrast=1.0, depth=0.0, flipHoriz=False, flipVert=False, font='Open Sans', fontFiles=[], height=0.05, italic=False, languageStyle='LTR', name='text_2', opacity=1.0, ori=0.0, pos=array([0., 0.]), rgb=UNKNOWN, text='Press spacebar to start the experiment\n\n', units='height', win=Window(...), wrapWidth=1)
37.4193 	EXP 	Created GA = GratingStim(__class__=<class 'psychopy.visual.grating.GratingStim'>, anchor='center', autoDraw=False, autoLog=True, blendmode='avg', color=array([1., 1., 1.]), colorSpace='rgb', contrast=1.0, depth=-2.0, interpolate=True, mask='circle', maskParams=None, name='GA', opacity=1.0, ori=0.0, phase=array([0., 0.]), pos=array([0., 0.]), rgbPedestal=array([0., 0., 0.]), sf=array([1., 1.]), size=array([8.5]), tex='sqr', texRes=512.0, units='deg', win=Window(...))
37.4236 	EXP 	Created polygon = ShapeStim(__class__=<class 'psychopy.visual.shape.ShapeStim'>, anchor=('center', 'center'), autoDraw=False, autoLog=True, closeShape=True, color=method-wrapper(...), colorSpace='rgb', contrast=None, depth=-3.0, fillColor=array([0., 0., 0.]), fillColorSpace='rgb', fillRGB=array([0., 0., 0.]), interpolate=True, lineColor=array([0., 0., 0.]), lineColorSpace='rgb', lineRGB=array([0., 0., 0.]), lineWidth=1.0, name='polygon', opacity=1.0, ori=0.0, pos=array([0., 0.]), size=array([0.05, 0.05]), units='height', vertices=ndarray(...), win=Window(...), windingRule=None)
37.4246 	EXP 	Created text_3 = TextStim(__class__=<class 'psychopy.visual.text.TextStim'>, alignHoriz=method-wrapper(...), alignText='center', alignVert=method-wrapper(...), anchorHoriz='center', anchorVert='center', antialias=True, autoDraw=False, autoLog=True, bold=False, color=array([1., 1., 1.]), colorSpace='rgb', contrast=1.0, depth=-4.0, flipHoriz=False, flipVert=False, font='Open Sans', fontFiles=[], height=0.05, italic=False, languageStyle='LTR', name='text_3', opacity=1.0, ori=0.0, pos=array([0.   , 0.125]), rgb=UNKNOWN, text='', units='height', win=Window(...), wrapWidth=1)
37.4269 	EXP 	Created polygon_2 = ShapeStim(__class__=<class 'psychopy.visual.shape.ShapeStim'>, anchor=('center', 'center'), autoDraw=False, autoLog=True, closeShape=True, color=method-wrapper(...), colorSpace='rgb', contrast=None, depth=-2.0, fillColor=array([0., 0., 0.]), fillColorSpace='rgb', fillRGB=array([0., 0., 0.]), interpolate=True, lineColor=array([0., 0., 0.]), lineColorSpace='rgb', lineRGB=array([0., 0., 0.]), lineWidth=1.0, name='polygon_2', opacity=1.0, ori=0.0, pos=array([0., 0.]), size=array([0.05, 0.05]), units='height', vertices=ndarray(...), win=Window(...), windingRule=None)
37.4277 	EXP 	Created text_4 = TextStim(__class__=<class 'psychopy.visual.text.TextStim'>, alignHoriz=method-wrapper(...), alignText='center', alignVert=method-wrapper(...), anchorHoriz='center', anchorVert='center', antialias=True, autoDraw=False, autoLog=True, bold=False, color=array([1., 1., 1.]), colorSpace='rgb', contrast=1.0, depth=-3.0, flipHoriz=False, flipVert=False, font='Open Sans', fontFiles=[], height=0.05, italic=False, languageStyle='LTR', name='text_4', opacity=1.0, ori=0.0, pos=array([0.   , 0.125]), rgb=UNKNOWN, text='', units='height', win=Window(...), wrapWidth=1)
37.4300 	EXP 	Created polygon_3 = ShapeStim(__class__=<class 'psychopy.visual.shape.ShapeStim'>, anchor=('center', 'center'), autoDraw=False, autoLog=True, closeShape=True, color=method-wrapper(...), colorSpace='rgb', contrast=None, depth=0.0, fillColor=array([0., 0., 0.]), fillColorSpace='rgb', fillRGB=array([0., 0., 0.]), interpolate=True, lineColor=array([0., 0., 0.]), lineColorSpace='rgb', lineRGB=array([0., 0., 0.]), lineWidth=1.0, name='polygon_3', opacity=1.0, ori=0.0, pos=array([0., 0.]), size=array([0.05, 0.05]), units='height', vertices=ndarray(...), win=Window(...), windingRule=None)
37.4348 	EXP 	text_2: autoDraw = True
37.8058 	EXP 	Created sequence: random, trialTypes=1, nReps=20, seed=None
37.8062 	EXP 	New trial (rep=0, index=0): None
37.8070 	EXP 	Created sequence: random, trialTypes=1, nReps=1, seed=None
37.8072 	EXP 	New trial (rep=0, index=0): None
37.9022 	DATA 	Keypress: space
37.9048 	EXP 	text_2: autoDraw = False
37.9048 	EXP 	GA: sf = array([0.5, 0.5])
37.9048 	EXP 	GA: phase = array([0., 0.])
37.9048 	EXP 	text_3: height = 0.05
37.9048 	EXP 	text_3: height = 0.05
37.9048 	EXP 	text_3: height = 0.05
37.9048 	EXP 	text_3: text = 'Spatial frequency: 0.500\nContrast: 1.000'
37.9048 	EXP 	text_4: height = 0.05
37.9048 	EXP 	text_4: height = 0.05
37.9048 	EXP 	text_4: height = 0.05
37.9048 	EXP 	text_4: text = 'Spatial frequency: 0.500\nContrast: 1.000'
37.9048 	EXP 	GA: autoDraw = True
37.9048 	EXP 	polygon_2: autoDraw = True
37.9048 	EXP 	text_4: autoDraw = True
37.9048 	EXP 	GA: tex = 'sqr'
40.8894 	EXP 	New trial (rep=1, index=0): None
40.8906 	EXP 	Created sequence: random, trialTypes=1, nReps=1, seed=None
40.8908 	EXP 	New trial (rep=0, index=0): None
40.9328 	EXP 	GA: autoDraw = False
40.9328 	EXP 	polygon_2: autoDraw = False
40.9328 	EXP 	text_4: autoDraw = False
40.9328 	EXP 	GA: autoDraw = False
40.9328 	EXP 	polygon_2: autoDraw = False
40.9328 	EXP 	text_4: autoDraw = False
40.9328 	EXP 	GA: sf = array([0.5, 0.5])
40.9328 	EXP 	GA: phase = array([0., 0.])
40.9328 	EXP 	text_3: height = 0.05
40.9328 	EXP 	text_3: height = 0.05
40.9328 	EXP 	text_3: height = 0.05
40.9328 	EXP 	text_3: text = 'Spatial frequency: 0.500\nContrast: 0.020'
40.9328 	EXP 	text_4: height = 0.05
40.9328 	EXP 	text_4: height = 0.05
40.9328 	EXP 	text_4: height = 0.05
40.9328 	EXP 	text_4: text = 'Spatial frequency: 0.500\nContrast: 0.020'
40.9328 	EXP 	GA: autoDraw = True
40.9328 	EXP 	polygon_2: autoDraw = True
40.9328 	EXP 	text_4: autoDraw = True
40.9328 	EXP 	GA: tex = 'sqr'
43.9224 	EXP 	New trial (rep=2, index=0): None
43.9236 	EXP 	Created sequence: random, trialTypes=1, nReps=1, seed=None
43.9239 	EXP 	New trial (rep=0, index=0): None
43.9617 	EXP 	GA: autoDraw = False
43.9617 	EXP 	polygon_2: autoDraw = False
43.9617 	EXP 	text_4: autoDraw = False
43.9617 	EXP 	GA: autoDraw = False
43.9617 	EXP 	polygon_2: autoDraw = False
43.9617 	EXP 	text_4: autoDraw = False
43.9617 	EXP 	GA: sf = array([0.5, 0.5])
43.9617 	EXP 	GA: phase = array([0., 0.])
43.9617 	EXP 	text_3: height = 0.05
43.9617 	EXP 	text_3: height = 0.05
43.9617 	EXP 	text_3: height = 0.05
43.9617 	EXP 	text_3: text = 'Spatial frequency: 0.500\nContrast: 1.000'
43.9617 	EXP 	text_4: height = 0.05
43.9617 	EXP 	text_4: height = 0.05
43.9617 	EXP 	text_4: height = 0.05
43.9617 	EXP 	text_4: text = 'Spatial frequency: 0.500\nContrast: 1.000'
43.9617 	EXP 	GA: autoDraw = True
43.9617 	EXP 	polygon_2: autoDraw = True
43.9617 	EXP 	text_4: autoDraw = True
43.9617 	EXP 	GA: tex = 'sqr'
46.9559 	EXP 	New trial (rep=3, index=0): None
46.9575 	EXP 	Created sequence: random, trialTypes=1, nReps=1, seed=None
46.9577 	EXP 	New trial (rep=0, index=0): None
46.9948 	EXP 	GA: autoDraw = False
46.9948 	EXP 	polygon_2: autoDraw = False
46.9948 	EXP 	text_4: autoDraw = False
46.9948 	EXP 	GA: autoDraw = False
46.9948 	EXP 	polygon_2: autoDraw = False
46.9948 	EXP 	text_4: autoDraw = False
46.9948 	EXP 	GA: sf = array([0.5, 0.5])
46.9948 	EXP 	GA: phase = array([0., 0.])
46.9948 	EXP 	text_3: height = 0.05
46.9948 	EXP 	text_3: height = 0.05
46.9948 	EXP 	text_3: height = 0.05
46.9948 	EXP 	text_3: text = 'Spatial frequency: 0.500\nContrast: 0.020'
46.9948 	EXP 	text_4: height = 0.05
46.9948 	EXP 	text_4: height = 0.05
46.9948 	EXP 	text_4: height = 0.05
46.9948 	EXP 	text_4: text = 'Spatial frequency: 0.500\nContrast: 0.020'
46.9948 	EXP 	GA: autoDraw = True
46.9948 	EXP 	polygon_2: autoDraw = True
46.9948 	EXP 	text_4: autoDraw = True
46.9948 	EXP 	GA: tex = 'sqr'
49.9895 	EXP 	New trial (rep=4, index=0): None
49.9908 	EXP 	Created sequence: random, trialTypes=1, nReps=1, seed=None
49.9909 	EXP 	New trial (rep=0, index=0): None
50.0370 	EXP 	GA: autoDraw = False
50.0370 	EXP 	polygon_2: autoDraw = False
50.0370 	EXP 	text_4: autoDraw = False
50.0370 	EXP 	GA: autoDraw = False
50.0370 	EXP 	polygon_2: autoDraw = False
50.0370 	EXP 	text_4: autoDraw = False
50.0370 	EXP 	GA: sf = array([0.5, 0.5])
50.0370 	EXP 	GA: phase = array([0., 0.])
50.0370 	EXP 	text_3: height = 0.05
50.0370 	EXP 	text_3: height = 0.05
50.0370 	EXP 	text_3: height = 0.05
50.0370 	EXP 	text_3: text = 'Spatial frequency: 0.500\nContrast: 0.141'
50.0370 	EXP 	text_4: height = 0.05
50.0370 	EXP 	text_4: height = 0.05
50.0370 	EXP 	text_4: height = 0.05
50.0370 	EXP 	text_4: text = 'Spatial frequency: 0.500\nContrast: 0.141'
50.0370 	EXP 	GA: autoDraw = True
50.0370 	EXP 	polygon_2: autoDraw = True
50.0370 	EXP 	text_4: autoDraw = True
50.0370 	EXP 	GA: tex = 'sqr'
53.0224 	EXP 	New trial (rep=5, index=0): None
53.0234 	EXP 	Created sequence: random, trialTypes=1, nReps=1, seed=None
53.0236 	EXP 	New trial (rep=0, index=0): None
53.0562 	EXP 	GA: autoDraw = False
53.0562 	EXP 	polygon_2: autoDraw = False
53.0562 	EXP 	text_4: autoDraw = False
53.0562 	EXP 	GA: autoDraw = False
53.0562 	EXP 	polygon_2: autoDraw = False
53.0562 	EXP 	text_4: autoDraw = False
53.0562 	EXP 	GA: sf = array([0.5, 0.5])
53.0562 	EXP 	GA: phase = array([0., 0.])
53.0562 	EXP 	text_3: text = 'Spatial frequency: 0.500\nContrast: 0.141'
53.0562 	EXP 	text_4: text = 'Spatial frequency: 0.500\nContrast: 0.141'
53.0562 	EXP 	GA: autoDraw = True
53.0562 	EXP 	polygon_2: autoDraw = True
53.0562 	EXP 	text_4: autoDraw = True
53.0562 	EXP 	GA: tex = 'sqr'
56.0560 	EXP 	New trial (rep=6, index=0): None
56.0578 	EXP 	Created sequence: random, trialTypes=1, nReps=1, seed=None
56.0581 	EXP 	New trial (rep=0, index=0): None
56.0900 	EXP 	GA: autoDraw = False
56.0900 	EXP 	polygon_2: autoDraw = False
56.0900 	EXP 	text_4: autoDraw = False
56.0900 	EXP 	GA: autoDraw = False
56.0900 	EXP 	polygon_2: autoDraw = False
56.0900 	EXP 	text_4: autoDraw = False
56.0900 	EXP 	GA: sf = array([0.5, 0.5])
56.0900 	EXP 	GA: phase = array([0., 0.])
56.0900 	EXP 	text_3: text = 'Spatial frequency: 0.500\nContrast: 0.141'
56.0900 	EXP 	text_4: text = 'Spatial frequency: 0.500\nContrast: 0.141'
56.0900 	EXP 	GA: autoDraw = True
56.0900 	EXP 	polygon_2: autoDraw = True
56.0900 	EXP 	text_4: autoDraw = True
56.0900 	EXP 	GA: tex = 'sqr'
59.0893 	EXP 	New trial (rep=7, index=0): None
59.0907 	EXP 	Created sequence: random, trialTypes=1, nReps=1, seed=None
59.0909 	EXP 	New trial (rep=0, index=0): None
59.1458 	EXP 	GA: autoDraw = False
59.1458 	EXP 	polygon_2: autoDraw = False
59.1458 	EXP 	text_4: autoDraw = False
59.1458 	EXP 	GA: autoDraw = False
59.1458 	EXP 	polygon_2: autoDraw = False
59.1458 	EXP 	text_4: autoDraw = False
59.1458 	EXP 	GA: sf = array([0.5, 0.5])
59.1458 	EXP 	GA: phase = array([0., 0.])
59.1458 	EXP 	text_3: height = 0.05
59.1458 	EXP 	text_3: height = 0.05
59.1458 	EXP 	text_3: height = 0.05
59.1458 	EXP 	text_3: text = 'Spatial frequency: 0.500\nContrast: 0.053'
59.1458 	EXP 	text_4: height = 0.05
59.1458 	EXP 	text_4: height = 0.05
59.1458 	EXP 	text_4: height = 0.05
59.1458 	EXP 	text_4: text = 'Spatial frequency: 0.500\nContrast: 0.053'
59.1458 	EXP 	GA: autoDraw = True
59.1458 	EXP 	polygon_2: autoDraw = True
59.1458 	EXP 	text_4: autoDraw = True
59.1458 	EXP 	GA: tex = 'sqr'
62.1388 	EXP 	New trial (rep=8, index=0): None
62.1400 	EXP 	Created sequence: random, trialTypes=1, nReps=1, seed=None
62.1402 	EXP 	New trial (rep=0, index=0): None
62.1713 	EXP 	GA: autoDraw = False
62.1713 	EXP 	polygon_2: autoDraw = False
62.1713 	EXP 	text_4: autoDraw = False
62.1713 	EXP 	GA: autoDraw = False
62.1713 	EXP 	polygon_2: autoDraw = False
62.1713 	EXP 	text_4: autoDraw = False
62.1713 	EXP 	GA: sf = array([0.5, 0.5])
62.1713 	EXP 	GA: phase = array([0., 0.])
62.1713 	EXP 	text_3: text = 'Spatial frequency: 0.500\nContrast: 0.053'
62.1713 	EXP 	text_4: text = 'Spatial frequency: 0.500\nContrast: 0.053'
62.1713 	EXP 	GA: autoDraw = True
62.1713 	EXP 	polygon_2: autoDraw = True
62.1713 	EXP 	text_4: autoDraw = True
62.1713 	EXP 	GA: tex = 'sqr'
65.1719 	EXP 	New trial (rep=9, index=0): None
65.1733 	EXP 	Created sequence: random, trialTypes=1, nReps=1, seed=None
65.1735 	EXP 	New trial (rep=0, index=0): None
65.2045 	EXP 	GA: autoDraw = False
65.2045 	EXP 	polygon_2: autoDraw = False
65.2045 	EXP 	text_4: autoDraw = False
65.2045 	EXP 	GA: autoDraw = False
65.2045 	EXP 	polygon_2: autoDraw = False
65.2045 	EXP 	text_4: autoDraw = False
65.2045 	EXP 	GA: sf = array([0.5, 0.5])
65.2045 	EXP 	GA: phase = array([0., 0.])
65.2045 	EXP 	text_3: text = 'Spatial frequency: 0.500\nContrast: 0.053'
65.2045 	EXP 	text_4: text = 'Spatial frequency: 0.500\nContrast: 0.053'
65.2045 	EXP 	GA: autoDraw = True
65.2045 	EXP 	polygon_2: autoDraw = True
65.2045 	EXP 	text_4: autoDraw = True
65.2045 	EXP 	GA: tex = 'sqr'
68.2053 	EXP 	New trial (rep=10, index=0): None
68.2070 	EXP 	Created sequence: random, trialTypes=1, nReps=1, seed=None
68.2072 	EXP 	New trial (rep=0, index=0): None
68.2503 	EXP 	GA: autoDraw = False
68.2503 	EXP 	polygon_2: autoDraw = False
68.2503 	EXP 	text_4: autoDraw = False
68.2503 	EXP 	GA: autoDraw = False
68.2503 	EXP 	polygon_2: autoDraw = False
68.2503 	EXP 	text_4: autoDraw = False
68.2503 	EXP 	GA: sf = array([0.5, 0.5])
68.2503 	EXP 	GA: phase = array([0., 0.])
68.2503 	EXP 	text_3: height = 0.05
68.2503 	EXP 	text_3: height = 0.05
68.2503 	EXP 	text_3: height = 0.05
68.2503 	EXP 	text_3: text = 'Spatial frequency: 0.500\nContrast: 0.020'
68.2503 	EXP 	text_4: height = 0.05
68.2503 	EXP 	text_4: height = 0.05
68.2503 	EXP 	text_4: height = 0.05
68.2503 	EXP 	text_4: text = 'Spatial frequency: 0.500\nContrast: 0.020'
68.2503 	EXP 	GA: autoDraw = True
68.2503 	EXP 	polygon_2: autoDraw = True
68.2503 	EXP 	text_4: autoDraw = True
68.2503 	EXP 	GA: tex = 'sqr'
71.2384 	EXP 	New trial (rep=11, index=0): None
71.2395 	EXP 	Created sequence: random, trialTypes=1, nReps=1, seed=None
71.2397 	EXP 	New trial (rep=0, index=0): None
71.2817 	EXP 	GA: autoDraw = False
71.2817 	EXP 	polygon_2: autoDraw = False
71.2817 	EXP 	text_4: autoDraw = False
71.2817 	EXP 	GA: autoDraw = False
71.2817 	EXP 	polygon_2: autoDraw = False
71.2817 	EXP 	text_4: autoDraw = False
71.2817 	EXP 	GA: sf = array([0.5, 0.5])
71.2817 	EXP 	GA: phase = array([0., 0.])
71.2817 	EXP 	text_3: height = 0.05
71.2817 	EXP 	text_3: height = 0.05
71.2817 	EXP 	text_3: height = 0.05
71.2817 	EXP 	text_3: text = 'Spatial frequency: 0.500\nContrast: 1.000'
71.2817 	EXP 	text_4: height = 0.05
71.2817 	EXP 	text_4: height = 0.05
71.2817 	EXP 	text_4: height = 0.05
71.2817 	EXP 	text_4: text = 'Spatial frequency: 0.500\nContrast: 1.000'
71.2817 	EXP 	GA: autoDraw = True
71.2817 	EXP 	polygon_2: autoDraw = True
71.2817 	EXP 	text_4: autoDraw = True
71.2817 	EXP 	GA: tex = 'sqr'
74.2712 	EXP 	New trial (rep=12, index=0): None
74.2723 	EXP 	Created sequence: random, trialTypes=1, nReps=1, seed=None
74.2725 	EXP 	New trial (rep=0, index=0): None
74.3220 	EXP 	GA: autoDraw = False
74.3220 	EXP 	polygon_2: autoDraw = False
74.3220 	EXP 	text_4: autoDraw = False
74.3220 	EXP 	GA: autoDraw = False
74.3220 	EXP 	polygon_2: autoDraw = False
74.3220 	EXP 	text_4: autoDraw = False
74.3220 	EXP 	GA: sf = array([0.5, 0.5])
74.3220 	EXP 	GA: phase = array([0., 0.])
74.3220 	EXP 	text_3: height = 0.05
74.3220 	EXP 	text_3: height = 0.05
74.3220 	EXP 	text_3: height = 0.05
74.3220 	EXP 	text_3: text = 'Spatial frequency: 0.500\nContrast: 0.376'
74.3220 	EXP 	text_4: height = 0.05
74.3220 	EXP 	text_4: height = 0.05
74.3220 	EXP 	text_4: height = 0.05
74.3220 	EXP 	text_4: text = 'Spatial frequency: 0.500\nContrast: 0.376'
74.3220 	EXP 	GA: autoDraw = True
74.3220 	EXP 	polygon_2: autoDraw = True
74.3220 	EXP 	text_4: autoDraw = True
74.3220 	EXP 	GA: tex = 'sqr'
77.3212 	EXP 	New trial (rep=13, index=0): None
77.3226 	EXP 	Created sequence: random, trialTypes=1, nReps=1, seed=None
77.3228 	EXP 	New trial (rep=0, index=0): None
77.3668 	EXP 	GA: autoDraw = False
77.3668 	EXP 	polygon_2: autoDraw = False
77.3668 	EXP 	text_4: autoDraw = False
77.3668 	EXP 	GA: autoDraw = False
77.3668 	EXP 	polygon_2: autoDraw = False
77.3668 	EXP 	text_4: autoDraw = False
77.3668 	EXP 	GA: sf = array([0.5, 0.5])
77.3668 	EXP 	GA: phase = array([0., 0.])
77.3668 	EXP 	text_3: height = 0.05
77.3668 	EXP 	text_3: height = 0.05
77.3668 	EXP 	text_3: height = 0.05
77.3668 	EXP 	text_3: text = 'Spatial frequency: 0.500\nContrast: 1.000'
77.3668 	EXP 	text_4: height = 0.05
77.3668 	EXP 	text_4: height = 0.05
77.3668 	EXP 	text_4: height = 0.05
77.3668 	EXP 	text_4: text = 'Spatial frequency: 0.500\nContrast: 1.000'
77.3668 	EXP 	GA: autoDraw = True
77.3668 	EXP 	polygon_2: autoDraw = True
77.3668 	EXP 	text_4: autoDraw = True
77.3668 	EXP 	GA: tex = 'sqr'
80.3550 	EXP 	New trial (rep=14, index=0): None
80.3564 	EXP 	Created sequence: random, trialTypes=1, nReps=1, seed=None
80.3566 	EXP 	New trial (rep=0, index=0): None
80.4020 	EXP 	GA: autoDraw = False
80.4020 	EXP 	polygon_2: autoDraw = False
80.4020 	EXP 	text_4: autoDraw = False
80.4020 	EXP 	GA: autoDraw = False
80.4020 	EXP 	polygon_2: autoDraw = False
80.4020 	EXP 	text_4: autoDraw = False
80.4020 	EXP 	GA: sf = array([0.5, 0.5])
80.4020 	EXP 	GA: phase = array([0., 0.])
80.4020 	EXP 	text_3: height = 0.05
80.4020 	EXP 	text_3: height = 0.05
80.4020 	EXP 	text_3: height = 0.05
80.4020 	EXP 	text_3: text = 'Spatial frequency: 0.500\nContrast: 0.376'
80.4020 	EXP 	text_4: height = 0.05
80.4020 	EXP 	text_4: height = 0.05
80.4020 	EXP 	text_4: height = 0.05
80.4020 	EXP 	text_4: text = 'Spatial frequency: 0.500\nContrast: 0.376'
80.4020 	EXP 	GA: autoDraw = True
80.4020 	EXP 	polygon_2: autoDraw = True
80.4020 	EXP 	text_4: autoDraw = True
80.4020 	EXP 	GA: tex = 'sqr'
83.3878 	EXP 	New trial (rep=15, index=0): None
83.3888 	EXP 	Created sequence: random, trialTypes=1, nReps=1, seed=None
83.3890 	EXP 	New trial (rep=0, index=0): None
83.4309 	EXP 	GA: autoDraw = False
83.4309 	EXP 	polygon_2: autoDraw = False
83.4309 	EXP 	text_4: autoDraw = False
83.4309 	EXP 	GA: autoDraw = False
83.4309 	EXP 	polygon_2: autoDraw = False
83.4309 	EXP 	text_4: autoDraw = False
83.4309 	EXP 	GA: sf = array([0.5, 0.5])
83.4309 	EXP 	GA: phase = array([0., 0.])
83.4309 	EXP 	text_3: height = 0.05
83.4309 	EXP 	text_3: height = 0.05
83.4309 	EXP 	text_3: height = 0.05
83.4309 	EXP 	text_3: text = 'Spatial frequency: 0.500\nContrast: 0.020'
83.4309 	EXP 	text_4: height = 0.05
83.4309 	EXP 	text_4: height = 0.05
83.4309 	EXP 	text_4: height = 0.05
83.4309 	EXP 	text_4: text = 'Spatial frequency: 0.500\nContrast: 0.020'
83.4309 	EXP 	GA: autoDraw = True
83.4309 	EXP 	polygon_2: autoDraw = True
83.4309 	EXP 	text_4: autoDraw = True
83.4309 	EXP 	GA: tex = 'sqr'
86.4210 	EXP 	New trial (rep=16, index=0): None
86.4219 	EXP 	Created sequence: random, trialTypes=1, nReps=1, seed=None
86.4221 	EXP 	New trial (rep=0, index=0): None
86.4672 	EXP 	GA: autoDraw = False
86.4672 	EXP 	polygon_2: autoDraw = False
86.4672 	EXP 	text_4: autoDraw = False
86.4672 	EXP 	GA: autoDraw = False
86.4672 	EXP 	polygon_2: autoDraw = False
86.4672 	EXP 	text_4: autoDraw = False
86.4672 	EXP 	GA: sf = array([0.5, 0.5])
86.4672 	EXP 	GA: phase = array([0., 0.])
86.4672 	EXP 	text_3: height = 0.05
86.4672 	EXP 	text_3: height = 0.05
86.4672 	EXP 	text_3: height = 0.05
86.4672 	EXP 	text_3: text = 'Spatial frequency: 0.500\nContrast: 0.141'
86.4672 	EXP 	text_4: height = 0.05
86.4672 	EXP 	text_4: height = 0.05
86.4672 	EXP 	text_4: height = 0.05
86.4672 	EXP 	text_4: text = 'Spatial frequency: 0.500\nContrast: 0.141'
86.4672 	EXP 	GA: autoDraw = True
86.4672 	EXP 	polygon_2: autoDraw = True
86.4672 	EXP 	text_4: autoDraw = True
86.4672 	EXP 	GA: tex = 'sqr'
89.4546 	EXP 	New trial (rep=17, index=0): None
89.4559 	EXP 	Created sequence: random, trialTypes=1, nReps=1, seed=None
89.4561 	EXP 	New trial (rep=0, index=0): None
89.4998 	EXP 	GA: autoDraw = False
89.4998 	EXP 	polygon_2: autoDraw = False
89.4998 	EXP 	text_4: autoDraw = False
89.4998 	EXP 	GA: autoDraw = False
89.4998 	EXP 	polygon_2: autoDraw = False
89.4998 	EXP 	text_4: autoDraw = False
89.4998 	EXP 	GA: sf = array([0.5, 0.5])
89.4998 	EXP 	GA: phase = array([0., 0.])
89.4998 	EXP 	text_3: height = 0.05
89.4998 	EXP 	text_3: height = 0.05
89.4998 	EXP 	text_3: height = 0.05
89.4998 	EXP 	text_3: text = 'Spatial frequency: 0.500\nContrast: 0.376'
89.4998 	EXP 	text_4: height = 0.05
89.4998 	EXP 	text_4: height = 0.05
89.4998 	EXP 	text_4: height = 0.05
89.4998 	EXP 	text_4: text = 'Spatial frequency: 0.500\nContrast: 0.376'
89.4998 	EXP 	GA: autoDraw = True
89.4998 	EXP 	polygon_2: autoDraw = True
89.4998 	EXP 	text_4: autoDraw = True
89.4998 	EXP 	GA: tex = 'sqr'
92.4879 	EXP 	New trial (rep=18, index=0): None
92.4892 	EXP 	Created sequence: random, trialTypes=1, nReps=1, seed=None
92.4893 	EXP 	New trial (rep=0, index=0): None
92.5318 	EXP 	GA: autoDraw = False
92.5318 	EXP 	polygon_2: autoDraw = False
92.5318 	EXP 	text_4: autoDraw = False
92.5318 	EXP 	GA: autoDraw = False
92.5318 	EXP 	polygon_2: autoDraw = False
92.5318 	EXP 	text_4: autoDraw = False
92.5318 	EXP 	GA: sf = array([0.5, 0.5])
92.5318 	EXP 	GA: phase = array([0., 0.])
92.5318 	EXP 	text_3: height = 0.05
92.5318 	EXP 	text_3: height = 0.05
92.5318 	EXP 	text_3: height = 0.05
92.5318 	EXP 	text_3: text = 'Spatial frequency: 0.500\nContrast: 0.053'
92.5318 	EXP 	text_4: height = 0.05
92.5318 	EXP 	text_4: height = 0.05
92.5318 	EXP 	text_4: height = 0.05
92.5318 	EXP 	text_4: text = 'Spatial frequency: 0.500\nContrast: 0.053'
92.5318 	EXP 	GA: autoDraw = True
92.5318 	EXP 	polygon_2: autoDraw = True
92.5318 	EXP 	text_4: autoDraw = True
92.5318 	EXP 	GA: tex = 'sqr'
95.5209 	EXP 	New trial (rep=19, index=0): None
95.5220 	EXP 	Created sequence: random, trialTypes=1, nReps=1, seed=None
95.5222 	EXP 	New trial (rep=0, index=0): None
95.5656 	EXP 	GA: autoDraw = False
95.5656 	EXP 	polygon_2: autoDraw = False
95.5656 	EXP 	text_4: autoDraw = False
95.5656 	EXP 	GA: autoDraw = False
95.5656 	EXP 	polygon_2: autoDraw = False
95.5656 	EXP 	text_4: autoDraw = False
95.5656 	EXP 	GA: sf = array([0.5, 0.5])
95.5656 	EXP 	GA: phase = array([0., 0.])
95.5656 	EXP 	text_3: height = 0.05
95.5656 	EXP 	text_3: height = 0.05
95.5656 	EXP 	text_3: height = 0.05
95.5656 	EXP 	text_3: text = 'Spatial frequency: 0.500\nContrast: 0.376'
95.5656 	EXP 	text_4: height = 0.05
95.5656 	EXP 	text_4: height = 0.05
95.5656 	EXP 	text_4: height = 0.05
95.5656 	EXP 	text_4: text = 'Spatial frequency: 0.500\nContrast: 0.376'
95.5656 	EXP 	GA: autoDraw = True
95.5656 	EXP 	polygon_2: autoDraw = True
95.5656 	EXP 	text_4: autoDraw = True
95.5656 	EXP 	GA: tex = 'sqr'
98.6137 	EXP 	GA: autoDraw = False
98.6137 	EXP 	polygon_2: autoDraw = False
98.6137 	EXP 	text_4: autoDraw = False
98.6137 	EXP 	GA: autoDraw = False
98.6137 	EXP 	polygon_2: autoDraw = False
98.6137 	EXP 	text_4: autoDraw = False
98.7111 	EXP 	window1: mouseVisible = True
