4.8035 	WARNING 	Speech-to-text recognition module for PocketSphinx is not available (use command `pip install SpeechRecognition` to get it). Transcription will be unavailable using that service this session.
4.8044 	WARNING 	Speech-to-text recognition using Google online services is not available (use command `pip install google-api-core google-auth google-cloud google-cloud-speech googleapis-common-protos` to get it). Transcription will be unavailable using that service this session.
4.8061 	ERROR 	Support for the `sounddevice` audio backend is not available this session. Please install `psychopy-sounddevice` and restart the session to enable support.
126.2575 	WARNING 	User requested fullscreen with size [1536  864], but screen is actually [1920, 1080]. Using actual size
126.9617 	EXP 	Created window1 = Window(allowGUI=True, allowStencil=False, autoLog=True, backendConf=UNKNOWN, backgroundFit=<method-wrapper '__getattribute__' of attributeSetter object at 0x00000194655850D0>, backgroundImage=<method-wrapper '__getattribute__' of attributeSetter object at 0x00000194654F9D10>, bitsMode=UNKNOWN, blendMode='avg', bpc=(8, 8, 8), color=array([0, 0, 0]), colorSpace='rgb', depthBits=8, fullscr=<method-wrapper '__getattribute__' of attributeSetter object at 0x0000019465503D50>, gamma=None, gammaErrorPolicy='raise', lms=UNKNOWN, monitor=<psychopy.monitors.calibTools.Monitor object at 0x00000194753F0D50>, multiSample=False, name='window1', numSamples=2, pos=(0, 0), screen=0, size=array([1920, 1080]), stencilBits=0, stereo=False, units='height', useFBO=True, useRetina=False, viewOri=0.0, viewPos=None, viewScale=None, waitBlanking=True, winType='pyglet')
126.9618 	EXP 	window1: mouseVisible = True
126.9618 	EXP 	window1: backgroundImage = None
126.9618 	EXP 	window1: backgroundFit = 'cover'
126.9619 	EXP 	window1: mouseVisible = False
126.9619 	EXP 	window1: Attempting to measure frame rate of screen (0) ...
126.9620 	EXP 	window1: recordFrameIntervals = False
127.1281 	EXP 	window1: recordFrameIntervals = True
127.3121 	EXP 	Screen (0) actual frame rate measured at 60.11Hz
127.3121 	EXP 	window1: recordFrameIntervals = False
131.1632 	EXP 	Created text_2 = TextStim(__class__=<class 'psychopy.visual.text.TextStim'>, alignHoriz=method-wrapper(...), alignText='center', alignVert=method-wrapper(...), anchorHoriz='center', anchorVert='center', antialias=True, autoDraw=False, autoLog=True, bold=False, color=array([1., 1., 1.]), colorSpace='rgb', contrast=1.0, depth=0.0, flipHoriz=False, flipVert=False, font='Open Sans', fontFiles=[], height=0.05, italic=False, languageStyle='LTR', name='text_2', opacity=1.0, ori=0.0, pos=array([0., 0.]), rgb=UNKNOWN, text='Press spacebar to start the experiment\n\n', units='height', win=Window(...), wrapWidth=1)
131.2148 	EXP 	Created GA = GratingStim(__class__=<class 'psychopy.visual.grating.GratingStim'>, anchor='center', autoDraw=False, autoLog=True, blendmode='avg', color=array([1., 1., 1.]), colorSpace='rgb', contrast=1.0, depth=-2.0, interpolate=True, mask='circle', maskParams=None, name='GA', opacity=1.0, ori=0.0, phase=array([0., 0.]), pos=array([0., 0.]), rgbPedestal=array([0., 0., 0.]), sf=array([1., 1.]), size=array([8.5]), tex='sqr', texRes=512.0, units='deg', win=Window(...))
131.2199 	EXP 	Created polygon = ShapeStim(__class__=<class 'psychopy.visual.shape.ShapeStim'>, anchor=('center', 'center'), autoDraw=False, autoLog=True, closeShape=True, color=method-wrapper(...), colorSpace='rgb', contrast=None, depth=-3.0, fillColor=array([0., 0., 0.]), fillColorSpace='rgb', fillRGB=array([0., 0., 0.]), interpolate=True, lineColor=array([0., 0., 0.]), lineColorSpace='rgb', lineRGB=array([0., 0., 0.]), lineWidth=1.0, name='polygon', opacity=1.0, ori=0.0, pos=array([0., 0.]), size=array([0.05, 0.05]), units='height', vertices=ndarray(...), win=Window(...), windingRule=None)
131.2212 	EXP 	Created text_3 = TextStim(__class__=<class 'psychopy.visual.text.TextStim'>, alignHoriz=method-wrapper(...), alignText='center', alignVert=method-wrapper(...), anchorHoriz='center', anchorVert='center', antialias=True, autoDraw=False, autoLog=True, bold=False, color=array([1., 1., 1.]), colorSpace='rgb', contrast=1.0, depth=-4.0, flipHoriz=False, flipVert=False, font='Open Sans', fontFiles=[], height=0.05, italic=False, languageStyle='LTR', name='text_3', opacity=1.0, ori=0.0, pos=array([0.   , 0.125]), rgb=UNKNOWN, text='', units='height', win=Window(...), wrapWidth=1)
131.2238 	EXP 	Created polygon_2 = ShapeStim(__class__=<class 'psychopy.visual.shape.ShapeStim'>, anchor=('center', 'center'), autoDraw=False, autoLog=True, closeShape=True, color=method-wrapper(...), colorSpace='rgb', contrast=None, depth=-2.0, fillColor=array([0., 0., 0.]), fillColorSpace='rgb', fillRGB=array([0., 0., 0.]), interpolate=True, lineColor=array([0., 0., 0.]), lineColorSpace='rgb', lineRGB=array([0., 0., 0.]), lineWidth=1.0, name='polygon_2', opacity=1.0, ori=0.0, pos=array([0., 0.]), size=array([0.05, 0.05]), units='height', vertices=ndarray(...), win=Window(...), windingRule=None)
131.2246 	EXP 	Created text_4 = TextStim(__class__=<class 'psychopy.visual.text.TextStim'>, alignHoriz=method-wrapper(...), alignText='center', alignVert=method-wrapper(...), anchorHoriz='center', anchorVert='center', antialias=True, autoDraw=False, autoLog=True, bold=False, color=array([1., 1., 1.]), colorSpace='rgb', contrast=1.0, depth=-3.0, flipHoriz=False, flipVert=False, font='Open Sans', fontFiles=[], height=0.05, italic=False, languageStyle='LTR', name='text_4', opacity=1.0, ori=0.0, pos=array([0.   , 0.125]), rgb=UNKNOWN, text='', units='height', win=Window(...), wrapWidth=1)
131.2270 	EXP 	Created polygon_3 = ShapeStim(__class__=<class 'psychopy.visual.shape.ShapeStim'>, anchor=('center', 'center'), autoDraw=False, autoLog=True, closeShape=True, color=method-wrapper(...), colorSpace='rgb', contrast=None, depth=0.0, fillColor=array([0., 0., 0.]), fillColorSpace='rgb', fillRGB=array([0., 0., 0.]), interpolate=True, lineColor=array([0., 0., 0.]), lineColorSpace='rgb', lineRGB=array([0., 0., 0.]), lineWidth=1.0, name='polygon_3', opacity=1.0, ori=0.0, pos=array([0., 0.]), size=array([0.05, 0.05]), units='height', vertices=ndarray(...), win=Window(...), windingRule=None)
131.2316 	EXP 	text_2: autoDraw = True
132.1969 	EXP 	Created sequence: random, trialTypes=1, nReps=20, seed=None
132.1971 	EXP 	New trial (rep=0, index=0): None
132.1978 	EXP 	Created sequence: random, trialTypes=1, nReps=1, seed=None
132.1980 	EXP 	New trial (rep=0, index=0): None
132.2954 	DATA 	Keypress: space
132.2980 	EXP 	text_2: autoDraw = False
132.2980 	EXP 	GA: sf = array([0.5, 0.5])
132.2980 	EXP 	GA: phase = array([0., 0.])
132.2980 	EXP 	text_3: height = 0.05
132.2980 	EXP 	text_3: height = 0.05
132.2980 	EXP 	text_3: height = 0.05
132.2980 	EXP 	text_3: text = 'Spatial frequency: 0.500\nContrast: 0.053'
132.2980 	EXP 	text_4: height = 0.05
132.2980 	EXP 	text_4: height = 0.05
132.2980 	EXP 	text_4: height = 0.05
132.2980 	EXP 	text_4: text = 'Spatial frequency: 0.500\nContrast: 0.053'
132.2980 	EXP 	GA: autoDraw = True
132.2980 	EXP 	polygon_2: autoDraw = True
132.2980 	EXP 	text_4: autoDraw = True
132.2980 	EXP 	GA: tex = 'sqr'
135.2970 	EXP 	New trial (rep=1, index=0): None
135.2980 	EXP 	Created sequence: random, trialTypes=1, nReps=1, seed=None
135.2982 	EXP 	New trial (rep=0, index=0): None
135.3400 	EXP 	GA: autoDraw = False
135.3400 	EXP 	polygon_2: autoDraw = False
135.3400 	EXP 	text_4: autoDraw = False
135.3400 	EXP 	GA: autoDraw = False
135.3400 	EXP 	polygon_2: autoDraw = False
135.3400 	EXP 	text_4: autoDraw = False
135.3400 	EXP 	GA: sf = array([0.5, 0.5])
135.3400 	EXP 	GA: phase = array([0., 0.])
135.3400 	EXP 	text_3: height = 0.05
135.3400 	EXP 	text_3: height = 0.05
135.3400 	EXP 	text_3: height = 0.05
135.3400 	EXP 	text_3: text = 'Spatial frequency: 0.500\nContrast: 0.020'
135.3400 	EXP 	text_4: height = 0.05
135.3400 	EXP 	text_4: height = 0.05
135.3400 	EXP 	text_4: height = 0.05
135.3400 	EXP 	text_4: text = 'Spatial frequency: 0.500\nContrast: 0.020'
135.3400 	EXP 	GA: autoDraw = True
135.3400 	EXP 	polygon_2: autoDraw = True
135.3400 	EXP 	text_4: autoDraw = True
135.3400 	EXP 	GA: tex = 'sqr'
138.3301 	EXP 	New trial (rep=2, index=0): None
138.3309 	EXP 	Created sequence: random, trialTypes=1, nReps=1, seed=None
138.3311 	EXP 	New trial (rep=0, index=0): None
138.3608 	EXP 	GA: autoDraw = False
138.3608 	EXP 	polygon_2: autoDraw = False
138.3608 	EXP 	text_4: autoDraw = False
138.3608 	EXP 	GA: autoDraw = False
138.3608 	EXP 	polygon_2: autoDraw = False
138.3608 	EXP 	text_4: autoDraw = False
138.3608 	EXP 	GA: sf = array([0.5, 0.5])
138.3608 	EXP 	GA: phase = array([0., 0.])
138.3608 	EXP 	text_3: text = 'Spatial frequency: 0.500\nContrast: 0.020'
138.3608 	EXP 	text_4: text = 'Spatial frequency: 0.500\nContrast: 0.020'
138.3608 	EXP 	GA: autoDraw = True
138.3608 	EXP 	polygon_2: autoDraw = True
138.3608 	EXP 	text_4: autoDraw = True
138.3608 	EXP 	GA: tex = 'sqr'
141.3467 	EXP 	New trial (rep=3, index=0): None
141.3479 	EXP 	Created sequence: random, trialTypes=1, nReps=1, seed=None
141.3480 	EXP 	New trial (rep=0, index=0): None
141.4023 	EXP 	GA: autoDraw = False
141.4023 	EXP 	polygon_2: autoDraw = False
141.4023 	EXP 	text_4: autoDraw = False
141.4023 	EXP 	GA: autoDraw = False
141.4023 	EXP 	polygon_2: autoDraw = False
141.4023 	EXP 	text_4: autoDraw = False
141.4023 	EXP 	GA: sf = array([0.5, 0.5])
141.4023 	EXP 	GA: phase = array([0., 0.])
141.4023 	EXP 	text_3: height = 0.05
141.4023 	EXP 	text_3: height = 0.05
141.4023 	EXP 	text_3: height = 0.05
141.4023 	EXP 	text_3: text = 'Spatial frequency: 0.500\nContrast: 0.053'
141.4023 	EXP 	text_4: height = 0.05
141.4023 	EXP 	text_4: height = 0.05
141.4023 	EXP 	text_4: height = 0.05
141.4023 	EXP 	text_4: text = 'Spatial frequency: 0.500\nContrast: 0.053'
141.4023 	EXP 	GA: autoDraw = True
141.4023 	EXP 	polygon_2: autoDraw = True
141.4023 	EXP 	text_4: autoDraw = True
141.4023 	EXP 	GA: tex = 'sqr'
144.3974 	EXP 	New trial (rep=4, index=0): None
144.3985 	EXP 	Created sequence: random, trialTypes=1, nReps=1, seed=None
144.3987 	EXP 	New trial (rep=0, index=0): None
144.4736 	EXP 	GA: autoDraw = False
144.4736 	EXP 	polygon_2: autoDraw = False
144.4736 	EXP 	text_4: autoDraw = False
144.4736 	EXP 	GA: autoDraw = False
144.4736 	EXP 	polygon_2: autoDraw = False
144.4736 	EXP 	text_4: autoDraw = False
144.4736 	EXP 	GA: sf = array([0.5, 0.5])
144.4736 	EXP 	GA: phase = array([0., 0.])
144.4736 	EXP 	text_3: height = 0.05
144.4736 	EXP 	text_3: height = 0.05
144.4736 	EXP 	text_3: height = 0.05
144.4736 	EXP 	text_3: text = 'Spatial frequency: 0.500\nContrast: 0.141'
144.4736 	EXP 	text_4: height = 0.05
144.4736 	EXP 	text_4: height = 0.05
144.4736 	EXP 	text_4: height = 0.05
144.4736 	EXP 	text_4: text = 'Spatial frequency: 0.500\nContrast: 0.141'
144.4736 	EXP 	GA: autoDraw = True
144.4736 	EXP 	polygon_2: autoDraw = True
144.4736 	EXP 	text_4: autoDraw = True
144.4736 	EXP 	GA: tex = 'sqr'
147.4631 	EXP 	New trial (rep=5, index=0): None
147.4640 	EXP 	Created sequence: random, trialTypes=1, nReps=1, seed=None
147.4642 	EXP 	New trial (rep=0, index=0): None
147.5045 	EXP 	GA: autoDraw = False
147.5045 	EXP 	polygon_2: autoDraw = False
147.5045 	EXP 	text_4: autoDraw = False
147.5045 	EXP 	GA: autoDraw = False
147.5045 	EXP 	polygon_2: autoDraw = False
147.5045 	EXP 	text_4: autoDraw = False
147.5045 	EXP 	GA: sf = array([0.5, 0.5])
147.5045 	EXP 	GA: phase = array([0., 0.])
147.5045 	EXP 	text_3: height = 0.05
147.5045 	EXP 	text_3: height = 0.05
147.5045 	EXP 	text_3: height = 0.05
147.5045 	EXP 	text_3: text = 'Spatial frequency: 0.500\nContrast: 1.000'
147.5045 	EXP 	text_4: height = 0.05
147.5045 	EXP 	text_4: height = 0.05
147.5045 	EXP 	text_4: height = 0.05
147.5045 	EXP 	text_4: text = 'Spatial frequency: 0.500\nContrast: 1.000'
147.5045 	EXP 	GA: autoDraw = True
147.5045 	EXP 	polygon_2: autoDraw = True
147.5045 	EXP 	text_4: autoDraw = True
147.5045 	EXP 	GA: tex = 'sqr'
150.4960 	EXP 	New trial (rep=6, index=0): None
150.4970 	EXP 	Created sequence: random, trialTypes=1, nReps=1, seed=None
150.4971 	EXP 	New trial (rep=0, index=0): None
150.5431 	EXP 	GA: autoDraw = False
150.5431 	EXP 	polygon_2: autoDraw = False
150.5431 	EXP 	text_4: autoDraw = False
150.5431 	EXP 	GA: autoDraw = False
150.5431 	EXP 	polygon_2: autoDraw = False
150.5431 	EXP 	text_4: autoDraw = False
150.5431 	EXP 	GA: sf = array([0.5, 0.5])
150.5431 	EXP 	GA: phase = array([0., 0.])
150.5431 	EXP 	text_3: height = 0.05
150.5431 	EXP 	text_3: height = 0.05
150.5431 	EXP 	text_3: height = 0.05
150.5431 	EXP 	text_3: text = 'Spatial frequency: 0.500\nContrast: 0.141'
150.5431 	EXP 	text_4: height = 0.05
150.5431 	EXP 	text_4: height = 0.05
150.5431 	EXP 	text_4: height = 0.05
150.5431 	EXP 	text_4: text = 'Spatial frequency: 0.500\nContrast: 0.141'
150.5431 	EXP 	GA: autoDraw = True
150.5431 	EXP 	polygon_2: autoDraw = True
150.5431 	EXP 	text_4: autoDraw = True
150.5431 	EXP 	GA: tex = 'sqr'
153.5293 	EXP 	New trial (rep=7, index=0): None
153.5303 	EXP 	Created sequence: random, trialTypes=1, nReps=1, seed=None
153.5304 	EXP 	New trial (rep=0, index=0): None
153.5757 	EXP 	GA: autoDraw = False
153.5757 	EXP 	polygon_2: autoDraw = False
153.5757 	EXP 	text_4: autoDraw = False
153.5757 	EXP 	GA: autoDraw = False
153.5757 	EXP 	polygon_2: autoDraw = False
153.5757 	EXP 	text_4: autoDraw = False
153.5757 	EXP 	GA: sf = array([0.5, 0.5])
153.5757 	EXP 	GA: phase = array([0., 0.])
153.5757 	EXP 	text_3: height = 0.05
153.5757 	EXP 	text_3: height = 0.05
153.5757 	EXP 	text_3: height = 0.05
153.5757 	EXP 	text_3: text = 'Spatial frequency: 0.500\nContrast: 0.020'
153.5757 	EXP 	text_4: height = 0.05
153.5757 	EXP 	text_4: height = 0.05
153.5757 	EXP 	text_4: height = 0.05
153.5757 	EXP 	text_4: text = 'Spatial frequency: 0.500\nContrast: 0.020'
153.5757 	EXP 	GA: autoDraw = True
153.5757 	EXP 	polygon_2: autoDraw = True
153.5757 	EXP 	text_4: autoDraw = True
153.5757 	EXP 	GA: tex = 'sqr'
156.5624 	EXP 	New trial (rep=8, index=0): None
156.5631 	EXP 	Created sequence: random, trialTypes=1, nReps=1, seed=None
156.5633 	EXP 	New trial (rep=0, index=0): None
156.6089 	EXP 	GA: autoDraw = False
156.6089 	EXP 	polygon_2: autoDraw = False
156.6089 	EXP 	text_4: autoDraw = False
156.6089 	EXP 	GA: autoDraw = False
156.6089 	EXP 	polygon_2: autoDraw = False
156.6089 	EXP 	text_4: autoDraw = False
156.6089 	EXP 	GA: sf = array([0.5, 0.5])
156.6089 	EXP 	GA: phase = array([0., 0.])
156.6089 	EXP 	text_3: height = 0.05
156.6089 	EXP 	text_3: height = 0.05
156.6089 	EXP 	text_3: height = 0.05
156.6089 	EXP 	text_3: text = 'Spatial frequency: 0.500\nContrast: 0.141'
156.6089 	EXP 	text_4: height = 0.05
156.6089 	EXP 	text_4: height = 0.05
156.6089 	EXP 	text_4: height = 0.05
156.6089 	EXP 	text_4: text = 'Spatial frequency: 0.500\nContrast: 0.141'
156.6089 	EXP 	GA: autoDraw = True
156.6089 	EXP 	polygon_2: autoDraw = True
156.6089 	EXP 	text_4: autoDraw = True
156.6089 	EXP 	GA: tex = 'sqr'
159.5963 	EXP 	New trial (rep=9, index=0): None
159.5977 	EXP 	Created sequence: random, trialTypes=1, nReps=1, seed=None
159.5980 	EXP 	New trial (rep=0, index=0): None
159.6495 	EXP 	GA: autoDraw = False
159.6495 	EXP 	polygon_2: autoDraw = False
159.6495 	EXP 	text_4: autoDraw = False
159.6495 	EXP 	GA: autoDraw = False
159.6495 	EXP 	polygon_2: autoDraw = False
159.6495 	EXP 	text_4: autoDraw = False
159.6495 	EXP 	GA: sf = array([0.5, 0.5])
159.6495 	EXP 	GA: phase = array([0., 0.])
159.6495 	EXP 	text_3: height = 0.05
159.6495 	EXP 	text_3: height = 0.05
159.6495 	EXP 	text_3: height = 0.05
159.6495 	EXP 	text_3: text = 'Spatial frequency: 0.500\nContrast: 0.376'
159.6495 	EXP 	text_4: height = 0.05
159.6495 	EXP 	text_4: height = 0.05
159.6495 	EXP 	text_4: height = 0.05
159.6495 	EXP 	text_4: text = 'Spatial frequency: 0.500\nContrast: 0.376'
159.6495 	EXP 	GA: autoDraw = True
159.6495 	EXP 	polygon_2: autoDraw = True
159.6495 	EXP 	text_4: autoDraw = True
159.6495 	EXP 	GA: tex = 'sqr'
162.6458 	EXP 	New trial (rep=10, index=0): None
162.6466 	EXP 	Created sequence: random, trialTypes=1, nReps=1, seed=None
162.6468 	EXP 	New trial (rep=0, index=0): None
162.6889 	EXP 	GA: autoDraw = False
162.6889 	EXP 	polygon_2: autoDraw = False
162.6889 	EXP 	text_4: autoDraw = False
162.6889 	EXP 	GA: autoDraw = False
162.6889 	EXP 	polygon_2: autoDraw = False
162.6889 	EXP 	text_4: autoDraw = False
162.6889 	EXP 	GA: sf = array([0.5, 0.5])
162.6889 	EXP 	GA: phase = array([0., 0.])
162.6889 	EXP 	text_3: height = 0.05
162.6889 	EXP 	text_3: height = 0.05
162.6889 	EXP 	text_3: height = 0.05
162.6889 	EXP 	text_3: text = 'Spatial frequency: 0.500\nContrast: 0.141'
162.6889 	EXP 	text_4: height = 0.05
162.6889 	EXP 	text_4: height = 0.05
162.6889 	EXP 	text_4: height = 0.05
162.6889 	EXP 	text_4: text = 'Spatial frequency: 0.500\nContrast: 0.141'
162.6889 	EXP 	GA: autoDraw = True
162.6889 	EXP 	polygon_2: autoDraw = True
162.6889 	EXP 	text_4: autoDraw = True
162.6889 	EXP 	GA: tex = 'sqr'
165.6785 	EXP 	New trial (rep=11, index=0): None
165.6793 	EXP 	Created sequence: random, trialTypes=1, nReps=1, seed=None
165.6794 	EXP 	New trial (rep=0, index=0): None
165.7193 	EXP 	GA: autoDraw = False
165.7193 	EXP 	polygon_2: autoDraw = False
165.7193 	EXP 	text_4: autoDraw = False
165.7193 	EXP 	GA: autoDraw = False
165.7193 	EXP 	polygon_2: autoDraw = False
165.7193 	EXP 	text_4: autoDraw = False
165.7193 	EXP 	GA: sf = array([0.5, 0.5])
165.7193 	EXP 	GA: phase = array([0., 0.])
165.7193 	EXP 	text_3: height = 0.05
165.7193 	EXP 	text_3: height = 0.05
165.7193 	EXP 	text_3: height = 0.05
165.7193 	EXP 	text_3: text = 'Spatial frequency: 0.500\nContrast: 1.000'
165.7193 	EXP 	text_4: height = 0.05
165.7193 	EXP 	text_4: height = 0.05
165.7193 	EXP 	text_4: height = 0.05
165.7193 	EXP 	text_4: text = 'Spatial frequency: 0.500\nContrast: 1.000'
165.7193 	EXP 	GA: autoDraw = True
165.7193 	EXP 	polygon_2: autoDraw = True
165.7193 	EXP 	text_4: autoDraw = True
165.7193 	EXP 	GA: tex = 'sqr'
168.7125 	EXP 	New trial (rep=12, index=0): None
168.7134 	EXP 	Created sequence: random, trialTypes=1, nReps=1, seed=None
168.7136 	EXP 	New trial (rep=0, index=0): None
168.7550 	EXP 	GA: autoDraw = False
168.7550 	EXP 	polygon_2: autoDraw = False
168.7550 	EXP 	text_4: autoDraw = False
168.7550 	EXP 	GA: autoDraw = False
168.7550 	EXP 	polygon_2: autoDraw = False
168.7550 	EXP 	text_4: autoDraw = False
168.7550 	EXP 	GA: sf = array([0.5, 0.5])
168.7550 	EXP 	GA: phase = array([0., 0.])
168.7550 	EXP 	text_3: height = 0.05
168.7550 	EXP 	text_3: height = 0.05
168.7550 	EXP 	text_3: height = 0.05
168.7550 	EXP 	text_3: text = 'Spatial frequency: 0.500\nContrast: 0.053'
168.7550 	EXP 	text_4: height = 0.05
168.7550 	EXP 	text_4: height = 0.05
168.7550 	EXP 	text_4: height = 0.05
168.7550 	EXP 	text_4: text = 'Spatial frequency: 0.500\nContrast: 0.053'
168.7550 	EXP 	GA: autoDraw = True
168.7550 	EXP 	polygon_2: autoDraw = True
168.7550 	EXP 	text_4: autoDraw = True
168.7550 	EXP 	GA: tex = 'sqr'
171.7449 	EXP 	New trial (rep=13, index=0): None
171.7460 	EXP 	Created sequence: random, trialTypes=1, nReps=1, seed=None
171.7462 	EXP 	New trial (rep=0, index=0): None
171.7866 	EXP 	GA: autoDraw = False
171.7866 	EXP 	polygon_2: autoDraw = False
171.7866 	EXP 	text_4: autoDraw = False
171.7866 	EXP 	GA: autoDraw = False
171.7866 	EXP 	polygon_2: autoDraw = False
171.7866 	EXP 	text_4: autoDraw = False
171.7866 	EXP 	GA: sf = array([0.5, 0.5])
171.7866 	EXP 	GA: phase = array([0., 0.])
171.7866 	EXP 	text_3: height = 0.05
171.7866 	EXP 	text_3: height = 0.05
171.7866 	EXP 	text_3: height = 0.05
171.7866 	EXP 	text_3: text = 'Spatial frequency: 0.500\nContrast: 1.000'
171.7866 	EXP 	text_4: height = 0.05
171.7866 	EXP 	text_4: height = 0.05
171.7866 	EXP 	text_4: height = 0.05
171.7866 	EXP 	text_4: text = 'Spatial frequency: 0.500\nContrast: 1.000'
171.7866 	EXP 	GA: autoDraw = True
171.7866 	EXP 	polygon_2: autoDraw = True
171.7866 	EXP 	text_4: autoDraw = True
171.7866 	EXP 	GA: tex = 'sqr'
174.7794 	EXP 	New trial (rep=14, index=0): None
174.7813 	EXP 	Created sequence: random, trialTypes=1, nReps=1, seed=None
174.7817 	EXP 	New trial (rep=0, index=0): None
174.8251 	EXP 	GA: autoDraw = False
174.8251 	EXP 	polygon_2: autoDraw = False
174.8251 	EXP 	text_4: autoDraw = False
174.8251 	EXP 	GA: autoDraw = False
174.8251 	EXP 	polygon_2: autoDraw = False
174.8251 	EXP 	text_4: autoDraw = False
174.8251 	EXP 	GA: sf = array([0.5, 0.5])
174.8251 	EXP 	GA: phase = array([0., 0.])
174.8251 	EXP 	text_3: height = 0.05
174.8251 	EXP 	text_3: height = 0.05
174.8251 	EXP 	text_3: height = 0.05
174.8251 	EXP 	text_3: text = 'Spatial frequency: 0.500\nContrast: 0.376'
174.8251 	EXP 	text_4: height = 0.05
174.8251 	EXP 	text_4: height = 0.05
174.8251 	EXP 	text_4: height = 0.05
174.8251 	EXP 	text_4: text = 'Spatial frequency: 0.500\nContrast: 0.376'
174.8251 	EXP 	GA: autoDraw = True
174.8251 	EXP 	polygon_2: autoDraw = True
174.8251 	EXP 	text_4: autoDraw = True
174.8251 	EXP 	GA: tex = 'sqr'
177.8116 	EXP 	New trial (rep=15, index=0): None
177.8123 	EXP 	Created sequence: random, trialTypes=1, nReps=1, seed=None
177.8124 	EXP 	New trial (rep=0, index=0): None
177.8457 	EXP 	GA: autoDraw = False
177.8457 	EXP 	polygon_2: autoDraw = False
177.8457 	EXP 	text_4: autoDraw = False
177.8457 	EXP 	GA: autoDraw = False
177.8457 	EXP 	polygon_2: autoDraw = False
177.8457 	EXP 	text_4: autoDraw = False
177.8457 	EXP 	GA: sf = array([0.5, 0.5])
177.8457 	EXP 	GA: phase = array([0., 0.])
177.8457 	EXP 	text_3: text = 'Spatial frequency: 0.500\nContrast: 0.376'
177.8457 	EXP 	text_4: text = 'Spatial frequency: 0.500\nContrast: 0.376'
177.8457 	EXP 	GA: autoDraw = True
177.8457 	EXP 	polygon_2: autoDraw = True
177.8457 	EXP 	text_4: autoDraw = True
177.8457 	EXP 	GA: tex = 'sqr'
180.8454 	EXP 	New trial (rep=16, index=0): None
180.8465 	EXP 	Created sequence: random, trialTypes=1, nReps=1, seed=None
180.8467 	EXP 	New trial (rep=0, index=0): None
180.8853 	EXP 	GA: autoDraw = False
180.8853 	EXP 	polygon_2: autoDraw = False
180.8853 	EXP 	text_4: autoDraw = False
180.8853 	EXP 	GA: autoDraw = False
180.8853 	EXP 	polygon_2: autoDraw = False
180.8853 	EXP 	text_4: autoDraw = False
180.8853 	EXP 	GA: sf = array([0.5, 0.5])
180.8853 	EXP 	GA: phase = array([0., 0.])
180.8853 	EXP 	text_3: height = 0.05
180.8853 	EXP 	text_3: height = 0.05
180.8853 	EXP 	text_3: height = 0.05
180.8853 	EXP 	text_3: text = 'Spatial frequency: 0.500\nContrast: 0.053'
180.8853 	EXP 	text_4: height = 0.05
180.8853 	EXP 	text_4: height = 0.05
180.8853 	EXP 	text_4: height = 0.05
180.8853 	EXP 	text_4: text = 'Spatial frequency: 0.500\nContrast: 0.053'
180.8853 	EXP 	GA: autoDraw = True
180.8853 	EXP 	polygon_2: autoDraw = True
180.8853 	EXP 	text_4: autoDraw = True
180.8853 	EXP 	GA: tex = 'sqr'
183.8792 	EXP 	New trial (rep=17, index=0): None
183.8802 	EXP 	Created sequence: random, trialTypes=1, nReps=1, seed=None
183.8804 	EXP 	New trial (rep=0, index=0): None
183.9214 	EXP 	GA: autoDraw = False
183.9214 	EXP 	polygon_2: autoDraw = False
183.9214 	EXP 	text_4: autoDraw = False
183.9214 	EXP 	GA: autoDraw = False
183.9214 	EXP 	polygon_2: autoDraw = False
183.9214 	EXP 	text_4: autoDraw = False
183.9214 	EXP 	GA: sf = array([0.5, 0.5])
183.9214 	EXP 	GA: phase = array([0., 0.])
183.9214 	EXP 	text_3: height = 0.05
183.9214 	EXP 	text_3: height = 0.05
183.9214 	EXP 	text_3: height = 0.05
183.9214 	EXP 	text_3: text = 'Spatial frequency: 0.500\nContrast: 0.376'
183.9214 	EXP 	text_4: height = 0.05
183.9214 	EXP 	text_4: height = 0.05
183.9214 	EXP 	text_4: height = 0.05
183.9214 	EXP 	text_4: text = 'Spatial frequency: 0.500\nContrast: 0.376'
183.9214 	EXP 	GA: autoDraw = True
183.9214 	EXP 	polygon_2: autoDraw = True
183.9214 	EXP 	text_4: autoDraw = True
183.9214 	EXP 	GA: tex = 'sqr'
186.9121 	EXP 	New trial (rep=18, index=0): None
186.9132 	EXP 	Created sequence: random, trialTypes=1, nReps=1, seed=None
186.9134 	EXP 	New trial (rep=0, index=0): None
186.9643 	EXP 	GA: autoDraw = False
186.9643 	EXP 	polygon_2: autoDraw = False
186.9643 	EXP 	text_4: autoDraw = False
186.9643 	EXP 	GA: autoDraw = False
186.9643 	EXP 	polygon_2: autoDraw = False
186.9643 	EXP 	text_4: autoDraw = False
186.9643 	EXP 	GA: sf = array([0.5, 0.5])
186.9643 	EXP 	GA: phase = array([0., 0.])
186.9643 	EXP 	text_3: height = 0.05
186.9643 	EXP 	text_3: height = 0.05
186.9643 	EXP 	text_3: height = 0.05
186.9643 	EXP 	text_3: text = 'Spatial frequency: 0.500\nContrast: 0.020'
186.9643 	EXP 	text_4: height = 0.05
186.9643 	EXP 	text_4: height = 0.05
186.9643 	EXP 	text_4: height = 0.05
186.9643 	EXP 	text_4: text = 'Spatial frequency: 0.500\nContrast: 0.020'
186.9643 	EXP 	GA: autoDraw = True
186.9643 	EXP 	polygon_2: autoDraw = True
186.9643 	EXP 	text_4: autoDraw = True
186.9643 	EXP 	GA: tex = 'sqr'
189.9617 	EXP 	New trial (rep=19, index=0): None
189.9628 	EXP 	Created sequence: random, trialTypes=1, nReps=1, seed=None
189.9631 	EXP 	New trial (rep=0, index=0): None
190.0147 	EXP 	GA: autoDraw = False
190.0147 	EXP 	polygon_2: autoDraw = False
190.0147 	EXP 	text_4: autoDraw = False
190.0147 	EXP 	GA: autoDraw = False
190.0147 	EXP 	polygon_2: autoDraw = False
190.0147 	EXP 	text_4: autoDraw = False
190.0147 	EXP 	GA: sf = array([0.5, 0.5])
190.0147 	EXP 	GA: phase = array([0., 0.])
190.0147 	EXP 	text_3: height = 0.05
190.0147 	EXP 	text_3: height = 0.05
190.0147 	EXP 	text_3: height = 0.05
190.0147 	EXP 	text_3: text = 'Spatial frequency: 0.500\nContrast: 1.000'
190.0147 	EXP 	text_4: height = 0.05
190.0147 	EXP 	text_4: height = 0.05
190.0147 	EXP 	text_4: height = 0.05
190.0147 	EXP 	text_4: text = 'Spatial frequency: 0.500\nContrast: 1.000'
190.0147 	EXP 	GA: autoDraw = True
190.0147 	EXP 	polygon_2: autoDraw = True
190.0147 	EXP 	text_4: autoDraw = True
190.0147 	EXP 	GA: tex = 'sqr'
193.0767 	EXP 	GA: autoDraw = False
193.0767 	EXP 	polygon_2: autoDraw = False
193.0767 	EXP 	text_4: autoDraw = False
193.0767 	EXP 	GA: autoDraw = False
193.0767 	EXP 	polygon_2: autoDraw = False
193.0767 	EXP 	text_4: autoDraw = False
193.1874 	EXP 	window1: mouseVisible = True
