8.2790 	WARNING 	Speech-to-text recognition module for PocketSphinx is not available (use command `pip install SpeechRecognition` to get it). Transcription will be unavailable using that service this session.
8.2795 	WARNING 	Speech-to-text recognition using Google online services is not available (use command `pip install google-api-core google-auth google-cloud google-cloud-speech googleapis-common-protos` to get it). Transcription will be unavailable using that service this session.
8.2805 	ERROR 	Support for the `sounddevice` audio backend is not available this session. Please install `psychopy-sounddevice` and restart the session to enable support.
34.5644 	WARNING 	User requested fullscreen with size [1536  864], but screen is actually [1920, 1200]. Using actual size
35.2471 	EXP 	Created window1 = Window(allowGUI=True, allowStencil=False, autoLog=True, backendConf=UNKNOWN, backgroundFit=<method-wrapper '__getattribute__' of attributeSetter object at 0x000001DB34604890>, backgroundImage=<method-wrapper '__getattribute__' of attributeSetter object at 0x000001DB345FCED0>, bitsMode=UNKNOWN, blendMode='avg', bpc=(8, 8, 8), color=array([0, 0, 0]), colorSpace='rgb', depthBits=8, fullscr=<method-wrapper '__getattribute__' of attributeSetter object at 0x000001DB3491AE10>, gamma=None, gammaErrorPolicy='raise', lms=UNKNOWN, monitor=<psychopy.monitors.calibTools.Monitor object at 0x000001DB429FF3D0>, multiSample=False, name='window1', numSamples=2, pos=(0, 0), screen=0, size=array([1920, 1200]), stencilBits=0, stereo=False, units='height', useFBO=True, useRetina=False, viewOri=0.0, viewPos=None, viewScale=None, waitBlanking=True, winType='pyglet')
35.2474 	EXP 	window1: mouseVisible = True
35.2475 	EXP 	window1: backgroundImage = None
35.2475 	EXP 	window1: backgroundFit = 'cover'
35.2477 	EXP 	window1: mouseVisible = False
35.2477 	EXP 	window1: Attempting to measure frame rate of screen (0) ...
35.2477 	EXP 	window1: recordFrameIntervals = False
35.3083 	EXP 	window1: recordFrameIntervals = True
35.3739 	EXP 	Screen (0) actual frame rate measured at 166.12Hz
35.3739 	EXP 	window1: recordFrameIntervals = False
38.5471 	EXP 	Created text_2 = TextStim(__class__=<class 'psychopy.visual.text.TextStim'>, alignHoriz=method-wrapper(...), alignText='center', alignVert=method-wrapper(...), anchorHoriz='center', anchorVert='center', antialias=True, autoDraw=False, autoLog=True, bold=False, color=array([1., 1., 1.]), colorSpace='rgb', contrast=1.0, depth=0.0, flipHoriz=False, flipVert=False, font='Open Sans', fontFiles=[], height=0.05, italic=False, languageStyle='LTR', name='text_2', opacity=1.0, ori=0.0, pos=array([0., 0.]), rgb=UNKNOWN, text='Press spacebar to start the experiment\n\n', units='height', win=Window(...), wrapWidth=1)
38.8381 	EXP 	Created GA = GratingStim(__class__=<class 'psychopy.visual.grating.GratingStim'>, anchor='center', autoDraw=False, autoLog=True, blendmode='avg', color=array([1., 1., 1.]), colorSpace='rgb', contrast=1.0, depth=-2.0, interpolate=True, mask='circle', maskParams=None, name='GA', opacity=1.0, ori=0.0, phase=array([0., 0.]), pos=array([0., 0.]), rgbPedestal=array([0., 0., 0.]), sf=array([1., 1.]), size=array([8.5]), tex='sqr', texRes=512.0, units='deg', win=Window(...))
38.8414 	EXP 	Created polygon = ShapeStim(__class__=<class 'psychopy.visual.shape.ShapeStim'>, anchor=('center', 'center'), autoDraw=False, autoLog=True, closeShape=True, color=method-wrapper(...), colorSpace='rgb', contrast=None, depth=-3.0, fillColor=array([0., 0., 0.]), fillColorSpace='rgb', fillRGB=array([0., 0., 0.]), interpolate=True, lineColor=array([0., 0., 0.]), lineColorSpace='rgb', lineRGB=array([0., 0., 0.]), lineWidth=1.0, name='polygon', opacity=1.0, ori=0.0, pos=array([0., 0.]), size=array([0.05, 0.05]), units='height', vertices=ndarray(...), win=Window(...), windingRule=None)
38.8424 	EXP 	Created text_3 = TextStim(__class__=<class 'psychopy.visual.text.TextStim'>, alignHoriz=method-wrapper(...), alignText='center', alignVert=method-wrapper(...), anchorHoriz='center', anchorVert='center', antialias=True, autoDraw=False, autoLog=True, bold=False, color=array([1., 1., 1.]), colorSpace='rgb', contrast=1.0, depth=-4.0, flipHoriz=False, flipVert=False, font='Open Sans', fontFiles=[], height=0.05, italic=False, languageStyle='LTR', name='text_3', opacity=1.0, ori=0.0, pos=array([0.   , 0.125]), rgb=UNKNOWN, text='', units='height', win=Window(...), wrapWidth=1)
38.8440 	EXP 	Created polygon_2 = ShapeStim(__class__=<class 'psychopy.visual.shape.ShapeStim'>, anchor=('center', 'center'), autoDraw=False, autoLog=True, closeShape=True, color=method-wrapper(...), colorSpace='rgb', contrast=None, depth=-2.0, fillColor=array([0., 0., 0.]), fillColorSpace='rgb', fillRGB=array([0., 0., 0.]), interpolate=True, lineColor=array([0., 0., 0.]), lineColorSpace='rgb', lineRGB=array([0., 0., 0.]), lineWidth=1.0, name='polygon_2', opacity=1.0, ori=0.0, pos=array([0., 0.]), size=array([0.05, 0.05]), units='height', vertices=ndarray(...), win=Window(...), windingRule=None)
38.8455 	EXP 	Created text_4 = TextStim(__class__=<class 'psychopy.visual.text.TextStim'>, alignHoriz=method-wrapper(...), alignText='center', alignVert=method-wrapper(...), anchorHoriz='center', anchorVert='center', antialias=True, autoDraw=False, autoLog=True, bold=False, color=array([1., 1., 1.]), colorSpace='rgb', contrast=1.0, depth=-3.0, flipHoriz=False, flipVert=False, font='Open Sans', fontFiles=[], height=0.05, italic=False, languageStyle='LTR', name='text_4', opacity=1.0, ori=0.0, pos=array([0.   , 0.125]), rgb=UNKNOWN, text='', units='height', win=Window(...), wrapWidth=1)
38.8474 	EXP 	Created polygon_3 = ShapeStim(__class__=<class 'psychopy.visual.shape.ShapeStim'>, anchor=('center', 'center'), autoDraw=False, autoLog=True, closeShape=True, color=method-wrapper(...), colorSpace='rgb', contrast=None, depth=0.0, fillColor=array([0., 0., 0.]), fillColorSpace='rgb', fillRGB=array([0., 0., 0.]), interpolate=True, lineColor=array([0., 0., 0.]), lineColorSpace='rgb', lineRGB=array([0., 0., 0.]), lineWidth=1.0, name='polygon_3', opacity=1.0, ori=0.0, pos=array([0., 0.]), size=array([0.05, 0.05]), units='height', vertices=ndarray(...), win=Window(...), windingRule=None)
38.8537 	EXP 	text_2: autoDraw = True
39.3559 	EXP 	Created sequence: random, trialTypes=1, nReps=20, seed=None
39.3563 	EXP 	New trial (rep=0, index=0): None
39.3571 	EXP 	Created sequence: random, trialTypes=1, nReps=1, seed=None
39.3572 	EXP 	New trial (rep=0, index=0): None
40.3414 	DATA 	Keypress: space
40.3455 	EXP 	text_2: autoDraw = False
40.3455 	EXP 	GA: sf = array([0.5, 0.5])
40.3455 	EXP 	GA: phase = array([0., 0.])
40.3455 	EXP 	text_3: height = 0.05
40.3455 	EXP 	text_3: height = 0.05
40.3455 	EXP 	text_3: height = 0.05
40.3455 	EXP 	text_3: text = 'Spatial frequency: 0.500\nContrast: 0.376'
40.3455 	EXP 	text_4: height = 0.05
40.3455 	EXP 	text_4: height = 0.05
40.3455 	EXP 	text_4: height = 0.05
40.3455 	EXP 	text_4: text = 'Spatial frequency: 0.500\nContrast: 0.376'
40.3455 	EXP 	GA: autoDraw = True
40.3455 	EXP 	polygon_2: autoDraw = True
40.3455 	EXP 	text_4: autoDraw = True
40.3455 	EXP 	GA: tex = 'sqr'
43.3462 	EXP 	GA: autoDraw = False
43.3462 	EXP 	polygon_2: autoDraw = False
43.3462 	EXP 	text_4: autoDraw = False
43.3462 	EXP 	GA: autoDraw = False
43.3462 	EXP 	polygon_2: autoDraw = False
43.3462 	EXP 	text_4: autoDraw = False
43.3462 	EXP 	polygon_3: autoDraw = True
43.8437 	EXP 	New trial (rep=1, index=0): None
43.8442 	EXP 	Created sequence: random, trialTypes=1, nReps=1, seed=None
43.8444 	EXP 	New trial (rep=0, index=0): None
44.3733 	EXP 	polygon_3: autoDraw = False
44.3733 	EXP 	GA: sf = array([0.5, 0.5])
44.3733 	EXP 	GA: phase = array([0., 0.])
44.3733 	EXP 	text_3: height = 0.05
44.3733 	EXP 	text_3: height = 0.05
44.3733 	EXP 	text_3: height = 0.05
44.3733 	EXP 	text_3: text = 'Spatial frequency: 0.500\nContrast: 0.141'
44.3733 	EXP 	text_4: height = 0.05
44.3733 	EXP 	text_4: height = 0.05
44.3733 	EXP 	text_4: height = 0.05
44.3733 	EXP 	text_4: text = 'Spatial frequency: 0.500\nContrast: 0.141'
44.3733 	EXP 	GA: autoDraw = True
44.3733 	EXP 	polygon_2: autoDraw = True
44.3733 	EXP 	text_4: autoDraw = True
44.3733 	EXP 	GA: tex = 'sqr'
47.3763 	EXP 	GA: autoDraw = False
47.3763 	EXP 	polygon_2: autoDraw = False
47.3763 	EXP 	text_4: autoDraw = False
47.3763 	EXP 	GA: autoDraw = False
47.3763 	EXP 	polygon_2: autoDraw = False
47.3763 	EXP 	text_4: autoDraw = False
47.3763 	EXP 	polygon_3: autoDraw = True
47.8728 	EXP 	New trial (rep=2, index=0): None
47.8732 	EXP 	Created sequence: random, trialTypes=1, nReps=1, seed=None
47.8733 	EXP 	New trial (rep=0, index=0): None
48.4346 	EXP 	polygon_3: autoDraw = False
48.4346 	EXP 	GA: sf = array([0.5, 0.5])
48.4346 	EXP 	GA: phase = array([0., 0.])
48.4346 	EXP 	text_3: height = 0.05
48.4346 	EXP 	text_3: height = 0.05
48.4346 	EXP 	text_3: height = 0.05
48.4346 	EXP 	text_3: text = 'Spatial frequency: 0.500\nContrast: 0.376'
48.4346 	EXP 	text_4: height = 0.05
48.4346 	EXP 	text_4: height = 0.05
48.4346 	EXP 	text_4: height = 0.05
48.4346 	EXP 	text_4: text = 'Spatial frequency: 0.500\nContrast: 0.376'
48.4346 	EXP 	GA: autoDraw = True
48.4346 	EXP 	polygon_2: autoDraw = True
48.4346 	EXP 	text_4: autoDraw = True
48.4346 	EXP 	GA: tex = 'sqr'
51.4369 	EXP 	GA: autoDraw = False
51.4369 	EXP 	polygon_2: autoDraw = False
51.4369 	EXP 	text_4: autoDraw = False
51.4369 	EXP 	GA: autoDraw = False
51.4369 	EXP 	polygon_2: autoDraw = False
51.4369 	EXP 	text_4: autoDraw = False
51.4369 	EXP 	polygon_3: autoDraw = True
51.9320 	EXP 	New trial (rep=3, index=0): None
51.9325 	EXP 	Created sequence: random, trialTypes=1, nReps=1, seed=None
51.9326 	EXP 	New trial (rep=0, index=0): None
52.4837 	EXP 	polygon_3: autoDraw = False
52.4837 	EXP 	GA: sf = array([0.5, 0.5])
52.4837 	EXP 	GA: phase = array([0., 0.])
52.4837 	EXP 	text_3: height = 0.05
52.4837 	EXP 	text_3: height = 0.05
52.4837 	EXP 	text_3: height = 0.05
52.4837 	EXP 	text_3: text = 'Spatial frequency: 0.500\nContrast: 0.020'
52.4837 	EXP 	text_4: height = 0.05
52.4837 	EXP 	text_4: height = 0.05
52.4837 	EXP 	text_4: height = 0.05
52.4837 	EXP 	text_4: text = 'Spatial frequency: 0.500\nContrast: 0.020'
52.4837 	EXP 	GA: autoDraw = True
52.4837 	EXP 	polygon_2: autoDraw = True
52.4837 	EXP 	text_4: autoDraw = True
52.4837 	EXP 	GA: tex = 'sqr'
55.4885 	EXP 	GA: autoDraw = False
55.4885 	EXP 	polygon_2: autoDraw = False
55.4885 	EXP 	text_4: autoDraw = False
55.4885 	EXP 	GA: autoDraw = False
55.4885 	EXP 	polygon_2: autoDraw = False
55.4885 	EXP 	text_4: autoDraw = False
55.4885 	EXP 	polygon_3: autoDraw = True
55.9857 	EXP 	New trial (rep=4, index=0): None
55.9861 	EXP 	Created sequence: random, trialTypes=1, nReps=1, seed=None
55.9862 	EXP 	New trial (rep=0, index=0): None
56.4645 	EXP 	polygon_3: autoDraw = False
56.4645 	EXP 	GA: sf = array([0.5, 0.5])
56.4645 	EXP 	GA: phase = array([0., 0.])
56.4645 	EXP 	text_3: height = 0.05
56.4645 	EXP 	text_3: height = 0.05
56.4645 	EXP 	text_3: height = 0.05
56.4645 	EXP 	text_3: text = 'Spatial frequency: 0.500\nContrast: 1.000'
56.4645 	EXP 	text_4: height = 0.05
56.4645 	EXP 	text_4: height = 0.05
56.4645 	EXP 	text_4: height = 0.05
56.4645 	EXP 	text_4: text = 'Spatial frequency: 0.500\nContrast: 1.000'
56.4645 	EXP 	GA: autoDraw = True
56.4645 	EXP 	polygon_2: autoDraw = True
56.4645 	EXP 	text_4: autoDraw = True
56.4645 	EXP 	GA: tex = 'sqr'
59.4637 	EXP 	GA: autoDraw = False
59.4637 	EXP 	polygon_2: autoDraw = False
59.4637 	EXP 	text_4: autoDraw = False
59.4637 	EXP 	GA: autoDraw = False
59.4637 	EXP 	polygon_2: autoDraw = False
59.4637 	EXP 	text_4: autoDraw = False
59.4637 	EXP 	polygon_3: autoDraw = True
59.9622 	EXP 	New trial (rep=5, index=0): None
59.9633 	EXP 	Created sequence: random, trialTypes=1, nReps=1, seed=None
59.9636 	EXP 	New trial (rep=0, index=0): None
60.5331 	EXP 	polygon_3: autoDraw = False
60.5331 	EXP 	GA: sf = array([0.5, 0.5])
60.5331 	EXP 	GA: phase = array([0., 0.])
60.5331 	EXP 	text_3: height = 0.05
60.5331 	EXP 	text_3: height = 0.05
60.5331 	EXP 	text_3: height = 0.05
60.5331 	EXP 	text_3: text = 'Spatial frequency: 0.500\nContrast: 0.053'
60.5331 	EXP 	text_4: height = 0.05
60.5331 	EXP 	text_4: height = 0.05
60.5331 	EXP 	text_4: height = 0.05
60.5331 	EXP 	text_4: text = 'Spatial frequency: 0.500\nContrast: 0.053'
60.5331 	EXP 	GA: autoDraw = True
60.5331 	EXP 	polygon_2: autoDraw = True
60.5331 	EXP 	text_4: autoDraw = True
60.5331 	EXP 	GA: tex = 'sqr'
63.5350 	EXP 	GA: autoDraw = False
63.5350 	EXP 	polygon_2: autoDraw = False
63.5350 	EXP 	text_4: autoDraw = False
63.5350 	EXP 	GA: autoDraw = False
63.5350 	EXP 	polygon_2: autoDraw = False
63.5350 	EXP 	text_4: autoDraw = False
63.5350 	EXP 	polygon_3: autoDraw = True
64.0347 	EXP 	New trial (rep=6, index=0): None
64.0353 	EXP 	Created sequence: random, trialTypes=1, nReps=1, seed=None
64.0354 	EXP 	New trial (rep=0, index=0): None
64.5876 	EXP 	polygon_3: autoDraw = False
64.5876 	EXP 	GA: sf = array([0.5, 0.5])
64.5876 	EXP 	GA: phase = array([0., 0.])
64.5876 	EXP 	text_3: height = 0.05
64.5876 	EXP 	text_3: height = 0.05
64.5876 	EXP 	text_3: height = 0.05
64.5876 	EXP 	text_3: text = 'Spatial frequency: 0.500\nContrast: 1.000'
64.5876 	EXP 	text_4: height = 0.05
64.5876 	EXP 	text_4: height = 0.05
64.5876 	EXP 	text_4: height = 0.05
64.5876 	EXP 	text_4: text = 'Spatial frequency: 0.500\nContrast: 1.000'
64.5876 	EXP 	GA: autoDraw = True
64.5876 	EXP 	polygon_2: autoDraw = True
64.5876 	EXP 	text_4: autoDraw = True
64.5876 	EXP 	GA: tex = 'sqr'
67.5883 	EXP 	GA: autoDraw = False
67.5883 	EXP 	polygon_2: autoDraw = False
67.5883 	EXP 	text_4: autoDraw = False
67.5883 	EXP 	GA: autoDraw = False
67.5883 	EXP 	polygon_2: autoDraw = False
67.5883 	EXP 	text_4: autoDraw = False
67.5883 	EXP 	polygon_3: autoDraw = True
68.0871 	EXP 	New trial (rep=7, index=0): None
68.0875 	EXP 	Created sequence: random, trialTypes=1, nReps=1, seed=None
68.0876 	EXP 	New trial (rep=0, index=0): None
68.5657 	EXP 	polygon_3: autoDraw = False
68.5657 	EXP 	GA: sf = array([0.5, 0.5])
68.5657 	EXP 	GA: phase = array([0., 0.])
68.5657 	EXP 	text_3: height = 0.05
68.5657 	EXP 	text_3: height = 0.05
68.5657 	EXP 	text_3: height = 0.05
68.5657 	EXP 	text_3: text = 'Spatial frequency: 0.500\nContrast: 0.141'
68.5657 	EXP 	text_4: height = 0.05
68.5657 	EXP 	text_4: height = 0.05
68.5657 	EXP 	text_4: height = 0.05
68.5657 	EXP 	text_4: text = 'Spatial frequency: 0.500\nContrast: 0.141'
68.5657 	EXP 	GA: autoDraw = True
68.5657 	EXP 	polygon_2: autoDraw = True
68.5657 	EXP 	text_4: autoDraw = True
68.5657 	EXP 	GA: tex = 'sqr'
71.5700 	EXP 	GA: autoDraw = False
71.5700 	EXP 	polygon_2: autoDraw = False
71.5700 	EXP 	text_4: autoDraw = False
71.5700 	EXP 	GA: autoDraw = False
71.5700 	EXP 	polygon_2: autoDraw = False
71.5700 	EXP 	text_4: autoDraw = False
71.5700 	EXP 	polygon_3: autoDraw = True
72.0663 	EXP 	New trial (rep=8, index=0): None
72.0667 	EXP 	Created sequence: random, trialTypes=1, nReps=1, seed=None
72.0668 	EXP 	New trial (rep=0, index=0): None
72.6326 	EXP 	polygon_3: autoDraw = False
72.6326 	EXP 	GA: sf = array([0.5, 0.5])
72.6326 	EXP 	GA: phase = array([0., 0.])
72.6326 	EXP 	text_3: height = 0.05
72.6326 	EXP 	text_3: height = 0.05
72.6326 	EXP 	text_3: height = 0.05
72.6326 	EXP 	text_3: text = 'Spatial frequency: 0.500\nContrast: 0.053'
72.6326 	EXP 	text_4: height = 0.05
72.6326 	EXP 	text_4: height = 0.05
72.6326 	EXP 	text_4: height = 0.05
72.6326 	EXP 	text_4: text = 'Spatial frequency: 0.500\nContrast: 0.053'
72.6326 	EXP 	GA: autoDraw = True
72.6326 	EXP 	polygon_2: autoDraw = True
72.6326 	EXP 	text_4: autoDraw = True
72.6326 	EXP 	GA: tex = 'sqr'
75.6342 	EXP 	GA: autoDraw = False
75.6342 	EXP 	polygon_2: autoDraw = False
75.6342 	EXP 	text_4: autoDraw = False
75.6342 	EXP 	GA: autoDraw = False
75.6342 	EXP 	polygon_2: autoDraw = False
75.6342 	EXP 	text_4: autoDraw = False
75.6342 	EXP 	polygon_3: autoDraw = True
76.1329 	EXP 	New trial (rep=9, index=0): None
76.1333 	EXP 	Created sequence: random, trialTypes=1, nReps=1, seed=None
76.1334 	EXP 	New trial (rep=0, index=0): None
76.7082 	EXP 	polygon_3: autoDraw = False
76.7082 	EXP 	GA: sf = array([0.5, 0.5])
76.7082 	EXP 	GA: phase = array([0., 0.])
76.7082 	EXP 	text_3: height = 0.05
76.7082 	EXP 	text_3: height = 0.05
76.7082 	EXP 	text_3: height = 0.05
76.7082 	EXP 	text_3: text = 'Spatial frequency: 0.500\nContrast: 0.141'
76.7082 	EXP 	text_4: height = 0.05
76.7082 	EXP 	text_4: height = 0.05
76.7082 	EXP 	text_4: height = 0.05
76.7082 	EXP 	text_4: text = 'Spatial frequency: 0.500\nContrast: 0.141'
76.7082 	EXP 	GA: autoDraw = True
76.7082 	EXP 	polygon_2: autoDraw = True
76.7082 	EXP 	text_4: autoDraw = True
76.7082 	EXP 	GA: tex = 'sqr'
79.7128 	EXP 	GA: autoDraw = False
79.7128 	EXP 	polygon_2: autoDraw = False
79.7128 	EXP 	text_4: autoDraw = False
79.7128 	EXP 	GA: autoDraw = False
79.7128 	EXP 	polygon_2: autoDraw = False
79.7128 	EXP 	text_4: autoDraw = False
79.7128 	EXP 	polygon_3: autoDraw = True
80.2094 	EXP 	New trial (rep=10, index=0): None
80.2099 	EXP 	Created sequence: random, trialTypes=1, nReps=1, seed=None
80.2100 	EXP 	New trial (rep=0, index=0): None
80.7582 	EXP 	polygon_3: autoDraw = False
80.7582 	EXP 	GA: sf = array([0.5, 0.5])
80.7582 	EXP 	GA: phase = array([0., 0.])
80.7582 	EXP 	text_3: height = 0.05
80.7582 	EXP 	text_3: height = 0.05
80.7582 	EXP 	text_3: height = 0.05
80.7582 	EXP 	text_3: text = 'Spatial frequency: 0.500\nContrast: 0.020'
80.7582 	EXP 	text_4: height = 0.05
80.7582 	EXP 	text_4: height = 0.05
80.7582 	EXP 	text_4: height = 0.05
80.7582 	EXP 	text_4: text = 'Spatial frequency: 0.500\nContrast: 0.020'
80.7582 	EXP 	GA: autoDraw = True
80.7582 	EXP 	polygon_2: autoDraw = True
80.7582 	EXP 	text_4: autoDraw = True
80.7582 	EXP 	GA: tex = 'sqr'
83.7601 	EXP 	GA: autoDraw = False
83.7601 	EXP 	polygon_2: autoDraw = False
83.7601 	EXP 	text_4: autoDraw = False
83.7601 	EXP 	GA: autoDraw = False
83.7601 	EXP 	polygon_2: autoDraw = False
83.7601 	EXP 	text_4: autoDraw = False
83.7601 	EXP 	polygon_3: autoDraw = True
84.2569 	EXP 	New trial (rep=11, index=0): None
84.2573 	EXP 	Created sequence: random, trialTypes=1, nReps=1, seed=None
84.2574 	EXP 	New trial (rep=0, index=0): None
84.7335 	EXP 	polygon_3: autoDraw = False
84.7335 	EXP 	GA: sf = array([0.5, 0.5])
84.7335 	EXP 	GA: phase = array([0., 0.])
84.7335 	EXP 	text_3: height = 0.05
84.7335 	EXP 	text_3: height = 0.05
84.7335 	EXP 	text_3: height = 0.05
84.7335 	EXP 	text_3: text = 'Spatial frequency: 0.500\nContrast: 0.053'
84.7335 	EXP 	text_4: height = 0.05
84.7335 	EXP 	text_4: height = 0.05
84.7335 	EXP 	text_4: height = 0.05
84.7335 	EXP 	text_4: text = 'Spatial frequency: 0.500\nContrast: 0.053'
84.7335 	EXP 	GA: autoDraw = True
84.7335 	EXP 	polygon_2: autoDraw = True
84.7335 	EXP 	text_4: autoDraw = True
84.7335 	EXP 	GA: tex = 'sqr'
87.7338 	EXP 	GA: autoDraw = False
87.7338 	EXP 	polygon_2: autoDraw = False
87.7338 	EXP 	text_4: autoDraw = False
87.7338 	EXP 	GA: autoDraw = False
87.7338 	EXP 	polygon_2: autoDraw = False
87.7338 	EXP 	text_4: autoDraw = False
87.7338 	EXP 	polygon_3: autoDraw = True
88.2312 	EXP 	New trial (rep=12, index=0): None
88.2318 	EXP 	Created sequence: random, trialTypes=1, nReps=1, seed=None
88.2319 	EXP 	New trial (rep=0, index=0): None
88.6897 	EXP 	polygon_3: autoDraw = False
88.6897 	EXP 	GA: sf = array([0.5, 0.5])
88.6897 	EXP 	GA: phase = array([0., 0.])
88.6897 	EXP 	text_3: height = 0.05
88.6897 	EXP 	text_3: height = 0.05
88.6897 	EXP 	text_3: height = 0.05
88.6897 	EXP 	text_3: text = 'Spatial frequency: 0.500\nContrast: 0.141'
88.6897 	EXP 	text_4: height = 0.05
88.6897 	EXP 	text_4: height = 0.05
88.6897 	EXP 	text_4: height = 0.05
88.6897 	EXP 	text_4: text = 'Spatial frequency: 0.500\nContrast: 0.141'
88.6897 	EXP 	GA: autoDraw = True
88.6897 	EXP 	polygon_2: autoDraw = True
88.6897 	EXP 	text_4: autoDraw = True
88.6897 	EXP 	GA: tex = 'sqr'
91.6909 	EXP 	GA: autoDraw = False
91.6909 	EXP 	polygon_2: autoDraw = False
91.6909 	EXP 	text_4: autoDraw = False
91.6909 	EXP 	GA: autoDraw = False
91.6909 	EXP 	polygon_2: autoDraw = False
91.6909 	EXP 	text_4: autoDraw = False
91.6909 	EXP 	polygon_3: autoDraw = True
92.1877 	EXP 	New trial (rep=13, index=0): None
92.1882 	EXP 	Created sequence: random, trialTypes=1, nReps=1, seed=None
92.1883 	EXP 	New trial (rep=0, index=0): None
92.6607 	EXP 	polygon_3: autoDraw = False
92.6607 	EXP 	GA: sf = array([0.5, 0.5])
92.6607 	EXP 	GA: phase = array([0., 0.])
92.6607 	EXP 	text_3: height = 0.05
92.6607 	EXP 	text_3: height = 0.05
92.6607 	EXP 	text_3: height = 0.05
92.6607 	EXP 	text_3: text = 'Spatial frequency: 0.500\nContrast: 0.020'
92.6607 	EXP 	text_4: height = 0.05
92.6607 	EXP 	text_4: height = 0.05
92.6607 	EXP 	text_4: height = 0.05
92.6607 	EXP 	text_4: text = 'Spatial frequency: 0.500\nContrast: 0.020'
92.6607 	EXP 	GA: autoDraw = True
92.6607 	EXP 	polygon_2: autoDraw = True
92.6607 	EXP 	text_4: autoDraw = True
92.6607 	EXP 	GA: tex = 'sqr'
95.6651 	EXP 	GA: autoDraw = False
95.6651 	EXP 	polygon_2: autoDraw = False
95.6651 	EXP 	text_4: autoDraw = False
95.6651 	EXP 	GA: autoDraw = False
95.6651 	EXP 	polygon_2: autoDraw = False
95.6651 	EXP 	text_4: autoDraw = False
95.6651 	EXP 	polygon_3: autoDraw = True
96.1622 	EXP 	New trial (rep=14, index=0): None
96.1627 	EXP 	Created sequence: random, trialTypes=1, nReps=1, seed=None
96.1628 	EXP 	New trial (rep=0, index=0): None
96.7475 	EXP 	polygon_3: autoDraw = False
96.7475 	EXP 	GA: sf = array([0.5, 0.5])
96.7475 	EXP 	GA: phase = array([0., 0.])
96.7475 	EXP 	text_3: height = 0.05
96.7475 	EXP 	text_3: height = 0.05
96.7475 	EXP 	text_3: height = 0.05
96.7475 	EXP 	text_3: text = 'Spatial frequency: 0.500\nContrast: 1.000'
96.7475 	EXP 	text_4: height = 0.05
96.7475 	EXP 	text_4: height = 0.05
96.7475 	EXP 	text_4: height = 0.05
96.7475 	EXP 	text_4: text = 'Spatial frequency: 0.500\nContrast: 1.000'
96.7475 	EXP 	GA: autoDraw = True
96.7475 	EXP 	polygon_2: autoDraw = True
96.7475 	EXP 	text_4: autoDraw = True
96.7475 	EXP 	GA: tex = 'sqr'
99.7509 	EXP 	GA: autoDraw = False
99.7509 	EXP 	polygon_2: autoDraw = False
99.7509 	EXP 	text_4: autoDraw = False
99.7509 	EXP 	GA: autoDraw = False
99.7509 	EXP 	polygon_2: autoDraw = False
99.7509 	EXP 	text_4: autoDraw = False
99.7509 	EXP 	polygon_3: autoDraw = True
100.2468 	EXP 	New trial (rep=15, index=0): None
100.2473 	EXP 	Created sequence: random, trialTypes=1, nReps=1, seed=None
100.2474 	EXP 	New trial (rep=0, index=0): None
100.8025 	EXP 	polygon_3: autoDraw = False
100.8025 	EXP 	GA: sf = array([0.5, 0.5])
100.8025 	EXP 	GA: phase = array([0., 0.])
100.8025 	EXP 	text_3: text = 'Spatial frequency: 0.500\nContrast: 1.000'
100.8025 	EXP 	text_4: text = 'Spatial frequency: 0.500\nContrast: 1.000'
100.8025 	EXP 	GA: autoDraw = True
100.8025 	EXP 	polygon_2: autoDraw = True
100.8025 	EXP 	text_4: autoDraw = True
100.8025 	EXP 	GA: tex = 'sqr'
103.8023 	EXP 	GA: autoDraw = False
103.8023 	EXP 	polygon_2: autoDraw = False
103.8023 	EXP 	text_4: autoDraw = False
103.8023 	EXP 	GA: autoDraw = False
103.8023 	EXP 	polygon_2: autoDraw = False
103.8023 	EXP 	text_4: autoDraw = False
103.8023 	EXP 	polygon_3: autoDraw = True
104.2998 	EXP 	New trial (rep=16, index=0): None
104.3003 	EXP 	Created sequence: random, trialTypes=1, nReps=1, seed=None
104.3005 	EXP 	New trial (rep=0, index=0): None
104.8584 	EXP 	polygon_3: autoDraw = False
104.8584 	EXP 	GA: sf = array([0.5, 0.5])
104.8584 	EXP 	GA: phase = array([0., 0.])
104.8584 	EXP 	text_3: height = 0.05
104.8584 	EXP 	text_3: height = 0.05
104.8584 	EXP 	text_3: height = 0.05
104.8584 	EXP 	text_3: text = 'Spatial frequency: 0.500\nContrast: 0.053'
104.8584 	EXP 	text_4: height = 0.05
104.8584 	EXP 	text_4: height = 0.05
104.8584 	EXP 	text_4: height = 0.05
104.8584 	EXP 	text_4: text = 'Spatial frequency: 0.500\nContrast: 0.053'
104.8584 	EXP 	GA: autoDraw = True
104.8584 	EXP 	polygon_2: autoDraw = True
104.8584 	EXP 	text_4: autoDraw = True
104.8584 	EXP 	GA: tex = 'sqr'
107.8620 	EXP 	GA: autoDraw = False
107.8620 	EXP 	polygon_2: autoDraw = False
107.8620 	EXP 	text_4: autoDraw = False
107.8620 	EXP 	GA: autoDraw = False
107.8620 	EXP 	polygon_2: autoDraw = False
107.8620 	EXP 	text_4: autoDraw = False
107.8620 	EXP 	polygon_3: autoDraw = True
108.3587 	EXP 	New trial (rep=17, index=0): None
108.3592 	EXP 	Created sequence: random, trialTypes=1, nReps=1, seed=None
108.3594 	EXP 	New trial (rep=0, index=0): None
108.8411 	EXP 	polygon_3: autoDraw = False
108.8411 	EXP 	GA: sf = array([0.5, 0.5])
108.8411 	EXP 	GA: phase = array([0., 0.])
108.8411 	EXP 	text_3: height = 0.05
108.8411 	EXP 	text_3: height = 0.05
108.8411 	EXP 	text_3: height = 0.05
108.8411 	EXP 	text_3: text = 'Spatial frequency: 0.500\nContrast: 0.376'
108.8411 	EXP 	text_4: height = 0.05
108.8411 	EXP 	text_4: height = 0.05
108.8411 	EXP 	text_4: height = 0.05
108.8411 	EXP 	text_4: text = 'Spatial frequency: 0.500\nContrast: 0.376'
108.8411 	EXP 	GA: autoDraw = True
108.8411 	EXP 	polygon_2: autoDraw = True
108.8411 	EXP 	text_4: autoDraw = True
108.8411 	EXP 	GA: tex = 'sqr'
111.8430 	EXP 	GA: autoDraw = False
111.8430 	EXP 	polygon_2: autoDraw = False
111.8430 	EXP 	text_4: autoDraw = False
111.8430 	EXP 	GA: autoDraw = False
111.8430 	EXP 	polygon_2: autoDraw = False
111.8430 	EXP 	text_4: autoDraw = False
111.8430 	EXP 	polygon_3: autoDraw = True
112.3406 	EXP 	New trial (rep=18, index=0): None
112.3413 	EXP 	Created sequence: random, trialTypes=1, nReps=1, seed=None
112.3415 	EXP 	New trial (rep=0, index=0): None
112.8978 	EXP 	polygon_3: autoDraw = False
112.8978 	EXP 	GA: sf = array([0.5, 0.5])
112.8978 	EXP 	GA: phase = array([0., 0.])
112.8978 	EXP 	text_3: height = 0.05
112.8978 	EXP 	text_3: height = 0.05
112.8978 	EXP 	text_3: height = 0.05
112.8978 	EXP 	text_3: text = 'Spatial frequency: 0.500\nContrast: 0.020'
112.8978 	EXP 	text_4: height = 0.05
112.8978 	EXP 	text_4: height = 0.05
112.8978 	EXP 	text_4: height = 0.05
112.8978 	EXP 	text_4: text = 'Spatial frequency: 0.500\nContrast: 0.020'
112.8978 	EXP 	GA: autoDraw = True
112.8978 	EXP 	polygon_2: autoDraw = True
112.8978 	EXP 	text_4: autoDraw = True
112.8978 	EXP 	GA: tex = 'sqr'
115.9018 	EXP 	GA: autoDraw = False
115.9018 	EXP 	polygon_2: autoDraw = False
115.9018 	EXP 	text_4: autoDraw = False
115.9018 	EXP 	GA: autoDraw = False
115.9018 	EXP 	polygon_2: autoDraw = False
115.9018 	EXP 	text_4: autoDraw = False
115.9018 	EXP 	polygon_3: autoDraw = True
116.3991 	EXP 	New trial (rep=19, index=0): None
116.3995 	EXP 	Created sequence: random, trialTypes=1, nReps=1, seed=None
116.3996 	EXP 	New trial (rep=0, index=0): None
116.9490 	EXP 	polygon_3: autoDraw = False
116.9490 	EXP 	GA: sf = array([0.5, 0.5])
116.9490 	EXP 	GA: phase = array([0., 0.])
116.9490 	EXP 	text_3: height = 0.05
116.9490 	EXP 	text_3: height = 0.05
116.9490 	EXP 	text_3: height = 0.05
116.9490 	EXP 	text_3: text = 'Spatial frequency: 0.500\nContrast: 0.376'
116.9490 	EXP 	text_4: height = 0.05
116.9490 	EXP 	text_4: height = 0.05
116.9490 	EXP 	text_4: height = 0.05
116.9490 	EXP 	text_4: text = 'Spatial frequency: 0.500\nContrast: 0.376'
116.9490 	EXP 	GA: autoDraw = True
116.9490 	EXP 	polygon_2: autoDraw = True
116.9490 	EXP 	text_4: autoDraw = True
116.9490 	EXP 	GA: tex = 'sqr'
119.9504 	EXP 	GA: autoDraw = False
119.9504 	EXP 	polygon_2: autoDraw = False
119.9504 	EXP 	text_4: autoDraw = False
119.9504 	EXP 	GA: autoDraw = False
119.9504 	EXP 	polygon_2: autoDraw = False
119.9504 	EXP 	text_4: autoDraw = False
119.9504 	EXP 	polygon_3: autoDraw = True
122.0683 	EXP 	window1: mouseVisible = True
