4.5279 	WARNING 	Speech-to-text recognition module for PocketSphinx is not available (use command `pip install SpeechRecognition` to get it). Transcription will be unavailable using that service this session.
4.5286 	WARNING 	Speech-to-text recognition using Google online services is not available (use command `pip install google-api-core google-auth google-cloud google-cloud-speech googleapis-common-protos` to get it). Transcription will be unavailable using that service this session.
4.5301 	ERROR 	Support for the `sounddevice` audio backend is not available this session. Please install `psychopy-sounddevice` and restart the session to enable support.
26.6857 	WARNING 	User requested fullscreen with size [1536  864], but screen is actually [1920, 1080]. Using actual size
27.3248 	EXP 	Created window1 = Window(allowGUI=True, allowStencil=False, autoLog=True, backendConf=UNKNOWN, backgroundFit=<method-wrapper '__getattribute__' of attributeSetter object at 0x000001E29B31D750>, backgroundImage=<method-wrapper '__getattribute__' of attributeSetter object at 0x000001E29B307810>, bitsMode=UNKNOWN, blendMode='avg', bpc=(8, 8, 8), color=array([0, 0, 0]), colorSpace='rgb', depthBits=8, fullscr=<method-wrapper '__getattribute__' of attributeSetter object at 0x000001E292F93150>, gamma=None, gammaErrorPolicy='raise', lms=UNKNOWN, monitor=<psychopy.monitors.calibTools.Monitor object at 0x000001E2A9442DD0>, multiSample=False, name='window1', numSamples=2, pos=(0, 0), screen=0, size=array([1920, 1080]), stencilBits=0, stereo=False, units='height', useFBO=True, useRetina=False, viewOri=0.0, viewPos=None, viewScale=None, waitBlanking=True, winType='pyglet')
27.3249 	EXP 	window1: mouseVisible = True
27.3250 	EXP 	window1: backgroundImage = None
27.3250 	EXP 	window1: backgroundFit = 'cover'
27.3252 	EXP 	window1: mouseVisible = False
27.3252 	EXP 	window1: Attempting to measure frame rate of screen (0) ...
27.3253 	EXP 	window1: recordFrameIntervals = False
27.4908 	EXP 	window1: recordFrameIntervals = True
27.6744 	EXP 	Screen (0) actual frame rate measured at 59.96Hz
27.6745 	EXP 	window1: recordFrameIntervals = False
30.8814 	EXP 	Created text_2 = TextStim(__class__=<class 'psychopy.visual.text.TextStim'>, alignHoriz=method-wrapper(...), alignText='center', alignVert=method-wrapper(...), anchorHoriz='center', anchorVert='center', antialias=True, autoDraw=False, autoLog=True, bold=False, color=array([1., 1., 1.]), colorSpace='rgb', contrast=1.0, depth=0.0, flipHoriz=False, flipVert=False, font='Open Sans', fontFiles=[], height=0.05, italic=False, languageStyle='LTR', name='text_2', opacity=1.0, ori=0.0, pos=array([0., 0.]), rgb=UNKNOWN, text='Press spacebar to start the experiment\n\n', units='height', win=Window(...), wrapWidth=1)
30.9254 	EXP 	Created GA = GratingStim(__class__=<class 'psychopy.visual.grating.GratingStim'>, anchor='center', autoDraw=False, autoLog=True, blendmode='avg', color=array([1., 1., 1.]), colorSpace='rgb', contrast=1.0, depth=-2.0, interpolate=True, mask='circle', maskParams=None, name='GA', opacity=1.0, ori=0.0, phase=array([0., 0.]), pos=array([0., 0.]), rgbPedestal=array([0., 0., 0.]), sf=array([1., 1.]), size=array([8.5]), tex='sqr', texRes=512.0, units='deg', win=Window(...))
30.9315 	EXP 	Created polygon = ShapeStim(__class__=<class 'psychopy.visual.shape.ShapeStim'>, anchor=('center', 'center'), autoDraw=False, autoLog=True, closeShape=True, color=method-wrapper(...), colorSpace='rgb', contrast=None, depth=-3.0, fillColor=array([0., 0., 0.]), fillColorSpace='rgb', fillRGB=array([0., 0., 0.]), interpolate=True, lineColor=array([0., 0., 0.]), lineColorSpace='rgb', lineRGB=array([0., 0., 0.]), lineWidth=1.0, name='polygon', opacity=1.0, ori=0.0, pos=array([0., 0.]), size=array([0.05, 0.05]), units='height', vertices=ndarray(...), win=Window(...), windingRule=None)
30.9325 	EXP 	Created text_3 = TextStim(__class__=<class 'psychopy.visual.text.TextStim'>, alignHoriz=method-wrapper(...), alignText='center', alignVert=method-wrapper(...), anchorHoriz='center', anchorVert='center', antialias=True, autoDraw=False, autoLog=True, bold=False, color=array([1., 1., 1.]), colorSpace='rgb', contrast=1.0, depth=-4.0, flipHoriz=False, flipVert=False, font='Open Sans', fontFiles=[], height=0.05, italic=False, languageStyle='LTR', name='text_3', opacity=1.0, ori=0.0, pos=array([0.   , 0.125]), rgb=UNKNOWN, text='', units='height', win=Window(...), wrapWidth=1)
30.9346 	EXP 	Created polygon_2 = ShapeStim(__class__=<class 'psychopy.visual.shape.ShapeStim'>, anchor=('center', 'center'), autoDraw=False, autoLog=True, closeShape=True, color=method-wrapper(...), colorSpace='rgb', contrast=None, depth=-2.0, fillColor=array([0., 0., 0.]), fillColorSpace='rgb', fillRGB=array([0., 0., 0.]), interpolate=True, lineColor=array([0., 0., 0.]), lineColorSpace='rgb', lineRGB=array([0., 0., 0.]), lineWidth=1.0, name='polygon_2', opacity=1.0, ori=0.0, pos=array([0., 0.]), size=array([0.05, 0.05]), units='height', vertices=ndarray(...), win=Window(...), windingRule=None)
30.9354 	EXP 	Created text_4 = TextStim(__class__=<class 'psychopy.visual.text.TextStim'>, alignHoriz=method-wrapper(...), alignText='center', alignVert=method-wrapper(...), anchorHoriz='center', anchorVert='center', antialias=True, autoDraw=False, autoLog=True, bold=False, color=array([1., 1., 1.]), colorSpace='rgb', contrast=1.0, depth=-3.0, flipHoriz=False, flipVert=False, font='Open Sans', fontFiles=[], height=0.05, italic=False, languageStyle='LTR', name='text_4', opacity=1.0, ori=0.0, pos=array([0.   , 0.125]), rgb=UNKNOWN, text='', units='height', win=Window(...), wrapWidth=1)
30.9374 	EXP 	Created polygon_3 = ShapeStim(__class__=<class 'psychopy.visual.shape.ShapeStim'>, anchor=('center', 'center'), autoDraw=False, autoLog=True, closeShape=True, color=method-wrapper(...), colorSpace='rgb', contrast=None, depth=0.0, fillColor=array([0., 0., 0.]), fillColorSpace='rgb', fillRGB=array([0., 0., 0.]), interpolate=True, lineColor=array([0., 0., 0.]), lineColorSpace='rgb', lineRGB=array([0., 0., 0.]), lineWidth=1.0, name='polygon_3', opacity=1.0, ori=0.0, pos=array([0., 0.]), size=array([0.05, 0.05]), units='height', vertices=ndarray(...), win=Window(...), windingRule=None)
30.9407 	EXP 	text_2: autoDraw = True
31.3433 	EXP 	Created sequence: random, trialTypes=1, nReps=20, seed=None
31.3437 	EXP 	New trial (rep=0, index=0): None
31.3446 	EXP 	Created sequence: random, trialTypes=1, nReps=1, seed=None
31.3449 	EXP 	New trial (rep=0, index=0): None
31.4242 	DATA 	Keypress: space
31.4268 	EXP 	text_2: autoDraw = False
31.4268 	EXP 	GA: sf = array([0.5, 0.5])
31.4268 	EXP 	GA: phase = array([0., 0.])
31.4268 	EXP 	text_3: height = 0.05
31.4268 	EXP 	text_3: height = 0.05
31.4268 	EXP 	text_3: height = 0.05
31.4268 	EXP 	text_3: text = 'Spatial frequency: 0.500\nContrast: 1.000'
31.4268 	EXP 	text_4: height = 0.05
31.4268 	EXP 	text_4: height = 0.05
31.4268 	EXP 	text_4: height = 0.05
31.4268 	EXP 	text_4: text = 'Spatial frequency: 0.500\nContrast: 1.000'
31.4268 	EXP 	GA: autoDraw = True
31.4268 	EXP 	polygon_2: autoDraw = True
31.4268 	EXP 	text_4: autoDraw = True
31.4268 	EXP 	GA: tex = 'sqr'
34.4263 	EXP 	New trial (rep=1, index=0): None
34.4277 	EXP 	Created sequence: random, trialTypes=1, nReps=1, seed=None
34.4280 	EXP 	New trial (rep=0, index=0): None
34.4650 	EXP 	GA: autoDraw = False
34.4650 	EXP 	polygon_2: autoDraw = False
34.4650 	EXP 	text_4: autoDraw = False
34.4650 	EXP 	GA: autoDraw = False
34.4650 	EXP 	polygon_2: autoDraw = False
34.4650 	EXP 	text_4: autoDraw = False
34.4650 	EXP 	GA: sf = array([0.5, 0.5])
34.4650 	EXP 	GA: phase = array([0., 0.])
34.4650 	EXP 	text_3: height = 0.05
34.4650 	EXP 	text_3: height = 0.05
34.4650 	EXP 	text_3: height = 0.05
34.4650 	EXP 	text_3: text = 'Spatial frequency: 0.500\nContrast: 0.053'
34.4650 	EXP 	text_4: height = 0.05
34.4650 	EXP 	text_4: height = 0.05
34.4650 	EXP 	text_4: height = 0.05
34.4650 	EXP 	text_4: text = 'Spatial frequency: 0.500\nContrast: 0.053'
34.4650 	EXP 	GA: autoDraw = True
34.4650 	EXP 	polygon_2: autoDraw = True
34.4650 	EXP 	text_4: autoDraw = True
34.4650 	EXP 	GA: tex = 'sqr'
37.4596 	EXP 	New trial (rep=2, index=0): None
37.4610 	EXP 	Created sequence: random, trialTypes=1, nReps=1, seed=None
37.4616 	EXP 	New trial (rep=0, index=0): None
37.4950 	EXP 	GA: autoDraw = False
37.4950 	EXP 	polygon_2: autoDraw = False
37.4950 	EXP 	text_4: autoDraw = False
37.4950 	EXP 	GA: autoDraw = False
37.4950 	EXP 	polygon_2: autoDraw = False
37.4950 	EXP 	text_4: autoDraw = False
37.4950 	EXP 	GA: sf = array([0.5, 0.5])
37.4950 	EXP 	GA: phase = array([0., 0.])
37.4950 	EXP 	text_3: height = 0.05
37.4950 	EXP 	text_3: height = 0.05
37.4950 	EXP 	text_3: height = 0.05
37.4950 	EXP 	text_3: text = 'Spatial frequency: 0.500\nContrast: 0.020'
37.4950 	EXP 	text_4: height = 0.05
37.4950 	EXP 	text_4: height = 0.05
37.4950 	EXP 	text_4: height = 0.05
37.4950 	EXP 	text_4: text = 'Spatial frequency: 0.500\nContrast: 0.020'
37.4950 	EXP 	GA: autoDraw = True
37.4950 	EXP 	polygon_2: autoDraw = True
37.4950 	EXP 	text_4: autoDraw = True
37.4950 	EXP 	GA: tex = 'sqr'
40.4927 	EXP 	New trial (rep=3, index=0): None
40.4940 	EXP 	Created sequence: random, trialTypes=1, nReps=1, seed=None
40.4943 	EXP 	New trial (rep=0, index=0): None
40.5315 	EXP 	GA: autoDraw = False
40.5315 	EXP 	polygon_2: autoDraw = False
40.5315 	EXP 	text_4: autoDraw = False
40.5315 	EXP 	GA: autoDraw = False
40.5315 	EXP 	polygon_2: autoDraw = False
40.5315 	EXP 	text_4: autoDraw = False
40.5315 	EXP 	GA: sf = array([0.5, 0.5])
40.5315 	EXP 	GA: phase = array([0., 0.])
40.5315 	EXP 	text_3: height = 0.05
40.5315 	EXP 	text_3: height = 0.05
40.5315 	EXP 	text_3: height = 0.05
40.5315 	EXP 	text_3: text = 'Spatial frequency: 0.500\nContrast: 0.376'
40.5315 	EXP 	text_4: height = 0.05
40.5315 	EXP 	text_4: height = 0.05
40.5315 	EXP 	text_4: height = 0.05
40.5315 	EXP 	text_4: text = 'Spatial frequency: 0.500\nContrast: 0.376'
40.5315 	EXP 	GA: autoDraw = True
40.5315 	EXP 	polygon_2: autoDraw = True
40.5315 	EXP 	text_4: autoDraw = True
40.5315 	EXP 	GA: tex = 'sqr'
43.5263 	EXP 	New trial (rep=4, index=0): None
43.5277 	EXP 	Created sequence: random, trialTypes=1, nReps=1, seed=None
43.5279 	EXP 	New trial (rep=0, index=0): None
43.5685 	EXP 	GA: autoDraw = False
43.5685 	EXP 	polygon_2: autoDraw = False
43.5685 	EXP 	text_4: autoDraw = False
43.5685 	EXP 	GA: autoDraw = False
43.5685 	EXP 	polygon_2: autoDraw = False
43.5685 	EXP 	text_4: autoDraw = False
43.5685 	EXP 	GA: sf = array([0.5, 0.5])
43.5685 	EXP 	GA: phase = array([0., 0.])
43.5685 	EXP 	text_3: height = 0.05
43.5685 	EXP 	text_3: height = 0.05
43.5685 	EXP 	text_3: height = 0.05
43.5685 	EXP 	text_3: text = 'Spatial frequency: 0.500\nContrast: 0.141'
43.5685 	EXP 	text_4: height = 0.05
43.5685 	EXP 	text_4: height = 0.05
43.5685 	EXP 	text_4: height = 0.05
43.5685 	EXP 	text_4: text = 'Spatial frequency: 0.500\nContrast: 0.141'
43.5685 	EXP 	GA: autoDraw = True
43.5685 	EXP 	polygon_2: autoDraw = True
43.5685 	EXP 	text_4: autoDraw = True
43.5685 	EXP 	GA: tex = 'sqr'
46.5592 	EXP 	New trial (rep=5, index=0): None
46.5605 	EXP 	Created sequence: random, trialTypes=1, nReps=1, seed=None
46.5607 	EXP 	New trial (rep=0, index=0): None
46.5986 	EXP 	GA: autoDraw = False
46.5986 	EXP 	polygon_2: autoDraw = False
46.5986 	EXP 	text_4: autoDraw = False
46.5986 	EXP 	GA: autoDraw = False
46.5986 	EXP 	polygon_2: autoDraw = False
46.5986 	EXP 	text_4: autoDraw = False
46.5986 	EXP 	GA: sf = array([0.5, 0.5])
46.5986 	EXP 	GA: phase = array([0., 0.])
46.5986 	EXP 	text_3: height = 0.05
46.5986 	EXP 	text_3: height = 0.05
46.5986 	EXP 	text_3: height = 0.05
46.5986 	EXP 	text_3: text = 'Spatial frequency: 0.500\nContrast: 1.000'
46.5986 	EXP 	text_4: height = 0.05
46.5986 	EXP 	text_4: height = 0.05
46.5986 	EXP 	text_4: height = 0.05
46.5986 	EXP 	text_4: text = 'Spatial frequency: 0.500\nContrast: 1.000'
46.5986 	EXP 	GA: autoDraw = True
46.5986 	EXP 	polygon_2: autoDraw = True
46.5986 	EXP 	text_4: autoDraw = True
46.5986 	EXP 	GA: tex = 'sqr'
49.5926 	EXP 	New trial (rep=6, index=0): None
49.5939 	EXP 	Created sequence: random, trialTypes=1, nReps=1, seed=None
49.5941 	EXP 	New trial (rep=0, index=0): None
49.6519 	EXP 	GA: autoDraw = False
49.6519 	EXP 	polygon_2: autoDraw = False
49.6519 	EXP 	text_4: autoDraw = False
49.6519 	EXP 	GA: autoDraw = False
49.6519 	EXP 	polygon_2: autoDraw = False
49.6519 	EXP 	text_4: autoDraw = False
49.6519 	EXP 	GA: sf = array([0.5, 0.5])
49.6519 	EXP 	GA: phase = array([0., 0.])
49.6519 	EXP 	text_3: height = 0.05
49.6519 	EXP 	text_3: height = 0.05
49.6519 	EXP 	text_3: height = 0.05
49.6519 	EXP 	text_3: text = 'Spatial frequency: 0.500\nContrast: 0.141'
49.6519 	EXP 	text_4: height = 0.05
49.6519 	EXP 	text_4: height = 0.05
49.6519 	EXP 	text_4: height = 0.05
49.6519 	EXP 	text_4: text = 'Spatial frequency: 0.500\nContrast: 0.141'
49.6519 	EXP 	GA: autoDraw = True
49.6519 	EXP 	polygon_2: autoDraw = True
49.6519 	EXP 	text_4: autoDraw = True
49.6519 	EXP 	GA: tex = 'sqr'
52.6427 	EXP 	New trial (rep=7, index=0): None
52.6440 	EXP 	Created sequence: random, trialTypes=1, nReps=1, seed=None
52.6442 	EXP 	New trial (rep=0, index=0): None
52.6814 	EXP 	GA: autoDraw = False
52.6814 	EXP 	polygon_2: autoDraw = False
52.6814 	EXP 	text_4: autoDraw = False
52.6814 	EXP 	GA: autoDraw = False
52.6814 	EXP 	polygon_2: autoDraw = False
52.6814 	EXP 	text_4: autoDraw = False
52.6814 	EXP 	GA: sf = array([0.5, 0.5])
52.6814 	EXP 	GA: phase = array([0., 0.])
52.6814 	EXP 	text_3: height = 0.05
52.6814 	EXP 	text_3: height = 0.05
52.6814 	EXP 	text_3: height = 0.05
52.6814 	EXP 	text_3: text = 'Spatial frequency: 0.500\nContrast: 0.053'
52.6814 	EXP 	text_4: height = 0.05
52.6814 	EXP 	text_4: height = 0.05
52.6814 	EXP 	text_4: height = 0.05
52.6814 	EXP 	text_4: text = 'Spatial frequency: 0.500\nContrast: 0.053'
52.6814 	EXP 	GA: autoDraw = True
52.6814 	EXP 	polygon_2: autoDraw = True
52.6814 	EXP 	text_4: autoDraw = True
52.6814 	EXP 	GA: tex = 'sqr'
55.6757 	EXP 	New trial (rep=8, index=0): None
55.6771 	EXP 	Created sequence: random, trialTypes=1, nReps=1, seed=None
55.6774 	EXP 	New trial (rep=0, index=0): None
55.7154 	EXP 	GA: autoDraw = False
55.7154 	EXP 	polygon_2: autoDraw = False
55.7154 	EXP 	text_4: autoDraw = False
55.7154 	EXP 	GA: autoDraw = False
55.7154 	EXP 	polygon_2: autoDraw = False
55.7154 	EXP 	text_4: autoDraw = False
55.7154 	EXP 	GA: sf = array([0.5, 0.5])
55.7154 	EXP 	GA: phase = array([0., 0.])
55.7154 	EXP 	text_3: height = 0.05
55.7154 	EXP 	text_3: height = 0.05
55.7154 	EXP 	text_3: height = 0.05
55.7154 	EXP 	text_3: text = 'Spatial frequency: 0.500\nContrast: 0.020'
55.7154 	EXP 	text_4: height = 0.05
55.7154 	EXP 	text_4: height = 0.05
55.7154 	EXP 	text_4: height = 0.05
55.7154 	EXP 	text_4: text = 'Spatial frequency: 0.500\nContrast: 0.020'
55.7154 	EXP 	GA: autoDraw = True
55.7154 	EXP 	polygon_2: autoDraw = True
55.7154 	EXP 	text_4: autoDraw = True
55.7154 	EXP 	GA: tex = 'sqr'
58.7090 	EXP 	New trial (rep=9, index=0): None
58.7104 	EXP 	Created sequence: random, trialTypes=1, nReps=1, seed=None
58.7107 	EXP 	New trial (rep=0, index=0): None
58.7466 	EXP 	GA: autoDraw = False
58.7466 	EXP 	polygon_2: autoDraw = False
58.7466 	EXP 	text_4: autoDraw = False
58.7466 	EXP 	GA: autoDraw = False
58.7466 	EXP 	polygon_2: autoDraw = False
58.7466 	EXP 	text_4: autoDraw = False
58.7466 	EXP 	GA: sf = array([0.5, 0.5])
58.7466 	EXP 	GA: phase = array([0., 0.])
58.7466 	EXP 	text_3: height = 0.05
58.7466 	EXP 	text_3: height = 0.05
58.7466 	EXP 	text_3: height = 0.05
58.7466 	EXP 	text_3: text = 'Spatial frequency: 0.500\nContrast: 0.053'
58.7466 	EXP 	text_4: height = 0.05
58.7466 	EXP 	text_4: height = 0.05
58.7466 	EXP 	text_4: height = 0.05
58.7466 	EXP 	text_4: text = 'Spatial frequency: 0.500\nContrast: 0.053'
58.7466 	EXP 	GA: autoDraw = True
58.7466 	EXP 	polygon_2: autoDraw = True
58.7466 	EXP 	text_4: autoDraw = True
58.7466 	EXP 	GA: tex = 'sqr'
61.7425 	EXP 	New trial (rep=10, index=0): None
61.7439 	EXP 	Created sequence: random, trialTypes=1, nReps=1, seed=None
61.7442 	EXP 	New trial (rep=0, index=0): None
61.7749 	EXP 	GA: autoDraw = False
61.7749 	EXP 	polygon_2: autoDraw = False
61.7749 	EXP 	text_4: autoDraw = False
61.7749 	EXP 	GA: autoDraw = False
61.7749 	EXP 	polygon_2: autoDraw = False
61.7749 	EXP 	text_4: autoDraw = False
61.7749 	EXP 	GA: sf = array([0.5, 0.5])
61.7749 	EXP 	GA: phase = array([0., 0.])
61.7749 	EXP 	text_3: text = 'Spatial frequency: 0.500\nContrast: 0.053'
61.7749 	EXP 	text_4: text = 'Spatial frequency: 0.500\nContrast: 0.053'
61.7749 	EXP 	GA: autoDraw = True
61.7749 	EXP 	polygon_2: autoDraw = True
61.7749 	EXP 	text_4: autoDraw = True
61.7749 	EXP 	GA: tex = 'sqr'
64.7756 	EXP 	New trial (rep=11, index=0): None
64.7770 	EXP 	Created sequence: random, trialTypes=1, nReps=1, seed=None
64.7772 	EXP 	New trial (rep=0, index=0): None
64.8161 	EXP 	GA: autoDraw = False
64.8161 	EXP 	polygon_2: autoDraw = False
64.8161 	EXP 	text_4: autoDraw = False
64.8161 	EXP 	GA: autoDraw = False
64.8161 	EXP 	polygon_2: autoDraw = False
64.8161 	EXP 	text_4: autoDraw = False
64.8161 	EXP 	GA: sf = array([0.5, 0.5])
64.8161 	EXP 	GA: phase = array([0., 0.])
64.8161 	EXP 	text_3: height = 0.05
64.8161 	EXP 	text_3: height = 0.05
64.8161 	EXP 	text_3: height = 0.05
64.8161 	EXP 	text_3: text = 'Spatial frequency: 0.500\nContrast: 0.020'
64.8161 	EXP 	text_4: height = 0.05
64.8161 	EXP 	text_4: height = 0.05
64.8161 	EXP 	text_4: height = 0.05
64.8161 	EXP 	text_4: text = 'Spatial frequency: 0.500\nContrast: 0.020'
64.8161 	EXP 	GA: autoDraw = True
64.8161 	EXP 	polygon_2: autoDraw = True
64.8161 	EXP 	text_4: autoDraw = True
64.8161 	EXP 	GA: tex = 'sqr'
67.8086 	EXP 	New trial (rep=12, index=0): None
67.8099 	EXP 	Created sequence: random, trialTypes=1, nReps=1, seed=None
67.8102 	EXP 	New trial (rep=0, index=0): None
67.8470 	EXP 	GA: autoDraw = False
67.8470 	EXP 	polygon_2: autoDraw = False
67.8470 	EXP 	text_4: autoDraw = False
67.8470 	EXP 	GA: autoDraw = False
67.8470 	EXP 	polygon_2: autoDraw = False
67.8470 	EXP 	text_4: autoDraw = False
67.8470 	EXP 	GA: sf = array([0.5, 0.5])
67.8470 	EXP 	GA: phase = array([0., 0.])
67.8470 	EXP 	text_3: height = 0.05
67.8470 	EXP 	text_3: height = 0.05
67.8470 	EXP 	text_3: height = 0.05
67.8470 	EXP 	text_3: text = 'Spatial frequency: 0.500\nContrast: 0.141'
67.8470 	EXP 	text_4: height = 0.05
67.8470 	EXP 	text_4: height = 0.05
67.8470 	EXP 	text_4: height = 0.05
67.8470 	EXP 	text_4: text = 'Spatial frequency: 0.500\nContrast: 0.141'
67.8470 	EXP 	GA: autoDraw = True
67.8470 	EXP 	polygon_2: autoDraw = True
67.8470 	EXP 	text_4: autoDraw = True
67.8470 	EXP 	GA: tex = 'sqr'
70.8426 	EXP 	New trial (rep=13, index=0): None
70.8439 	EXP 	Created sequence: random, trialTypes=1, nReps=1, seed=None
70.8444 	EXP 	New trial (rep=0, index=0): None
70.8817 	EXP 	GA: autoDraw = False
70.8817 	EXP 	polygon_2: autoDraw = False
70.8817 	EXP 	text_4: autoDraw = False
70.8817 	EXP 	GA: autoDraw = False
70.8817 	EXP 	polygon_2: autoDraw = False
70.8817 	EXP 	text_4: autoDraw = False
70.8817 	EXP 	GA: sf = array([0.5, 0.5])
70.8817 	EXP 	GA: phase = array([0., 0.])
70.8817 	EXP 	text_3: height = 0.05
70.8817 	EXP 	text_3: height = 0.05
70.8817 	EXP 	text_3: height = 0.05
70.8817 	EXP 	text_3: text = 'Spatial frequency: 0.500\nContrast: 0.376'
70.8817 	EXP 	text_4: height = 0.05
70.8817 	EXP 	text_4: height = 0.05
70.8817 	EXP 	text_4: height = 0.05
70.8817 	EXP 	text_4: text = 'Spatial frequency: 0.500\nContrast: 0.376'
70.8817 	EXP 	GA: autoDraw = True
70.8817 	EXP 	polygon_2: autoDraw = True
70.8817 	EXP 	text_4: autoDraw = True
70.8817 	EXP 	GA: tex = 'sqr'
73.8754 	EXP 	New trial (rep=14, index=0): None
73.8768 	EXP 	Created sequence: random, trialTypes=1, nReps=1, seed=None
73.8770 	EXP 	New trial (rep=0, index=0): None
73.9158 	EXP 	GA: autoDraw = False
73.9158 	EXP 	polygon_2: autoDraw = False
73.9158 	EXP 	text_4: autoDraw = False
73.9158 	EXP 	GA: autoDraw = False
73.9158 	EXP 	polygon_2: autoDraw = False
73.9158 	EXP 	text_4: autoDraw = False
73.9158 	EXP 	GA: sf = array([0.5, 0.5])
73.9158 	EXP 	GA: phase = array([0., 0.])
73.9158 	EXP 	text_3: height = 0.05
73.9158 	EXP 	text_3: height = 0.05
73.9158 	EXP 	text_3: height = 0.05
73.9158 	EXP 	text_3: text = 'Spatial frequency: 0.500\nContrast: 1.000'
73.9158 	EXP 	text_4: height = 0.05
73.9158 	EXP 	text_4: height = 0.05
73.9158 	EXP 	text_4: height = 0.05
73.9158 	EXP 	text_4: text = 'Spatial frequency: 0.500\nContrast: 1.000'
73.9158 	EXP 	GA: autoDraw = True
73.9158 	EXP 	polygon_2: autoDraw = True
73.9158 	EXP 	text_4: autoDraw = True
73.9158 	EXP 	GA: tex = 'sqr'
76.9081 	EXP 	New trial (rep=15, index=0): None
76.9092 	EXP 	Created sequence: random, trialTypes=1, nReps=1, seed=None
76.9094 	EXP 	New trial (rep=0, index=0): None
76.9445 	EXP 	GA: autoDraw = False
76.9445 	EXP 	polygon_2: autoDraw = False
76.9445 	EXP 	text_4: autoDraw = False
76.9445 	EXP 	GA: autoDraw = False
76.9445 	EXP 	polygon_2: autoDraw = False
76.9445 	EXP 	text_4: autoDraw = False
76.9445 	EXP 	GA: sf = array([0.5, 0.5])
76.9445 	EXP 	GA: phase = array([0., 0.])
76.9445 	EXP 	text_3: height = 0.05
76.9445 	EXP 	text_3: height = 0.05
76.9445 	EXP 	text_3: height = 0.05
76.9445 	EXP 	text_3: text = 'Spatial frequency: 0.500\nContrast: 0.020'
76.9445 	EXP 	text_4: height = 0.05
76.9445 	EXP 	text_4: height = 0.05
76.9445 	EXP 	text_4: height = 0.05
76.9445 	EXP 	text_4: text = 'Spatial frequency: 0.500\nContrast: 0.020'
76.9445 	EXP 	GA: autoDraw = True
76.9445 	EXP 	polygon_2: autoDraw = True
76.9445 	EXP 	text_4: autoDraw = True
76.9445 	EXP 	GA: tex = 'sqr'
79.9425 	EXP 	New trial (rep=16, index=0): None
79.9438 	EXP 	Created sequence: random, trialTypes=1, nReps=1, seed=None
79.9441 	EXP 	New trial (rep=0, index=0): None
79.9812 	EXP 	GA: autoDraw = False
79.9812 	EXP 	polygon_2: autoDraw = False
79.9812 	EXP 	text_4: autoDraw = False
79.9812 	EXP 	GA: autoDraw = False
79.9812 	EXP 	polygon_2: autoDraw = False
79.9812 	EXP 	text_4: autoDraw = False
79.9812 	EXP 	GA: sf = array([0.5, 0.5])
79.9812 	EXP 	GA: phase = array([0., 0.])
79.9812 	EXP 	text_3: height = 0.05
79.9812 	EXP 	text_3: height = 0.05
79.9812 	EXP 	text_3: height = 0.05
79.9812 	EXP 	text_3: text = 'Spatial frequency: 0.500\nContrast: 1.000'
79.9812 	EXP 	text_4: height = 0.05
79.9812 	EXP 	text_4: height = 0.05
79.9812 	EXP 	text_4: height = 0.05
79.9812 	EXP 	text_4: text = 'Spatial frequency: 0.500\nContrast: 1.000'
79.9812 	EXP 	GA: autoDraw = True
79.9812 	EXP 	polygon_2: autoDraw = True
79.9812 	EXP 	text_4: autoDraw = True
79.9812 	EXP 	GA: tex = 'sqr'
82.9748 	EXP 	New trial (rep=17, index=0): None
82.9761 	EXP 	Created sequence: random, trialTypes=1, nReps=1, seed=None
82.9763 	EXP 	New trial (rep=0, index=0): None
83.0118 	EXP 	GA: autoDraw = False
83.0118 	EXP 	polygon_2: autoDraw = False
83.0118 	EXP 	text_4: autoDraw = False
83.0118 	EXP 	GA: autoDraw = False
83.0118 	EXP 	polygon_2: autoDraw = False
83.0118 	EXP 	text_4: autoDraw = False
83.0118 	EXP 	GA: sf = array([0.5, 0.5])
83.0118 	EXP 	GA: phase = array([0., 0.])
83.0118 	EXP 	text_3: height = 0.05
83.0118 	EXP 	text_3: height = 0.05
83.0118 	EXP 	text_3: height = 0.05
83.0118 	EXP 	text_3: text = 'Spatial frequency: 0.500\nContrast: 0.141'
83.0118 	EXP 	text_4: height = 0.05
83.0118 	EXP 	text_4: height = 0.05
83.0118 	EXP 	text_4: height = 0.05
83.0118 	EXP 	text_4: text = 'Spatial frequency: 0.500\nContrast: 0.141'
83.0118 	EXP 	GA: autoDraw = True
83.0118 	EXP 	polygon_2: autoDraw = True
83.0118 	EXP 	text_4: autoDraw = True
83.0118 	EXP 	GA: tex = 'sqr'
86.0084 	EXP 	New trial (rep=18, index=0): None
86.0096 	EXP 	Created sequence: random, trialTypes=1, nReps=1, seed=None
86.0098 	EXP 	New trial (rep=0, index=0): None
86.0467 	EXP 	GA: autoDraw = False
86.0467 	EXP 	polygon_2: autoDraw = False
86.0467 	EXP 	text_4: autoDraw = False
86.0467 	EXP 	GA: autoDraw = False
86.0467 	EXP 	polygon_2: autoDraw = False
86.0467 	EXP 	text_4: autoDraw = False
86.0467 	EXP 	GA: sf = array([0.5, 0.5])
86.0467 	EXP 	GA: phase = array([0., 0.])
86.0467 	EXP 	text_3: height = 0.05
86.0467 	EXP 	text_3: height = 0.05
86.0467 	EXP 	text_3: height = 0.05
86.0467 	EXP 	text_3: text = 'Spatial frequency: 0.500\nContrast: 0.376'
86.0467 	EXP 	text_4: height = 0.05
86.0467 	EXP 	text_4: height = 0.05
86.0467 	EXP 	text_4: height = 0.05
86.0467 	EXP 	text_4: text = 'Spatial frequency: 0.500\nContrast: 0.376'
86.0467 	EXP 	GA: autoDraw = True
86.0467 	EXP 	polygon_2: autoDraw = True
86.0467 	EXP 	text_4: autoDraw = True
86.0467 	EXP 	GA: tex = 'sqr'
89.0414 	EXP 	New trial (rep=19, index=0): None
89.0428 	EXP 	Created sequence: random, trialTypes=1, nReps=1, seed=None
89.0430 	EXP 	New trial (rep=0, index=0): None
89.0702 	EXP 	GA: autoDraw = False
89.0702 	EXP 	polygon_2: autoDraw = False
89.0702 	EXP 	text_4: autoDraw = False
89.0702 	EXP 	GA: autoDraw = False
89.0702 	EXP 	polygon_2: autoDraw = False
89.0702 	EXP 	text_4: autoDraw = False
89.0702 	EXP 	GA: sf = array([0.5, 0.5])
89.0702 	EXP 	GA: phase = array([0., 0.])
89.0702 	EXP 	text_3: text = 'Spatial frequency: 0.500\nContrast: 0.376'
89.0702 	EXP 	text_4: text = 'Spatial frequency: 0.500\nContrast: 0.376'
89.0702 	EXP 	GA: autoDraw = True
89.0702 	EXP 	polygon_2: autoDraw = True
89.0702 	EXP 	text_4: autoDraw = True
89.0702 	EXP 	GA: tex = 'sqr'
92.0722 	EXP 	GA: autoDraw = False
92.0722 	EXP 	polygon_2: autoDraw = False
92.0722 	EXP 	text_4: autoDraw = False
92.0722 	EXP 	GA: autoDraw = False
92.0722 	EXP 	polygon_2: autoDraw = False
92.0722 	EXP 	text_4: autoDraw = False
92.1862 	EXP 	window1: mouseVisible = True
