4.8053 	WARNING 	Speech-to-text recognition module for PocketSphinx is not available (use command `pip install SpeechRecognition` to get it). Transcription will be unavailable using that service this session.
4.8060 	WARNING 	Speech-to-text recognition using Google online services is not available (use command `pip install google-api-core google-auth google-cloud google-cloud-speech googleapis-common-protos` to get it). Transcription will be unavailable using that service this session.
4.8072 	ERROR 	Support for the `sounddevice` audio backend is not available this session. Please install `psychopy-sounddevice` and restart the session to enable support.
31.3063 	WARNING 	User requested fullscreen with size [1536  864], but screen is actually [1920, 1080]. Using actual size
32.1030 	EXP 	Created window1 = Window(allowGUI=True, allowStencil=False, autoLog=True, backendConf=UNKNOWN, backgroundFit=<method-wrapper '__getattribute__' of attributeSetter object at 0x0000022C7162C510>, backgroundImage=<method-wrapper '__getattribute__' of attributeSetter object at 0x0000022C7162C390>, bitsMode=UNKNOWN, blendMode='avg', bpc=(8, 8, 8), color=array([0, 0, 0]), colorSpace='rgb', depthBits=8, fullscr=<method-wrapper '__getattribute__' of attributeSetter object at 0x0000022C705B9E90>, gamma=None, gammaErrorPolicy='raise', lms=UNKNOWN, monitor=<psychopy.monitors.calibTools.Monitor object at 0x0000022C004DD010>, multiSample=False, name='window1', numSamples=2, pos=(0, 0), screen=0, size=array([1920, 1080]), stencilBits=0, stereo=False, units='height', useFBO=True, useRetina=False, viewOri=0.0, viewPos=None, viewScale=None, waitBlanking=True, winType='pyglet')
32.1031 	EXP 	window1: mouseVisible = True
32.1032 	EXP 	window1: backgroundImage = None
32.1032 	EXP 	window1: backgroundFit = 'cover'
32.1033 	EXP 	window1: mouseVisible = False
32.1033 	EXP 	window1: Attempting to measure frame rate of screen (0) ...
32.1033 	EXP 	window1: recordFrameIntervals = False
32.2693 	EXP 	window1: recordFrameIntervals = True
32.4530 	EXP 	Screen (0) actual frame rate measured at 60.14Hz
32.4531 	EXP 	window1: recordFrameIntervals = False
36.2960 	EXP 	Created text_2 = TextStim(__class__=<class 'psychopy.visual.text.TextStim'>, alignHoriz=method-wrapper(...), alignText='center', alignVert=method-wrapper(...), anchorHoriz='center', anchorVert='center', antialias=True, autoDraw=False, autoLog=True, bold=False, color=array([1., 1., 1.]), colorSpace='rgb', contrast=1.0, depth=0.0, flipHoriz=False, flipVert=False, font='Open Sans', fontFiles=[], height=0.05, italic=False, languageStyle='LTR', name='text_2', opacity=1.0, ori=0.0, pos=array([0., 0.]), rgb=UNKNOWN, text='Press spacebar to start the experiment\n\n', units='height', win=Window(...), wrapWidth=1)
36.3252 	EXP 	Created GA = GratingStim(__class__=<class 'psychopy.visual.grating.GratingStim'>, anchor='center', autoDraw=False, autoLog=True, blendmode='avg', color=array([1., 1., 1.]), colorSpace='rgb', contrast=1.0, depth=-2.0, interpolate=True, mask='sqr', maskParams=None, name='GA', opacity=1.0, ori=0.0, phase=array([0., 0.]), pos=array([0., 0.]), rgbPedestal=array([0., 0., 0.]), sf=array([1., 1.]), size=array([128.,  32.]), tex='sqr', texRes=512.0, units='deg', win=Window(...))
36.3473 	EXP 	Created GA = GratingStim(__class__=<class 'psychopy.visual.grating.GratingStim'>, anchor='center', autoDraw=False, autoLog=True, blendmode='avg', color=array([1., 1., 1.]), colorSpace='rgb', contrast=1.0, depth=-2.0, interpolate=True, mask='sqr', maskParams=None, name='GA', opacity=1.0, ori=0.0, phase=array([0., 0.]), pos=array([0., 0.]), rgbPedestal=array([0., 0., 0.]), sf=array([1., 1.]), size=array([32., 16.]), tex='sqr', texRes=512.0, units='deg', win=Window(...))
36.3484 	EXP 	Created text_3 = TextStim(__class__=<class 'psychopy.visual.text.TextStim'>, alignHoriz=method-wrapper(...), alignText='center', alignVert=method-wrapper(...), anchorHoriz='center', anchorVert='center', antialias=True, autoDraw=False, autoLog=True, bold=False, color=array([1., 1., 1.]), colorSpace='rgb', contrast=1.0, depth=-4.0, flipHoriz=False, flipVert=False, font='Open Sans', fontFiles=[], height=0.05, italic=False, languageStyle='LTR', name='text_3', opacity=1.0, ori=0.0, pos=array([0.   , 0.125]), rgb=UNKNOWN, text='', units='height', win=Window(...), wrapWidth=1)
36.3493 	EXP 	Created text_4 = TextStim(__class__=<class 'psychopy.visual.text.TextStim'>, alignHoriz=method-wrapper(...), alignText='center', alignVert=method-wrapper(...), anchorHoriz='center', anchorVert='center', antialias=True, autoDraw=False, autoLog=True, bold=False, color=array([1., 1., 1.]), colorSpace='rgb', contrast=1.0, depth=-3.0, flipHoriz=False, flipVert=False, font='Open Sans', fontFiles=[], height=0.05, italic=False, languageStyle='LTR', name='text_4', opacity=1.0, ori=0.0, pos=array([0.   , 0.125]), rgb=UNKNOWN, text='', units='height', win=Window(...), wrapWidth=1)
36.3543 	EXP 	Created polygon_3 = ShapeStim(__class__=<class 'psychopy.visual.shape.ShapeStim'>, anchor=('center', 'center'), autoDraw=False, autoLog=True, closeShape=True, color=method-wrapper(...), colorSpace='rgb', contrast=None, depth=0.0, fillColor=array([0., 0., 0.]), fillColorSpace='rgb', fillRGB=array([0., 0., 0.]), interpolate=True, lineColor=array([0., 0., 0.]), lineColorSpace='rgb', lineRGB=array([0., 0., 0.]), lineWidth=1.0, name='polygon_3', opacity=1.0, ori=0.0, pos=array([0., 0.]), size=array([0.05, 0.05]), units='height', vertices=ndarray(...), win=Window(...), windingRule=None)
36.3600 	EXP 	text_2: autoDraw = True
38.5369 	EXP 	Created sequence: random, trialTypes=1, nReps=20, seed=None
38.5371 	EXP 	New trial (rep=0, index=0): None
38.5375 	EXP 	Created sequence: random, trialTypes=1, nReps=1, seed=None
38.5376 	EXP 	New trial (rep=0, index=0): None
38.6649 	DATA 	Keypress: space
38.6776 	EXP 	text_2: autoDraw = False
38.6776 	EXP 	GA: sf = array([1., 1.])
38.6776 	EXP 	GA: sf = array([1., 1.])
38.6776 	EXP 	GA: phase = array([1., 1.])
38.6776 	EXP 	text_3: height = 0.05
38.6776 	EXP 	text_3: height = 0.05
38.6776 	EXP 	text_3: height = 0.05
38.6776 	EXP 	text_3: text = 'Spatial frequency: 1.000\nContrast: 1.000\nPhase: 1.000'
38.6776 	EXP 	text_4: height = 0.05
38.6776 	EXP 	text_4: height = 0.05
38.6776 	EXP 	text_4: height = 0.05
38.6776 	EXP 	text_4: text = 'Spatial frequency: 1.000\nContrast: 1.000\nPhase: 1.000'
38.6776 	EXP 	GA: autoDraw = True
38.6776 	EXP 	GA: autoDraw = True
38.6776 	EXP 	text_4: autoDraw = True
38.6776 	EXP 	GA: tex = 'sqr'
38.6776 	EXP 	GA: tex = 'sqr'
41.6786 	EXP 	New trial (rep=1, index=0): None
41.6791 	EXP 	Created sequence: random, trialTypes=1, nReps=1, seed=None
41.6792 	EXP 	New trial (rep=0, index=0): None
41.7405 	EXP 	GA: autoDraw = False
41.7405 	EXP 	GA: autoDraw = False
41.7405 	EXP 	text_4: autoDraw = False
41.7405 	EXP 	GA: autoDraw = False
41.7405 	EXP 	GA: autoDraw = False
41.7405 	EXP 	text_4: autoDraw = False
41.7405 	EXP 	GA: sf = array([1., 1.])
41.7405 	EXP 	GA: sf = array([1., 1.])
41.7405 	EXP 	GA: phase = array([0.7525, 0.7525])
41.7405 	EXP 	text_3: height = 0.05
41.7405 	EXP 	text_3: height = 0.05
41.7405 	EXP 	text_3: height = 0.05
41.7405 	EXP 	text_3: text = 'Spatial frequency: 1.000\nContrast: 1.000\nPhase: 0.752'
41.7405 	EXP 	text_4: height = 0.05
41.7405 	EXP 	text_4: height = 0.05
41.7405 	EXP 	text_4: height = 0.05
41.7405 	EXP 	text_4: text = 'Spatial frequency: 1.000\nContrast: 1.000\nPhase: 0.752'
41.7405 	EXP 	GA: autoDraw = True
41.7405 	EXP 	GA: autoDraw = True
41.7405 	EXP 	text_4: autoDraw = True
41.7405 	EXP 	GA: tex = 'sqr'
41.7405 	EXP 	GA: tex = 'sqr'
44.7276 	EXP 	New trial (rep=2, index=0): None
44.7285 	EXP 	Created sequence: random, trialTypes=1, nReps=1, seed=None
44.7287 	EXP 	New trial (rep=0, index=0): None
44.7897 	EXP 	GA: autoDraw = False
44.7897 	EXP 	GA: autoDraw = False
44.7897 	EXP 	text_4: autoDraw = False
44.7897 	EXP 	GA: autoDraw = False
44.7897 	EXP 	GA: autoDraw = False
44.7897 	EXP 	text_4: autoDraw = False
44.7897 	EXP 	GA: sf = array([1., 1.])
44.7897 	EXP 	GA: sf = array([1., 1.])
44.7897 	EXP 	GA: phase = array([1., 1.])
44.7897 	EXP 	text_3: height = 0.05
44.7897 	EXP 	text_3: height = 0.05
44.7897 	EXP 	text_3: height = 0.05
44.7897 	EXP 	text_3: text = 'Spatial frequency: 1.000\nContrast: 1.000\nPhase: 1.000'
44.7897 	EXP 	text_4: height = 0.05
44.7897 	EXP 	text_4: height = 0.05
44.7897 	EXP 	text_4: height = 0.05
44.7897 	EXP 	text_4: text = 'Spatial frequency: 1.000\nContrast: 1.000\nPhase: 1.000'
44.7897 	EXP 	GA: autoDraw = True
44.7897 	EXP 	GA: autoDraw = True
44.7897 	EXP 	text_4: autoDraw = True
44.7897 	EXP 	GA: tex = 'sqr'
44.7897 	EXP 	GA: tex = 'sqr'
47.7760 	EXP 	New trial (rep=3, index=0): None
47.7766 	EXP 	Created sequence: random, trialTypes=1, nReps=1, seed=None
47.7767 	EXP 	New trial (rep=0, index=0): None
47.8334 	EXP 	GA: autoDraw = False
47.8334 	EXP 	GA: autoDraw = False
47.8334 	EXP 	text_4: autoDraw = False
47.8334 	EXP 	GA: autoDraw = False
47.8334 	EXP 	GA: autoDraw = False
47.8334 	EXP 	text_4: autoDraw = False
47.8334 	EXP 	GA: sf = array([1., 1.])
47.8334 	EXP 	GA: sf = array([1., 1.])
47.8334 	EXP 	GA: phase = array([0.505, 0.505])
47.8334 	EXP 	text_3: height = 0.05
47.8334 	EXP 	text_3: height = 0.05
47.8334 	EXP 	text_3: height = 0.05
47.8334 	EXP 	text_3: text = 'Spatial frequency: 1.000\nContrast: 1.000\nPhase: 0.505'
47.8334 	EXP 	text_4: height = 0.05
47.8334 	EXP 	text_4: height = 0.05
47.8334 	EXP 	text_4: height = 0.05
47.8334 	EXP 	text_4: text = 'Spatial frequency: 1.000\nContrast: 1.000\nPhase: 0.505'
47.8334 	EXP 	GA: autoDraw = True
47.8334 	EXP 	GA: autoDraw = True
47.8334 	EXP 	text_4: autoDraw = True
47.8334 	EXP 	GA: tex = 'sqr'
47.8334 	EXP 	GA: tex = 'sqr'
50.8282 	EXP 	New trial (rep=4, index=0): None
50.8287 	EXP 	Created sequence: random, trialTypes=1, nReps=1, seed=None
50.8289 	EXP 	New trial (rep=0, index=0): None
50.8941 	EXP 	GA: autoDraw = False
50.8941 	EXP 	GA: autoDraw = False
50.8941 	EXP 	text_4: autoDraw = False
50.8941 	EXP 	GA: autoDraw = False
50.8941 	EXP 	GA: autoDraw = False
50.8941 	EXP 	text_4: autoDraw = False
50.8941 	EXP 	GA: sf = array([1., 1.])
50.8941 	EXP 	GA: sf = array([1., 1.])
50.8941 	EXP 	GA: phase = array([0.2575, 0.2575])
50.8941 	EXP 	text_3: height = 0.05
50.8941 	EXP 	text_3: height = 0.05
50.8941 	EXP 	text_3: height = 0.05
50.8941 	EXP 	text_3: text = 'Spatial frequency: 1.000\nContrast: 1.000\nPhase: 0.258'
50.8941 	EXP 	text_4: height = 0.05
50.8941 	EXP 	text_4: height = 0.05
50.8941 	EXP 	text_4: height = 0.05
50.8941 	EXP 	text_4: text = 'Spatial frequency: 1.000\nContrast: 1.000\nPhase: 0.258'
50.8941 	EXP 	GA: autoDraw = True
50.8941 	EXP 	GA: autoDraw = True
50.8941 	EXP 	text_4: autoDraw = True
50.8941 	EXP 	GA: tex = 'sqr'
50.8941 	EXP 	GA: tex = 'sqr'
53.8782 	EXP 	New trial (rep=5, index=0): None
53.8787 	EXP 	Created sequence: random, trialTypes=1, nReps=1, seed=None
53.8788 	EXP 	New trial (rep=0, index=0): None
53.9445 	EXP 	GA: autoDraw = False
53.9445 	EXP 	GA: autoDraw = False
53.9445 	EXP 	text_4: autoDraw = False
53.9445 	EXP 	GA: autoDraw = False
53.9445 	EXP 	GA: autoDraw = False
53.9445 	EXP 	text_4: autoDraw = False
53.9445 	EXP 	GA: sf = array([1., 1.])
53.9445 	EXP 	GA: sf = array([1., 1.])
53.9445 	EXP 	GA: phase = array([0.7525, 0.7525])
53.9445 	EXP 	text_3: height = 0.05
53.9445 	EXP 	text_3: height = 0.05
53.9445 	EXP 	text_3: height = 0.05
53.9445 	EXP 	text_3: text = 'Spatial frequency: 1.000\nContrast: 1.000\nPhase: 0.752'
53.9445 	EXP 	text_4: height = 0.05
53.9445 	EXP 	text_4: height = 0.05
53.9445 	EXP 	text_4: height = 0.05
53.9445 	EXP 	text_4: text = 'Spatial frequency: 1.000\nContrast: 1.000\nPhase: 0.752'
53.9445 	EXP 	GA: autoDraw = True
53.9445 	EXP 	GA: autoDraw = True
53.9445 	EXP 	text_4: autoDraw = True
53.9445 	EXP 	GA: tex = 'sqr'
53.9445 	EXP 	GA: tex = 'sqr'
56.9286 	EXP 	New trial (rep=6, index=0): None
56.9291 	EXP 	Created sequence: random, trialTypes=1, nReps=1, seed=None
56.9292 	EXP 	New trial (rep=0, index=0): None
57.0095 	EXP 	GA: autoDraw = False
57.0095 	EXP 	GA: autoDraw = False
57.0095 	EXP 	text_4: autoDraw = False
57.0095 	EXP 	GA: autoDraw = False
57.0095 	EXP 	GA: autoDraw = False
57.0095 	EXP 	text_4: autoDraw = False
57.0095 	EXP 	GA: sf = array([1., 1.])
57.0095 	EXP 	GA: sf = array([1., 1.])
57.0095 	EXP 	GA: phase = array([0.505, 0.505])
57.0095 	EXP 	text_3: height = 0.05
57.0095 	EXP 	text_3: height = 0.05
57.0095 	EXP 	text_3: height = 0.05
57.0095 	EXP 	text_3: text = 'Spatial frequency: 1.000\nContrast: 1.000\nPhase: 0.505'
57.0095 	EXP 	text_4: height = 0.05
57.0095 	EXP 	text_4: height = 0.05
57.0095 	EXP 	text_4: height = 0.05
57.0095 	EXP 	text_4: text = 'Spatial frequency: 1.000\nContrast: 1.000\nPhase: 0.505'
57.0095 	EXP 	GA: autoDraw = True
57.0095 	EXP 	GA: autoDraw = True
57.0095 	EXP 	text_4: autoDraw = True
57.0095 	EXP 	GA: tex = 'sqr'
57.0095 	EXP 	GA: tex = 'sqr'
59.9939 	EXP 	New trial (rep=7, index=0): None
59.9944 	EXP 	Created sequence: random, trialTypes=1, nReps=1, seed=None
59.9945 	EXP 	New trial (rep=0, index=0): None
60.0549 	EXP 	GA: autoDraw = False
60.0549 	EXP 	GA: autoDraw = False
60.0549 	EXP 	text_4: autoDraw = False
60.0549 	EXP 	GA: autoDraw = False
60.0549 	EXP 	GA: autoDraw = False
60.0549 	EXP 	text_4: autoDraw = False
60.0549 	EXP 	GA: sf = array([1., 1.])
60.0549 	EXP 	GA: sf = array([1., 1.])
60.0549 	EXP 	GA: phase = array([0.2575, 0.2575])
60.0549 	EXP 	text_3: height = 0.05
60.0549 	EXP 	text_3: height = 0.05
60.0549 	EXP 	text_3: height = 0.05
60.0549 	EXP 	text_3: text = 'Spatial frequency: 1.000\nContrast: 1.000\nPhase: 0.258'
60.0549 	EXP 	text_4: height = 0.05
60.0549 	EXP 	text_4: height = 0.05
60.0549 	EXP 	text_4: height = 0.05
60.0549 	EXP 	text_4: text = 'Spatial frequency: 1.000\nContrast: 1.000\nPhase: 0.258'
60.0549 	EXP 	GA: autoDraw = True
60.0549 	EXP 	GA: autoDraw = True
60.0549 	EXP 	text_4: autoDraw = True
60.0549 	EXP 	GA: tex = 'sqr'
60.0549 	EXP 	GA: tex = 'sqr'
63.0450 	EXP 	New trial (rep=8, index=0): None
63.0459 	EXP 	Created sequence: random, trialTypes=1, nReps=1, seed=None
63.0461 	EXP 	New trial (rep=0, index=0): None
63.1089 	EXP 	GA: autoDraw = False
63.1089 	EXP 	GA: autoDraw = False
63.1089 	EXP 	text_4: autoDraw = False
63.1089 	EXP 	GA: autoDraw = False
63.1089 	EXP 	GA: autoDraw = False
63.1089 	EXP 	text_4: autoDraw = False
63.1089 	EXP 	GA: sf = array([1., 1.])
63.1089 	EXP 	GA: sf = array([1., 1.])
63.1089 	EXP 	GA: phase = array([0.7525, 0.7525])
63.1089 	EXP 	text_3: height = 0.05
63.1089 	EXP 	text_3: height = 0.05
63.1089 	EXP 	text_3: height = 0.05
63.1089 	EXP 	text_3: text = 'Spatial frequency: 1.000\nContrast: 1.000\nPhase: 0.752'
63.1089 	EXP 	text_4: height = 0.05
63.1089 	EXP 	text_4: height = 0.05
63.1089 	EXP 	text_4: height = 0.05
63.1089 	EXP 	text_4: text = 'Spatial frequency: 1.000\nContrast: 1.000\nPhase: 0.752'
63.1089 	EXP 	GA: autoDraw = True
63.1089 	EXP 	GA: autoDraw = True
63.1089 	EXP 	text_4: autoDraw = True
63.1089 	EXP 	GA: tex = 'sqr'
63.1089 	EXP 	GA: tex = 'sqr'
66.0962 	EXP 	New trial (rep=9, index=0): None
66.0972 	EXP 	Created sequence: random, trialTypes=1, nReps=1, seed=None
66.0973 	EXP 	New trial (rep=0, index=0): None
66.1485 	EXP 	GA: autoDraw = False
66.1485 	EXP 	GA: autoDraw = False
66.1485 	EXP 	text_4: autoDraw = False
66.1485 	EXP 	GA: autoDraw = False
66.1485 	EXP 	GA: autoDraw = False
66.1485 	EXP 	text_4: autoDraw = False
66.1485 	EXP 	GA: sf = array([1., 1.])
66.1485 	EXP 	GA: sf = array([1., 1.])
66.1485 	EXP 	GA: phase = array([0.7525, 0.7525])
66.1485 	EXP 	text_3: text = 'Spatial frequency: 1.000\nContrast: 1.000\nPhase: 0.752'
66.1485 	EXP 	text_4: text = 'Spatial frequency: 1.000\nContrast: 1.000\nPhase: 0.752'
66.1485 	EXP 	GA: autoDraw = True
66.1485 	EXP 	GA: autoDraw = True
66.1485 	EXP 	text_4: autoDraw = True
66.1485 	EXP 	GA: tex = 'sqr'
66.1485 	EXP 	GA: tex = 'sqr'
69.1446 	EXP 	New trial (rep=10, index=0): None
69.1451 	EXP 	Created sequence: random, trialTypes=1, nReps=1, seed=None
69.1452 	EXP 	New trial (rep=0, index=0): None
69.2090 	EXP 	GA: autoDraw = False
69.2090 	EXP 	GA: autoDraw = False
69.2090 	EXP 	text_4: autoDraw = False
69.2090 	EXP 	GA: autoDraw = False
69.2090 	EXP 	GA: autoDraw = False
69.2090 	EXP 	text_4: autoDraw = False
69.2090 	EXP 	GA: sf = array([1., 1.])
69.2090 	EXP 	GA: sf = array([1., 1.])
69.2090 	EXP 	GA: phase = array([0.01, 0.01])
69.2090 	EXP 	text_3: height = 0.05
69.2090 	EXP 	text_3: height = 0.05
69.2090 	EXP 	text_3: height = 0.05
69.2090 	EXP 	text_3: text = 'Spatial frequency: 1.000\nContrast: 1.000\nPhase: 0.010'
69.2090 	EXP 	text_4: height = 0.05
69.2090 	EXP 	text_4: height = 0.05
69.2090 	EXP 	text_4: height = 0.05
69.2090 	EXP 	text_4: text = 'Spatial frequency: 1.000\nContrast: 1.000\nPhase: 0.010'
69.2090 	EXP 	GA: autoDraw = True
69.2090 	EXP 	GA: autoDraw = True
69.2090 	EXP 	text_4: autoDraw = True
69.2090 	EXP 	GA: tex = 'sqr'
69.2090 	EXP 	GA: tex = 'sqr'
72.1940 	EXP 	New trial (rep=11, index=0): None
72.1945 	EXP 	Created sequence: random, trialTypes=1, nReps=1, seed=None
72.1946 	EXP 	New trial (rep=0, index=0): None
72.2450 	EXP 	GA: autoDraw = False
72.2450 	EXP 	GA: autoDraw = False
72.2450 	EXP 	text_4: autoDraw = False
72.2450 	EXP 	GA: autoDraw = False
72.2450 	EXP 	GA: autoDraw = False
72.2450 	EXP 	text_4: autoDraw = False
72.2450 	EXP 	GA: sf = array([1., 1.])
72.2450 	EXP 	GA: sf = array([1., 1.])
72.2450 	EXP 	GA: phase = array([0.01, 0.01])
72.2450 	EXP 	text_3: text = 'Spatial frequency: 1.000\nContrast: 1.000\nPhase: 0.010'
72.2450 	EXP 	text_4: text = 'Spatial frequency: 1.000\nContrast: 1.000\nPhase: 0.010'
72.2450 	EXP 	GA: autoDraw = True
72.2450 	EXP 	GA: autoDraw = True
72.2450 	EXP 	text_4: autoDraw = True
72.2450 	EXP 	GA: tex = 'sqr'
72.2450 	EXP 	GA: tex = 'sqr'
75.2446 	EXP 	New trial (rep=12, index=0): None
75.2455 	EXP 	Created sequence: random, trialTypes=1, nReps=1, seed=None
75.2457 	EXP 	New trial (rep=0, index=0): None
75.3103 	EXP 	GA: autoDraw = False
75.3103 	EXP 	GA: autoDraw = False
75.3103 	EXP 	text_4: autoDraw = False
75.3103 	EXP 	GA: autoDraw = False
75.3103 	EXP 	GA: autoDraw = False
75.3103 	EXP 	text_4: autoDraw = False
75.3103 	EXP 	GA: sf = array([1., 1.])
75.3103 	EXP 	GA: sf = array([1., 1.])
75.3103 	EXP 	GA: phase = array([0.2575, 0.2575])
75.3103 	EXP 	text_3: height = 0.05
75.3103 	EXP 	text_3: height = 0.05
75.3103 	EXP 	text_3: height = 0.05
75.3103 	EXP 	text_3: text = 'Spatial frequency: 1.000\nContrast: 1.000\nPhase: 0.258'
75.3103 	EXP 	text_4: height = 0.05
75.3103 	EXP 	text_4: height = 0.05
75.3103 	EXP 	text_4: height = 0.05
75.3103 	EXP 	text_4: text = 'Spatial frequency: 1.000\nContrast: 1.000\nPhase: 0.258'
75.3103 	EXP 	GA: autoDraw = True
75.3103 	EXP 	GA: autoDraw = True
75.3103 	EXP 	text_4: autoDraw = True
75.3103 	EXP 	GA: tex = 'sqr'
75.3103 	EXP 	GA: tex = 'sqr'
78.3111 	EXP 	New trial (rep=13, index=0): None
78.3116 	EXP 	Created sequence: random, trialTypes=1, nReps=1, seed=None
78.3117 	EXP 	New trial (rep=0, index=0): None
78.3725 	EXP 	GA: autoDraw = False
78.3725 	EXP 	GA: autoDraw = False
78.3725 	EXP 	text_4: autoDraw = False
78.3725 	EXP 	GA: autoDraw = False
78.3725 	EXP 	GA: autoDraw = False
78.3725 	EXP 	text_4: autoDraw = False
78.3725 	EXP 	GA: sf = array([1., 1.])
78.3725 	EXP 	GA: sf = array([1., 1.])
78.3725 	EXP 	GA: phase = array([0.01, 0.01])
78.3725 	EXP 	text_3: height = 0.05
78.3725 	EXP 	text_3: height = 0.05
78.3725 	EXP 	text_3: height = 0.05
78.3725 	EXP 	text_3: text = 'Spatial frequency: 1.000\nContrast: 1.000\nPhase: 0.010'
78.3725 	EXP 	text_4: height = 0.05
78.3725 	EXP 	text_4: height = 0.05
78.3725 	EXP 	text_4: height = 0.05
78.3725 	EXP 	text_4: text = 'Spatial frequency: 1.000\nContrast: 1.000\nPhase: 0.010'
78.3725 	EXP 	GA: autoDraw = True
78.3725 	EXP 	GA: autoDraw = True
78.3725 	EXP 	text_4: autoDraw = True
78.3725 	EXP 	GA: tex = 'sqr'
78.3725 	EXP 	GA: tex = 'sqr'
81.3600 	EXP 	New trial (rep=14, index=0): None
81.3609 	EXP 	Created sequence: random, trialTypes=1, nReps=1, seed=None
81.3610 	EXP 	New trial (rep=0, index=0): None
81.4242 	EXP 	GA: autoDraw = False
81.4242 	EXP 	GA: autoDraw = False
81.4242 	EXP 	text_4: autoDraw = False
81.4242 	EXP 	GA: autoDraw = False
81.4242 	EXP 	GA: autoDraw = False
81.4242 	EXP 	text_4: autoDraw = False
81.4242 	EXP 	GA: sf = array([1., 1.])
81.4242 	EXP 	GA: sf = array([1., 1.])
81.4242 	EXP 	GA: phase = array([0.505, 0.505])
81.4242 	EXP 	text_3: height = 0.05
81.4242 	EXP 	text_3: height = 0.05
81.4242 	EXP 	text_3: height = 0.05
81.4242 	EXP 	text_3: text = 'Spatial frequency: 1.000\nContrast: 1.000\nPhase: 0.505'
81.4242 	EXP 	text_4: height = 0.05
81.4242 	EXP 	text_4: height = 0.05
81.4242 	EXP 	text_4: height = 0.05
81.4242 	EXP 	text_4: text = 'Spatial frequency: 1.000\nContrast: 1.000\nPhase: 0.505'
81.4242 	EXP 	GA: autoDraw = True
81.4242 	EXP 	GA: autoDraw = True
81.4242 	EXP 	text_4: autoDraw = True
81.4242 	EXP 	GA: tex = 'sqr'
81.4242 	EXP 	GA: tex = 'sqr'
84.4101 	EXP 	New trial (rep=15, index=0): None
84.4108 	EXP 	Created sequence: random, trialTypes=1, nReps=1, seed=None
84.4109 	EXP 	New trial (rep=0, index=0): None
84.4788 	EXP 	GA: autoDraw = False
84.4788 	EXP 	GA: autoDraw = False
84.4788 	EXP 	text_4: autoDraw = False
84.4788 	EXP 	GA: autoDraw = False
84.4788 	EXP 	GA: autoDraw = False
84.4788 	EXP 	text_4: autoDraw = False
84.4788 	EXP 	GA: sf = array([1., 1.])
84.4788 	EXP 	GA: sf = array([1., 1.])
84.4788 	EXP 	GA: phase = array([1., 1.])
84.4788 	EXP 	text_3: height = 0.05
84.4788 	EXP 	text_3: height = 0.05
84.4788 	EXP 	text_3: height = 0.05
84.4788 	EXP 	text_3: text = 'Spatial frequency: 1.000\nContrast: 1.000\nPhase: 1.000'
84.4788 	EXP 	text_4: height = 0.05
84.4788 	EXP 	text_4: height = 0.05
84.4788 	EXP 	text_4: height = 0.05
84.4788 	EXP 	text_4: text = 'Spatial frequency: 1.000\nContrast: 1.000\nPhase: 1.000'
84.4788 	EXP 	GA: autoDraw = True
84.4788 	EXP 	GA: autoDraw = True
84.4788 	EXP 	text_4: autoDraw = True
84.4788 	EXP 	GA: tex = 'sqr'
84.4788 	EXP 	GA: tex = 'sqr'
87.4778 	EXP 	New trial (rep=16, index=0): None
87.4788 	EXP 	Created sequence: random, trialTypes=1, nReps=1, seed=None
87.4790 	EXP 	New trial (rep=0, index=0): None
87.5635 	EXP 	GA: autoDraw = False
87.5635 	EXP 	GA: autoDraw = False
87.5635 	EXP 	text_4: autoDraw = False
87.5635 	EXP 	GA: autoDraw = False
87.5635 	EXP 	GA: autoDraw = False
87.5635 	EXP 	text_4: autoDraw = False
87.5635 	EXP 	GA: sf = array([1., 1.])
87.5635 	EXP 	GA: sf = array([1., 1.])
87.5635 	EXP 	GA: phase = array([0.2575, 0.2575])
87.5635 	EXP 	text_3: height = 0.05
87.5635 	EXP 	text_3: height = 0.05
87.5635 	EXP 	text_3: height = 0.05
87.5635 	EXP 	text_3: text = 'Spatial frequency: 1.000\nContrast: 1.000\nPhase: 0.258'
87.5635 	EXP 	text_4: height = 0.05
87.5635 	EXP 	text_4: height = 0.05
87.5635 	EXP 	text_4: height = 0.05
87.5635 	EXP 	text_4: text = 'Spatial frequency: 1.000\nContrast: 1.000\nPhase: 0.258'
87.5635 	EXP 	GA: autoDraw = True
87.5635 	EXP 	GA: autoDraw = True
87.5635 	EXP 	text_4: autoDraw = True
87.5635 	EXP 	GA: tex = 'sqr'
87.5635 	EXP 	GA: tex = 'sqr'
90.5607 	EXP 	New trial (rep=17, index=0): None
90.5615 	EXP 	Created sequence: random, trialTypes=1, nReps=1, seed=None
90.5616 	EXP 	New trial (rep=0, index=0): None
90.6264 	EXP 	GA: autoDraw = False
90.6264 	EXP 	GA: autoDraw = False
90.6264 	EXP 	text_4: autoDraw = False
90.6264 	EXP 	GA: autoDraw = False
90.6264 	EXP 	GA: autoDraw = False
90.6264 	EXP 	text_4: autoDraw = False
90.6264 	EXP 	GA: sf = array([1., 1.])
90.6264 	EXP 	GA: sf = array([1., 1.])
90.6264 	EXP 	GA: phase = array([0.505, 0.505])
90.6264 	EXP 	text_3: height = 0.05
90.6264 	EXP 	text_3: height = 0.05
90.6264 	EXP 	text_3: height = 0.05
90.6264 	EXP 	text_3: text = 'Spatial frequency: 1.000\nContrast: 1.000\nPhase: 0.505'
90.6264 	EXP 	text_4: height = 0.05
90.6264 	EXP 	text_4: height = 0.05
90.6264 	EXP 	text_4: height = 0.05
90.6264 	EXP 	text_4: text = 'Spatial frequency: 1.000\nContrast: 1.000\nPhase: 0.505'
90.6264 	EXP 	GA: autoDraw = True
90.6264 	EXP 	GA: autoDraw = True
90.6264 	EXP 	text_4: autoDraw = True
90.6264 	EXP 	GA: tex = 'sqr'
90.6264 	EXP 	GA: tex = 'sqr'
93.6267 	EXP 	New trial (rep=18, index=0): None
93.6272 	EXP 	Created sequence: random, trialTypes=1, nReps=1, seed=None
93.6273 	EXP 	New trial (rep=0, index=0): None
93.6908 	EXP 	GA: autoDraw = False
93.6908 	EXP 	GA: autoDraw = False
93.6908 	EXP 	text_4: autoDraw = False
93.6908 	EXP 	GA: autoDraw = False
93.6908 	EXP 	GA: autoDraw = False
93.6908 	EXP 	text_4: autoDraw = False
93.6908 	EXP 	GA: sf = array([1., 1.])
93.6908 	EXP 	GA: sf = array([1., 1.])
93.6908 	EXP 	GA: phase = array([0.01, 0.01])
93.6908 	EXP 	text_3: height = 0.05
93.6908 	EXP 	text_3: height = 0.05
93.6908 	EXP 	text_3: height = 0.05
93.6908 	EXP 	text_3: text = 'Spatial frequency: 1.000\nContrast: 1.000\nPhase: 0.010'
93.6908 	EXP 	text_4: height = 0.05
93.6908 	EXP 	text_4: height = 0.05
93.6908 	EXP 	text_4: height = 0.05
93.6908 	EXP 	text_4: text = 'Spatial frequency: 1.000\nContrast: 1.000\nPhase: 0.010'
93.6908 	EXP 	GA: autoDraw = True
93.6908 	EXP 	GA: autoDraw = True
93.6908 	EXP 	text_4: autoDraw = True
93.6908 	EXP 	GA: tex = 'sqr'
93.6908 	EXP 	GA: tex = 'sqr'
96.6774 	EXP 	New trial (rep=19, index=0): None
96.6780 	EXP 	Created sequence: random, trialTypes=1, nReps=1, seed=None
96.6781 	EXP 	New trial (rep=0, index=0): None
96.7427 	EXP 	GA: autoDraw = False
96.7427 	EXP 	GA: autoDraw = False
96.7427 	EXP 	text_4: autoDraw = False
96.7427 	EXP 	GA: autoDraw = False
96.7427 	EXP 	GA: autoDraw = False
96.7427 	EXP 	text_4: autoDraw = False
96.7427 	EXP 	GA: sf = array([1., 1.])
96.7427 	EXP 	GA: sf = array([1., 1.])
96.7427 	EXP 	GA: phase = array([1., 1.])
96.7427 	EXP 	text_3: height = 0.05
96.7427 	EXP 	text_3: height = 0.05
96.7427 	EXP 	text_3: height = 0.05
96.7427 	EXP 	text_3: text = 'Spatial frequency: 1.000\nContrast: 1.000\nPhase: 1.000'
96.7427 	EXP 	text_4: height = 0.05
96.7427 	EXP 	text_4: height = 0.05
96.7427 	EXP 	text_4: height = 0.05
96.7427 	EXP 	text_4: text = 'Spatial frequency: 1.000\nContrast: 1.000\nPhase: 1.000'
96.7427 	EXP 	GA: autoDraw = True
96.7427 	EXP 	GA: autoDraw = True
96.7427 	EXP 	text_4: autoDraw = True
96.7427 	EXP 	GA: tex = 'sqr'
96.7427 	EXP 	GA: tex = 'sqr'
99.7345 	EXP 	GA: autoDraw = False
99.7345 	EXP 	GA: autoDraw = False
99.7345 	EXP 	text_4: autoDraw = False
99.7345 	EXP 	GA: autoDraw = False
99.7345 	EXP 	GA: autoDraw = False
99.7345 	EXP 	text_4: autoDraw = False
99.9199 	EXP 	window1: mouseVisible = True
