4.9366 	WARNING 	Speech-to-text recognition module for PocketSphinx is not available (use command `pip install SpeechRecognition` to get it). Transcription will be unavailable using that service this session.
4.9375 	WARNING 	Speech-to-text recognition using Google online services is not available (use command `pip install google-api-core google-auth google-cloud google-cloud-speech googleapis-common-protos` to get it). Transcription will be unavailable using that service this session.
4.9389 	ERROR 	Support for the `sounddevice` audio backend is not available this session. Please install `psychopy-sounddevice` and restart the session to enable support.
42.3833 	WARNING 	User requested fullscreen with size [1536  864], but screen is actually [1920, 1080]. Using actual size
43.2108 	EXP 	Created window1 = Window(allowGUI=True, allowStencil=False, autoLog=True, backendConf=UNKNOWN, backgroundFit=<method-wrapper '__getattribute__' of attributeSetter object at 0x000001FB71DDE310>, backgroundImage=<method-wrapper '__getattribute__' of attributeSetter object at 0x000001FB7206D050>, bitsMode=UNKNOWN, blendMode='avg', bpc=(8, 8, 8), color=array([0, 0, 0]), colorSpace='rgb', depthBits=8, fullscr=<method-wrapper '__getattribute__' of attributeSetter object at 0x000001FB476E9F50>, gamma=None, gammaErrorPolicy='raise', lms=UNKNOWN, monitor=<psychopy.monitors.calibTools.Monitor object at 0x000001FB00F07890>, multiSample=False, name='window1', numSamples=2, pos=(0, 0), screen=0, size=array([1920, 1080]), stencilBits=0, stereo=False, units='height', useFBO=True, useRetina=False, viewOri=0.0, viewPos=None, viewScale=None, waitBlanking=True, winType='pyglet')
43.2110 	EXP 	window1: mouseVisible = True
43.2110 	EXP 	window1: backgroundImage = None
43.2110 	EXP 	window1: backgroundFit = 'cover'
43.2112 	EXP 	window1: mouseVisible = False
43.2112 	EXP 	window1: Attempting to measure frame rate of screen (0) ...
43.2112 	EXP 	window1: recordFrameIntervals = False
43.3758 	EXP 	window1: recordFrameIntervals = True
43.5591 	EXP 	Screen (0) actual frame rate measured at 60.23Hz
43.5592 	EXP 	window1: recordFrameIntervals = False
47.4080 	EXP 	Created text_2 = TextStim(__class__=<class 'psychopy.visual.text.TextStim'>, alignHoriz=method-wrapper(...), alignText='center', alignVert=method-wrapper(...), anchorHoriz='center', anchorVert='center', antialias=True, autoDraw=False, autoLog=True, bold=False, color=array([1., 1., 1.]), colorSpace='rgb', contrast=1.0, depth=0.0, flipHoriz=False, flipVert=False, font='Open Sans', fontFiles=[], height=0.05, italic=False, languageStyle='LTR', name='text_2', opacity=1.0, ori=0.0, pos=array([0., 0.]), rgb=UNKNOWN, text='Press spacebar to start the experiment\n\n', units='height', win=Window(...), wrapWidth=1)
47.4515 	EXP 	Created GA = GratingStim(__class__=<class 'psychopy.visual.grating.GratingStim'>, anchor='center', autoDraw=False, autoLog=True, blendmode='avg', color=array([1., 1., 1.]), colorSpace='rgb', contrast=1.0, depth=-2.0, interpolate=True, mask='circle', maskParams=None, name='GA', opacity=1.0, ori=0.0, phase=array([0., 0.]), pos=array([0., 0.]), rgbPedestal=array([0., 0., 0.]), sf=array([0.5, 0.5]), size=array([8.5]), tex='sqr', texRes=512.0, units='deg', win=Window(...))
47.4559 	EXP 	Created polygon = ShapeStim(__class__=<class 'psychopy.visual.shape.ShapeStim'>, anchor=('center', 'center'), autoDraw=False, autoLog=True, closeShape=True, color=method-wrapper(...), colorSpace='rgb', contrast=None, depth=-3.0, fillColor=array([0., 0., 0.]), fillColorSpace='rgb', fillRGB=array([0., 0., 0.]), interpolate=True, lineColor=array([0., 0., 0.]), lineColorSpace='rgb', lineRGB=array([0., 0., 0.]), lineWidth=1.0, name='polygon', opacity=1.0, ori=0.0, pos=array([0., 0.]), size=array([0.05, 0.05]), units='height', vertices=ndarray(...), win=Window(...), windingRule=None)
47.4570 	EXP 	Created text_3 = TextStim(__class__=<class 'psychopy.visual.text.TextStim'>, alignHoriz=method-wrapper(...), alignText='center', alignVert=method-wrapper(...), anchorHoriz='center', anchorVert='center', antialias=True, autoDraw=False, autoLog=True, bold=False, color=array([1., 1., 1.]), colorSpace='rgb', contrast=1.0, depth=-4.0, flipHoriz=False, flipVert=False, font='Open Sans', fontFiles=[], height=0.05, italic=False, languageStyle='LTR', name='text_3', opacity=1.0, ori=0.0, pos=array([0.   , 0.125]), rgb=UNKNOWN, text='', units='height', win=Window(...), wrapWidth=1)
47.4596 	EXP 	Created polygon_2 = ShapeStim(__class__=<class 'psychopy.visual.shape.ShapeStim'>, anchor=('center', 'center'), autoDraw=False, autoLog=True, closeShape=True, color=method-wrapper(...), colorSpace='rgb', contrast=None, depth=-2.0, fillColor=array([0., 0., 0.]), fillColorSpace='rgb', fillRGB=array([0., 0., 0.]), interpolate=True, lineColor=array([0., 0., 0.]), lineColorSpace='rgb', lineRGB=array([0., 0., 0.]), lineWidth=1.0, name='polygon_2', opacity=1.0, ori=0.0, pos=array([0., 0.]), size=array([0.05, 0.05]), units='height', vertices=ndarray(...), win=Window(...), windingRule=None)
47.4605 	EXP 	Created text_4 = TextStim(__class__=<class 'psychopy.visual.text.TextStim'>, alignHoriz=method-wrapper(...), alignText='center', alignVert=method-wrapper(...), anchorHoriz='center', anchorVert='center', antialias=True, autoDraw=False, autoLog=True, bold=False, color=array([1., 1., 1.]), colorSpace='rgb', contrast=1.0, depth=-3.0, flipHoriz=False, flipVert=False, font='Open Sans', fontFiles=[], height=0.05, italic=False, languageStyle='LTR', name='text_4', opacity=1.0, ori=0.0, pos=array([0.   , 0.125]), rgb=UNKNOWN, text='', units='height', win=Window(...), wrapWidth=1)
47.4632 	EXP 	Created polygon_3 = ShapeStim(__class__=<class 'psychopy.visual.shape.ShapeStim'>, anchor=('center', 'center'), autoDraw=False, autoLog=True, closeShape=True, color=method-wrapper(...), colorSpace='rgb', contrast=None, depth=0.0, fillColor=array([0., 0., 0.]), fillColorSpace='rgb', fillRGB=array([0., 0., 0.]), interpolate=True, lineColor=array([0., 0., 0.]), lineColorSpace='rgb', lineRGB=array([0., 0., 0.]), lineWidth=1.0, name='polygon_3', opacity=1.0, ori=0.0, pos=array([0., 0.]), size=array([0.05, 0.05]), units='height', vertices=ndarray(...), win=Window(...), windingRule=None)
47.5056 	EXP 	Created GA_2 = GratingStim(__class__=<class 'psychopy.visual.grating.GratingStim'>, anchor='center', autoDraw=False, autoLog=True, blendmode='avg', color=array([1., 1., 1.]), colorSpace='rgb', contrast=1.0, depth=-2.0, interpolate=True, mask='circle', maskParams=None, name='GA_2', opacity=1.0, ori=0.0, phase=array([0., 0.]), pos=array([0., 0.]), rgbPedestal=array([0., 0., 0.]), sf=array([1., 1.]), size=array([8.5]), tex='sqr', texRes=512.0, units='deg', win=Window(...))
47.5087 	EXP 	Created polygon_4 = ShapeStim(__class__=<class 'psychopy.visual.shape.ShapeStim'>, anchor=('center', 'center'), autoDraw=False, autoLog=True, closeShape=True, color=method-wrapper(...), colorSpace='rgb', contrast=None, depth=-3.0, fillColor=array([0., 0., 0.]), fillColorSpace='rgb', fillRGB=array([0., 0., 0.]), interpolate=True, lineColor=array([0., 0., 0.]), lineColorSpace='rgb', lineRGB=array([0., 0., 0.]), lineWidth=1.0, name='polygon_4', opacity=1.0, ori=0.0, pos=array([0., 0.]), size=array([0.05, 0.05]), units='height', vertices=ndarray(...), win=Window(...), windingRule=None)
47.5096 	EXP 	Created text_5 = TextStim(__class__=<class 'psychopy.visual.text.TextStim'>, alignHoriz=method-wrapper(...), alignText='center', alignVert=method-wrapper(...), anchorHoriz='center', anchorVert='center', antialias=True, autoDraw=False, autoLog=True, bold=False, color=array([1., 1., 1.]), colorSpace='rgb', contrast=1.0, depth=-4.0, flipHoriz=False, flipVert=False, font='Open Sans', fontFiles=[], height=0.05, italic=False, languageStyle='LTR', name='text_5', opacity=1.0, ori=0.0, pos=array([0.   , 0.125]), rgb=UNKNOWN, text='', units='height', win=Window(...), wrapWidth=1)
47.5121 	EXP 	Created polygon_5 = ShapeStim(__class__=<class 'psychopy.visual.shape.ShapeStim'>, anchor=('center', 'center'), autoDraw=False, autoLog=True, closeShape=True, color=method-wrapper(...), colorSpace='rgb', contrast=None, depth=-2.0, fillColor=array([0., 0., 0.]), fillColorSpace='rgb', fillRGB=array([0., 0., 0.]), interpolate=True, lineColor=array([0., 0., 0.]), lineColorSpace='rgb', lineRGB=array([0., 0., 0.]), lineWidth=1.0, name='polygon_5', opacity=1.0, ori=0.0, pos=array([0., 0.]), size=array([0.05, 0.05]), units='height', vertices=ndarray(...), win=Window(...), windingRule=None)
47.5130 	EXP 	Created text_6 = TextStim(__class__=<class 'psychopy.visual.text.TextStim'>, alignHoriz=method-wrapper(...), alignText='center', alignVert=method-wrapper(...), anchorHoriz='center', anchorVert='center', antialias=True, autoDraw=False, autoLog=True, bold=False, color=array([1., 1., 1.]), colorSpace='rgb', contrast=1.0, depth=-3.0, flipHoriz=False, flipVert=False, font='Open Sans', fontFiles=[], height=0.05, italic=False, languageStyle='LTR', name='text_6', opacity=1.0, ori=0.0, pos=array([0.   , 0.125]), rgb=UNKNOWN, text='', units='height', win=Window(...), wrapWidth=1)
47.5154 	EXP 	Created polygon_6 = ShapeStim(__class__=<class 'psychopy.visual.shape.ShapeStim'>, anchor=('center', 'center'), autoDraw=False, autoLog=True, closeShape=True, color=method-wrapper(...), colorSpace='rgb', contrast=None, depth=0.0, fillColor=array([0., 0., 0.]), fillColorSpace='rgb', fillRGB=array([0., 0., 0.]), interpolate=True, lineColor=array([0., 0., 0.]), lineColorSpace='rgb', lineRGB=array([0., 0., 0.]), lineWidth=1.0, name='polygon_6', opacity=1.0, ori=0.0, pos=array([0., 0.]), size=array([0.05, 0.05]), units='height', vertices=ndarray(...), win=Window(...), windingRule=None)
47.5202 	EXP 	text_2: autoDraw = True
52.4119 	EXP 	Created sequence: random, trialTypes=1, nReps=1, seed=None
52.4121 	EXP 	New trial (rep=0, index=0): None
58.0886 	DATA 	Keypress: space
58.0926 	EXP 	text_2: autoDraw = False
58.0926 	EXP 	text_3: height = 0.05
58.0926 	EXP 	text_3: height = 0.05
58.0926 	EXP 	text_3: height = 0.05
58.0926 	EXP 	text_3: text = 'Spatial frequency: 0.5\nContrast: 0.500'
58.0926 	EXP 	text_4: height = 0.05
58.0926 	EXP 	text_4: height = 0.05
58.0926 	EXP 	text_4: height = 0.05
58.0926 	EXP 	text_4: text = 'Spatial frequency: 0.5\nContrast: 0.500'
58.0926 	EXP 	GA: autoDraw = True
58.0926 	EXP 	polygon_2: autoDraw = True
58.0926 	EXP 	text_4: autoDraw = True
58.0926 	EXP 	GA: tex = 'sqr'
61.0923 	EXP 	GA: autoDraw = False
61.0923 	EXP 	polygon_2: autoDraw = False
61.0923 	EXP 	text_4: autoDraw = False
61.0923 	EXP 	GA: autoDraw = False
61.0923 	EXP 	polygon_2: autoDraw = False
61.0923 	EXP 	text_4: autoDraw = False
61.0923 	EXP 	polygon_3: autoDraw = True
64.9868 	EXP 	polygon_3: autoDraw = False
64.9868 	EXP 	polygon_3: autoDraw = False
64.9868 	EXP 	text_3: height = 0.05
64.9868 	EXP 	text_3: height = 0.05
64.9868 	EXP 	text_3: height = 0.05
64.9868 	EXP 	text_3: text = 'Spatial frequency: 0.5\nContrast: 0.505'
64.9868 	EXP 	text_4: height = 0.05
64.9868 	EXP 	text_4: height = 0.05
64.9868 	EXP 	text_4: height = 0.05
64.9868 	EXP 	text_4: text = 'Spatial frequency: 0.5\nContrast: 0.505'
64.9868 	EXP 	GA: autoDraw = True
64.9868 	EXP 	polygon_2: autoDraw = True
64.9868 	EXP 	text_4: autoDraw = True
64.9868 	EXP 	GA: tex = 'sqr'
67.9917 	EXP 	GA: autoDraw = False
67.9917 	EXP 	polygon_2: autoDraw = False
67.9917 	EXP 	text_4: autoDraw = False
67.9917 	EXP 	GA: autoDraw = False
67.9917 	EXP 	polygon_2: autoDraw = False
67.9917 	EXP 	text_4: autoDraw = False
67.9917 	EXP 	polygon_3: autoDraw = True
71.5443 	EXP 	polygon_3: autoDraw = False
71.5443 	EXP 	polygon_3: autoDraw = False
71.5443 	EXP 	text_3: height = 0.05
71.5443 	EXP 	text_3: height = 0.05
71.5443 	EXP 	text_3: height = 0.05
71.5443 	EXP 	text_3: text = 'Spatial frequency: 0.5\nContrast: 0.500'
71.5443 	EXP 	text_4: height = 0.05
71.5443 	EXP 	text_4: height = 0.05
71.5443 	EXP 	text_4: height = 0.05
71.5443 	EXP 	text_4: text = 'Spatial frequency: 0.5\nContrast: 0.500'
71.5443 	EXP 	GA: autoDraw = True
71.5443 	EXP 	polygon_2: autoDraw = True
71.5443 	EXP 	text_4: autoDraw = True
71.5443 	EXP 	GA: tex = 'sqr'
74.5579 	EXP 	GA: autoDraw = False
74.5579 	EXP 	polygon_2: autoDraw = False
74.5579 	EXP 	text_4: autoDraw = False
74.5579 	EXP 	GA: autoDraw = False
74.5579 	EXP 	polygon_2: autoDraw = False
74.5579 	EXP 	text_4: autoDraw = False
74.5579 	EXP 	polygon_3: autoDraw = True
78.1433 	EXP 	polygon_3: autoDraw = False
78.1433 	EXP 	polygon_3: autoDraw = False
78.1433 	EXP 	text_3: height = 0.05
78.1433 	EXP 	text_3: height = 0.05
78.1433 	EXP 	text_3: height = 0.05
78.1433 	EXP 	text_3: text = 'Spatial frequency: 0.5\nContrast: 0.495'
78.1433 	EXP 	text_4: height = 0.05
78.1433 	EXP 	text_4: height = 0.05
78.1433 	EXP 	text_4: height = 0.05
78.1433 	EXP 	text_4: text = 'Spatial frequency: 0.5\nContrast: 0.495'
78.1433 	EXP 	GA: autoDraw = True
78.1433 	EXP 	polygon_2: autoDraw = True
78.1433 	EXP 	text_4: autoDraw = True
78.1433 	EXP 	GA: tex = 'sqr'
81.1580 	EXP 	GA: autoDraw = False
81.1580 	EXP 	polygon_2: autoDraw = False
81.1580 	EXP 	text_4: autoDraw = False
81.1580 	EXP 	GA: autoDraw = False
81.1580 	EXP 	polygon_2: autoDraw = False
81.1580 	EXP 	text_4: autoDraw = False
81.1580 	EXP 	polygon_3: autoDraw = True
84.8006 	EXP 	polygon_3: autoDraw = False
84.8006 	EXP 	polygon_3: autoDraw = False
84.8006 	EXP 	text_3: text = 'Spatial frequency: 0.5\nContrast: 0.495'
84.8006 	EXP 	text_4: text = 'Spatial frequency: 0.5\nContrast: 0.495'
84.8006 	EXP 	GA: autoDraw = True
84.8006 	EXP 	polygon_2: autoDraw = True
84.8006 	EXP 	text_4: autoDraw = True
84.8006 	EXP 	GA: tex = 'sqr'
87.8081 	EXP 	GA: autoDraw = False
87.8081 	EXP 	polygon_2: autoDraw = False
87.8081 	EXP 	text_4: autoDraw = False
87.8081 	EXP 	GA: autoDraw = False
87.8081 	EXP 	polygon_2: autoDraw = False
87.8081 	EXP 	text_4: autoDraw = False
87.8081 	EXP 	polygon_3: autoDraw = True
91.4023 	EXP 	polygon_3: autoDraw = False
91.4023 	EXP 	polygon_3: autoDraw = False
91.4023 	EXP 	text_3: height = 0.05
91.4023 	EXP 	text_3: height = 0.05
91.4023 	EXP 	text_3: height = 0.05
91.4023 	EXP 	text_3: text = 'Spatial frequency: 0.5\nContrast: 0.500'
91.4023 	EXP 	text_4: height = 0.05
91.4023 	EXP 	text_4: height = 0.05
91.4023 	EXP 	text_4: height = 0.05
91.4023 	EXP 	text_4: text = 'Spatial frequency: 0.5\nContrast: 0.500'
91.4023 	EXP 	GA: autoDraw = True
91.4023 	EXP 	polygon_2: autoDraw = True
91.4023 	EXP 	text_4: autoDraw = True
91.4023 	EXP 	GA: tex = 'sqr'
94.4075 	EXP 	GA: autoDraw = False
94.4075 	EXP 	polygon_2: autoDraw = False
94.4075 	EXP 	text_4: autoDraw = False
94.4075 	EXP 	GA: autoDraw = False
94.4075 	EXP 	polygon_2: autoDraw = False
94.4075 	EXP 	text_4: autoDraw = False
94.4075 	EXP 	polygon_3: autoDraw = True
98.0114 	EXP 	polygon_3: autoDraw = False
98.0114 	EXP 	polygon_3: autoDraw = False
98.0114 	EXP 	text_3: height = 0.05
98.0114 	EXP 	text_3: height = 0.05
98.0114 	EXP 	text_3: height = 0.05
98.0114 	EXP 	text_3: text = 'Spatial frequency: 0.5\nContrast: 0.495'
98.0114 	EXP 	text_4: height = 0.05
98.0114 	EXP 	text_4: height = 0.05
98.0114 	EXP 	text_4: height = 0.05
98.0114 	EXP 	text_4: text = 'Spatial frequency: 0.5\nContrast: 0.495'
98.0114 	EXP 	GA: autoDraw = True
98.0114 	EXP 	polygon_2: autoDraw = True
98.0114 	EXP 	text_4: autoDraw = True
98.0114 	EXP 	GA: tex = 'sqr'
101.0237 	EXP 	GA: autoDraw = False
101.0237 	EXP 	polygon_2: autoDraw = False
101.0237 	EXP 	text_4: autoDraw = False
101.0237 	EXP 	GA: autoDraw = False
101.0237 	EXP 	polygon_2: autoDraw = False
101.0237 	EXP 	text_4: autoDraw = False
101.0237 	EXP 	polygon_3: autoDraw = True
104.6262 	EXP 	polygon_3: autoDraw = False
104.6262 	EXP 	polygon_3: autoDraw = False
104.6262 	EXP 	text_3: height = 0.05
104.6262 	EXP 	text_3: height = 0.05
104.6262 	EXP 	text_3: height = 0.05
104.6262 	EXP 	text_3: text = 'Spatial frequency: 0.5\nContrast: 0.490'
104.6262 	EXP 	text_4: height = 0.05
104.6262 	EXP 	text_4: height = 0.05
104.6262 	EXP 	text_4: height = 0.05
104.6262 	EXP 	text_4: text = 'Spatial frequency: 0.5\nContrast: 0.490'
104.6262 	EXP 	GA: autoDraw = True
104.6262 	EXP 	polygon_2: autoDraw = True
104.6262 	EXP 	text_4: autoDraw = True
104.6262 	EXP 	GA: tex = 'sqr'
107.6410 	EXP 	GA: autoDraw = False
107.6410 	EXP 	polygon_2: autoDraw = False
107.6410 	EXP 	text_4: autoDraw = False
107.6410 	EXP 	GA: autoDraw = False
107.6410 	EXP 	polygon_2: autoDraw = False
107.6410 	EXP 	text_4: autoDraw = False
107.6410 	EXP 	polygon_3: autoDraw = True
111.2265 	EXP 	polygon_3: autoDraw = False
111.2265 	EXP 	polygon_3: autoDraw = False
111.2265 	EXP 	text_3: height = 0.05
111.2265 	EXP 	text_3: height = 0.05
111.2265 	EXP 	text_3: height = 0.05
111.2265 	EXP 	text_3: text = 'Spatial frequency: 0.5\nContrast: 0.485'
111.2265 	EXP 	text_4: height = 0.05
111.2265 	EXP 	text_4: height = 0.05
111.2265 	EXP 	text_4: height = 0.05
111.2265 	EXP 	text_4: text = 'Spatial frequency: 0.5\nContrast: 0.485'
111.2265 	EXP 	GA: autoDraw = True
111.2265 	EXP 	polygon_2: autoDraw = True
111.2265 	EXP 	text_4: autoDraw = True
111.2265 	EXP 	GA: tex = 'sqr'
114.2405 	EXP 	GA: autoDraw = False
114.2405 	EXP 	polygon_2: autoDraw = False
114.2405 	EXP 	text_4: autoDraw = False
114.2405 	EXP 	GA: autoDraw = False
114.2405 	EXP 	polygon_2: autoDraw = False
114.2405 	EXP 	text_4: autoDraw = False
114.2405 	EXP 	polygon_3: autoDraw = True
117.9012 	EXP 	polygon_3: autoDraw = False
117.9012 	EXP 	polygon_3: autoDraw = False
117.9012 	EXP 	text_3: text = 'Spatial frequency: 0.5\nContrast: 0.485'
117.9012 	EXP 	text_4: text = 'Spatial frequency: 0.5\nContrast: 0.485'
117.9012 	EXP 	GA: autoDraw = True
117.9012 	EXP 	polygon_2: autoDraw = True
117.9012 	EXP 	text_4: autoDraw = True
117.9012 	EXP 	GA: tex = 'sqr'
120.9066 	EXP 	GA: autoDraw = False
120.9066 	EXP 	polygon_2: autoDraw = False
120.9066 	EXP 	text_4: autoDraw = False
120.9066 	EXP 	GA: autoDraw = False
120.9066 	EXP 	polygon_2: autoDraw = False
120.9066 	EXP 	text_4: autoDraw = False
120.9066 	EXP 	polygon_3: autoDraw = True
124.4127 	EXP 	polygon_3: autoDraw = False
124.4127 	EXP 	polygon_3: autoDraw = False
124.4127 	EXP 	text_3: height = 0.05
124.4127 	EXP 	text_3: height = 0.05
124.4127 	EXP 	text_3: height = 0.05
124.4127 	EXP 	text_3: text = 'Spatial frequency: 0.5\nContrast: 0.480'
124.4127 	EXP 	text_4: height = 0.05
124.4127 	EXP 	text_4: height = 0.05
124.4127 	EXP 	text_4: height = 0.05
124.4127 	EXP 	text_4: text = 'Spatial frequency: 0.5\nContrast: 0.480'
124.4127 	EXP 	GA: autoDraw = True
124.4127 	EXP 	polygon_2: autoDraw = True
124.4127 	EXP 	text_4: autoDraw = True
124.4127 	EXP 	GA: tex = 'sqr'
127.4239 	EXP 	GA: autoDraw = False
127.4239 	EXP 	polygon_2: autoDraw = False
127.4239 	EXP 	text_4: autoDraw = False
127.4239 	EXP 	GA: autoDraw = False
127.4239 	EXP 	polygon_2: autoDraw = False
127.4239 	EXP 	text_4: autoDraw = False
127.4239 	EXP 	polygon_3: autoDraw = True
131.0353 	EXP 	polygon_3: autoDraw = False
131.0353 	EXP 	polygon_3: autoDraw = False
131.0353 	EXP 	text_3: text = 'Spatial frequency: 0.5\nContrast: 0.480'
131.0353 	EXP 	text_4: text = 'Spatial frequency: 0.5\nContrast: 0.480'
131.0353 	EXP 	GA: autoDraw = True
131.0353 	EXP 	polygon_2: autoDraw = True
131.0353 	EXP 	text_4: autoDraw = True
131.0353 	EXP 	GA: tex = 'sqr'
134.0399 	EXP 	GA: autoDraw = False
134.0399 	EXP 	polygon_2: autoDraw = False
134.0399 	EXP 	text_4: autoDraw = False
134.0399 	EXP 	GA: autoDraw = False
134.0399 	EXP 	polygon_2: autoDraw = False
134.0399 	EXP 	text_4: autoDraw = False
134.0399 	EXP 	polygon_3: autoDraw = True
137.6282 	EXP 	polygon_3: autoDraw = False
137.6282 	EXP 	polygon_3: autoDraw = False
137.6282 	EXP 	text_3: height = 0.05
137.6282 	EXP 	text_3: height = 0.05
137.6282 	EXP 	text_3: height = 0.05
137.6282 	EXP 	text_3: text = 'Spatial frequency: 0.5\nContrast: 0.485'
137.6282 	EXP 	text_4: height = 0.05
137.6282 	EXP 	text_4: height = 0.05
137.6282 	EXP 	text_4: height = 0.05
137.6282 	EXP 	text_4: text = 'Spatial frequency: 0.5\nContrast: 0.485'
137.6282 	EXP 	GA: autoDraw = True
137.6282 	EXP 	polygon_2: autoDraw = True
137.6282 	EXP 	text_4: autoDraw = True
137.6282 	EXP 	GA: tex = 'sqr'
140.6395 	EXP 	GA: autoDraw = False
140.6395 	EXP 	polygon_2: autoDraw = False
140.6395 	EXP 	text_4: autoDraw = False
140.6395 	EXP 	GA: autoDraw = False
140.6395 	EXP 	polygon_2: autoDraw = False
140.6395 	EXP 	text_4: autoDraw = False
140.6395 	EXP 	polygon_3: autoDraw = True
144.2393 	EXP 	polygon_3: autoDraw = False
144.2393 	EXP 	polygon_3: autoDraw = False
144.2393 	EXP 	text_3: height = 0.05
144.2393 	EXP 	text_3: height = 0.05
144.2393 	EXP 	text_3: height = 0.05
144.2393 	EXP 	text_3: text = 'Spatial frequency: 0.5\nContrast: 0.480'
144.2393 	EXP 	text_4: height = 0.05
144.2393 	EXP 	text_4: height = 0.05
144.2393 	EXP 	text_4: height = 0.05
144.2393 	EXP 	text_4: text = 'Spatial frequency: 0.5\nContrast: 0.480'
144.2393 	EXP 	GA: autoDraw = True
144.2393 	EXP 	polygon_2: autoDraw = True
144.2393 	EXP 	text_4: autoDraw = True
144.2393 	EXP 	GA: tex = 'sqr'
147.2393 	EXP 	GA: autoDraw = False
147.2393 	EXP 	polygon_2: autoDraw = False
147.2393 	EXP 	text_4: autoDraw = False
147.2393 	EXP 	GA: autoDraw = False
147.2393 	EXP 	polygon_2: autoDraw = False
147.2393 	EXP 	text_4: autoDraw = False
147.2393 	EXP 	polygon_3: autoDraw = True
150.8224 	EXP 	polygon_3: autoDraw = False
150.8224 	EXP 	polygon_3: autoDraw = False
150.8224 	EXP 	text_3: text = 'Spatial frequency: 0.5\nContrast: 0.480'
150.8224 	EXP 	text_4: text = 'Spatial frequency: 0.5\nContrast: 0.480'
150.8224 	EXP 	GA: autoDraw = True
150.8224 	EXP 	polygon_2: autoDraw = True
150.8224 	EXP 	text_4: autoDraw = True
150.8224 	EXP 	GA: tex = 'sqr'
153.8229 	EXP 	GA: autoDraw = False
153.8229 	EXP 	polygon_2: autoDraw = False
153.8229 	EXP 	text_4: autoDraw = False
153.8229 	EXP 	GA: autoDraw = False
153.8229 	EXP 	polygon_2: autoDraw = False
153.8229 	EXP 	text_4: autoDraw = False
153.8229 	EXP 	polygon_3: autoDraw = True
157.4217 	EXP 	polygon_3: autoDraw = False
157.4217 	EXP 	polygon_3: autoDraw = False
157.4217 	EXP 	text_3: height = 0.05
157.4217 	EXP 	text_3: height = 0.05
157.4217 	EXP 	text_3: height = 0.05
157.4217 	EXP 	text_3: text = 'Spatial frequency: 0.5\nContrast: 0.475'
157.4217 	EXP 	text_4: height = 0.05
157.4217 	EXP 	text_4: height = 0.05
157.4217 	EXP 	text_4: height = 0.05
157.4217 	EXP 	text_4: text = 'Spatial frequency: 0.5\nContrast: 0.475'
157.4217 	EXP 	GA: autoDraw = True
157.4217 	EXP 	polygon_2: autoDraw = True
157.4217 	EXP 	text_4: autoDraw = True
157.4217 	EXP 	GA: tex = 'sqr'
160.4227 	EXP 	GA: autoDraw = False
160.4227 	EXP 	polygon_2: autoDraw = False
160.4227 	EXP 	text_4: autoDraw = False
160.4227 	EXP 	GA: autoDraw = False
160.4227 	EXP 	polygon_2: autoDraw = False
160.4227 	EXP 	text_4: autoDraw = False
160.4227 	EXP 	polygon_3: autoDraw = True
164.0334 	EXP 	polygon_3: autoDraw = False
164.0334 	EXP 	polygon_3: autoDraw = False
164.0334 	EXP 	text_3: height = 0.05
164.0334 	EXP 	text_3: height = 0.05
164.0334 	EXP 	text_3: height = 0.05
164.0334 	EXP 	text_3: text = 'Spatial frequency: 0.5\nContrast: 0.470'
164.0334 	EXP 	text_4: height = 0.05
164.0334 	EXP 	text_4: height = 0.05
164.0334 	EXP 	text_4: height = 0.05
164.0334 	EXP 	text_4: text = 'Spatial frequency: 0.5\nContrast: 0.470'
164.0334 	EXP 	GA: autoDraw = True
164.0334 	EXP 	polygon_2: autoDraw = True
164.0334 	EXP 	text_4: autoDraw = True
164.0334 	EXP 	GA: tex = 'sqr'
167.0392 	EXP 	GA: autoDraw = False
167.0392 	EXP 	polygon_2: autoDraw = False
167.0392 	EXP 	text_4: autoDraw = False
167.0392 	EXP 	GA: autoDraw = False
167.0392 	EXP 	polygon_2: autoDraw = False
167.0392 	EXP 	text_4: autoDraw = False
167.0392 	EXP 	polygon_3: autoDraw = True
170.6491 	EXP 	polygon_3: autoDraw = False
170.6491 	EXP 	polygon_3: autoDraw = False
170.6491 	EXP 	text_3: text = 'Spatial frequency: 0.5\nContrast: 0.470'
170.6491 	EXP 	text_4: text = 'Spatial frequency: 0.5\nContrast: 0.470'
170.6491 	EXP 	GA: autoDraw = True
170.6491 	EXP 	polygon_2: autoDraw = True
170.6491 	EXP 	text_4: autoDraw = True
170.6491 	EXP 	GA: tex = 'sqr'
173.6555 	EXP 	GA: autoDraw = False
173.6555 	EXP 	polygon_2: autoDraw = False
173.6555 	EXP 	text_4: autoDraw = False
173.6555 	EXP 	GA: autoDraw = False
173.6555 	EXP 	polygon_2: autoDraw = False
173.6555 	EXP 	text_4: autoDraw = False
173.6555 	EXP 	polygon_3: autoDraw = True
177.2536 	EXP 	polygon_3: autoDraw = False
177.2536 	EXP 	polygon_3: autoDraw = False
177.2536 	EXP 	text_3: height = 0.05
177.2536 	EXP 	text_3: height = 0.05
177.2536 	EXP 	text_3: height = 0.05
177.2536 	EXP 	text_3: text = 'Spatial frequency: 0.5\nContrast: 0.465'
177.2536 	EXP 	text_4: height = 0.05
177.2536 	EXP 	text_4: height = 0.05
177.2536 	EXP 	text_4: height = 0.05
177.2536 	EXP 	text_4: text = 'Spatial frequency: 0.5\nContrast: 0.465'
177.2536 	EXP 	GA: autoDraw = True
177.2536 	EXP 	polygon_2: autoDraw = True
177.2536 	EXP 	text_4: autoDraw = True
177.2536 	EXP 	GA: tex = 'sqr'
180.2559 	EXP 	GA: autoDraw = False
180.2559 	EXP 	polygon_2: autoDraw = False
180.2559 	EXP 	text_4: autoDraw = False
180.2559 	EXP 	GA: autoDraw = False
180.2559 	EXP 	polygon_2: autoDraw = False
180.2559 	EXP 	text_4: autoDraw = False
180.2559 	EXP 	polygon_3: autoDraw = True
183.8511 	EXP 	polygon_3: autoDraw = False
183.8511 	EXP 	polygon_3: autoDraw = False
183.8511 	EXP 	text_3: height = 0.05
183.8511 	EXP 	text_3: height = 0.05
183.8511 	EXP 	text_3: height = 0.05
183.8511 	EXP 	text_3: text = 'Spatial frequency: 0.5\nContrast: 0.460'
183.8511 	EXP 	text_4: height = 0.05
183.8511 	EXP 	text_4: height = 0.05
183.8511 	EXP 	text_4: height = 0.05
183.8511 	EXP 	text_4: text = 'Spatial frequency: 0.5\nContrast: 0.460'
183.8511 	EXP 	GA: autoDraw = True
183.8511 	EXP 	polygon_2: autoDraw = True
183.8511 	EXP 	text_4: autoDraw = True
183.8511 	EXP 	GA: tex = 'sqr'
186.8551 	EXP 	GA: autoDraw = False
186.8551 	EXP 	polygon_2: autoDraw = False
186.8551 	EXP 	text_4: autoDraw = False
186.8551 	EXP 	GA: autoDraw = False
186.8551 	EXP 	polygon_2: autoDraw = False
186.8551 	EXP 	text_4: autoDraw = False
186.8551 	EXP 	polygon_3: autoDraw = True
187.3390 	EXP 	Created sequence: random, trialTypes=1, nReps=0, seed=None
187.3549 	EXP 	polygon_3: autoDraw = False
187.3549 	EXP 	polygon_3: autoDraw = False
187.7767 	EXP 	window1: mouseVisible = True
