3.3353 	WARNING 	Speech-to-text recognition module for PocketSphinx is not available (use command `pip install SpeechRecognition` to get it). Transcription will be unavailable using that service this session.
3.3358 	WARNING 	Speech-to-text recognition using Google online services is not available (use command `pip install google-api-core google-auth google-cloud google-cloud-speech googleapis-common-protos` to get it). Transcription will be unavailable using that service this session.
3.3366 	ERROR 	Support for the `sounddevice` audio backend is not available this session. Please install `psychopy-sounddevice` and restart the session to enable support.
30.9935 	WARNING 	User requested fullscreen with size [1536  864], but screen is actually [1920, 1200]. Using actual size
31.4553 	EXP 	Created window1 = Window(allowGUI=True, allowStencil=False, autoLog=True, backendConf=UNKNOWN, backgroundFit=<method-wrapper '__getattribute__' of attributeSetter object at 0x000001CC4B732B90>, backgroundImage=<method-wrapper '__getattribute__' of attributeSetter object at 0x000001CC4B732B50>, bitsMode=UNKNOWN, blendMode='avg', bpc=(8, 8, 8), color=array([0, 0, 0]), colorSpace='rgb', depthBits=8, fullscr=<method-wrapper '__getattribute__' of attributeSetter object at 0x000001CC4B6A02D0>, gamma=None, gammaErrorPolicy='raise', lms=UNKNOWN, monitor=<psychopy.monitors.calibTools.Monitor object at 0x000001CC5E34D750>, multiSample=False, name='window1', numSamples=2, pos=(0, 0), screen=0, size=array([1920, 1200]), stencilBits=0, stereo=False, units='height', useFBO=True, useRetina=False, viewOri=0.0, viewPos=None, viewScale=None, waitBlanking=True, winType='pyglet')
31.4554 	EXP 	window1: mouseVisible = True
31.4554 	EXP 	window1: backgroundImage = None
31.4554 	EXP 	window1: backgroundFit = 'cover'
31.4555 	EXP 	window1: mouseVisible = False
31.4555 	EXP 	window1: Attempting to measure frame rate of screen (0) ...
31.4555 	EXP 	window1: recordFrameIntervals = False
31.5170 	EXP 	window1: recordFrameIntervals = True
31.5673 	WARNING 	t of last frame was 9.87ms (=1/101)
31.5788 	WARNING 	t of last frame was 8.36ms (=1/119)
31.5893 	WARNING 	t of last frame was 10.54ms (=1/94)
31.6495 	EXP 	Screen (0) actual frame rate measured at 166.66Hz
31.6495 	EXP 	window1: recordFrameIntervals = False
34.5440 	EXP 	Created text_2 = TextStim(__class__=<class 'psychopy.visual.text.TextStim'>, alignHoriz=method-wrapper(...), alignText='center', alignVert=method-wrapper(...), anchorHoriz='center', anchorVert='center', antialias=True, autoDraw=False, autoLog=True, bold=False, color=array([1., 1., 1.]), colorSpace='rgb', contrast=1.0, depth=0.0, flipHoriz=False, flipVert=False, font='Open Sans', fontFiles=[], height=0.05, italic=False, languageStyle='LTR', name='text_2', opacity=1.0, ori=0.0, pos=array([0., 0.]), rgb=UNKNOWN, text='Press spacebar to start the experiment\n\n', units='height', win=Window(...), wrapWidth=1)
35.6056 	EXP 	Created GA = GratingStim(__class__=<class 'psychopy.visual.grating.GratingStim'>, anchor='center', autoDraw=False, autoLog=True, blendmode='avg', color=array([1., 1., 1.]), colorSpace='rgb', contrast=1.0, depth=-2.0, interpolate=True, mask='circle', maskParams=None, name='GA', opacity=1.0, ori=0.0, phase=array([0., 0.]), pos=array([0., 0.]), rgbPedestal=array([0., 0., 0.]), sf=array([1., 1.]), size=array([8.5]), tex='sqr', texRes=512.0, units='deg', win=Window(...))
35.6092 	EXP 	Created polygon = ShapeStim(__class__=<class 'psychopy.visual.shape.ShapeStim'>, anchor=('center', 'center'), autoDraw=False, autoLog=True, closeShape=True, color=method-wrapper(...), colorSpace='rgb', contrast=None, depth=-3.0, fillColor=array([0., 0., 0.]), fillColorSpace='rgb', fillRGB=array([0., 0., 0.]), interpolate=True, lineColor=array([0., 0., 0.]), lineColorSpace='rgb', lineRGB=array([0., 0., 0.]), lineWidth=1.0, name='polygon', opacity=1.0, ori=0.0, pos=array([0., 0.]), size=array([0.05, 0.05]), units='height', vertices=ndarray(...), win=Window(...), windingRule=None)
35.6098 	EXP 	Created text_3 = TextStim(__class__=<class 'psychopy.visual.text.TextStim'>, alignHoriz=method-wrapper(...), alignText='center', alignVert=method-wrapper(...), anchorHoriz='center', anchorVert='center', antialias=True, autoDraw=False, autoLog=True, bold=False, color=array([1., 1., 1.]), colorSpace='rgb', contrast=1.0, depth=-4.0, flipHoriz=False, flipVert=False, font='Open Sans', fontFiles=[], height=0.05, italic=False, languageStyle='LTR', name='text_3', opacity=1.0, ori=0.0, pos=array([0.   , 0.125]), rgb=UNKNOWN, text='', units='height', win=Window(...), wrapWidth=1)
35.6110 	EXP 	Created polygon_2 = ShapeStim(__class__=<class 'psychopy.visual.shape.ShapeStim'>, anchor=('center', 'center'), autoDraw=False, autoLog=True, closeShape=True, color=method-wrapper(...), colorSpace='rgb', contrast=None, depth=-2.0, fillColor=array([0., 0., 0.]), fillColorSpace='rgb', fillRGB=array([0., 0., 0.]), interpolate=True, lineColor=array([0., 0., 0.]), lineColorSpace='rgb', lineRGB=array([0., 0., 0.]), lineWidth=1.0, name='polygon_2', opacity=1.0, ori=0.0, pos=array([0., 0.]), size=array([0.05, 0.05]), units='height', vertices=ndarray(...), win=Window(...), windingRule=None)
35.6115 	EXP 	Created text_4 = TextStim(__class__=<class 'psychopy.visual.text.TextStim'>, alignHoriz=method-wrapper(...), alignText='center', alignVert=method-wrapper(...), anchorHoriz='center', anchorVert='center', antialias=True, autoDraw=False, autoLog=True, bold=False, color=array([1., 1., 1.]), colorSpace='rgb', contrast=1.0, depth=-3.0, flipHoriz=False, flipVert=False, font='Open Sans', fontFiles=[], height=0.05, italic=False, languageStyle='LTR', name='text_4', opacity=1.0, ori=0.0, pos=array([0.   , 0.125]), rgb=UNKNOWN, text='', units='height', win=Window(...), wrapWidth=1)
35.6126 	EXP 	Created polygon_3 = ShapeStim(__class__=<class 'psychopy.visual.shape.ShapeStim'>, anchor=('center', 'center'), autoDraw=False, autoLog=True, closeShape=True, color=method-wrapper(...), colorSpace='rgb', contrast=None, depth=0.0, fillColor=array([0., 0., 0.]), fillColorSpace='rgb', fillRGB=array([0., 0., 0.]), interpolate=True, lineColor=array([0., 0., 0.]), lineColorSpace='rgb', lineRGB=array([0., 0., 0.]), lineWidth=1.0, name='polygon_3', opacity=1.0, ori=0.0, pos=array([0., 0.]), size=array([0.05, 0.05]), units='height', vertices=ndarray(...), win=Window(...), windingRule=None)
35.6169 	EXP 	text_2: autoDraw = True
36.4067 	EXP 	Created sequence: random, trialTypes=1, nReps=20, seed=None
36.4069 	EXP 	New trial (rep=0, index=0): None
36.4075 	EXP 	Created sequence: random, trialTypes=1, nReps=1, seed=None
36.4076 	EXP 	New trial (rep=0, index=0): None
38.9983 	DATA 	Keypress: space
39.0026 	EXP 	text_2: autoDraw = False
39.0026 	EXP 	GA: sf = array([0.5, 0.5])
39.0026 	EXP 	GA: phase = array([0., 0.])
39.0026 	EXP 	text_3: height = 0.05
39.0026 	EXP 	text_3: height = 0.05
39.0026 	EXP 	text_3: height = 0.05
39.0026 	EXP 	text_3: text = 'Spatial frequency: 0.500\nContrast: 0.141'
39.0026 	EXP 	text_4: height = 0.05
39.0026 	EXP 	text_4: height = 0.05
39.0026 	EXP 	text_4: height = 0.05
39.0026 	EXP 	text_4: text = 'Spatial frequency: 0.500\nContrast: 0.141'
39.0026 	EXP 	GA: autoDraw = True
39.0026 	EXP 	polygon_2: autoDraw = True
39.0026 	EXP 	text_4: autoDraw = True
39.0026 	EXP 	GA: tex = 'sqr'
42.0033 	EXP 	GA: autoDraw = False
42.0033 	EXP 	polygon_2: autoDraw = False
42.0033 	EXP 	text_4: autoDraw = False
42.0033 	EXP 	GA: autoDraw = False
42.0033 	EXP 	polygon_2: autoDraw = False
42.0033 	EXP 	text_4: autoDraw = False
42.0033 	EXP 	polygon_3: autoDraw = True
42.5025 	EXP 	New trial (rep=1, index=0): None
42.5030 	EXP 	Created sequence: random, trialTypes=1, nReps=1, seed=None
42.5031 	EXP 	New trial (rep=0, index=0): None
44.7367 	EXP 	GA: sf = array([0.5, 0.5])
44.7367 	EXP 	GA: phase = array([0., 0.])
44.7367 	EXP 	text_3: text = 'Spatial frequency: 0.500\nContrast: 0.141'
44.7367 	EXP 	text_4: text = 'Spatial frequency: 0.500\nContrast: 0.141'
44.7367 	EXP 	GA: autoDraw = True
44.7367 	EXP 	polygon_2: autoDraw = True
44.7367 	EXP 	text_4: autoDraw = True
44.7367 	EXP 	GA: tex = 'sqr'
47.7416 	EXP 	GA: autoDraw = False
47.7416 	EXP 	polygon_2: autoDraw = False
47.7416 	EXP 	text_4: autoDraw = False
47.7416 	EXP 	GA: autoDraw = False
47.7416 	EXP 	polygon_2: autoDraw = False
47.7416 	EXP 	text_4: autoDraw = False
47.7416 	EXP 	polygon_3: autoDraw = True
47.7472 	EXP 	polygon_3: autoDraw = True
47.7530 	EXP 	polygon_3: autoDraw = True
47.7596 	EXP 	polygon_3: autoDraw = True
47.7650 	EXP 	polygon_3: autoDraw = True
47.7721 	EXP 	polygon_3: autoDraw = True
47.7778 	EXP 	polygon_3: autoDraw = True
47.7833 	EXP 	polygon_3: autoDraw = True
47.7896 	EXP 	polygon_3: autoDraw = True
47.7956 	EXP 	polygon_3: autoDraw = True
47.8016 	EXP 	polygon_3: autoDraw = True
47.8080 	EXP 	polygon_3: autoDraw = True
47.8136 	EXP 	polygon_3: autoDraw = True
47.8198 	EXP 	polygon_3: autoDraw = True
47.8261 	EXP 	polygon_3: autoDraw = True
47.8317 	EXP 	polygon_3: autoDraw = True
47.8385 	EXP 	polygon_3: autoDraw = True
47.8448 	EXP 	polygon_3: autoDraw = True
47.8510 	EXP 	polygon_3: autoDraw = True
47.8566 	EXP 	polygon_3: autoDraw = True
47.8626 	EXP 	polygon_3: autoDraw = True
47.8701 	EXP 	polygon_3: autoDraw = True
47.8753 	EXP 	polygon_3: autoDraw = True
47.8811 	EXP 	polygon_3: autoDraw = True
47.8869 	EXP 	polygon_3: autoDraw = True
47.8934 	EXP 	polygon_3: autoDraw = True
47.8992 	EXP 	polygon_3: autoDraw = True
47.9056 	EXP 	polygon_3: autoDraw = True
47.9111 	EXP 	polygon_3: autoDraw = True
47.9183 	EXP 	polygon_3: autoDraw = True
47.9235 	EXP 	polygon_3: autoDraw = True
47.9295 	EXP 	polygon_3: autoDraw = True
47.9356 	EXP 	polygon_3: autoDraw = True
47.9418 	EXP 	polygon_3: autoDraw = True
47.9477 	EXP 	polygon_3: autoDraw = True
47.9543 	EXP 	polygon_3: autoDraw = True
47.9606 	EXP 	polygon_3: autoDraw = True
47.9665 	EXP 	polygon_3: autoDraw = True
47.9739 	EXP 	polygon_3: autoDraw = True
47.9790 	EXP 	polygon_3: autoDraw = True
47.9844 	EXP 	polygon_3: autoDraw = True
47.9902 	EXP 	polygon_3: autoDraw = True
47.9962 	EXP 	polygon_3: autoDraw = True
48.0022 	EXP 	polygon_3: autoDraw = True
48.0085 	EXP 	polygon_3: autoDraw = True
48.0146 	EXP 	polygon_3: autoDraw = True
48.0201 	EXP 	polygon_3: autoDraw = True
48.0266 	EXP 	polygon_3: autoDraw = True
48.0324 	EXP 	polygon_3: autoDraw = True
48.0384 	EXP 	polygon_3: autoDraw = True
48.0452 	EXP 	polygon_3: autoDraw = True
48.0509 	EXP 	polygon_3: autoDraw = True
48.0593 	EXP 	polygon_3: autoDraw = True
48.0693 	EXP 	polygon_3: autoDraw = True
48.0763 	EXP 	polygon_3: autoDraw = True
48.0810 	EXP 	polygon_3: autoDraw = True
48.0867 	EXP 	polygon_3: autoDraw = True
48.0933 	EXP 	polygon_3: autoDraw = True
48.1021 	EXP 	polygon_3: autoDraw = True
48.1064 	EXP 	polygon_3: autoDraw = True
48.1110 	EXP 	polygon_3: autoDraw = True
48.1167 	EXP 	polygon_3: autoDraw = True
48.1233 	EXP 	polygon_3: autoDraw = True
48.1295 	EXP 	polygon_3: autoDraw = True
48.1364 	EXP 	polygon_3: autoDraw = True
48.1415 	EXP 	polygon_3: autoDraw = True
48.1481 	EXP 	polygon_3: autoDraw = True
48.1537 	EXP 	polygon_3: autoDraw = True
48.1602 	EXP 	polygon_3: autoDraw = True
48.1660 	EXP 	polygon_3: autoDraw = True
48.1717 	EXP 	polygon_3: autoDraw = True
48.1778 	EXP 	polygon_3: autoDraw = True
48.1840 	EXP 	polygon_3: autoDraw = True
48.1900 	EXP 	polygon_3: autoDraw = True
48.1960 	EXP 	polygon_3: autoDraw = True
48.2020 	EXP 	polygon_3: autoDraw = True
48.2080 	EXP 	polygon_3: autoDraw = True
48.2140 	EXP 	polygon_3: autoDraw = True
48.2202 	EXP 	polygon_3: autoDraw = True
48.2266 	EXP 	polygon_3: autoDraw = True
48.2327 	EXP 	polygon_3: autoDraw = True
48.2385 	EXP 	polygon_3: autoDraw = True
48.2387 	EXP 	New trial (rep=2, index=0): None
48.2393 	EXP 	Created sequence: random, trialTypes=1, nReps=1, seed=None
48.2394 	EXP 	New trial (rep=0, index=0): None
50.3814 	EXP 	GA: sf = array([0.5, 0.5])
50.3814 	EXP 	GA: phase = array([0., 0.])
50.3814 	EXP 	text_3: height = 0.05
50.3814 	EXP 	text_3: height = 0.05
50.3814 	EXP 	text_3: height = 0.05
50.3814 	EXP 	text_3: text = 'Spatial frequency: 0.500\nContrast: 0.053'
50.3814 	EXP 	text_4: height = 0.05
50.3814 	EXP 	text_4: height = 0.05
50.3814 	EXP 	text_4: height = 0.05
50.3814 	EXP 	text_4: text = 'Spatial frequency: 0.500\nContrast: 0.053'
50.3814 	EXP 	GA: autoDraw = True
50.3814 	EXP 	polygon_2: autoDraw = True
50.3814 	EXP 	text_4: autoDraw = True
50.3814 	EXP 	GA: tex = 'sqr'
53.3820 	EXP 	GA: autoDraw = False
53.3820 	EXP 	polygon_2: autoDraw = False
53.3820 	EXP 	text_4: autoDraw = False
53.3820 	EXP 	GA: autoDraw = False
53.3820 	EXP 	polygon_2: autoDraw = False
53.3820 	EXP 	text_4: autoDraw = False
53.3820 	EXP 	polygon_3: autoDraw = True
53.3875 	EXP 	polygon_3: autoDraw = True
53.3959 	EXP 	polygon_3: autoDraw = True
53.3998 	EXP 	polygon_3: autoDraw = True
53.4066 	EXP 	polygon_3: autoDraw = True
53.4125 	EXP 	polygon_3: autoDraw = True
53.4183 	EXP 	polygon_3: autoDraw = True
53.4243 	EXP 	polygon_3: autoDraw = True
53.4304 	EXP 	polygon_3: autoDraw = True
53.4361 	EXP 	polygon_3: autoDraw = True
53.4423 	EXP 	polygon_3: autoDraw = True
53.4486 	EXP 	polygon_3: autoDraw = True
53.4554 	EXP 	polygon_3: autoDraw = True
53.4605 	EXP 	polygon_3: autoDraw = True
53.4666 	EXP 	polygon_3: autoDraw = True
53.4733 	EXP 	polygon_3: autoDraw = True
53.4792 	EXP 	polygon_3: autoDraw = True
53.4848 	EXP 	polygon_3: autoDraw = True
53.4909 	EXP 	polygon_3: autoDraw = True
53.4979 	EXP 	polygon_3: autoDraw = True
53.5034 	EXP 	polygon_3: autoDraw = True
53.5091 	EXP 	polygon_3: autoDraw = True
53.5148 	EXP 	polygon_3: autoDraw = True
53.5208 	EXP 	polygon_3: autoDraw = True
53.5275 	EXP 	polygon_3: autoDraw = True
53.5334 	EXP 	polygon_3: autoDraw = True
53.5406 	EXP 	polygon_3: autoDraw = True
53.5456 	EXP 	polygon_3: autoDraw = True
53.5512 	EXP 	polygon_3: autoDraw = True
53.5577 	EXP 	polygon_3: autoDraw = True
53.5635 	EXP 	polygon_3: autoDraw = True
53.5698 	EXP 	polygon_3: autoDraw = True
53.5754 	EXP 	polygon_3: autoDraw = True
53.5816 	EXP 	polygon_3: autoDraw = True
53.5876 	EXP 	polygon_3: autoDraw = True
53.5935 	EXP 	polygon_3: autoDraw = True
53.5995 	EXP 	polygon_3: autoDraw = True
53.6056 	EXP 	polygon_3: autoDraw = True
53.6121 	EXP 	polygon_3: autoDraw = True
53.6179 	EXP 	polygon_3: autoDraw = True
53.6241 	EXP 	polygon_3: autoDraw = True
53.6303 	EXP 	polygon_3: autoDraw = True
53.6368 	EXP 	polygon_3: autoDraw = True
53.6423 	EXP 	polygon_3: autoDraw = True
53.6482 	EXP 	polygon_3: autoDraw = True
53.6546 	EXP 	polygon_3: autoDraw = True
53.6609 	EXP 	polygon_3: autoDraw = True
53.6670 	EXP 	polygon_3: autoDraw = True
53.6726 	EXP 	polygon_3: autoDraw = True
53.6785 	EXP 	polygon_3: autoDraw = True
53.6849 	EXP 	polygon_3: autoDraw = True
53.6912 	EXP 	polygon_3: autoDraw = True
53.6972 	EXP 	polygon_3: autoDraw = True
53.7031 	EXP 	polygon_3: autoDraw = True
53.7096 	EXP 	polygon_3: autoDraw = True
53.7156 	EXP 	polygon_3: autoDraw = True
53.7214 	EXP 	polygon_3: autoDraw = True
53.7274 	EXP 	polygon_3: autoDraw = True
53.7334 	EXP 	polygon_3: autoDraw = True
53.7395 	EXP 	polygon_3: autoDraw = True
53.7452 	EXP 	polygon_3: autoDraw = True
53.7520 	EXP 	polygon_3: autoDraw = True
53.7577 	EXP 	polygon_3: autoDraw = True
53.7636 	EXP 	polygon_3: autoDraw = True
53.7694 	EXP 	polygon_3: autoDraw = True
53.7755 	EXP 	polygon_3: autoDraw = True
53.7830 	EXP 	polygon_3: autoDraw = True
53.7876 	EXP 	polygon_3: autoDraw = True
53.7941 	EXP 	polygon_3: autoDraw = True
53.8002 	EXP 	polygon_3: autoDraw = True
53.8060 	EXP 	polygon_3: autoDraw = True
53.8118 	EXP 	polygon_3: autoDraw = True
53.8184 	EXP 	polygon_3: autoDraw = True
53.8244 	EXP 	polygon_3: autoDraw = True
53.8301 	EXP 	polygon_3: autoDraw = True
53.8360 	EXP 	polygon_3: autoDraw = True
53.8423 	EXP 	polygon_3: autoDraw = True
53.8485 	EXP 	polygon_3: autoDraw = True
53.8544 	EXP 	polygon_3: autoDraw = True
53.8605 	EXP 	polygon_3: autoDraw = True
53.8665 	EXP 	polygon_3: autoDraw = True
53.8724 	EXP 	polygon_3: autoDraw = True
53.8794 	EXP 	polygon_3: autoDraw = True
53.8797 	EXP 	New trial (rep=3, index=0): None
53.8802 	EXP 	Created sequence: random, trialTypes=1, nReps=1, seed=None
53.8803 	EXP 	New trial (rep=0, index=0): None
56.0466 	EXP 	GA: sf = array([0.5, 0.5])
56.0466 	EXP 	GA: phase = array([0., 0.])
56.0466 	EXP 	text_3: height = 0.05
56.0466 	EXP 	text_3: height = 0.05
56.0466 	EXP 	text_3: height = 0.05
56.0466 	EXP 	text_3: text = 'Spatial frequency: 0.500\nContrast: 0.020'
56.0466 	EXP 	text_4: height = 0.05
56.0466 	EXP 	text_4: height = 0.05
56.0466 	EXP 	text_4: height = 0.05
56.0466 	EXP 	text_4: text = 'Spatial frequency: 0.500\nContrast: 0.020'
56.0466 	EXP 	GA: autoDraw = True
56.0466 	EXP 	polygon_2: autoDraw = True
56.0466 	EXP 	text_4: autoDraw = True
56.0466 	EXP 	GA: tex = 'sqr'
59.0481 	EXP 	GA: autoDraw = False
59.0481 	EXP 	polygon_2: autoDraw = False
59.0481 	EXP 	text_4: autoDraw = False
59.0481 	EXP 	GA: autoDraw = False
59.0481 	EXP 	polygon_2: autoDraw = False
59.0481 	EXP 	text_4: autoDraw = False
59.0481 	EXP 	polygon_3: autoDraw = True
59.0535 	EXP 	polygon_3: autoDraw = True
59.0598 	EXP 	polygon_3: autoDraw = True
59.0664 	EXP 	polygon_3: autoDraw = True
59.0721 	EXP 	polygon_3: autoDraw = True
59.0779 	EXP 	polygon_3: autoDraw = True
59.0835 	EXP 	polygon_3: autoDraw = True
59.0909 	EXP 	polygon_3: autoDraw = True
59.0970 	EXP 	polygon_3: autoDraw = True
59.1020 	EXP 	polygon_3: autoDraw = True
59.1082 	EXP 	polygon_3: autoDraw = True
59.1140 	EXP 	polygon_3: autoDraw = True
59.1198 	EXP 	polygon_3: autoDraw = True
59.1263 	EXP 	polygon_3: autoDraw = True
59.1323 	EXP 	polygon_3: autoDraw = True
59.1396 	EXP 	polygon_3: autoDraw = True
59.1454 	EXP 	polygon_3: autoDraw = True
59.1515 	EXP 	polygon_3: autoDraw = True
59.1569 	EXP 	polygon_3: autoDraw = True
59.1630 	EXP 	polygon_3: autoDraw = True
59.1687 	EXP 	polygon_3: autoDraw = True
59.1747 	EXP 	polygon_3: autoDraw = True
59.1809 	EXP 	polygon_3: autoDraw = True
59.1874 	EXP 	polygon_3: autoDraw = True
59.1933 	EXP 	polygon_3: autoDraw = True
59.1996 	EXP 	polygon_3: autoDraw = True
59.2054 	EXP 	polygon_3: autoDraw = True
59.2112 	EXP 	polygon_3: autoDraw = True
59.2174 	EXP 	polygon_3: autoDraw = True
59.2236 	EXP 	polygon_3: autoDraw = True
59.2296 	EXP 	polygon_3: autoDraw = True
59.2360 	EXP 	polygon_3: autoDraw = True
59.2417 	EXP 	polygon_3: autoDraw = True
59.2474 	EXP 	polygon_3: autoDraw = True
59.2536 	EXP 	polygon_3: autoDraw = True
59.2610 	EXP 	polygon_3: autoDraw = True
59.2672 	EXP 	polygon_3: autoDraw = True
59.2716 	EXP 	polygon_3: autoDraw = True
59.2776 	EXP 	polygon_3: autoDraw = True
59.2836 	EXP 	polygon_3: autoDraw = True
59.2903 	EXP 	polygon_3: autoDraw = True
59.2957 	EXP 	polygon_3: autoDraw = True
59.3017 	EXP 	polygon_3: autoDraw = True
59.3078 	EXP 	polygon_3: autoDraw = True
59.3144 	EXP 	polygon_3: autoDraw = True
59.3217 	EXP 	polygon_3: autoDraw = True
59.3258 	EXP 	polygon_3: autoDraw = True
59.3318 	EXP 	polygon_3: autoDraw = True
59.3377 	EXP 	polygon_3: autoDraw = True
59.3437 	EXP 	polygon_3: autoDraw = True
59.3496 	EXP 	polygon_3: autoDraw = True
59.3554 	EXP 	polygon_3: autoDraw = True
59.3618 	EXP 	polygon_3: autoDraw = True
59.3675 	EXP 	polygon_3: autoDraw = True
59.3739 	EXP 	polygon_3: autoDraw = True
59.3803 	EXP 	polygon_3: autoDraw = True
59.3857 	EXP 	polygon_3: autoDraw = True
59.3916 	EXP 	polygon_3: autoDraw = True
59.3981 	EXP 	polygon_3: autoDraw = True
59.4041 	EXP 	polygon_3: autoDraw = True
59.4105 	EXP 	polygon_3: autoDraw = True
59.4163 	EXP 	polygon_3: autoDraw = True
59.4228 	EXP 	polygon_3: autoDraw = True
59.4292 	EXP 	polygon_3: autoDraw = True
59.4350 	EXP 	polygon_3: autoDraw = True
59.4409 	EXP 	polygon_3: autoDraw = True
59.4473 	EXP 	polygon_3: autoDraw = True
59.4531 	EXP 	polygon_3: autoDraw = True
59.4596 	EXP 	polygon_3: autoDraw = True
59.4651 	EXP 	polygon_3: autoDraw = True
59.4713 	EXP 	polygon_3: autoDraw = True
59.4772 	EXP 	polygon_3: autoDraw = True
59.4832 	EXP 	polygon_3: autoDraw = True
59.4896 	EXP 	polygon_3: autoDraw = True
59.4953 	EXP 	polygon_3: autoDraw = True
59.5017 	EXP 	polygon_3: autoDraw = True
59.5077 	EXP 	polygon_3: autoDraw = True
59.5134 	EXP 	polygon_3: autoDraw = True
59.5201 	EXP 	polygon_3: autoDraw = True
59.5259 	EXP 	polygon_3: autoDraw = True
59.5320 	EXP 	polygon_3: autoDraw = True
59.5380 	EXP 	polygon_3: autoDraw = True
59.5442 	EXP 	polygon_3: autoDraw = True
59.5445 	EXP 	New trial (rep=4, index=0): None
59.5451 	EXP 	Created sequence: random, trialTypes=1, nReps=1, seed=None
59.5452 	EXP 	New trial (rep=0, index=0): None
61.6945 	EXP 	GA: sf = array([0.5, 0.5])
61.6945 	EXP 	GA: phase = array([0., 0.])
61.6945 	EXP 	text_3: height = 0.05
61.6945 	EXP 	text_3: height = 0.05
61.6945 	EXP 	text_3: height = 0.05
61.6945 	EXP 	text_3: text = 'Spatial frequency: 0.500\nContrast: 1.000'
61.6945 	EXP 	text_4: height = 0.05
61.6945 	EXP 	text_4: height = 0.05
61.6945 	EXP 	text_4: height = 0.05
61.6945 	EXP 	text_4: text = 'Spatial frequency: 0.500\nContrast: 1.000'
61.6945 	EXP 	GA: autoDraw = True
61.6945 	EXP 	polygon_2: autoDraw = True
61.6945 	EXP 	text_4: autoDraw = True
61.6945 	EXP 	GA: tex = 'sqr'
64.6948 	EXP 	GA: autoDraw = False
64.6948 	EXP 	polygon_2: autoDraw = False
64.6948 	EXP 	text_4: autoDraw = False
64.6948 	EXP 	GA: autoDraw = False
64.6948 	EXP 	polygon_2: autoDraw = False
64.6948 	EXP 	text_4: autoDraw = False
64.6948 	EXP 	polygon_3: autoDraw = True
64.7001 	EXP 	polygon_3: autoDraw = True
64.7066 	EXP 	polygon_3: autoDraw = True
64.7131 	EXP 	polygon_3: autoDraw = True
64.7190 	EXP 	polygon_3: autoDraw = True
64.7248 	EXP 	polygon_3: autoDraw = True
64.7316 	EXP 	polygon_3: autoDraw = True
64.7361 	EXP 	polygon_3: autoDraw = True
64.7422 	EXP 	polygon_3: autoDraw = True
64.7480 	EXP 	polygon_3: autoDraw = True
64.7538 	EXP 	polygon_3: autoDraw = True
64.7600 	EXP 	polygon_3: autoDraw = True
64.7670 	EXP 	polygon_3: autoDraw = True
64.7723 	EXP 	polygon_3: autoDraw = True
64.7785 	EXP 	polygon_3: autoDraw = True
64.7846 	EXP 	polygon_3: autoDraw = True
64.7918 	EXP 	polygon_3: autoDraw = True
64.7971 	EXP 	polygon_3: autoDraw = True
64.8028 	EXP 	polygon_3: autoDraw = True
64.8090 	EXP 	polygon_3: autoDraw = True
64.8149 	EXP 	polygon_3: autoDraw = True
64.8209 	EXP 	polygon_3: autoDraw = True
64.8268 	EXP 	polygon_3: autoDraw = True
64.8329 	EXP 	polygon_3: autoDraw = True
64.8395 	EXP 	polygon_3: autoDraw = True
64.8455 	EXP 	polygon_3: autoDraw = True
64.8516 	EXP 	polygon_3: autoDraw = True
64.8576 	EXP 	polygon_3: autoDraw = True
64.8635 	EXP 	polygon_3: autoDraw = True
64.8696 	EXP 	polygon_3: autoDraw = True
64.8769 	EXP 	polygon_3: autoDraw = True
64.8817 	EXP 	polygon_3: autoDraw = True
64.8879 	EXP 	polygon_3: autoDraw = True
64.8941 	EXP 	polygon_3: autoDraw = True
64.8999 	EXP 	polygon_3: autoDraw = True
64.9059 	EXP 	polygon_3: autoDraw = True
64.9123 	EXP 	polygon_3: autoDraw = True
64.9182 	EXP 	polygon_3: autoDraw = True
64.9243 	EXP 	polygon_3: autoDraw = True
64.9304 	EXP 	polygon_3: autoDraw = True
64.9365 	EXP 	polygon_3: autoDraw = True
64.9425 	EXP 	polygon_3: autoDraw = True
64.9486 	EXP 	polygon_3: autoDraw = True
64.9550 	EXP 	polygon_3: autoDraw = True
64.9604 	EXP 	polygon_3: autoDraw = True
64.9674 	EXP 	polygon_3: autoDraw = True
64.9724 	EXP 	polygon_3: autoDraw = True
64.9790 	EXP 	polygon_3: autoDraw = True
64.9846 	EXP 	polygon_3: autoDraw = True
64.9906 	EXP 	polygon_3: autoDraw = True
64.9968 	EXP 	polygon_3: autoDraw = True
65.0030 	EXP 	polygon_3: autoDraw = True
65.0097 	EXP 	polygon_3: autoDraw = True
65.0154 	EXP 	polygon_3: autoDraw = True
65.0212 	EXP 	polygon_3: autoDraw = True
65.0275 	EXP 	polygon_3: autoDraw = True
65.0338 	EXP 	polygon_3: autoDraw = True
65.0394 	EXP 	polygon_3: autoDraw = True
65.0455 	EXP 	polygon_3: autoDraw = True
65.0513 	EXP 	polygon_3: autoDraw = True
65.0577 	EXP 	polygon_3: autoDraw = True
65.0637 	EXP 	polygon_3: autoDraw = True
65.0698 	EXP 	polygon_3: autoDraw = True
65.0758 	EXP 	polygon_3: autoDraw = True
65.0818 	EXP 	polygon_3: autoDraw = True
65.0881 	EXP 	polygon_3: autoDraw = True
65.0940 	EXP 	polygon_3: autoDraw = True
65.1001 	EXP 	polygon_3: autoDraw = True
65.1060 	EXP 	polygon_3: autoDraw = True
65.1128 	EXP 	polygon_3: autoDraw = True
65.1181 	EXP 	polygon_3: autoDraw = True
65.1244 	EXP 	polygon_3: autoDraw = True
65.1304 	EXP 	polygon_3: autoDraw = True
65.1364 	EXP 	polygon_3: autoDraw = True
65.1431 	EXP 	polygon_3: autoDraw = True
65.1486 	EXP 	polygon_3: autoDraw = True
65.1544 	EXP 	polygon_3: autoDraw = True
65.1608 	EXP 	polygon_3: autoDraw = True
65.1664 	EXP 	polygon_3: autoDraw = True
65.1738 	EXP 	polygon_3: autoDraw = True
65.1788 	EXP 	polygon_3: autoDraw = True
65.1850 	EXP 	polygon_3: autoDraw = True
65.1913 	EXP 	polygon_3: autoDraw = True
65.1916 	EXP 	New trial (rep=5, index=0): None
65.1922 	EXP 	Created sequence: random, trialTypes=1, nReps=1, seed=None
65.1923 	EXP 	New trial (rep=0, index=0): None
67.3437 	EXP 	GA: sf = array([0.5, 0.5])
67.3437 	EXP 	GA: phase = array([0., 0.])
67.3437 	EXP 	text_3: height = 0.05
67.3437 	EXP 	text_3: height = 0.05
67.3437 	EXP 	text_3: height = 0.05
67.3437 	EXP 	text_3: text = 'Spatial frequency: 0.500\nContrast: 0.020'
67.3437 	EXP 	text_4: height = 0.05
67.3437 	EXP 	text_4: height = 0.05
67.3437 	EXP 	text_4: height = 0.05
67.3437 	EXP 	text_4: text = 'Spatial frequency: 0.500\nContrast: 0.020'
67.3437 	EXP 	GA: autoDraw = True
67.3437 	EXP 	polygon_2: autoDraw = True
67.3437 	EXP 	text_4: autoDraw = True
67.3437 	EXP 	GA: tex = 'sqr'
70.3475 	EXP 	GA: autoDraw = False
70.3475 	EXP 	polygon_2: autoDraw = False
70.3475 	EXP 	text_4: autoDraw = False
70.3475 	EXP 	GA: autoDraw = False
70.3475 	EXP 	polygon_2: autoDraw = False
70.3475 	EXP 	text_4: autoDraw = False
70.3475 	EXP 	polygon_3: autoDraw = True
70.3528 	EXP 	polygon_3: autoDraw = True
70.3586 	EXP 	polygon_3: autoDraw = True
70.3649 	EXP 	polygon_3: autoDraw = True
70.3718 	EXP 	polygon_3: autoDraw = True
70.3772 	EXP 	polygon_3: autoDraw = True
70.3836 	EXP 	polygon_3: autoDraw = True
70.3889 	EXP 	polygon_3: autoDraw = True
70.3957 	EXP 	polygon_3: autoDraw = True
70.4020 	EXP 	polygon_3: autoDraw = True
70.4071 	EXP 	polygon_3: autoDraw = True
70.4135 	EXP 	polygon_3: autoDraw = True
70.4199 	EXP 	polygon_3: autoDraw = True
70.4255 	EXP 	polygon_3: autoDraw = True
70.4334 	EXP 	polygon_3: autoDraw = True
70.4379 	EXP 	polygon_3: autoDraw = True
70.4452 	EXP 	polygon_3: autoDraw = True
70.4498 	EXP 	polygon_3: autoDraw = True
70.4560 	EXP 	polygon_3: autoDraw = True
70.4621 	EXP 	polygon_3: autoDraw = True
70.4685 	EXP 	polygon_3: autoDraw = True
70.4741 	EXP 	polygon_3: autoDraw = True
70.4804 	EXP 	polygon_3: autoDraw = True
70.4864 	EXP 	polygon_3: autoDraw = True
70.4919 	EXP 	polygon_3: autoDraw = True
70.4981 	EXP 	polygon_3: autoDraw = True
70.5049 	EXP 	polygon_3: autoDraw = True
70.5111 	EXP 	polygon_3: autoDraw = True
70.5168 	EXP 	polygon_3: autoDraw = True
70.5230 	EXP 	polygon_3: autoDraw = True
70.5288 	EXP 	polygon_3: autoDraw = True
70.5345 	EXP 	polygon_3: autoDraw = True
70.5407 	EXP 	polygon_3: autoDraw = True
70.5474 	EXP 	polygon_3: autoDraw = True
70.5528 	EXP 	polygon_3: autoDraw = True
70.5589 	EXP 	polygon_3: autoDraw = True
70.5650 	EXP 	polygon_3: autoDraw = True
70.5713 	EXP 	polygon_3: autoDraw = True
70.5770 	EXP 	polygon_3: autoDraw = True
70.5828 	EXP 	polygon_3: autoDraw = True
70.5890 	EXP 	polygon_3: autoDraw = True
70.5952 	EXP 	polygon_3: autoDraw = True
70.6009 	EXP 	polygon_3: autoDraw = True
70.6072 	EXP 	polygon_3: autoDraw = True
70.6135 	EXP 	polygon_3: autoDraw = True
70.6196 	EXP 	polygon_3: autoDraw = True
70.6257 	EXP 	polygon_3: autoDraw = True
70.6316 	EXP 	polygon_3: autoDraw = True
70.6380 	EXP 	polygon_3: autoDraw = True
70.6442 	EXP 	polygon_3: autoDraw = True
70.6498 	EXP 	polygon_3: autoDraw = True
70.6560 	EXP 	polygon_3: autoDraw = True
70.6619 	EXP 	polygon_3: autoDraw = True
70.6682 	EXP 	polygon_3: autoDraw = True
70.6750 	EXP 	polygon_3: autoDraw = True
70.6802 	EXP 	polygon_3: autoDraw = True
70.6867 	EXP 	polygon_3: autoDraw = True
70.6919 	EXP 	polygon_3: autoDraw = True
70.6989 	EXP 	polygon_3: autoDraw = True
70.7047 	EXP 	polygon_3: autoDraw = True
70.7100 	EXP 	polygon_3: autoDraw = True
70.7162 	EXP 	polygon_3: autoDraw = True
70.7229 	EXP 	polygon_3: autoDraw = True
70.7287 	EXP 	polygon_3: autoDraw = True
70.7348 	EXP 	polygon_3: autoDraw = True
70.7411 	EXP 	polygon_3: autoDraw = True
70.7466 	EXP 	polygon_3: autoDraw = True
70.7530 	EXP 	polygon_3: autoDraw = True
70.7593 	EXP 	polygon_3: autoDraw = True
70.7652 	EXP 	polygon_3: autoDraw = True
70.7724 	EXP 	polygon_3: autoDraw = True
70.7775 	EXP 	polygon_3: autoDraw = True
70.7833 	EXP 	polygon_3: autoDraw = True
70.7899 	EXP 	polygon_3: autoDraw = True
70.7969 	EXP 	polygon_3: autoDraw = True
70.8019 	EXP 	polygon_3: autoDraw = True
70.8083 	EXP 	polygon_3: autoDraw = True
70.8142 	EXP 	polygon_3: autoDraw = True
70.8205 	EXP 	polygon_3: autoDraw = True
70.8268 	EXP 	polygon_3: autoDraw = True
70.8320 	EXP 	polygon_3: autoDraw = True
70.8390 	EXP 	polygon_3: autoDraw = True
70.8443 	EXP 	polygon_3: autoDraw = True
70.8445 	EXP 	New trial (rep=6, index=0): None
70.8451 	EXP 	Created sequence: random, trialTypes=1, nReps=1, seed=None
70.8452 	EXP 	New trial (rep=0, index=0): None
72.9194 	EXP 	GA: sf = array([0.5, 0.5])
72.9194 	EXP 	GA: phase = array([0., 0.])
72.9194 	EXP 	text_3: height = 0.05
72.9194 	EXP 	text_3: height = 0.05
72.9194 	EXP 	text_3: height = 0.05
72.9194 	EXP 	text_3: text = 'Spatial frequency: 0.500\nContrast: 1.000'
72.9194 	EXP 	text_4: height = 0.05
72.9194 	EXP 	text_4: height = 0.05
72.9194 	EXP 	text_4: height = 0.05
72.9194 	EXP 	text_4: text = 'Spatial frequency: 0.500\nContrast: 1.000'
72.9194 	EXP 	GA: autoDraw = True
72.9194 	EXP 	polygon_2: autoDraw = True
72.9194 	EXP 	text_4: autoDraw = True
72.9194 	EXP 	GA: tex = 'sqr'
75.9211 	EXP 	GA: autoDraw = False
75.9211 	EXP 	polygon_2: autoDraw = False
75.9211 	EXP 	text_4: autoDraw = False
75.9211 	EXP 	GA: autoDraw = False
75.9211 	EXP 	polygon_2: autoDraw = False
75.9211 	EXP 	text_4: autoDraw = False
75.9211 	EXP 	polygon_3: autoDraw = True
75.9268 	EXP 	polygon_3: autoDraw = True
75.9332 	EXP 	polygon_3: autoDraw = True
75.9392 	EXP 	polygon_3: autoDraw = True
75.9451 	EXP 	polygon_3: autoDraw = True
75.9536 	EXP 	polygon_3: autoDraw = True
75.9572 	EXP 	polygon_3: autoDraw = True
75.9631 	EXP 	polygon_3: autoDraw = True
75.9693 	EXP 	polygon_3: autoDraw = True
75.9753 	EXP 	polygon_3: autoDraw = True
75.9814 	EXP 	polygon_3: autoDraw = True
75.9874 	EXP 	polygon_3: autoDraw = True
75.9934 	EXP 	polygon_3: autoDraw = True
75.9994 	EXP 	polygon_3: autoDraw = True
76.0054 	EXP 	polygon_3: autoDraw = True
76.0118 	EXP 	polygon_3: autoDraw = True
76.0179 	EXP 	polygon_3: autoDraw = True
76.0238 	EXP 	polygon_3: autoDraw = True
76.0300 	EXP 	polygon_3: autoDraw = True
76.0361 	EXP 	polygon_3: autoDraw = True
76.0431 	EXP 	polygon_3: autoDraw = True
76.0484 	EXP 	polygon_3: autoDraw = True
76.0542 	EXP 	polygon_3: autoDraw = True
76.0610 	EXP 	polygon_3: autoDraw = True
76.0666 	EXP 	polygon_3: autoDraw = True
76.0726 	EXP 	polygon_3: autoDraw = True
76.0784 	EXP 	polygon_3: autoDraw = True
76.0845 	EXP 	polygon_3: autoDraw = True
76.0910 	EXP 	polygon_3: autoDraw = True
76.0971 	EXP 	polygon_3: autoDraw = True
76.1028 	EXP 	polygon_3: autoDraw = True
76.1089 	EXP 	polygon_3: autoDraw = True
76.1150 	EXP 	polygon_3: autoDraw = True
76.1209 	EXP 	polygon_3: autoDraw = True
76.1267 	EXP 	polygon_3: autoDraw = True
76.1329 	EXP 	polygon_3: autoDraw = True
76.1392 	EXP 	polygon_3: autoDraw = True
76.1456 	EXP 	polygon_3: autoDraw = True
76.1510 	EXP 	polygon_3: autoDraw = True
76.1574 	EXP 	polygon_3: autoDraw = True
76.1635 	EXP 	polygon_3: autoDraw = True
76.1697 	EXP 	polygon_3: autoDraw = True
76.1757 	EXP 	polygon_3: autoDraw = True
76.1816 	EXP 	polygon_3: autoDraw = True
76.1882 	EXP 	polygon_3: autoDraw = True
76.1938 	EXP 	polygon_3: autoDraw = True
76.1996 	EXP 	polygon_3: autoDraw = True
76.2059 	EXP 	polygon_3: autoDraw = True
76.2120 	EXP 	polygon_3: autoDraw = True
76.2180 	EXP 	polygon_3: autoDraw = True
76.2239 	EXP 	polygon_3: autoDraw = True
76.2300 	EXP 	polygon_3: autoDraw = True
76.2360 	EXP 	polygon_3: autoDraw = True
76.2420 	EXP 	polygon_3: autoDraw = True
76.2480 	EXP 	polygon_3: autoDraw = True
76.2539 	EXP 	polygon_3: autoDraw = True
76.2600 	EXP 	polygon_3: autoDraw = True
76.2666 	EXP 	polygon_3: autoDraw = True
76.2722 	EXP 	polygon_3: autoDraw = True
76.2786 	EXP 	polygon_3: autoDraw = True
76.2843 	EXP 	polygon_3: autoDraw = True
76.2903 	EXP 	polygon_3: autoDraw = True
76.2966 	EXP 	polygon_3: autoDraw = True
76.3026 	EXP 	polygon_3: autoDraw = True
76.3096 	EXP 	polygon_3: autoDraw = True
76.3148 	EXP 	polygon_3: autoDraw = True
76.3209 	EXP 	polygon_3: autoDraw = True
76.3267 	EXP 	polygon_3: autoDraw = True
76.3329 	EXP 	polygon_3: autoDraw = True
76.3392 	EXP 	polygon_3: autoDraw = True
76.3461 	EXP 	polygon_3: autoDraw = True
76.3510 	EXP 	polygon_3: autoDraw = True
76.3577 	EXP 	polygon_3: autoDraw = True
76.3630 	EXP 	polygon_3: autoDraw = True
76.3697 	EXP 	polygon_3: autoDraw = True
76.3761 	EXP 	polygon_3: autoDraw = True
76.3813 	EXP 	polygon_3: autoDraw = True
76.3877 	EXP 	polygon_3: autoDraw = True
76.3936 	EXP 	polygon_3: autoDraw = True
76.3997 	EXP 	polygon_3: autoDraw = True
76.4056 	EXP 	polygon_3: autoDraw = True
76.4120 	EXP 	polygon_3: autoDraw = True
76.4175 	EXP 	polygon_3: autoDraw = True
76.4179 	EXP 	New trial (rep=7, index=0): None
76.4184 	EXP 	Created sequence: random, trialTypes=1, nReps=1, seed=None
76.4185 	EXP 	New trial (rep=0, index=0): None
78.8174 	EXP 	GA: sf = array([0.5, 0.5])
78.8174 	EXP 	GA: phase = array([0., 0.])
78.8174 	EXP 	text_3: text = 'Spatial frequency: 0.500\nContrast: 1.000'
78.8174 	EXP 	text_4: text = 'Spatial frequency: 0.500\nContrast: 1.000'
78.8174 	EXP 	GA: autoDraw = True
78.8174 	EXP 	polygon_2: autoDraw = True
78.8174 	EXP 	text_4: autoDraw = True
78.8174 	EXP 	GA: tex = 'sqr'
81.8168 	EXP 	GA: autoDraw = False
81.8168 	EXP 	polygon_2: autoDraw = False
81.8168 	EXP 	text_4: autoDraw = False
81.8168 	EXP 	GA: autoDraw = False
81.8168 	EXP 	polygon_2: autoDraw = False
81.8168 	EXP 	text_4: autoDraw = False
81.8168 	EXP 	polygon_3: autoDraw = True
81.8221 	EXP 	polygon_3: autoDraw = True
81.8285 	EXP 	polygon_3: autoDraw = True
81.8346 	EXP 	polygon_3: autoDraw = True
81.8409 	EXP 	polygon_3: autoDraw = True
81.8471 	EXP 	polygon_3: autoDraw = True
81.8526 	EXP 	polygon_3: autoDraw = True
81.8587 	EXP 	polygon_3: autoDraw = True
81.8649 	EXP 	polygon_3: autoDraw = True
81.8709 	EXP 	polygon_3: autoDraw = True
81.8769 	EXP 	polygon_3: autoDraw = True
81.8832 	EXP 	polygon_3: autoDraw = True
81.8891 	EXP 	polygon_3: autoDraw = True
81.8960 	EXP 	polygon_3: autoDraw = True
81.9017 	EXP 	polygon_3: autoDraw = True
81.9072 	EXP 	polygon_3: autoDraw = True
81.9134 	EXP 	polygon_3: autoDraw = True
81.9196 	EXP 	polygon_3: autoDraw = True
81.9257 	EXP 	polygon_3: autoDraw = True
81.9318 	EXP 	polygon_3: autoDraw = True
81.9377 	EXP 	polygon_3: autoDraw = True
81.9440 	EXP 	polygon_3: autoDraw = True
81.9501 	EXP 	polygon_3: autoDraw = True
81.9566 	EXP 	polygon_3: autoDraw = True
81.9624 	EXP 	polygon_3: autoDraw = True
81.9697 	EXP 	polygon_3: autoDraw = True
81.9744 	EXP 	polygon_3: autoDraw = True
81.9807 	EXP 	polygon_3: autoDraw = True
81.9865 	EXP 	polygon_3: autoDraw = True
81.9931 	EXP 	polygon_3: autoDraw = True
81.9992 	EXP 	polygon_3: autoDraw = True
82.0049 	EXP 	polygon_3: autoDraw = True
82.0110 	EXP 	polygon_3: autoDraw = True
82.0168 	EXP 	polygon_3: autoDraw = True
82.0234 	EXP 	polygon_3: autoDraw = True
82.0289 	EXP 	polygon_3: autoDraw = True
82.0352 	EXP 	polygon_3: autoDraw = True
82.0413 	EXP 	polygon_3: autoDraw = True
82.0488 	EXP 	polygon_3: autoDraw = True
82.0534 	EXP 	polygon_3: autoDraw = True
82.0596 	EXP 	polygon_3: autoDraw = True
82.0658 	EXP 	polygon_3: autoDraw = True
82.0713 	EXP 	polygon_3: autoDraw = True
82.0785 	EXP 	polygon_3: autoDraw = True
82.0838 	EXP 	polygon_3: autoDraw = True
82.0898 	EXP 	polygon_3: autoDraw = True
82.0958 	EXP 	polygon_3: autoDraw = True
82.1014 	EXP 	polygon_3: autoDraw = True
82.1079 	EXP 	polygon_3: autoDraw = True
82.1150 	EXP 	polygon_3: autoDraw = True
82.1200 	EXP 	polygon_3: autoDraw = True
82.1264 	EXP 	polygon_3: autoDraw = True
82.1321 	EXP 	polygon_3: autoDraw = True
82.1382 	EXP 	polygon_3: autoDraw = True
82.1454 	EXP 	polygon_3: autoDraw = True
82.1500 	EXP 	polygon_3: autoDraw = True
82.1559 	EXP 	polygon_3: autoDraw = True
82.1620 	EXP 	polygon_3: autoDraw = True
82.1686 	EXP 	polygon_3: autoDraw = True
82.1745 	EXP 	polygon_3: autoDraw = True
82.1803 	EXP 	polygon_3: autoDraw = True
82.1864 	EXP 	polygon_3: autoDraw = True
82.1934 	EXP 	polygon_3: autoDraw = True
82.1977 	EXP 	polygon_3: autoDraw = True
82.2039 	EXP 	polygon_3: autoDraw = True
82.2108 	EXP 	polygon_3: autoDraw = True
82.2167 	EXP 	polygon_3: autoDraw = True
82.2222 	EXP 	polygon_3: autoDraw = True
82.2279 	EXP 	polygon_3: autoDraw = True
82.2345 	EXP 	polygon_3: autoDraw = True
82.2403 	EXP 	polygon_3: autoDraw = True
82.2471 	EXP 	polygon_3: autoDraw = True
82.2528 	EXP 	polygon_3: autoDraw = True
82.2584 	EXP 	polygon_3: autoDraw = True
82.2650 	EXP 	polygon_3: autoDraw = True
82.2701 	EXP 	polygon_3: autoDraw = True
82.2769 	EXP 	polygon_3: autoDraw = True
82.2830 	EXP 	polygon_3: autoDraw = True
82.2884 	EXP 	polygon_3: autoDraw = True
82.2961 	EXP 	polygon_3: autoDraw = True
82.3010 	EXP 	polygon_3: autoDraw = True
82.3073 	EXP 	polygon_3: autoDraw = True
82.3131 	EXP 	polygon_3: autoDraw = True
82.3133 	EXP 	New trial (rep=8, index=0): None
82.3139 	EXP 	Created sequence: random, trialTypes=1, nReps=1, seed=None
82.3140 	EXP 	New trial (rep=0, index=0): None
84.3419 	EXP 	GA: sf = array([0.5, 0.5])
84.3419 	EXP 	GA: phase = array([0., 0.])
84.3419 	EXP 	text_3: height = 0.05
84.3419 	EXP 	text_3: height = 0.05
84.3419 	EXP 	text_3: height = 0.05
84.3419 	EXP 	text_3: text = 'Spatial frequency: 0.500\nContrast: 0.020'
84.3419 	EXP 	text_4: height = 0.05
84.3419 	EXP 	text_4: height = 0.05
84.3419 	EXP 	text_4: height = 0.05
84.3419 	EXP 	text_4: text = 'Spatial frequency: 0.500\nContrast: 0.020'
84.3419 	EXP 	GA: autoDraw = True
84.3419 	EXP 	polygon_2: autoDraw = True
84.3419 	EXP 	text_4: autoDraw = True
84.3419 	EXP 	GA: tex = 'sqr'
87.3430 	EXP 	GA: autoDraw = False
87.3430 	EXP 	polygon_2: autoDraw = False
87.3430 	EXP 	text_4: autoDraw = False
87.3430 	EXP 	GA: autoDraw = False
87.3430 	EXP 	polygon_2: autoDraw = False
87.3430 	EXP 	text_4: autoDraw = False
87.3430 	EXP 	polygon_3: autoDraw = True
87.3489 	EXP 	polygon_3: autoDraw = True
87.3547 	EXP 	polygon_3: autoDraw = True
87.3610 	EXP 	polygon_3: autoDraw = True
87.3667 	EXP 	polygon_3: autoDraw = True
87.3730 	EXP 	polygon_3: autoDraw = True
87.3790 	EXP 	polygon_3: autoDraw = True
87.3856 	EXP 	polygon_3: autoDraw = True
87.3923 	EXP 	polygon_3: autoDraw = True
87.3971 	EXP 	polygon_3: autoDraw = True
87.4034 	EXP 	polygon_3: autoDraw = True
87.4099 	EXP 	polygon_3: autoDraw = True
87.4157 	EXP 	polygon_3: autoDraw = True
87.4217 	EXP 	polygon_3: autoDraw = True
87.4274 	EXP 	polygon_3: autoDraw = True
87.4336 	EXP 	polygon_3: autoDraw = True
87.4392 	EXP 	polygon_3: autoDraw = True
87.4459 	EXP 	polygon_3: autoDraw = True
87.4517 	EXP 	polygon_3: autoDraw = True
87.4580 	EXP 	polygon_3: autoDraw = True
87.4643 	EXP 	polygon_3: autoDraw = True
87.4698 	EXP 	polygon_3: autoDraw = True
87.4760 	EXP 	polygon_3: autoDraw = True
87.4825 	EXP 	polygon_3: autoDraw = True
87.4883 	EXP 	polygon_3: autoDraw = True
87.4941 	EXP 	polygon_3: autoDraw = True
87.4999 	EXP 	polygon_3: autoDraw = True
87.5062 	EXP 	polygon_3: autoDraw = True
87.5125 	EXP 	polygon_3: autoDraw = True
87.5183 	EXP 	polygon_3: autoDraw = True
87.5245 	EXP 	polygon_3: autoDraw = True
87.5306 	EXP 	polygon_3: autoDraw = True
87.5369 	EXP 	polygon_3: autoDraw = True
87.5430 	EXP 	polygon_3: autoDraw = True
87.5482 	EXP 	polygon_3: autoDraw = True
87.5542 	EXP 	polygon_3: autoDraw = True
87.5609 	EXP 	polygon_3: autoDraw = True
87.5670 	EXP 	polygon_3: autoDraw = True
87.5738 	EXP 	polygon_3: autoDraw = True
87.5787 	EXP 	polygon_3: autoDraw = True
87.5847 	EXP 	polygon_3: autoDraw = True
87.5911 	EXP 	polygon_3: autoDraw = True
87.5970 	EXP 	polygon_3: autoDraw = True
87.6034 	EXP 	polygon_3: autoDraw = True
87.6098 	EXP 	polygon_3: autoDraw = True
87.6167 	EXP 	polygon_3: autoDraw = True
87.6215 	EXP 	polygon_3: autoDraw = True
87.6276 	EXP 	polygon_3: autoDraw = True
87.6340 	EXP 	polygon_3: autoDraw = True
87.6401 	EXP 	polygon_3: autoDraw = True
87.6457 	EXP 	polygon_3: autoDraw = True
87.6521 	EXP 	polygon_3: autoDraw = True
87.6582 	EXP 	polygon_3: autoDraw = True
87.6639 	EXP 	polygon_3: autoDraw = True
87.6702 	EXP 	polygon_3: autoDraw = True
87.6757 	EXP 	polygon_3: autoDraw = True
87.6817 	EXP 	polygon_3: autoDraw = True
87.6880 	EXP 	polygon_3: autoDraw = True
87.6943 	EXP 	polygon_3: autoDraw = True
87.7002 	EXP 	polygon_3: autoDraw = True
87.7063 	EXP 	polygon_3: autoDraw = True
87.7124 	EXP 	polygon_3: autoDraw = True
87.7186 	EXP 	polygon_3: autoDraw = True
87.7246 	EXP 	polygon_3: autoDraw = True
87.7305 	EXP 	polygon_3: autoDraw = True
87.7367 	EXP 	polygon_3: autoDraw = True
87.7429 	EXP 	polygon_3: autoDraw = True
87.7487 	EXP 	polygon_3: autoDraw = True
87.7542 	EXP 	polygon_3: autoDraw = True
87.7607 	EXP 	polygon_3: autoDraw = True
87.7670 	EXP 	polygon_3: autoDraw = True
87.7729 	EXP 	polygon_3: autoDraw = True
87.7802 	EXP 	polygon_3: autoDraw = True
87.7849 	EXP 	polygon_3: autoDraw = True
87.7912 	EXP 	polygon_3: autoDraw = True
87.7971 	EXP 	polygon_3: autoDraw = True
87.8031 	EXP 	polygon_3: autoDraw = True
87.8096 	EXP 	polygon_3: autoDraw = True
87.8156 	EXP 	polygon_3: autoDraw = True
87.8216 	EXP 	polygon_3: autoDraw = True
87.8273 	EXP 	polygon_3: autoDraw = True
87.8336 	EXP 	polygon_3: autoDraw = True
87.8396 	EXP 	polygon_3: autoDraw = True
87.8402 	EXP 	New trial (rep=9, index=0): None
87.8408 	EXP 	Created sequence: random, trialTypes=1, nReps=1, seed=None
87.8409 	EXP 	New trial (rep=0, index=0): None
90.0042 	EXP 	GA: sf = array([0.5, 0.5])
90.0042 	EXP 	GA: phase = array([0., 0.])
90.0042 	EXP 	text_3: height = 0.05
90.0042 	EXP 	text_3: height = 0.05
90.0042 	EXP 	text_3: height = 0.05
90.0042 	EXP 	text_3: text = 'Spatial frequency: 0.500\nContrast: 0.141'
90.0042 	EXP 	text_4: height = 0.05
90.0042 	EXP 	text_4: height = 0.05
90.0042 	EXP 	text_4: height = 0.05
90.0042 	EXP 	text_4: text = 'Spatial frequency: 0.500\nContrast: 0.141'
90.0042 	EXP 	GA: autoDraw = True
90.0042 	EXP 	polygon_2: autoDraw = True
90.0042 	EXP 	text_4: autoDraw = True
90.0042 	EXP 	GA: tex = 'sqr'
93.0073 	EXP 	GA: autoDraw = False
93.0073 	EXP 	polygon_2: autoDraw = False
93.0073 	EXP 	text_4: autoDraw = False
93.0073 	EXP 	GA: autoDraw = False
93.0073 	EXP 	polygon_2: autoDraw = False
93.0073 	EXP 	text_4: autoDraw = False
93.0073 	EXP 	polygon_3: autoDraw = True
93.0135 	EXP 	polygon_3: autoDraw = True
93.0190 	EXP 	polygon_3: autoDraw = True
93.0248 	EXP 	polygon_3: autoDraw = True
93.0316 	EXP 	polygon_3: autoDraw = True
93.0374 	EXP 	polygon_3: autoDraw = True
93.0430 	EXP 	polygon_3: autoDraw = True
93.0496 	EXP 	polygon_3: autoDraw = True
93.0557 	EXP 	polygon_3: autoDraw = True
93.0618 	EXP 	polygon_3: autoDraw = True
93.0678 	EXP 	polygon_3: autoDraw = True
93.0739 	EXP 	polygon_3: autoDraw = True
93.0797 	EXP 	polygon_3: autoDraw = True
93.0865 	EXP 	polygon_3: autoDraw = True
93.0922 	EXP 	polygon_3: autoDraw = True
93.0990 	EXP 	polygon_3: autoDraw = True
93.1040 	EXP 	polygon_3: autoDraw = True
93.1101 	EXP 	polygon_3: autoDraw = True
93.1159 	EXP 	polygon_3: autoDraw = True
93.1224 	EXP 	polygon_3: autoDraw = True
93.1286 	EXP 	polygon_3: autoDraw = True
93.1349 	EXP 	polygon_3: autoDraw = True
93.1411 	EXP 	polygon_3: autoDraw = True
93.1465 	EXP 	polygon_3: autoDraw = True
93.1527 	EXP 	polygon_3: autoDraw = True
93.1586 	EXP 	polygon_3: autoDraw = True
93.1644 	EXP 	polygon_3: autoDraw = True
93.1707 	EXP 	polygon_3: autoDraw = True
93.1768 	EXP 	polygon_3: autoDraw = True
93.1826 	EXP 	polygon_3: autoDraw = True
93.1891 	EXP 	polygon_3: autoDraw = True
93.1948 	EXP 	polygon_3: autoDraw = True
93.2019 	EXP 	polygon_3: autoDraw = True
93.2071 	EXP 	polygon_3: autoDraw = True
93.2133 	EXP 	polygon_3: autoDraw = True
93.2190 	EXP 	polygon_3: autoDraw = True
93.2251 	EXP 	polygon_3: autoDraw = True
93.2313 	EXP 	polygon_3: autoDraw = True
93.2374 	EXP 	polygon_3: autoDraw = True
93.2430 	EXP 	polygon_3: autoDraw = True
93.2494 	EXP 	polygon_3: autoDraw = True
93.2557 	EXP 	polygon_3: autoDraw = True
93.2616 	EXP 	polygon_3: autoDraw = True
93.2674 	EXP 	polygon_3: autoDraw = True
93.2736 	EXP 	polygon_3: autoDraw = True
93.2797 	EXP 	polygon_3: autoDraw = True
93.2855 	EXP 	polygon_3: autoDraw = True
93.2917 	EXP 	polygon_3: autoDraw = True
93.2984 	EXP 	polygon_3: autoDraw = True
93.3039 	EXP 	polygon_3: autoDraw = True
93.3104 	EXP 	polygon_3: autoDraw = True
93.3162 	EXP 	polygon_3: autoDraw = True
93.3220 	EXP 	polygon_3: autoDraw = True
93.3285 	EXP 	polygon_3: autoDraw = True
93.3344 	EXP 	polygon_3: autoDraw = True
93.3408 	EXP 	polygon_3: autoDraw = True
93.3467 	EXP 	polygon_3: autoDraw = True
93.3532 	EXP 	polygon_3: autoDraw = True
93.3586 	EXP 	polygon_3: autoDraw = True
93.3650 	EXP 	polygon_3: autoDraw = True
93.3714 	EXP 	polygon_3: autoDraw = True
93.3768 	EXP 	polygon_3: autoDraw = True
93.3828 	EXP 	polygon_3: autoDraw = True
93.3885 	EXP 	polygon_3: autoDraw = True
93.3949 	EXP 	polygon_3: autoDraw = True
93.4005 	EXP 	polygon_3: autoDraw = True
93.4073 	EXP 	polygon_3: autoDraw = True
93.4128 	EXP 	polygon_3: autoDraw = True
93.4191 	EXP 	polygon_3: autoDraw = True
93.4252 	EXP 	polygon_3: autoDraw = True
93.4311 	EXP 	polygon_3: autoDraw = True
93.4373 	EXP 	polygon_3: autoDraw = True
93.4431 	EXP 	polygon_3: autoDraw = True
93.4490 	EXP 	polygon_3: autoDraw = True
93.4553 	EXP 	polygon_3: autoDraw = True
93.4616 	EXP 	polygon_3: autoDraw = True
93.4674 	EXP 	polygon_3: autoDraw = True
93.4732 	EXP 	polygon_3: autoDraw = True
93.4792 	EXP 	polygon_3: autoDraw = True
93.4860 	EXP 	polygon_3: autoDraw = True
93.4915 	EXP 	polygon_3: autoDraw = True
93.4981 	EXP 	polygon_3: autoDraw = True
93.5038 	EXP 	polygon_3: autoDraw = True
93.5040 	EXP 	New trial (rep=10, index=0): None
93.5045 	EXP 	Created sequence: random, trialTypes=1, nReps=1, seed=None
93.5046 	EXP 	New trial (rep=0, index=0): None
95.6677 	EXP 	GA: sf = array([0.5, 0.5])
95.6677 	EXP 	GA: phase = array([0., 0.])
95.6677 	EXP 	text_3: height = 0.05
95.6677 	EXP 	text_3: height = 0.05
95.6677 	EXP 	text_3: height = 0.05
95.6677 	EXP 	text_3: text = 'Spatial frequency: 0.500\nContrast: 0.376'
95.6677 	EXP 	text_4: height = 0.05
95.6677 	EXP 	text_4: height = 0.05
95.6677 	EXP 	text_4: height = 0.05
95.6677 	EXP 	text_4: text = 'Spatial frequency: 0.500\nContrast: 0.376'
95.6677 	EXP 	GA: autoDraw = True
95.6677 	EXP 	polygon_2: autoDraw = True
95.6677 	EXP 	text_4: autoDraw = True
95.6677 	EXP 	GA: tex = 'sqr'
98.6721 	EXP 	GA: autoDraw = False
98.6721 	EXP 	polygon_2: autoDraw = False
98.6721 	EXP 	text_4: autoDraw = False
98.6721 	EXP 	GA: autoDraw = False
98.6721 	EXP 	polygon_2: autoDraw = False
98.6721 	EXP 	text_4: autoDraw = False
98.6721 	EXP 	polygon_3: autoDraw = True
98.6779 	EXP 	polygon_3: autoDraw = True
98.6849 	EXP 	polygon_3: autoDraw = True
98.6909 	EXP 	polygon_3: autoDraw = True
98.6963 	EXP 	polygon_3: autoDraw = True
98.7023 	EXP 	polygon_3: autoDraw = True
98.7085 	EXP 	polygon_3: autoDraw = True
98.7159 	EXP 	polygon_3: autoDraw = True
98.7213 	EXP 	polygon_3: autoDraw = True
98.7269 	EXP 	polygon_3: autoDraw = True
98.7328 	EXP 	polygon_3: autoDraw = True
98.7394 	EXP 	polygon_3: autoDraw = True
98.7451 	EXP 	polygon_3: autoDraw = True
98.7517 	EXP 	polygon_3: autoDraw = True
98.7573 	EXP 	polygon_3: autoDraw = True
98.7632 	EXP 	polygon_3: autoDraw = True
98.7695 	EXP 	polygon_3: autoDraw = True
98.7758 	EXP 	polygon_3: autoDraw = True
98.7811 	EXP 	polygon_3: autoDraw = True
98.7870 	EXP 	polygon_3: autoDraw = True
98.7946 	EXP 	polygon_3: autoDraw = True
98.7996 	EXP 	polygon_3: autoDraw = True
98.8056 	EXP 	polygon_3: autoDraw = True
98.8123 	EXP 	polygon_3: autoDraw = True
98.8178 	EXP 	polygon_3: autoDraw = True
98.8246 	EXP 	polygon_3: autoDraw = True
98.8306 	EXP 	polygon_3: autoDraw = True
98.8364 	EXP 	polygon_3: autoDraw = True
98.8430 	EXP 	polygon_3: autoDraw = True
98.8499 	EXP 	polygon_3: autoDraw = True
98.8545 	EXP 	polygon_3: autoDraw = True
98.8604 	EXP 	polygon_3: autoDraw = True
98.8665 	EXP 	polygon_3: autoDraw = True
98.8744 	EXP 	polygon_3: autoDraw = True
98.8787 	EXP 	polygon_3: autoDraw = True
98.8853 	EXP 	polygon_3: autoDraw = True
98.8910 	EXP 	polygon_3: autoDraw = True
98.8967 	EXP 	polygon_3: autoDraw = True
98.9029 	EXP 	polygon_3: autoDraw = True
98.9100 	EXP 	polygon_3: autoDraw = True
98.9153 	EXP 	polygon_3: autoDraw = True
98.9213 	EXP 	polygon_3: autoDraw = True
98.9275 	EXP 	polygon_3: autoDraw = True
98.9338 	EXP 	polygon_3: autoDraw = True
98.9393 	EXP 	polygon_3: autoDraw = True
98.9462 	EXP 	polygon_3: autoDraw = True
98.9523 	EXP 	polygon_3: autoDraw = True
98.9581 	EXP 	polygon_3: autoDraw = True
98.9642 	EXP 	polygon_3: autoDraw = True
98.9715 	EXP 	polygon_3: autoDraw = True
98.9765 	EXP 	polygon_3: autoDraw = True
98.9823 	EXP 	polygon_3: autoDraw = True
98.9883 	EXP 	polygon_3: autoDraw = True
98.9941 	EXP 	polygon_3: autoDraw = True
99.0002 	EXP 	polygon_3: autoDraw = True
99.0060 	EXP 	polygon_3: autoDraw = True
99.0116 	EXP 	polygon_3: autoDraw = True
99.0183 	EXP 	polygon_3: autoDraw = True
99.0246 	EXP 	polygon_3: autoDraw = True
99.0316 	EXP 	polygon_3: autoDraw = True
99.0369 	EXP 	polygon_3: autoDraw = True
99.0432 	EXP 	polygon_3: autoDraw = True
99.0482 	EXP 	polygon_3: autoDraw = True
99.0543 	EXP 	polygon_3: autoDraw = True
99.0609 	EXP 	polygon_3: autoDraw = True
99.0670 	EXP 	polygon_3: autoDraw = True
99.0727 	EXP 	polygon_3: autoDraw = True
99.0789 	EXP 	polygon_3: autoDraw = True
99.0849 	EXP 	polygon_3: autoDraw = True
99.0912 	EXP 	polygon_3: autoDraw = True
99.0973 	EXP 	polygon_3: autoDraw = True
99.1031 	EXP 	polygon_3: autoDraw = True
99.1089 	EXP 	polygon_3: autoDraw = True
99.1149 	EXP 	polygon_3: autoDraw = True
99.1211 	EXP 	polygon_3: autoDraw = True
99.1277 	EXP 	polygon_3: autoDraw = True
99.1340 	EXP 	polygon_3: autoDraw = True
99.1399 	EXP 	polygon_3: autoDraw = True
99.1459 	EXP 	polygon_3: autoDraw = True
99.1516 	EXP 	polygon_3: autoDraw = True
99.1577 	EXP 	polygon_3: autoDraw = True
99.1638 	EXP 	polygon_3: autoDraw = True
99.1698 	EXP 	polygon_3: autoDraw = True
99.1701 	EXP 	New trial (rep=11, index=0): None
99.1706 	EXP 	Created sequence: random, trialTypes=1, nReps=1, seed=None
99.1707 	EXP 	New trial (rep=0, index=0): None
101.3083 	EXP 	GA: sf = array([0.5, 0.5])
101.3083 	EXP 	GA: phase = array([0., 0.])
101.3083 	EXP 	text_3: height = 0.05
101.3083 	EXP 	text_3: height = 0.05
101.3083 	EXP 	text_3: height = 0.05
101.3083 	EXP 	text_3: text = 'Spatial frequency: 0.500\nContrast: 1.000'
101.3083 	EXP 	text_4: height = 0.05
101.3083 	EXP 	text_4: height = 0.05
101.3083 	EXP 	text_4: height = 0.05
101.3083 	EXP 	text_4: text = 'Spatial frequency: 0.500\nContrast: 1.000'
101.3083 	EXP 	GA: autoDraw = True
101.3083 	EXP 	polygon_2: autoDraw = True
101.3083 	EXP 	text_4: autoDraw = True
101.3083 	EXP 	GA: tex = 'sqr'
104.3077 	EXP 	GA: autoDraw = False
104.3077 	EXP 	polygon_2: autoDraw = False
104.3077 	EXP 	text_4: autoDraw = False
104.3077 	EXP 	GA: autoDraw = False
104.3077 	EXP 	polygon_2: autoDraw = False
104.3077 	EXP 	text_4: autoDraw = False
104.3077 	EXP 	polygon_3: autoDraw = True
104.3136 	EXP 	polygon_3: autoDraw = True
104.3202 	EXP 	polygon_3: autoDraw = True
104.3272 	EXP 	polygon_3: autoDraw = True
104.3318 	EXP 	polygon_3: autoDraw = True
104.3382 	EXP 	polygon_3: autoDraw = True
104.3443 	EXP 	polygon_3: autoDraw = True
104.3500 	EXP 	polygon_3: autoDraw = True
104.3568 	EXP 	polygon_3: autoDraw = True
104.3620 	EXP 	polygon_3: autoDraw = True
104.3679 	EXP 	polygon_3: autoDraw = True
104.3751 	EXP 	polygon_3: autoDraw = True
104.3799 	EXP 	polygon_3: autoDraw = True
104.3861 	EXP 	polygon_3: autoDraw = True
104.3918 	EXP 	polygon_3: autoDraw = True
104.3980 	EXP 	polygon_3: autoDraw = True
104.4058 	EXP 	polygon_3: autoDraw = True
104.4107 	EXP 	polygon_3: autoDraw = True
104.4171 	EXP 	polygon_3: autoDraw = True
104.4225 	EXP 	polygon_3: autoDraw = True
104.4279 	EXP 	polygon_3: autoDraw = True
104.4338 	EXP 	polygon_3: autoDraw = True
104.4402 	EXP 	polygon_3: autoDraw = True
104.4457 	EXP 	polygon_3: autoDraw = True
104.4522 	EXP 	polygon_3: autoDraw = True
104.4584 	EXP 	polygon_3: autoDraw = True
104.4639 	EXP 	polygon_3: autoDraw = True
104.4703 	EXP 	polygon_3: autoDraw = True
104.4762 	EXP 	polygon_3: autoDraw = True
104.4825 	EXP 	polygon_3: autoDraw = True
104.4885 	EXP 	polygon_3: autoDraw = True
104.4943 	EXP 	polygon_3: autoDraw = True
104.5007 	EXP 	polygon_3: autoDraw = True
104.5069 	EXP 	polygon_3: autoDraw = True
104.5124 	EXP 	polygon_3: autoDraw = True
104.5189 	EXP 	polygon_3: autoDraw = True
104.5254 	EXP 	polygon_3: autoDraw = True
104.5313 	EXP 	polygon_3: autoDraw = True
104.5374 	EXP 	polygon_3: autoDraw = True
104.5433 	EXP 	polygon_3: autoDraw = True
104.5501 	EXP 	polygon_3: autoDraw = True
104.5557 	EXP 	polygon_3: autoDraw = True
104.5615 	EXP 	polygon_3: autoDraw = True
104.5677 	EXP 	polygon_3: autoDraw = True
104.5739 	EXP 	polygon_3: autoDraw = True
104.5797 	EXP 	polygon_3: autoDraw = True
104.5854 	EXP 	polygon_3: autoDraw = True
104.5918 	EXP 	polygon_3: autoDraw = True
104.5983 	EXP 	polygon_3: autoDraw = True
104.6037 	EXP 	polygon_3: autoDraw = True
104.6102 	EXP 	polygon_3: autoDraw = True
104.6162 	EXP 	polygon_3: autoDraw = True
104.6223 	EXP 	polygon_3: autoDraw = True
104.6283 	EXP 	polygon_3: autoDraw = True
104.6342 	EXP 	polygon_3: autoDraw = True
104.6403 	EXP 	polygon_3: autoDraw = True
104.6461 	EXP 	polygon_3: autoDraw = True
104.6526 	EXP 	polygon_3: autoDraw = True
104.6583 	EXP 	polygon_3: autoDraw = True
104.6648 	EXP 	polygon_3: autoDraw = True
104.6714 	EXP 	polygon_3: autoDraw = True
104.6770 	EXP 	polygon_3: autoDraw = True
104.6831 	EXP 	polygon_3: autoDraw = True
104.6886 	EXP 	polygon_3: autoDraw = True
104.6952 	EXP 	polygon_3: autoDraw = True
104.7022 	EXP 	polygon_3: autoDraw = True
104.7069 	EXP 	polygon_3: autoDraw = True
104.7138 	EXP 	polygon_3: autoDraw = True
104.7191 	EXP 	polygon_3: autoDraw = True
104.7251 	EXP 	polygon_3: autoDraw = True
104.7312 	EXP 	polygon_3: autoDraw = True
104.7375 	EXP 	polygon_3: autoDraw = True
104.7431 	EXP 	polygon_3: autoDraw = True
104.7498 	EXP 	polygon_3: autoDraw = True
104.7559 	EXP 	polygon_3: autoDraw = True
104.7623 	EXP 	polygon_3: autoDraw = True
104.7676 	EXP 	polygon_3: autoDraw = True
104.7738 	EXP 	polygon_3: autoDraw = True
104.7796 	EXP 	polygon_3: autoDraw = True
104.7863 	EXP 	polygon_3: autoDraw = True
104.7936 	EXP 	polygon_3: autoDraw = True
104.7975 	EXP 	polygon_3: autoDraw = True
104.8034 	EXP 	polygon_3: autoDraw = True
104.8037 	EXP 	New trial (rep=12, index=0): None
104.8043 	EXP 	Created sequence: random, trialTypes=1, nReps=1, seed=None
104.8044 	EXP 	New trial (rep=0, index=0): None
107.0550 	EXP 	GA: sf = array([0.5, 0.5])
107.0550 	EXP 	GA: phase = array([0., 0.])
107.0550 	EXP 	text_3: height = 0.05
107.0550 	EXP 	text_3: height = 0.05
107.0550 	EXP 	text_3: height = 0.05
107.0550 	EXP 	text_3: text = 'Spatial frequency: 0.500\nContrast: 0.376'
107.0550 	EXP 	text_4: height = 0.05
107.0550 	EXP 	text_4: height = 0.05
107.0550 	EXP 	text_4: height = 0.05
107.0550 	EXP 	text_4: text = 'Spatial frequency: 0.500\nContrast: 0.376'
107.0550 	EXP 	GA: autoDraw = True
107.0550 	EXP 	polygon_2: autoDraw = True
107.0550 	EXP 	text_4: autoDraw = True
107.0550 	EXP 	GA: tex = 'sqr'
110.0576 	EXP 	GA: autoDraw = False
110.0576 	EXP 	polygon_2: autoDraw = False
110.0576 	EXP 	text_4: autoDraw = False
110.0576 	EXP 	GA: autoDraw = False
110.0576 	EXP 	polygon_2: autoDraw = False
110.0576 	EXP 	text_4: autoDraw = False
110.0576 	EXP 	polygon_3: autoDraw = True
110.0629 	EXP 	polygon_3: autoDraw = True
110.0692 	EXP 	polygon_3: autoDraw = True
110.0750 	EXP 	polygon_3: autoDraw = True
110.0813 	EXP 	polygon_3: autoDraw = True
110.0874 	EXP 	polygon_3: autoDraw = True
110.0945 	EXP 	polygon_3: autoDraw = True
110.0998 	EXP 	polygon_3: autoDraw = True
110.1052 	EXP 	polygon_3: autoDraw = True
110.1109 	EXP 	polygon_3: autoDraw = True
110.1173 	EXP 	polygon_3: autoDraw = True
110.1235 	EXP 	polygon_3: autoDraw = True
110.1297 	EXP 	polygon_3: autoDraw = True
110.1360 	EXP 	polygon_3: autoDraw = True
110.1416 	EXP 	polygon_3: autoDraw = True
110.1478 	EXP 	polygon_3: autoDraw = True
110.1538 	EXP 	polygon_3: autoDraw = True
110.1603 	EXP 	polygon_3: autoDraw = True
110.1662 	EXP 	polygon_3: autoDraw = True
110.1723 	EXP 	polygon_3: autoDraw = True
110.1781 	EXP 	polygon_3: autoDraw = True
110.1849 	EXP 	polygon_3: autoDraw = True
110.1901 	EXP 	polygon_3: autoDraw = True
110.1961 	EXP 	polygon_3: autoDraw = True
110.2025 	EXP 	polygon_3: autoDraw = True
110.2084 	EXP 	polygon_3: autoDraw = True
110.2148 	EXP 	polygon_3: autoDraw = True
110.2206 	EXP 	polygon_3: autoDraw = True
110.2265 	EXP 	polygon_3: autoDraw = True
110.2340 	EXP 	polygon_3: autoDraw = True
110.2387 	EXP 	polygon_3: autoDraw = True
110.2446 	EXP 	polygon_3: autoDraw = True
110.2507 	EXP 	polygon_3: autoDraw = True
110.2573 	EXP 	polygon_3: autoDraw = True
110.2629 	EXP 	polygon_3: autoDraw = True
110.2698 	EXP 	polygon_3: autoDraw = True
110.2746 	EXP 	polygon_3: autoDraw = True
110.2830 	EXP 	polygon_3: autoDraw = True
110.2870 	EXP 	polygon_3: autoDraw = True
110.2931 	EXP 	polygon_3: autoDraw = True
110.2993 	EXP 	polygon_3: autoDraw = True
110.3049 	EXP 	polygon_3: autoDraw = True
110.3123 	EXP 	polygon_3: autoDraw = True
110.3174 	EXP 	polygon_3: autoDraw = True
110.3240 	EXP 	polygon_3: autoDraw = True
110.3290 	EXP 	polygon_3: autoDraw = True
110.3353 	EXP 	polygon_3: autoDraw = True
110.3418 	EXP 	polygon_3: autoDraw = True
110.3480 	EXP 	polygon_3: autoDraw = True
110.3546 	EXP 	polygon_3: autoDraw = True
110.3598 	EXP 	polygon_3: autoDraw = True
110.3660 	EXP 	polygon_3: autoDraw = True
110.3719 	EXP 	polygon_3: autoDraw = True
110.3784 	EXP 	polygon_3: autoDraw = True
110.3844 	EXP 	polygon_3: autoDraw = True
110.3901 	EXP 	polygon_3: autoDraw = True
110.3960 	EXP 	polygon_3: autoDraw = True
110.4022 	EXP 	polygon_3: autoDraw = True
110.4108 	EXP 	polygon_3: autoDraw = True
110.4141 	EXP 	polygon_3: autoDraw = True
110.4214 	EXP 	polygon_3: autoDraw = True
110.4279 	EXP 	polygon_3: autoDraw = True
110.4324 	EXP 	polygon_3: autoDraw = True
110.4388 	EXP 	polygon_3: autoDraw = True
110.4449 	EXP 	polygon_3: autoDraw = True
110.4506 	EXP 	polygon_3: autoDraw = True
110.4571 	EXP 	polygon_3: autoDraw = True
110.4636 	EXP 	polygon_3: autoDraw = True
110.4697 	EXP 	polygon_3: autoDraw = True
110.4755 	EXP 	polygon_3: autoDraw = True
110.4821 	EXP 	polygon_3: autoDraw = True
110.4870 	EXP 	polygon_3: autoDraw = True
110.4948 	EXP 	polygon_3: autoDraw = True
110.4994 	EXP 	polygon_3: autoDraw = True
110.5059 	EXP 	polygon_3: autoDraw = True
110.5116 	EXP 	polygon_3: autoDraw = True
110.5181 	EXP 	polygon_3: autoDraw = True
110.5240 	EXP 	polygon_3: autoDraw = True
110.5297 	EXP 	polygon_3: autoDraw = True
110.5369 	EXP 	polygon_3: autoDraw = True
110.5433 	EXP 	polygon_3: autoDraw = True
110.5530 	EXP 	polygon_3: autoDraw = True
110.5532 	EXP 	New trial (rep=13, index=0): None
110.5539 	EXP 	Created sequence: random, trialTypes=1, nReps=1, seed=None
110.5539 	EXP 	New trial (rep=0, index=0): None
112.7697 	EXP 	GA: sf = array([0.5, 0.5])
112.7697 	EXP 	GA: phase = array([0., 0.])
112.7697 	EXP 	text_3: height = 0.05
112.7697 	EXP 	text_3: height = 0.05
112.7697 	EXP 	text_3: height = 0.05
112.7697 	EXP 	text_3: text = 'Spatial frequency: 0.500\nContrast: 0.053'
112.7697 	EXP 	text_4: height = 0.05
112.7697 	EXP 	text_4: height = 0.05
112.7697 	EXP 	text_4: height = 0.05
112.7697 	EXP 	text_4: text = 'Spatial frequency: 0.500\nContrast: 0.053'
112.7697 	EXP 	GA: autoDraw = True
112.7697 	EXP 	polygon_2: autoDraw = True
112.7697 	EXP 	text_4: autoDraw = True
112.7697 	EXP 	GA: tex = 'sqr'
115.7702 	EXP 	GA: autoDraw = False
115.7702 	EXP 	polygon_2: autoDraw = False
115.7702 	EXP 	text_4: autoDraw = False
115.7702 	EXP 	GA: autoDraw = False
115.7702 	EXP 	polygon_2: autoDraw = False
115.7702 	EXP 	text_4: autoDraw = False
115.7702 	EXP 	polygon_3: autoDraw = True
115.7762 	EXP 	polygon_3: autoDraw = True
115.7823 	EXP 	polygon_3: autoDraw = True
115.7884 	EXP 	polygon_3: autoDraw = True
115.7950 	EXP 	polygon_3: autoDraw = True
115.8008 	EXP 	polygon_3: autoDraw = True
115.8068 	EXP 	polygon_3: autoDraw = True
115.8129 	EXP 	polygon_3: autoDraw = True
115.8185 	EXP 	polygon_3: autoDraw = True
115.8249 	EXP 	polygon_3: autoDraw = True
115.8316 	EXP 	polygon_3: autoDraw = True
115.8368 	EXP 	polygon_3: autoDraw = True
115.8433 	EXP 	polygon_3: autoDraw = True
115.8497 	EXP 	polygon_3: autoDraw = True
115.8552 	EXP 	polygon_3: autoDraw = True
115.8618 	EXP 	polygon_3: autoDraw = True
115.8675 	EXP 	polygon_3: autoDraw = True
115.8738 	EXP 	polygon_3: autoDraw = True
115.8795 	EXP 	polygon_3: autoDraw = True
115.8867 	EXP 	polygon_3: autoDraw = True
115.8916 	EXP 	polygon_3: autoDraw = True
115.8983 	EXP 	polygon_3: autoDraw = True
115.9042 	EXP 	polygon_3: autoDraw = True
115.9101 	EXP 	polygon_3: autoDraw = True
115.9162 	EXP 	polygon_3: autoDraw = True
115.9239 	EXP 	polygon_3: autoDraw = True
115.9300 	EXP 	polygon_3: autoDraw = True
115.9343 	EXP 	polygon_3: autoDraw = True
115.9409 	EXP 	polygon_3: autoDraw = True
115.9469 	EXP 	polygon_3: autoDraw = True
115.9524 	EXP 	polygon_3: autoDraw = True
115.9587 	EXP 	polygon_3: autoDraw = True
115.9661 	EXP 	polygon_3: autoDraw = True
115.9736 	EXP 	polygon_3: autoDraw = True
115.9793 	EXP 	polygon_3: autoDraw = True
115.9851 	EXP 	polygon_3: autoDraw = True
115.9904 	EXP 	polygon_3: autoDraw = True
115.9950 	EXP 	polygon_3: autoDraw = True
116.0022 	EXP 	polygon_3: autoDraw = True
116.0090 	EXP 	polygon_3: autoDraw = True
116.0133 	EXP 	polygon_3: autoDraw = True
116.0198 	EXP 	polygon_3: autoDraw = True
116.0255 	EXP 	polygon_3: autoDraw = True
116.0320 	EXP 	polygon_3: autoDraw = True
116.0381 	EXP 	polygon_3: autoDraw = True
116.0435 	EXP 	polygon_3: autoDraw = True
116.0497 	EXP 	polygon_3: autoDraw = True
116.0567 	EXP 	polygon_3: autoDraw = True
116.0618 	EXP 	polygon_3: autoDraw = True
116.0683 	EXP 	polygon_3: autoDraw = True
116.0741 	EXP 	polygon_3: autoDraw = True
116.0803 	EXP 	polygon_3: autoDraw = True
116.0866 	EXP 	polygon_3: autoDraw = True
116.0970 	EXP 	polygon_3: autoDraw = True
116.1067 	EXP 	polygon_3: autoDraw = True
116.1149 	EXP 	polygon_3: autoDraw = True
116.1232 	EXP 	polygon_3: autoDraw = True
116.1344 	EXP 	polygon_3: autoDraw = True
116.1416 	EXP 	polygon_3: autoDraw = True
116.1486 	EXP 	polygon_3: autoDraw = True
116.1533 	EXP 	polygon_3: autoDraw = True
116.1590 	EXP 	polygon_3: autoDraw = True
116.1647 	EXP 	polygon_3: autoDraw = True
116.1704 	EXP 	polygon_3: autoDraw = True
116.1767 	EXP 	polygon_3: autoDraw = True
116.1828 	EXP 	polygon_3: autoDraw = True
116.1896 	EXP 	polygon_3: autoDraw = True
116.1955 	EXP 	polygon_3: autoDraw = True
116.2014 	EXP 	polygon_3: autoDraw = True
116.2088 	EXP 	polygon_3: autoDraw = True
116.2140 	EXP 	polygon_3: autoDraw = True
116.2209 	EXP 	polygon_3: autoDraw = True
116.2279 	EXP 	polygon_3: autoDraw = True
116.2336 	EXP 	polygon_3: autoDraw = True
116.2385 	EXP 	polygon_3: autoDraw = True
116.2440 	EXP 	polygon_3: autoDraw = True
116.2508 	EXP 	polygon_3: autoDraw = True
116.2566 	EXP 	polygon_3: autoDraw = True
116.2618 	EXP 	polygon_3: autoDraw = True
116.2685 	EXP 	polygon_3: autoDraw = True
116.2688 	EXP 	New trial (rep=14, index=0): None
116.2694 	EXP 	Created sequence: random, trialTypes=1, nReps=1, seed=None
116.2694 	EXP 	New trial (rep=0, index=0): None
118.4355 	EXP 	GA: sf = array([0.5, 0.5])
118.4355 	EXP 	GA: phase = array([0., 0.])
118.4355 	EXP 	text_3: height = 0.05
118.4355 	EXP 	text_3: height = 0.05
118.4355 	EXP 	text_3: height = 0.05
118.4355 	EXP 	text_3: text = 'Spatial frequency: 0.500\nContrast: 0.376'
118.4355 	EXP 	text_4: height = 0.05
118.4355 	EXP 	text_4: height = 0.05
118.4355 	EXP 	text_4: height = 0.05
118.4355 	EXP 	text_4: text = 'Spatial frequency: 0.500\nContrast: 0.376'
118.4355 	EXP 	GA: autoDraw = True
118.4355 	EXP 	polygon_2: autoDraw = True
118.4355 	EXP 	text_4: autoDraw = True
118.4355 	EXP 	GA: tex = 'sqr'
121.4357 	EXP 	GA: autoDraw = False
121.4357 	EXP 	polygon_2: autoDraw = False
121.4357 	EXP 	text_4: autoDraw = False
121.4357 	EXP 	GA: autoDraw = False
121.4357 	EXP 	polygon_2: autoDraw = False
121.4357 	EXP 	text_4: autoDraw = False
121.4357 	EXP 	polygon_3: autoDraw = True
121.4422 	EXP 	polygon_3: autoDraw = True
121.4477 	EXP 	polygon_3: autoDraw = True
121.4540 	EXP 	polygon_3: autoDraw = True
121.4605 	EXP 	polygon_3: autoDraw = True
121.4661 	EXP 	polygon_3: autoDraw = True
121.4725 	EXP 	polygon_3: autoDraw = True
121.4775 	EXP 	polygon_3: autoDraw = True
121.4858 	EXP 	polygon_3: autoDraw = True
121.4901 	EXP 	polygon_3: autoDraw = True
121.4963 	EXP 	polygon_3: autoDraw = True
121.5021 	EXP 	polygon_3: autoDraw = True
121.5086 	EXP 	polygon_3: autoDraw = True
121.5145 	EXP 	polygon_3: autoDraw = True
121.5204 	EXP 	polygon_3: autoDraw = True
121.5266 	EXP 	polygon_3: autoDraw = True
121.5326 	EXP 	polygon_3: autoDraw = True
121.5386 	EXP 	polygon_3: autoDraw = True
121.5450 	EXP 	polygon_3: autoDraw = True
121.5508 	EXP 	polygon_3: autoDraw = True
121.5567 	EXP 	polygon_3: autoDraw = True
121.5633 	EXP 	polygon_3: autoDraw = True
121.5686 	EXP 	polygon_3: autoDraw = True
121.5745 	EXP 	polygon_3: autoDraw = True
121.5808 	EXP 	polygon_3: autoDraw = True
121.5867 	EXP 	polygon_3: autoDraw = True
121.5930 	EXP 	polygon_3: autoDraw = True
121.5991 	EXP 	polygon_3: autoDraw = True
121.6049 	EXP 	polygon_3: autoDraw = True
121.6113 	EXP 	polygon_3: autoDraw = True
121.6173 	EXP 	polygon_3: autoDraw = True
121.6232 	EXP 	polygon_3: autoDraw = True
121.6301 	EXP 	polygon_3: autoDraw = True
121.6357 	EXP 	polygon_3: autoDraw = True
121.6415 	EXP 	polygon_3: autoDraw = True
121.6476 	EXP 	polygon_3: autoDraw = True
121.6549 	EXP 	polygon_3: autoDraw = True
121.6601 	EXP 	polygon_3: autoDraw = True
121.6654 	EXP 	polygon_3: autoDraw = True
121.6737 	EXP 	polygon_3: autoDraw = True
121.6778 	EXP 	polygon_3: autoDraw = True
121.6840 	EXP 	polygon_3: autoDraw = True
121.6902 	EXP 	polygon_3: autoDraw = True
121.6962 	EXP 	polygon_3: autoDraw = True
121.7028 	EXP 	polygon_3: autoDraw = True
121.7082 	EXP 	polygon_3: autoDraw = True
121.7143 	EXP 	polygon_3: autoDraw = True
121.7203 	EXP 	polygon_3: autoDraw = True
121.7264 	EXP 	polygon_3: autoDraw = True
121.7324 	EXP 	polygon_3: autoDraw = True
121.7389 	EXP 	polygon_3: autoDraw = True
121.7450 	EXP 	polygon_3: autoDraw = True
121.7507 	EXP 	polygon_3: autoDraw = True
121.7563 	EXP 	polygon_3: autoDraw = True
121.7625 	EXP 	polygon_3: autoDraw = True
121.7691 	EXP 	polygon_3: autoDraw = True
121.7750 	EXP 	polygon_3: autoDraw = True
121.7817 	EXP 	polygon_3: autoDraw = True
121.7872 	EXP 	polygon_3: autoDraw = True
121.7934 	EXP 	polygon_3: autoDraw = True
121.7994 	EXP 	polygon_3: autoDraw = True
121.8052 	EXP 	polygon_3: autoDraw = True
121.8126 	EXP 	polygon_3: autoDraw = True
121.8176 	EXP 	polygon_3: autoDraw = True
121.8233 	EXP 	polygon_3: autoDraw = True
121.8299 	EXP 	polygon_3: autoDraw = True
121.8360 	EXP 	polygon_3: autoDraw = True
121.8413 	EXP 	polygon_3: autoDraw = True
121.8476 	EXP 	polygon_3: autoDraw = True
121.8536 	EXP 	polygon_3: autoDraw = True
121.8599 	EXP 	polygon_3: autoDraw = True
121.8658 	EXP 	polygon_3: autoDraw = True
121.8716 	EXP 	polygon_3: autoDraw = True
121.8777 	EXP 	polygon_3: autoDraw = True
121.8839 	EXP 	polygon_3: autoDraw = True
121.8902 	EXP 	polygon_3: autoDraw = True
121.8965 	EXP 	polygon_3: autoDraw = True
121.9021 	EXP 	polygon_3: autoDraw = True
121.9086 	EXP 	polygon_3: autoDraw = True
121.9143 	EXP 	polygon_3: autoDraw = True
121.9216 	EXP 	polygon_3: autoDraw = True
121.9268 	EXP 	polygon_3: autoDraw = True
121.9329 	EXP 	polygon_3: autoDraw = True
121.9332 	EXP 	New trial (rep=15, index=0): None
121.9338 	EXP 	Created sequence: random, trialTypes=1, nReps=1, seed=None
121.9339 	EXP 	New trial (rep=0, index=0): None
124.0741 	EXP 	GA: sf = array([0.5, 0.5])
124.0741 	EXP 	GA: phase = array([0., 0.])
124.0741 	EXP 	text_3: height = 0.05
124.0741 	EXP 	text_3: height = 0.05
124.0741 	EXP 	text_3: height = 0.05
124.0741 	EXP 	text_3: text = 'Spatial frequency: 0.500\nContrast: 0.053'
124.0741 	EXP 	text_4: height = 0.05
124.0741 	EXP 	text_4: height = 0.05
124.0741 	EXP 	text_4: height = 0.05
124.0741 	EXP 	text_4: text = 'Spatial frequency: 0.500\nContrast: 0.053'
124.0741 	EXP 	GA: autoDraw = True
124.0741 	EXP 	polygon_2: autoDraw = True
124.0741 	EXP 	text_4: autoDraw = True
124.0741 	EXP 	GA: tex = 'sqr'
127.0771 	EXP 	GA: autoDraw = False
127.0771 	EXP 	polygon_2: autoDraw = False
127.0771 	EXP 	text_4: autoDraw = False
127.0771 	EXP 	GA: autoDraw = False
127.0771 	EXP 	polygon_2: autoDraw = False
127.0771 	EXP 	text_4: autoDraw = False
127.0771 	EXP 	polygon_3: autoDraw = True
127.0830 	EXP 	polygon_3: autoDraw = True
127.0899 	EXP 	polygon_3: autoDraw = True
127.0950 	EXP 	polygon_3: autoDraw = True
127.1018 	EXP 	polygon_3: autoDraw = True
127.1076 	EXP 	polygon_3: autoDraw = True
127.1137 	EXP 	polygon_3: autoDraw = True
127.1192 	EXP 	polygon_3: autoDraw = True
127.1264 	EXP 	polygon_3: autoDraw = True
127.1326 	EXP 	polygon_3: autoDraw = True
127.1375 	EXP 	polygon_3: autoDraw = True
127.1433 	EXP 	polygon_3: autoDraw = True
127.1501 	EXP 	polygon_3: autoDraw = True
127.1560 	EXP 	polygon_3: autoDraw = True
127.1616 	EXP 	polygon_3: autoDraw = True
127.1683 	EXP 	polygon_3: autoDraw = True
127.1754 	EXP 	polygon_3: autoDraw = True
127.1797 	EXP 	polygon_3: autoDraw = True
127.1865 	EXP 	polygon_3: autoDraw = True
127.1922 	EXP 	polygon_3: autoDraw = True
127.1992 	EXP 	polygon_3: autoDraw = True
127.2055 	EXP 	polygon_3: autoDraw = True
127.2101 	EXP 	polygon_3: autoDraw = True
127.2167 	EXP 	polygon_3: autoDraw = True
127.2229 	EXP 	polygon_3: autoDraw = True
127.2289 	EXP 	polygon_3: autoDraw = True
127.2350 	EXP 	polygon_3: autoDraw = True
127.2438 	EXP 	polygon_3: autoDraw = True
127.2521 	EXP 	polygon_3: autoDraw = True
127.2579 	EXP 	polygon_3: autoDraw = True
127.2641 	EXP 	polygon_3: autoDraw = True
127.2699 	EXP 	polygon_3: autoDraw = True
127.2759 	EXP 	polygon_3: autoDraw = True
127.2824 	EXP 	polygon_3: autoDraw = True
127.2884 	EXP 	polygon_3: autoDraw = True
127.2942 	EXP 	polygon_3: autoDraw = True
127.3003 	EXP 	polygon_3: autoDraw = True
127.3064 	EXP 	polygon_3: autoDraw = True
127.3126 	EXP 	polygon_3: autoDraw = True
127.3185 	EXP 	polygon_3: autoDraw = True
127.3246 	EXP 	polygon_3: autoDraw = True
127.3307 	EXP 	polygon_3: autoDraw = True
127.3367 	EXP 	polygon_3: autoDraw = True
127.3429 	EXP 	polygon_3: autoDraw = True
127.3493 	EXP 	polygon_3: autoDraw = True
127.3551 	EXP 	polygon_3: autoDraw = True
127.3610 	EXP 	polygon_3: autoDraw = True
127.3673 	EXP 	polygon_3: autoDraw = True
127.3738 	EXP 	polygon_3: autoDraw = True
127.3801 	EXP 	polygon_3: autoDraw = True
127.3858 	EXP 	polygon_3: autoDraw = True
127.3919 	EXP 	polygon_3: autoDraw = True
127.3982 	EXP 	polygon_3: autoDraw = True
127.4048 	EXP 	polygon_3: autoDraw = True
127.4097 	EXP 	polygon_3: autoDraw = True
127.4158 	EXP 	polygon_3: autoDraw = True
127.4218 	EXP 	polygon_3: autoDraw = True
127.4283 	EXP 	polygon_3: autoDraw = True
127.4338 	EXP 	polygon_3: autoDraw = True
127.4404 	EXP 	polygon_3: autoDraw = True
127.4462 	EXP 	polygon_3: autoDraw = True
127.4531 	EXP 	polygon_3: autoDraw = True
127.4587 	EXP 	polygon_3: autoDraw = True
127.4642 	EXP 	polygon_3: autoDraw = True
127.4705 	EXP 	polygon_3: autoDraw = True
127.4767 	EXP 	polygon_3: autoDraw = True
127.4825 	EXP 	polygon_3: autoDraw = True
127.4888 	EXP 	polygon_3: autoDraw = True
127.4948 	EXP 	polygon_3: autoDraw = True
127.5009 	EXP 	polygon_3: autoDraw = True
127.5067 	EXP 	polygon_3: autoDraw = True
127.5127 	EXP 	polygon_3: autoDraw = True
127.5191 	EXP 	polygon_3: autoDraw = True
127.5247 	EXP 	polygon_3: autoDraw = True
127.5309 	EXP 	polygon_3: autoDraw = True
127.5371 	EXP 	polygon_3: autoDraw = True
127.5430 	EXP 	polygon_3: autoDraw = True
127.5494 	EXP 	polygon_3: autoDraw = True
127.5547 	EXP 	polygon_3: autoDraw = True
127.5625 	EXP 	polygon_3: autoDraw = True
127.5673 	EXP 	polygon_3: autoDraw = True
127.5732 	EXP 	polygon_3: autoDraw = True
127.5735 	EXP 	New trial (rep=16, index=0): None
127.5741 	EXP 	Created sequence: random, trialTypes=1, nReps=1, seed=None
127.5742 	EXP 	New trial (rep=0, index=0): None
129.7249 	EXP 	GA: sf = array([0.5, 0.5])
129.7249 	EXP 	GA: phase = array([0., 0.])
129.7249 	EXP 	text_3: height = 0.05
129.7249 	EXP 	text_3: height = 0.05
129.7249 	EXP 	text_3: height = 0.05
129.7249 	EXP 	text_3: text = 'Spatial frequency: 0.500\nContrast: 0.376'
129.7249 	EXP 	text_4: height = 0.05
129.7249 	EXP 	text_4: height = 0.05
129.7249 	EXP 	text_4: height = 0.05
129.7249 	EXP 	text_4: text = 'Spatial frequency: 0.500\nContrast: 0.376'
129.7249 	EXP 	GA: autoDraw = True
129.7249 	EXP 	polygon_2: autoDraw = True
129.7249 	EXP 	text_4: autoDraw = True
129.7249 	EXP 	GA: tex = 'sqr'
132.7259 	EXP 	GA: autoDraw = False
132.7259 	EXP 	polygon_2: autoDraw = False
132.7259 	EXP 	text_4: autoDraw = False
132.7259 	EXP 	GA: autoDraw = False
132.7259 	EXP 	polygon_2: autoDraw = False
132.7259 	EXP 	text_4: autoDraw = False
132.7259 	EXP 	polygon_3: autoDraw = True
132.7307 	EXP 	polygon_3: autoDraw = True
132.7360 	EXP 	polygon_3: autoDraw = True
132.7425 	EXP 	polygon_3: autoDraw = True
132.7485 	EXP 	polygon_3: autoDraw = True
132.7547 	EXP 	polygon_3: autoDraw = True
132.7603 	EXP 	polygon_3: autoDraw = True
132.7661 	EXP 	polygon_3: autoDraw = True
132.7721 	EXP 	polygon_3: autoDraw = True
132.7792 	EXP 	polygon_3: autoDraw = True
132.7844 	EXP 	polygon_3: autoDraw = True
132.7909 	EXP 	polygon_3: autoDraw = True
132.7968 	EXP 	polygon_3: autoDraw = True
132.8032 	EXP 	polygon_3: autoDraw = True
132.8090 	EXP 	polygon_3: autoDraw = True
132.8149 	EXP 	polygon_3: autoDraw = True
132.8207 	EXP 	polygon_3: autoDraw = True
132.8273 	EXP 	polygon_3: autoDraw = True
132.8341 	EXP 	polygon_3: autoDraw = True
132.8398 	EXP 	polygon_3: autoDraw = True
132.8461 	EXP 	polygon_3: autoDraw = True
132.8516 	EXP 	polygon_3: autoDraw = True
132.8574 	EXP 	polygon_3: autoDraw = True
132.8639 	EXP 	polygon_3: autoDraw = True
132.8710 	EXP 	polygon_3: autoDraw = True
132.8754 	EXP 	polygon_3: autoDraw = True
132.8815 	EXP 	polygon_3: autoDraw = True
132.8880 	EXP 	polygon_3: autoDraw = True
132.8927 	EXP 	polygon_3: autoDraw = True
132.8987 	EXP 	polygon_3: autoDraw = True
132.9054 	EXP 	polygon_3: autoDraw = True
132.9106 	EXP 	polygon_3: autoDraw = True
132.9166 	EXP 	polygon_3: autoDraw = True
132.9230 	EXP 	polygon_3: autoDraw = True
132.9290 	EXP 	polygon_3: autoDraw = True
132.9350 	EXP 	polygon_3: autoDraw = True
132.9415 	EXP 	polygon_3: autoDraw = True
132.9469 	EXP 	polygon_3: autoDraw = True
132.9533 	EXP 	polygon_3: autoDraw = True
132.9592 	EXP 	polygon_3: autoDraw = True
132.9655 	EXP 	polygon_3: autoDraw = True
132.9713 	EXP 	polygon_3: autoDraw = True
132.9776 	EXP 	polygon_3: autoDraw = True
132.9834 	EXP 	polygon_3: autoDraw = True
132.9900 	EXP 	polygon_3: autoDraw = True
132.9962 	EXP 	polygon_3: autoDraw = True
133.0023 	EXP 	polygon_3: autoDraw = True
133.0082 	EXP 	polygon_3: autoDraw = True
133.0142 	EXP 	polygon_3: autoDraw = True
133.0205 	EXP 	polygon_3: autoDraw = True
133.0265 	EXP 	polygon_3: autoDraw = True
133.0325 	EXP 	polygon_3: autoDraw = True
133.0387 	EXP 	polygon_3: autoDraw = True
133.0449 	EXP 	polygon_3: autoDraw = True
133.0507 	EXP 	polygon_3: autoDraw = True
133.0573 	EXP 	polygon_3: autoDraw = True
133.0633 	EXP 	polygon_3: autoDraw = True
133.0697 	EXP 	polygon_3: autoDraw = True
133.0755 	EXP 	polygon_3: autoDraw = True
133.0808 	EXP 	polygon_3: autoDraw = True
133.0871 	EXP 	polygon_3: autoDraw = True
133.0943 	EXP 	polygon_3: autoDraw = True
133.0994 	EXP 	polygon_3: autoDraw = True
133.1056 	EXP 	polygon_3: autoDraw = True
133.1116 	EXP 	polygon_3: autoDraw = True
133.1174 	EXP 	polygon_3: autoDraw = True
133.1239 	EXP 	polygon_3: autoDraw = True
133.1297 	EXP 	polygon_3: autoDraw = True
133.1360 	EXP 	polygon_3: autoDraw = True
133.1417 	EXP 	polygon_3: autoDraw = True
133.1478 	EXP 	polygon_3: autoDraw = True
133.1537 	EXP 	polygon_3: autoDraw = True
133.1596 	EXP 	polygon_3: autoDraw = True
133.1666 	EXP 	polygon_3: autoDraw = True
133.1719 	EXP 	polygon_3: autoDraw = True
133.1782 	EXP 	polygon_3: autoDraw = True
133.1840 	EXP 	polygon_3: autoDraw = True
133.1901 	EXP 	polygon_3: autoDraw = True
133.1960 	EXP 	polygon_3: autoDraw = True
133.2019 	EXP 	polygon_3: autoDraw = True
133.2088 	EXP 	polygon_3: autoDraw = True
133.2151 	EXP 	polygon_3: autoDraw = True
133.2209 	EXP 	polygon_3: autoDraw = True
133.2211 	EXP 	New trial (rep=17, index=0): None
133.2216 	EXP 	Created sequence: random, trialTypes=1, nReps=1, seed=None
133.2217 	EXP 	New trial (rep=0, index=0): None
135.3147 	EXP 	GA: sf = array([0.5, 0.5])
135.3147 	EXP 	GA: phase = array([0., 0.])
135.3147 	EXP 	text_3: height = 0.05
135.3147 	EXP 	text_3: height = 0.05
135.3147 	EXP 	text_3: height = 0.05
135.3147 	EXP 	text_3: text = 'Spatial frequency: 0.500\nContrast: 0.141'
135.3147 	EXP 	text_4: height = 0.05
135.3147 	EXP 	text_4: height = 0.05
135.3147 	EXP 	text_4: height = 0.05
135.3147 	EXP 	text_4: text = 'Spatial frequency: 0.500\nContrast: 0.141'
135.3147 	EXP 	GA: autoDraw = True
135.3147 	EXP 	polygon_2: autoDraw = True
135.3147 	EXP 	text_4: autoDraw = True
135.3147 	EXP 	GA: tex = 'sqr'
138.3156 	EXP 	GA: autoDraw = False
138.3156 	EXP 	polygon_2: autoDraw = False
138.3156 	EXP 	text_4: autoDraw = False
138.3156 	EXP 	GA: autoDraw = False
138.3156 	EXP 	polygon_2: autoDraw = False
138.3156 	EXP 	text_4: autoDraw = False
138.3156 	EXP 	polygon_3: autoDraw = True
138.3216 	EXP 	polygon_3: autoDraw = True
138.3276 	EXP 	polygon_3: autoDraw = True
138.3339 	EXP 	polygon_3: autoDraw = True
138.3406 	EXP 	polygon_3: autoDraw = True
138.3459 	EXP 	polygon_3: autoDraw = True
138.3518 	EXP 	polygon_3: autoDraw = True
138.3579 	EXP 	polygon_3: autoDraw = True
138.3636 	EXP 	polygon_3: autoDraw = True
138.3702 	EXP 	polygon_3: autoDraw = True
138.3760 	EXP 	polygon_3: autoDraw = True
138.3820 	EXP 	polygon_3: autoDraw = True
138.3880 	EXP 	polygon_3: autoDraw = True
138.3950 	EXP 	polygon_3: autoDraw = True
138.4002 	EXP 	polygon_3: autoDraw = True
138.4063 	EXP 	polygon_3: autoDraw = True
138.4120 	EXP 	polygon_3: autoDraw = True
138.4185 	EXP 	polygon_3: autoDraw = True
138.4251 	EXP 	polygon_3: autoDraw = True
138.4312 	EXP 	polygon_3: autoDraw = True
138.4367 	EXP 	polygon_3: autoDraw = True
138.4432 	EXP 	polygon_3: autoDraw = True
138.4492 	EXP 	polygon_3: autoDraw = True
138.4555 	EXP 	polygon_3: autoDraw = True
138.4621 	EXP 	polygon_3: autoDraw = True
138.4681 	EXP 	polygon_3: autoDraw = True
138.4737 	EXP 	polygon_3: autoDraw = True
138.4797 	EXP 	polygon_3: autoDraw = True
138.4864 	EXP 	polygon_3: autoDraw = True
138.4921 	EXP 	polygon_3: autoDraw = True
138.4989 	EXP 	polygon_3: autoDraw = True
138.5040 	EXP 	polygon_3: autoDraw = True
138.5103 	EXP 	polygon_3: autoDraw = True
138.5165 	EXP 	polygon_3: autoDraw = True
138.5226 	EXP 	polygon_3: autoDraw = True
138.5288 	EXP 	polygon_3: autoDraw = True
138.5347 	EXP 	polygon_3: autoDraw = True
138.5403 	EXP 	polygon_3: autoDraw = True
138.5466 	EXP 	polygon_3: autoDraw = True
138.5527 	EXP 	polygon_3: autoDraw = True
138.5588 	EXP 	polygon_3: autoDraw = True
138.5644 	EXP 	polygon_3: autoDraw = True
138.5705 	EXP 	polygon_3: autoDraw = True
138.5767 	EXP 	polygon_3: autoDraw = True
138.5830 	EXP 	polygon_3: autoDraw = True
138.5887 	EXP 	polygon_3: autoDraw = True
138.5950 	EXP 	polygon_3: autoDraw = True
138.6009 	EXP 	polygon_3: autoDraw = True
138.6070 	EXP 	polygon_3: autoDraw = True
138.6140 	EXP 	polygon_3: autoDraw = True
138.6202 	EXP 	polygon_3: autoDraw = True
138.6259 	EXP 	polygon_3: autoDraw = True
138.6308 	EXP 	polygon_3: autoDraw = True
138.6386 	EXP 	polygon_3: autoDraw = True
138.6438 	EXP 	polygon_3: autoDraw = True
138.6500 	EXP 	polygon_3: autoDraw = True
138.6575 	EXP 	polygon_3: autoDraw = True
138.6620 	EXP 	polygon_3: autoDraw = True
138.6676 	EXP 	polygon_3: autoDraw = True
138.6738 	EXP 	polygon_3: autoDraw = True
138.6801 	EXP 	polygon_3: autoDraw = True
138.6862 	EXP 	polygon_3: autoDraw = True
138.6917 	EXP 	polygon_3: autoDraw = True
138.6978 	EXP 	polygon_3: autoDraw = True
138.7039 	EXP 	polygon_3: autoDraw = True
138.7105 	EXP 	polygon_3: autoDraw = True
138.7161 	EXP 	polygon_3: autoDraw = True
138.7220 	EXP 	polygon_3: autoDraw = True
138.7283 	EXP 	polygon_3: autoDraw = True
138.7342 	EXP 	polygon_3: autoDraw = True
138.7404 	EXP 	polygon_3: autoDraw = True
138.7464 	EXP 	polygon_3: autoDraw = True
138.7524 	EXP 	polygon_3: autoDraw = True
138.7588 	EXP 	polygon_3: autoDraw = True
138.7652 	EXP 	polygon_3: autoDraw = True
138.7707 	EXP 	polygon_3: autoDraw = True
138.7773 	EXP 	polygon_3: autoDraw = True
138.7835 	EXP 	polygon_3: autoDraw = True
138.7888 	EXP 	polygon_3: autoDraw = True
138.7952 	EXP 	polygon_3: autoDraw = True
138.8008 	EXP 	polygon_3: autoDraw = True
138.8070 	EXP 	polygon_3: autoDraw = True
138.8131 	EXP 	polygon_3: autoDraw = True
138.8134 	EXP 	New trial (rep=18, index=0): None
138.8140 	EXP 	Created sequence: random, trialTypes=1, nReps=1, seed=None
138.8141 	EXP 	New trial (rep=0, index=0): None
141.0551 	EXP 	GA: sf = array([0.5, 0.5])
141.0551 	EXP 	GA: phase = array([0., 0.])
141.0551 	EXP 	text_3: height = 0.05
141.0551 	EXP 	text_3: height = 0.05
141.0551 	EXP 	text_3: height = 0.05
141.0551 	EXP 	text_3: text = 'Spatial frequency: 0.500\nContrast: 0.020'
141.0551 	EXP 	text_4: height = 0.05
141.0551 	EXP 	text_4: height = 0.05
141.0551 	EXP 	text_4: height = 0.05
141.0551 	EXP 	text_4: text = 'Spatial frequency: 0.500\nContrast: 0.020'
141.0551 	EXP 	GA: autoDraw = True
141.0551 	EXP 	polygon_2: autoDraw = True
141.0551 	EXP 	text_4: autoDraw = True
141.0551 	EXP 	GA: tex = 'sqr'
144.0598 	EXP 	GA: autoDraw = False
144.0598 	EXP 	polygon_2: autoDraw = False
144.0598 	EXP 	text_4: autoDraw = False
144.0598 	EXP 	GA: autoDraw = False
144.0598 	EXP 	polygon_2: autoDraw = False
144.0598 	EXP 	text_4: autoDraw = False
144.0598 	EXP 	polygon_3: autoDraw = True
144.0663 	EXP 	polygon_3: autoDraw = True
144.0718 	EXP 	polygon_3: autoDraw = True
144.0788 	EXP 	polygon_3: autoDraw = True
144.0842 	EXP 	polygon_3: autoDraw = True
144.0920 	EXP 	polygon_3: autoDraw = True
144.0960 	EXP 	polygon_3: autoDraw = True
144.1036 	EXP 	polygon_3: autoDraw = True
144.1096 	EXP 	polygon_3: autoDraw = True
144.1145 	EXP 	polygon_3: autoDraw = True
144.1214 	EXP 	polygon_3: autoDraw = True
144.1286 	EXP 	polygon_3: autoDraw = True
144.1336 	EXP 	polygon_3: autoDraw = True
144.1392 	EXP 	polygon_3: autoDraw = True
144.1459 	EXP 	polygon_3: autoDraw = True
144.1511 	EXP 	polygon_3: autoDraw = True
144.1584 	EXP 	polygon_3: autoDraw = True
144.1627 	EXP 	polygon_3: autoDraw = True
144.1695 	EXP 	polygon_3: autoDraw = True
144.1753 	EXP 	polygon_3: autoDraw = True
144.1811 	EXP 	polygon_3: autoDraw = True
144.1878 	EXP 	polygon_3: autoDraw = True
144.1944 	EXP 	polygon_3: autoDraw = True
144.1991 	EXP 	polygon_3: autoDraw = True
144.2062 	EXP 	polygon_3: autoDraw = True
144.2127 	EXP 	polygon_3: autoDraw = True
144.2177 	EXP 	polygon_3: autoDraw = True
144.2240 	EXP 	polygon_3: autoDraw = True
144.2304 	EXP 	polygon_3: autoDraw = True
144.2366 	EXP 	polygon_3: autoDraw = True
144.2416 	EXP 	polygon_3: autoDraw = True
144.2480 	EXP 	polygon_3: autoDraw = True
144.2542 	EXP 	polygon_3: autoDraw = True
144.2605 	EXP 	polygon_3: autoDraw = True
144.2674 	EXP 	polygon_3: autoDraw = True
144.2721 	EXP 	polygon_3: autoDraw = True
144.2785 	EXP 	polygon_3: autoDraw = True
144.2861 	EXP 	polygon_3: autoDraw = True
144.2909 	EXP 	polygon_3: autoDraw = True
144.2973 	EXP 	polygon_3: autoDraw = True
144.3030 	EXP 	polygon_3: autoDraw = True
144.3083 	EXP 	polygon_3: autoDraw = True
144.3146 	EXP 	polygon_3: autoDraw = True
144.3214 	EXP 	polygon_3: autoDraw = True
144.3272 	EXP 	polygon_3: autoDraw = True
144.3331 	EXP 	polygon_3: autoDraw = True
144.3411 	EXP 	polygon_3: autoDraw = True
144.3474 	EXP 	polygon_3: autoDraw = True
144.3521 	EXP 	polygon_3: autoDraw = True
144.3571 	EXP 	polygon_3: autoDraw = True
144.3637 	EXP 	polygon_3: autoDraw = True
144.3703 	EXP 	polygon_3: autoDraw = True
144.3758 	EXP 	polygon_3: autoDraw = True
144.3822 	EXP 	polygon_3: autoDraw = True
144.3870 	EXP 	polygon_3: autoDraw = True
144.3938 	EXP 	polygon_3: autoDraw = True
144.4001 	EXP 	polygon_3: autoDraw = True
144.4057 	EXP 	polygon_3: autoDraw = True
144.4122 	EXP 	polygon_3: autoDraw = True
144.4176 	EXP 	polygon_3: autoDraw = True
144.4237 	EXP 	polygon_3: autoDraw = True
144.4302 	EXP 	polygon_3: autoDraw = True
144.4366 	EXP 	polygon_3: autoDraw = True
144.4423 	EXP 	polygon_3: autoDraw = True
144.4487 	EXP 	polygon_3: autoDraw = True
144.4549 	EXP 	polygon_3: autoDraw = True
144.4599 	EXP 	polygon_3: autoDraw = True
144.4665 	EXP 	polygon_3: autoDraw = True
144.4766 	EXP 	polygon_3: autoDraw = True
144.4846 	EXP 	polygon_3: autoDraw = True
144.4897 	EXP 	polygon_3: autoDraw = True
144.4976 	EXP 	polygon_3: autoDraw = True
144.5026 	EXP 	polygon_3: autoDraw = True
144.5079 	EXP 	polygon_3: autoDraw = True
144.5141 	EXP 	polygon_3: autoDraw = True
144.5204 	EXP 	polygon_3: autoDraw = True
144.5263 	EXP 	polygon_3: autoDraw = True
144.5338 	EXP 	polygon_3: autoDraw = True
144.5443 	EXP 	polygon_3: autoDraw = True
144.5519 	EXP 	polygon_3: autoDraw = True
144.5571 	EXP 	polygon_3: autoDraw = True
144.5573 	EXP 	New trial (rep=19, index=0): None
144.5585 	EXP 	Created sequence: random, trialTypes=1, nReps=1, seed=None
144.5586 	EXP 	New trial (rep=0, index=0): None
146.7228 	EXP 	GA: sf = array([0.5, 0.5])
146.7228 	EXP 	GA: phase = array([0., 0.])
146.7228 	EXP 	text_3: height = 0.05
146.7228 	EXP 	text_3: height = 0.05
146.7228 	EXP 	text_3: height = 0.05
146.7228 	EXP 	text_3: text = 'Spatial frequency: 0.500\nContrast: 0.053'
146.7228 	EXP 	text_4: height = 0.05
146.7228 	EXP 	text_4: height = 0.05
146.7228 	EXP 	text_4: height = 0.05
146.7228 	EXP 	text_4: text = 'Spatial frequency: 0.500\nContrast: 0.053'
146.7228 	EXP 	GA: autoDraw = True
146.7228 	EXP 	polygon_2: autoDraw = True
146.7228 	EXP 	text_4: autoDraw = True
146.7228 	EXP 	GA: tex = 'sqr'
149.7250 	EXP 	GA: autoDraw = False
149.7250 	EXP 	polygon_2: autoDraw = False
149.7250 	EXP 	text_4: autoDraw = False
149.7250 	EXP 	GA: autoDraw = False
149.7250 	EXP 	polygon_2: autoDraw = False
149.7250 	EXP 	text_4: autoDraw = False
149.7250 	EXP 	polygon_3: autoDraw = True
149.7306 	EXP 	polygon_3: autoDraw = True
149.7373 	EXP 	polygon_3: autoDraw = True
149.7423 	EXP 	polygon_3: autoDraw = True
149.7487 	EXP 	polygon_3: autoDraw = True
149.7552 	EXP 	polygon_3: autoDraw = True
149.7610 	EXP 	polygon_3: autoDraw = True
149.7672 	EXP 	polygon_3: autoDraw = True
149.7730 	EXP 	polygon_3: autoDraw = True
149.7792 	EXP 	polygon_3: autoDraw = True
149.7851 	EXP 	polygon_3: autoDraw = True
149.7913 	EXP 	polygon_3: autoDraw = True
149.7971 	EXP 	polygon_3: autoDraw = True
149.8034 	EXP 	polygon_3: autoDraw = True
149.8097 	EXP 	polygon_3: autoDraw = True
149.8160 	EXP 	polygon_3: autoDraw = True
149.8211 	EXP 	polygon_3: autoDraw = True
149.8271 	EXP 	polygon_3: autoDraw = True
149.8336 	EXP 	polygon_3: autoDraw = True
149.8396 	EXP 	polygon_3: autoDraw = True
149.8459 	EXP 	polygon_3: autoDraw = True
149.8518 	EXP 	polygon_3: autoDraw = True
149.8579 	EXP 	polygon_3: autoDraw = True
149.8639 	EXP 	polygon_3: autoDraw = True
149.8702 	EXP 	polygon_3: autoDraw = True
149.8759 	EXP 	polygon_3: autoDraw = True
149.8822 	EXP 	polygon_3: autoDraw = True
149.8882 	EXP 	polygon_3: autoDraw = True
149.8943 	EXP 	polygon_3: autoDraw = True
149.9002 	EXP 	polygon_3: autoDraw = True
149.9075 	EXP 	polygon_3: autoDraw = True
149.9130 	EXP 	polygon_3: autoDraw = True
149.9184 	EXP 	polygon_3: autoDraw = True
149.9240 	EXP 	polygon_3: autoDraw = True
149.9299 	EXP 	polygon_3: autoDraw = True
149.9369 	EXP 	polygon_3: autoDraw = True
149.9430 	EXP 	polygon_3: autoDraw = True
149.9485 	EXP 	polygon_3: autoDraw = True
149.9548 	EXP 	polygon_3: autoDraw = True
149.9609 	EXP 	polygon_3: autoDraw = True
149.9670 	EXP 	polygon_3: autoDraw = True
149.9730 	EXP 	polygon_3: autoDraw = True
149.9788 	EXP 	polygon_3: autoDraw = True
149.9847 	EXP 	polygon_3: autoDraw = True
149.9907 	EXP 	polygon_3: autoDraw = True
149.9973 	EXP 	polygon_3: autoDraw = True
150.0031 	EXP 	polygon_3: autoDraw = True
150.0090 	EXP 	polygon_3: autoDraw = True
150.0153 	EXP 	polygon_3: autoDraw = True
150.0216 	EXP 	polygon_3: autoDraw = True
150.0277 	EXP 	polygon_3: autoDraw = True
150.0340 	EXP 	polygon_3: autoDraw = True
150.0395 	EXP 	polygon_3: autoDraw = True
150.0455 	EXP 	polygon_3: autoDraw = True
150.0515 	EXP 	polygon_3: autoDraw = True
150.0576 	EXP 	polygon_3: autoDraw = True
150.0637 	EXP 	polygon_3: autoDraw = True
150.0696 	EXP 	polygon_3: autoDraw = True
150.0755 	EXP 	polygon_3: autoDraw = True
150.0829 	EXP 	polygon_3: autoDraw = True
150.0881 	EXP 	polygon_3: autoDraw = True
150.0951 	EXP 	polygon_3: autoDraw = True
150.1033 	EXP 	polygon_3: autoDraw = True
150.1070 	EXP 	polygon_3: autoDraw = True
150.1122 	EXP 	polygon_3: autoDraw = True
150.1184 	EXP 	polygon_3: autoDraw = True
150.1257 	EXP 	polygon_3: autoDraw = True
150.1306 	EXP 	polygon_3: autoDraw = True
150.1366 	EXP 	polygon_3: autoDraw = True
150.1433 	EXP 	polygon_3: autoDraw = True
150.1484 	EXP 	polygon_3: autoDraw = True
150.1544 	EXP 	polygon_3: autoDraw = True
150.1607 	EXP 	polygon_3: autoDraw = True
150.1668 	EXP 	polygon_3: autoDraw = True
150.1733 	EXP 	polygon_3: autoDraw = True
150.1790 	EXP 	polygon_3: autoDraw = True
150.1846 	EXP 	polygon_3: autoDraw = True
150.1912 	EXP 	polygon_3: autoDraw = True
150.1972 	EXP 	polygon_3: autoDraw = True
150.2033 	EXP 	polygon_3: autoDraw = True
150.2099 	EXP 	polygon_3: autoDraw = True
150.2152 	EXP 	polygon_3: autoDraw = True
150.2213 	EXP 	polygon_3: autoDraw = True
150.6326 	EXP 	window1: mouseVisible = True
