4.3796 	WARNING 	Speech-to-text recognition module for PocketSphinx is not available (use command `pip install SpeechRecognition` to get it). Transcription will be unavailable using that service this session.
4.3803 	WARNING 	Speech-to-text recognition using Google online services is not available (use command `pip install google-api-core google-auth google-cloud google-cloud-speech googleapis-common-protos` to get it). Transcription will be unavailable using that service this session.
4.3817 	ERROR 	Support for the `sounddevice` audio backend is not available this session. Please install `psychopy-sounddevice` and restart the session to enable support.
30.6990 	WARNING 	User requested fullscreen with size [1536  864], but screen is actually [1920, 1080]. Using actual size
31.3001 	EXP 	Created window1 = Window(allowGUI=True, allowStencil=False, autoLog=True, backendConf=UNKNOWN, backgroundFit=<method-wrapper '__getattribute__' of attributeSetter object at 0x00000208950E0790>, backgroundImage=<method-wrapper '__getattribute__' of attributeSetter object at 0x000002089407A8D0>, bitsMode=UNKNOWN, blendMode='avg', bpc=(8, 8, 8), color=array([0, 0, 0]), colorSpace='rgb', depthBits=8, fullscr=<method-wrapper '__getattribute__' of attributeSetter object at 0x0000020893DD9010>, gamma=None, gammaErrorPolicy='raise', lms=UNKNOWN, monitor=<psychopy.monitors.calibTools.Monitor object at 0x00000208A30E0B10>, multiSample=False, name='window1', numSamples=2, pos=(0, 0), screen=0, size=array([1920, 1080]), stencilBits=0, stereo=False, units='height', useFBO=True, useRetina=False, viewOri=0.0, viewPos=None, viewScale=None, waitBlanking=True, winType='pyglet')
31.3003 	EXP 	window1: mouseVisible = True
31.3004 	EXP 	window1: backgroundImage = None
31.3004 	EXP 	window1: backgroundFit = 'cover'
31.3006 	EXP 	window1: mouseVisible = False
31.3006 	EXP 	window1: Attempting to measure frame rate of screen (0) ...
31.3006 	EXP 	window1: recordFrameIntervals = False
31.4661 	EXP 	window1: recordFrameIntervals = True
31.6499 	EXP 	Screen (0) actual frame rate measured at 60.01Hz
31.6499 	EXP 	window1: recordFrameIntervals = False
34.7298 	EXP 	Created text_2 = TextStim(__class__=<class 'psychopy.visual.text.TextStim'>, alignHoriz=method-wrapper(...), alignText='center', alignVert=method-wrapper(...), anchorHoriz='center', anchorVert='center', antialias=True, autoDraw=False, autoLog=True, bold=False, color=array([1., 1., 1.]), colorSpace='rgb', contrast=1.0, depth=0.0, flipHoriz=False, flipVert=False, font='Open Sans', fontFiles=[], height=0.05, italic=False, languageStyle='LTR', name='text_2', opacity=1.0, ori=0.0, pos=array([0., 0.]), rgb=UNKNOWN, text='Press spacebar to start the experiment\n\n', units='height', win=Window(...), wrapWidth=1)
34.7714 	EXP 	Created GA = GratingStim(__class__=<class 'psychopy.visual.grating.GratingStim'>, anchor='center', autoDraw=False, autoLog=True, blendmode='avg', color=array([1., 1., 1.]), colorSpace='rgb', contrast=1.0, depth=-2.0, interpolate=True, mask='circle', maskParams=None, name='GA', opacity=1.0, ori=0.0, phase=array([0., 0.]), pos=array([0., 0.]), rgbPedestal=array([0., 0., 0.]), sf=array([1., 1.]), size=array([8.5]), tex='sqr', texRes=512.0, units='deg', win=Window(...))
34.7750 	EXP 	Created polygon = ShapeStim(__class__=<class 'psychopy.visual.shape.ShapeStim'>, anchor=('center', 'center'), autoDraw=False, autoLog=True, closeShape=True, color=method-wrapper(...), colorSpace='rgb', contrast=None, depth=-3.0, fillColor=array([0., 0., 0.]), fillColorSpace='rgb', fillRGB=array([0., 0., 0.]), interpolate=True, lineColor=array([0., 0., 0.]), lineColorSpace='rgb', lineRGB=array([0., 0., 0.]), lineWidth=1.0, name='polygon', opacity=1.0, ori=0.0, pos=array([0., 0.]), size=array([0.05, 0.05]), units='height', vertices=ndarray(...), win=Window(...), windingRule=None)
34.7759 	EXP 	Created text_3 = TextStim(__class__=<class 'psychopy.visual.text.TextStim'>, alignHoriz=method-wrapper(...), alignText='center', alignVert=method-wrapper(...), anchorHoriz='center', anchorVert='center', antialias=True, autoDraw=False, autoLog=True, bold=False, color=array([1., 1., 1.]), colorSpace='rgb', contrast=1.0, depth=-4.0, flipHoriz=False, flipVert=False, font='Open Sans', fontFiles=[], height=0.05, italic=False, languageStyle='LTR', name='text_3', opacity=1.0, ori=0.0, pos=array([0.   , 0.125]), rgb=UNKNOWN, text='', units='height', win=Window(...), wrapWidth=1)
34.7780 	EXP 	Created polygon_2 = ShapeStim(__class__=<class 'psychopy.visual.shape.ShapeStim'>, anchor=('center', 'center'), autoDraw=False, autoLog=True, closeShape=True, color=method-wrapper(...), colorSpace='rgb', contrast=None, depth=-2.0, fillColor=array([0., 0., 0.]), fillColorSpace='rgb', fillRGB=array([0., 0., 0.]), interpolate=True, lineColor=array([0., 0., 0.]), lineColorSpace='rgb', lineRGB=array([0., 0., 0.]), lineWidth=1.0, name='polygon_2', opacity=1.0, ori=0.0, pos=array([0., 0.]), size=array([0.05, 0.05]), units='height', vertices=ndarray(...), win=Window(...), windingRule=None)
34.7788 	EXP 	Created text_4 = TextStim(__class__=<class 'psychopy.visual.text.TextStim'>, alignHoriz=method-wrapper(...), alignText='center', alignVert=method-wrapper(...), anchorHoriz='center', anchorVert='center', antialias=True, autoDraw=False, autoLog=True, bold=False, color=array([1., 1., 1.]), colorSpace='rgb', contrast=1.0, depth=-3.0, flipHoriz=False, flipVert=False, font='Open Sans', fontFiles=[], height=0.05, italic=False, languageStyle='LTR', name='text_4', opacity=1.0, ori=0.0, pos=array([0.   , 0.125]), rgb=UNKNOWN, text='', units='height', win=Window(...), wrapWidth=1)
34.7808 	EXP 	Created polygon_3 = ShapeStim(__class__=<class 'psychopy.visual.shape.ShapeStim'>, anchor=('center', 'center'), autoDraw=False, autoLog=True, closeShape=True, color=method-wrapper(...), colorSpace='rgb', contrast=None, depth=0.0, fillColor=array([0., 0., 0.]), fillColorSpace='rgb', fillRGB=array([0., 0., 0.]), interpolate=True, lineColor=array([0., 0., 0.]), lineColorSpace='rgb', lineRGB=array([0., 0., 0.]), lineWidth=1.0, name='polygon_3', opacity=1.0, ori=0.0, pos=array([0., 0.]), size=array([0.05, 0.05]), units='height', vertices=ndarray(...), win=Window(...), windingRule=None)
34.7845 	EXP 	text_2: autoDraw = True
36.5182 	EXP 	Created sequence: random, trialTypes=1, nReps=20, seed=None
36.5186 	EXP 	New trial (rep=0, index=0): None
36.5195 	EXP 	Created sequence: random, trialTypes=1, nReps=1, seed=None
36.5197 	EXP 	New trial (rep=0, index=0): None
36.5941 	DATA 	Keypress: space
36.5967 	EXP 	text_2: autoDraw = False
36.5967 	EXP 	GA: sf = array([0.5, 0.5])
36.5967 	EXP 	GA: phase = array([0., 0.])
36.5967 	EXP 	text_3: height = 0.05
36.5967 	EXP 	text_3: height = 0.05
36.5967 	EXP 	text_3: height = 0.05
36.5967 	EXP 	text_3: text = 'Spatial frequency: 0.500\nContrast: 0.053'
36.5967 	EXP 	text_4: height = 0.05
36.5967 	EXP 	text_4: height = 0.05
36.5967 	EXP 	text_4: height = 0.05
36.5967 	EXP 	text_4: text = 'Spatial frequency: 0.500\nContrast: 0.053'
36.5967 	EXP 	GA: autoDraw = True
36.5967 	EXP 	polygon_2: autoDraw = True
36.5967 	EXP 	text_4: autoDraw = True
36.5967 	EXP 	GA: tex = 'sqr'
39.5859 	EXP 	New trial (rep=1, index=0): None
39.5872 	EXP 	Created sequence: random, trialTypes=1, nReps=1, seed=None
39.5874 	EXP 	New trial (rep=0, index=0): None
39.6145 	EXP 	GA: autoDraw = False
39.6145 	EXP 	polygon_2: autoDraw = False
39.6145 	EXP 	text_4: autoDraw = False
39.6145 	EXP 	GA: autoDraw = False
39.6145 	EXP 	polygon_2: autoDraw = False
39.6145 	EXP 	text_4: autoDraw = False
39.6145 	EXP 	GA: sf = array([0.5, 0.5])
39.6145 	EXP 	GA: phase = array([0., 0.])
39.6145 	EXP 	text_3: text = 'Spatial frequency: 0.500\nContrast: 0.053'
39.6145 	EXP 	text_4: text = 'Spatial frequency: 0.500\nContrast: 0.053'
39.6145 	EXP 	GA: autoDraw = True
39.6145 	EXP 	polygon_2: autoDraw = True
39.6145 	EXP 	text_4: autoDraw = True
39.6145 	EXP 	GA: tex = 'sqr'
42.6014 	EXP 	New trial (rep=2, index=0): None
42.6028 	EXP 	Created sequence: random, trialTypes=1, nReps=1, seed=None
42.6030 	EXP 	New trial (rep=0, index=0): None
42.6312 	EXP 	GA: autoDraw = False
42.6312 	EXP 	polygon_2: autoDraw = False
42.6312 	EXP 	text_4: autoDraw = False
42.6312 	EXP 	GA: autoDraw = False
42.6312 	EXP 	polygon_2: autoDraw = False
42.6312 	EXP 	text_4: autoDraw = False
42.6312 	EXP 	GA: sf = array([0.5, 0.5])
42.6312 	EXP 	GA: phase = array([0., 0.])
42.6312 	EXP 	text_3: text = 'Spatial frequency: 0.500\nContrast: 0.053'
42.6312 	EXP 	text_4: text = 'Spatial frequency: 0.500\nContrast: 0.053'
42.6312 	EXP 	GA: autoDraw = True
42.6312 	EXP 	polygon_2: autoDraw = True
42.6312 	EXP 	text_4: autoDraw = True
42.6312 	EXP 	GA: tex = 'sqr'
45.6183 	EXP 	New trial (rep=3, index=0): None
45.6196 	EXP 	Created sequence: random, trialTypes=1, nReps=1, seed=None
45.6199 	EXP 	New trial (rep=0, index=0): None
45.6578 	EXP 	GA: autoDraw = False
45.6578 	EXP 	polygon_2: autoDraw = False
45.6578 	EXP 	text_4: autoDraw = False
45.6578 	EXP 	GA: autoDraw = False
45.6578 	EXP 	polygon_2: autoDraw = False
45.6578 	EXP 	text_4: autoDraw = False
45.6578 	EXP 	GA: sf = array([0.5, 0.5])
45.6578 	EXP 	GA: phase = array([0., 0.])
45.6578 	EXP 	text_3: height = 0.05
45.6578 	EXP 	text_3: height = 0.05
45.6578 	EXP 	text_3: height = 0.05
45.6578 	EXP 	text_3: text = 'Spatial frequency: 0.500\nContrast: 0.141'
45.6578 	EXP 	text_4: height = 0.05
45.6578 	EXP 	text_4: height = 0.05
45.6578 	EXP 	text_4: height = 0.05
45.6578 	EXP 	text_4: text = 'Spatial frequency: 0.500\nContrast: 0.141'
45.6578 	EXP 	GA: autoDraw = True
45.6578 	EXP 	polygon_2: autoDraw = True
45.6578 	EXP 	text_4: autoDraw = True
45.6578 	EXP 	GA: tex = 'sqr'
48.6515 	EXP 	New trial (rep=4, index=0): None
48.6528 	EXP 	Created sequence: random, trialTypes=1, nReps=1, seed=None
48.6531 	EXP 	New trial (rep=0, index=0): None
48.6904 	EXP 	GA: autoDraw = False
48.6904 	EXP 	polygon_2: autoDraw = False
48.6904 	EXP 	text_4: autoDraw = False
48.6904 	EXP 	GA: autoDraw = False
48.6904 	EXP 	polygon_2: autoDraw = False
48.6904 	EXP 	text_4: autoDraw = False
48.6904 	EXP 	GA: sf = array([0.5, 0.5])
48.6904 	EXP 	GA: phase = array([0., 0.])
48.6904 	EXP 	text_3: height = 0.05
48.6904 	EXP 	text_3: height = 0.05
48.6904 	EXP 	text_3: height = 0.05
48.6904 	EXP 	text_3: text = 'Spatial frequency: 0.500\nContrast: 0.020'
48.6904 	EXP 	text_4: height = 0.05
48.6904 	EXP 	text_4: height = 0.05
48.6904 	EXP 	text_4: height = 0.05
48.6904 	EXP 	text_4: text = 'Spatial frequency: 0.500\nContrast: 0.020'
48.6904 	EXP 	GA: autoDraw = True
48.6904 	EXP 	polygon_2: autoDraw = True
48.6904 	EXP 	text_4: autoDraw = True
48.6904 	EXP 	GA: tex = 'sqr'
51.6848 	EXP 	New trial (rep=5, index=0): None
51.6863 	EXP 	Created sequence: random, trialTypes=1, nReps=1, seed=None
51.6866 	EXP 	New trial (rep=0, index=0): None
51.7234 	EXP 	GA: autoDraw = False
51.7234 	EXP 	polygon_2: autoDraw = False
51.7234 	EXP 	text_4: autoDraw = False
51.7234 	EXP 	GA: autoDraw = False
51.7234 	EXP 	polygon_2: autoDraw = False
51.7234 	EXP 	text_4: autoDraw = False
51.7234 	EXP 	GA: sf = array([0.5, 0.5])
51.7234 	EXP 	GA: phase = array([0., 0.])
51.7234 	EXP 	text_3: height = 0.05
51.7234 	EXP 	text_3: height = 0.05
51.7234 	EXP 	text_3: height = 0.05
51.7234 	EXP 	text_3: text = 'Spatial frequency: 0.500\nContrast: 0.053'
51.7234 	EXP 	text_4: height = 0.05
51.7234 	EXP 	text_4: height = 0.05
51.7234 	EXP 	text_4: height = 0.05
51.7234 	EXP 	text_4: text = 'Spatial frequency: 0.500\nContrast: 0.053'
51.7234 	EXP 	GA: autoDraw = True
51.7234 	EXP 	polygon_2: autoDraw = True
51.7234 	EXP 	text_4: autoDraw = True
51.7234 	EXP 	GA: tex = 'sqr'
54.7176 	EXP 	New trial (rep=6, index=0): None
54.7188 	EXP 	Created sequence: random, trialTypes=1, nReps=1, seed=None
54.7190 	EXP 	New trial (rep=0, index=0): None
54.7536 	EXP 	GA: autoDraw = False
54.7536 	EXP 	polygon_2: autoDraw = False
54.7536 	EXP 	text_4: autoDraw = False
54.7536 	EXP 	GA: autoDraw = False
54.7536 	EXP 	polygon_2: autoDraw = False
54.7536 	EXP 	text_4: autoDraw = False
54.7536 	EXP 	GA: sf = array([0.5, 0.5])
54.7536 	EXP 	GA: phase = array([0., 0.])
54.7536 	EXP 	text_3: height = 0.05
54.7536 	EXP 	text_3: height = 0.05
54.7536 	EXP 	text_3: height = 0.05
54.7536 	EXP 	text_3: text = 'Spatial frequency: 0.500\nContrast: 0.020'
54.7536 	EXP 	text_4: height = 0.05
54.7536 	EXP 	text_4: height = 0.05
54.7536 	EXP 	text_4: height = 0.05
54.7536 	EXP 	text_4: text = 'Spatial frequency: 0.500\nContrast: 0.020'
54.7536 	EXP 	GA: autoDraw = True
54.7536 	EXP 	polygon_2: autoDraw = True
54.7536 	EXP 	text_4: autoDraw = True
54.7536 	EXP 	GA: tex = 'sqr'
57.7509 	EXP 	New trial (rep=7, index=0): None
57.7521 	EXP 	Created sequence: random, trialTypes=1, nReps=1, seed=None
57.7523 	EXP 	New trial (rep=0, index=0): None
57.7873 	EXP 	GA: autoDraw = False
57.7873 	EXP 	polygon_2: autoDraw = False
57.7873 	EXP 	text_4: autoDraw = False
57.7873 	EXP 	GA: autoDraw = False
57.7873 	EXP 	polygon_2: autoDraw = False
57.7873 	EXP 	text_4: autoDraw = False
57.7873 	EXP 	GA: sf = array([0.5, 0.5])
57.7873 	EXP 	GA: phase = array([0., 0.])
57.7873 	EXP 	text_3: height = 0.05
57.7873 	EXP 	text_3: height = 0.05
57.7873 	EXP 	text_3: height = 0.05
57.7873 	EXP 	text_3: text = 'Spatial frequency: 0.500\nContrast: 0.141'
57.7873 	EXP 	text_4: height = 0.05
57.7873 	EXP 	text_4: height = 0.05
57.7873 	EXP 	text_4: height = 0.05
57.7873 	EXP 	text_4: text = 'Spatial frequency: 0.500\nContrast: 0.141'
57.7873 	EXP 	GA: autoDraw = True
57.7873 	EXP 	polygon_2: autoDraw = True
57.7873 	EXP 	text_4: autoDraw = True
57.7873 	EXP 	GA: tex = 'sqr'
60.7845 	EXP 	New trial (rep=8, index=0): None
60.7857 	EXP 	Created sequence: random, trialTypes=1, nReps=1, seed=None
60.7860 	EXP 	New trial (rep=0, index=0): None
60.8237 	EXP 	GA: autoDraw = False
60.8237 	EXP 	polygon_2: autoDraw = False
60.8237 	EXP 	text_4: autoDraw = False
60.8237 	EXP 	GA: autoDraw = False
60.8237 	EXP 	polygon_2: autoDraw = False
60.8237 	EXP 	text_4: autoDraw = False
60.8237 	EXP 	GA: sf = array([0.5, 0.5])
60.8237 	EXP 	GA: phase = array([0., 0.])
60.8237 	EXP 	text_3: height = 0.05
60.8237 	EXP 	text_3: height = 0.05
60.8237 	EXP 	text_3: height = 0.05
60.8237 	EXP 	text_3: text = 'Spatial frequency: 0.500\nContrast: 0.020'
60.8237 	EXP 	text_4: height = 0.05
60.8237 	EXP 	text_4: height = 0.05
60.8237 	EXP 	text_4: height = 0.05
60.8237 	EXP 	text_4: text = 'Spatial frequency: 0.500\nContrast: 0.020'
60.8237 	EXP 	GA: autoDraw = True
60.8237 	EXP 	polygon_2: autoDraw = True
60.8237 	EXP 	text_4: autoDraw = True
60.8237 	EXP 	GA: tex = 'sqr'
63.8176 	EXP 	New trial (rep=9, index=0): None
63.8202 	EXP 	Created sequence: random, trialTypes=1, nReps=1, seed=None
63.8207 	EXP 	New trial (rep=0, index=0): None
63.8547 	EXP 	GA: autoDraw = False
63.8547 	EXP 	polygon_2: autoDraw = False
63.8547 	EXP 	text_4: autoDraw = False
63.8547 	EXP 	GA: autoDraw = False
63.8547 	EXP 	polygon_2: autoDraw = False
63.8547 	EXP 	text_4: autoDraw = False
63.8547 	EXP 	GA: sf = array([0.5, 0.5])
63.8547 	EXP 	GA: phase = array([0., 0.])
63.8547 	EXP 	text_3: height = 0.05
63.8547 	EXP 	text_3: height = 0.05
63.8547 	EXP 	text_3: height = 0.05
63.8547 	EXP 	text_3: text = 'Spatial frequency: 0.500\nContrast: 1.000'
63.8547 	EXP 	text_4: height = 0.05
63.8547 	EXP 	text_4: height = 0.05
63.8547 	EXP 	text_4: height = 0.05
63.8547 	EXP 	text_4: text = 'Spatial frequency: 0.500\nContrast: 1.000'
63.8547 	EXP 	GA: autoDraw = True
63.8547 	EXP 	polygon_2: autoDraw = True
63.8547 	EXP 	text_4: autoDraw = True
63.8547 	EXP 	GA: tex = 'sqr'
66.8502 	EXP 	New trial (rep=10, index=0): None
66.8513 	EXP 	Created sequence: random, trialTypes=1, nReps=1, seed=None
66.8515 	EXP 	New trial (rep=0, index=0): None
66.8864 	EXP 	GA: autoDraw = False
66.8864 	EXP 	polygon_2: autoDraw = False
66.8864 	EXP 	text_4: autoDraw = False
66.8864 	EXP 	GA: autoDraw = False
66.8864 	EXP 	polygon_2: autoDraw = False
66.8864 	EXP 	text_4: autoDraw = False
66.8864 	EXP 	GA: sf = array([0.5, 0.5])
66.8864 	EXP 	GA: phase = array([0., 0.])
66.8864 	EXP 	text_3: height = 0.05
66.8864 	EXP 	text_3: height = 0.05
66.8864 	EXP 	text_3: height = 0.05
66.8864 	EXP 	text_3: text = 'Spatial frequency: 0.500\nContrast: 0.141'
66.8864 	EXP 	text_4: height = 0.05
66.8864 	EXP 	text_4: height = 0.05
66.8864 	EXP 	text_4: height = 0.05
66.8864 	EXP 	text_4: text = 'Spatial frequency: 0.500\nContrast: 0.141'
66.8864 	EXP 	GA: autoDraw = True
66.8864 	EXP 	polygon_2: autoDraw = True
66.8864 	EXP 	text_4: autoDraw = True
66.8864 	EXP 	GA: tex = 'sqr'
69.8839 	EXP 	New trial (rep=11, index=0): None
69.8850 	EXP 	Created sequence: random, trialTypes=1, nReps=1, seed=None
69.8852 	EXP 	New trial (rep=0, index=0): None
69.9197 	EXP 	GA: autoDraw = False
69.9197 	EXP 	polygon_2: autoDraw = False
69.9197 	EXP 	text_4: autoDraw = False
69.9197 	EXP 	GA: autoDraw = False
69.9197 	EXP 	polygon_2: autoDraw = False
69.9197 	EXP 	text_4: autoDraw = False
69.9197 	EXP 	GA: sf = array([0.5, 0.5])
69.9197 	EXP 	GA: phase = array([0., 0.])
69.9197 	EXP 	text_3: height = 0.05
69.9197 	EXP 	text_3: height = 0.05
69.9197 	EXP 	text_3: height = 0.05
69.9197 	EXP 	text_3: text = 'Spatial frequency: 0.500\nContrast: 1.000'
69.9197 	EXP 	text_4: height = 0.05
69.9197 	EXP 	text_4: height = 0.05
69.9197 	EXP 	text_4: height = 0.05
69.9197 	EXP 	text_4: text = 'Spatial frequency: 0.500\nContrast: 1.000'
69.9197 	EXP 	GA: autoDraw = True
69.9197 	EXP 	polygon_2: autoDraw = True
69.9197 	EXP 	text_4: autoDraw = True
69.9197 	EXP 	GA: tex = 'sqr'
72.9169 	EXP 	New trial (rep=12, index=0): None
72.9178 	EXP 	Created sequence: random, trialTypes=1, nReps=1, seed=None
72.9179 	EXP 	New trial (rep=0, index=0): None
72.9628 	EXP 	GA: autoDraw = False
72.9628 	EXP 	polygon_2: autoDraw = False
72.9628 	EXP 	text_4: autoDraw = False
72.9628 	EXP 	GA: autoDraw = False
72.9628 	EXP 	polygon_2: autoDraw = False
72.9628 	EXP 	text_4: autoDraw = False
72.9628 	EXP 	GA: sf = array([0.5, 0.5])
72.9628 	EXP 	GA: phase = array([0., 0.])
72.9628 	EXP 	text_3: height = 0.05
72.9628 	EXP 	text_3: height = 0.05
72.9628 	EXP 	text_3: height = 0.05
72.9628 	EXP 	text_3: text = 'Spatial frequency: 0.500\nContrast: 0.376'
72.9628 	EXP 	text_4: height = 0.05
72.9628 	EXP 	text_4: height = 0.05
72.9628 	EXP 	text_4: height = 0.05
72.9628 	EXP 	text_4: text = 'Spatial frequency: 0.500\nContrast: 0.376'
72.9628 	EXP 	GA: autoDraw = True
72.9628 	EXP 	polygon_2: autoDraw = True
72.9628 	EXP 	text_4: autoDraw = True
72.9628 	EXP 	GA: tex = 'sqr'
75.9506 	EXP 	New trial (rep=13, index=0): None
75.9520 	EXP 	Created sequence: random, trialTypes=1, nReps=1, seed=None
75.9522 	EXP 	New trial (rep=0, index=0): None
76.0022 	EXP 	GA: autoDraw = False
76.0022 	EXP 	polygon_2: autoDraw = False
76.0022 	EXP 	text_4: autoDraw = False
76.0022 	EXP 	GA: autoDraw = False
76.0022 	EXP 	polygon_2: autoDraw = False
76.0022 	EXP 	text_4: autoDraw = False
76.0022 	EXP 	GA: sf = array([0.5, 0.5])
76.0022 	EXP 	GA: phase = array([0., 0.])
76.0022 	EXP 	text_3: height = 0.05
76.0022 	EXP 	text_3: height = 0.05
76.0022 	EXP 	text_3: height = 0.05
76.0022 	EXP 	text_3: text = 'Spatial frequency: 0.500\nContrast: 1.000'
76.0022 	EXP 	text_4: height = 0.05
76.0022 	EXP 	text_4: height = 0.05
76.0022 	EXP 	text_4: height = 0.05
76.0022 	EXP 	text_4: text = 'Spatial frequency: 0.500\nContrast: 1.000'
76.0022 	EXP 	GA: autoDraw = True
76.0022 	EXP 	polygon_2: autoDraw = True
76.0022 	EXP 	text_4: autoDraw = True
76.0022 	EXP 	GA: tex = 'sqr'
79.0001 	EXP 	New trial (rep=14, index=0): None
79.0010 	EXP 	Created sequence: random, trialTypes=1, nReps=1, seed=None
79.0012 	EXP 	New trial (rep=0, index=0): None
79.0415 	EXP 	GA: autoDraw = False
79.0415 	EXP 	polygon_2: autoDraw = False
79.0415 	EXP 	text_4: autoDraw = False
79.0415 	EXP 	GA: autoDraw = False
79.0415 	EXP 	polygon_2: autoDraw = False
79.0415 	EXP 	text_4: autoDraw = False
79.0415 	EXP 	GA: sf = array([0.5, 0.5])
79.0415 	EXP 	GA: phase = array([0., 0.])
79.0415 	EXP 	text_3: height = 0.05
79.0415 	EXP 	text_3: height = 0.05
79.0415 	EXP 	text_3: height = 0.05
79.0415 	EXP 	text_3: text = 'Spatial frequency: 0.500\nContrast: 0.376'
79.0415 	EXP 	text_4: height = 0.05
79.0415 	EXP 	text_4: height = 0.05
79.0415 	EXP 	text_4: height = 0.05
79.0415 	EXP 	text_4: text = 'Spatial frequency: 0.500\nContrast: 0.376'
79.0415 	EXP 	GA: autoDraw = True
79.0415 	EXP 	polygon_2: autoDraw = True
79.0415 	EXP 	text_4: autoDraw = True
79.0415 	EXP 	GA: tex = 'sqr'
82.0337 	EXP 	New trial (rep=15, index=0): None
82.0351 	EXP 	Created sequence: random, trialTypes=1, nReps=1, seed=None
82.0356 	EXP 	New trial (rep=0, index=0): None
82.0782 	EXP 	GA: autoDraw = False
82.0782 	EXP 	polygon_2: autoDraw = False
82.0782 	EXP 	text_4: autoDraw = False
82.0782 	EXP 	GA: autoDraw = False
82.0782 	EXP 	polygon_2: autoDraw = False
82.0782 	EXP 	text_4: autoDraw = False
82.0782 	EXP 	GA: sf = array([0.5, 0.5])
82.0782 	EXP 	GA: phase = array([0., 0.])
82.0782 	EXP 	text_3: height = 0.05
82.0782 	EXP 	text_3: height = 0.05
82.0782 	EXP 	text_3: height = 0.05
82.0782 	EXP 	text_3: text = 'Spatial frequency: 0.500\nContrast: 0.141'
82.0782 	EXP 	text_4: height = 0.05
82.0782 	EXP 	text_4: height = 0.05
82.0782 	EXP 	text_4: height = 0.05
82.0782 	EXP 	text_4: text = 'Spatial frequency: 0.500\nContrast: 0.141'
82.0782 	EXP 	GA: autoDraw = True
82.0782 	EXP 	polygon_2: autoDraw = True
82.0782 	EXP 	text_4: autoDraw = True
82.0782 	EXP 	GA: tex = 'sqr'
85.0670 	EXP 	New trial (rep=16, index=0): None
85.0684 	EXP 	Created sequence: random, trialTypes=1, nReps=1, seed=None
85.0687 	EXP 	New trial (rep=0, index=0): None
85.1084 	EXP 	GA: autoDraw = False
85.1084 	EXP 	polygon_2: autoDraw = False
85.1084 	EXP 	text_4: autoDraw = False
85.1084 	EXP 	GA: autoDraw = False
85.1084 	EXP 	polygon_2: autoDraw = False
85.1084 	EXP 	text_4: autoDraw = False
85.1084 	EXP 	GA: sf = array([0.5, 0.5])
85.1084 	EXP 	GA: phase = array([0., 0.])
85.1084 	EXP 	text_3: height = 0.05
85.1084 	EXP 	text_3: height = 0.05
85.1084 	EXP 	text_3: height = 0.05
85.1084 	EXP 	text_3: text = 'Spatial frequency: 0.500\nContrast: 0.376'
85.1084 	EXP 	text_4: height = 0.05
85.1084 	EXP 	text_4: height = 0.05
85.1084 	EXP 	text_4: height = 0.05
85.1084 	EXP 	text_4: text = 'Spatial frequency: 0.500\nContrast: 0.376'
85.1084 	EXP 	GA: autoDraw = True
85.1084 	EXP 	polygon_2: autoDraw = True
85.1084 	EXP 	text_4: autoDraw = True
85.1084 	EXP 	GA: tex = 'sqr'
88.1003 	EXP 	New trial (rep=17, index=0): None
88.1016 	EXP 	Created sequence: random, trialTypes=1, nReps=1, seed=None
88.1018 	EXP 	New trial (rep=0, index=0): None
88.1300 	EXP 	GA: autoDraw = False
88.1300 	EXP 	polygon_2: autoDraw = False
88.1300 	EXP 	text_4: autoDraw = False
88.1300 	EXP 	GA: autoDraw = False
88.1300 	EXP 	polygon_2: autoDraw = False
88.1300 	EXP 	text_4: autoDraw = False
88.1300 	EXP 	GA: sf = array([0.5, 0.5])
88.1300 	EXP 	GA: phase = array([0., 0.])
88.1300 	EXP 	text_3: text = 'Spatial frequency: 0.500\nContrast: 0.376'
88.1300 	EXP 	text_4: text = 'Spatial frequency: 0.500\nContrast: 0.376'
88.1300 	EXP 	GA: autoDraw = True
88.1300 	EXP 	polygon_2: autoDraw = True
88.1300 	EXP 	text_4: autoDraw = True
88.1300 	EXP 	GA: tex = 'sqr'
91.1155 	EXP 	New trial (rep=18, index=0): None
91.1160 	EXP 	Created sequence: random, trialTypes=1, nReps=1, seed=None
91.1161 	EXP 	New trial (rep=0, index=0): None
91.1540 	EXP 	GA: autoDraw = False
91.1540 	EXP 	polygon_2: autoDraw = False
91.1540 	EXP 	text_4: autoDraw = False
91.1540 	EXP 	GA: autoDraw = False
91.1540 	EXP 	polygon_2: autoDraw = False
91.1540 	EXP 	text_4: autoDraw = False
91.1540 	EXP 	GA: sf = array([0.5, 0.5])
91.1540 	EXP 	GA: phase = array([0., 0.])
91.1540 	EXP 	text_3: height = 0.05
91.1540 	EXP 	text_3: height = 0.05
91.1540 	EXP 	text_3: height = 0.05
91.1540 	EXP 	text_3: text = 'Spatial frequency: 0.500\nContrast: 1.000'
91.1540 	EXP 	text_4: height = 0.05
91.1540 	EXP 	text_4: height = 0.05
91.1540 	EXP 	text_4: height = 0.05
91.1540 	EXP 	text_4: text = 'Spatial frequency: 0.500\nContrast: 1.000'
91.1540 	EXP 	GA: autoDraw = True
91.1540 	EXP 	polygon_2: autoDraw = True
91.1540 	EXP 	text_4: autoDraw = True
91.1540 	EXP 	GA: tex = 'sqr'
94.1499 	EXP 	New trial (rep=19, index=0): None
94.1511 	EXP 	Created sequence: random, trialTypes=1, nReps=1, seed=None
94.1514 	EXP 	New trial (rep=0, index=0): None
94.1874 	EXP 	GA: autoDraw = False
94.1874 	EXP 	polygon_2: autoDraw = False
94.1874 	EXP 	text_4: autoDraw = False
94.1874 	EXP 	GA: autoDraw = False
94.1874 	EXP 	polygon_2: autoDraw = False
94.1874 	EXP 	text_4: autoDraw = False
94.1874 	EXP 	GA: sf = array([0.5, 0.5])
94.1874 	EXP 	GA: phase = array([0., 0.])
94.1874 	EXP 	text_3: height = 0.05
94.1874 	EXP 	text_3: height = 0.05
94.1874 	EXP 	text_3: height = 0.05
94.1874 	EXP 	text_3: text = 'Spatial frequency: 0.500\nContrast: 0.020'
94.1874 	EXP 	text_4: height = 0.05
94.1874 	EXP 	text_4: height = 0.05
94.1874 	EXP 	text_4: height = 0.05
94.1874 	EXP 	text_4: text = 'Spatial frequency: 0.500\nContrast: 0.020'
94.1874 	EXP 	GA: autoDraw = True
94.1874 	EXP 	polygon_2: autoDraw = True
94.1874 	EXP 	text_4: autoDraw = True
94.1874 	EXP 	GA: tex = 'sqr'
97.1977 	EXP 	GA: autoDraw = False
97.1977 	EXP 	polygon_2: autoDraw = False
97.1977 	EXP 	text_4: autoDraw = False
97.1977 	EXP 	GA: autoDraw = False
97.1977 	EXP 	polygon_2: autoDraw = False
97.1977 	EXP 	text_4: autoDraw = False
97.3127 	EXP 	window1: mouseVisible = True
