3.4390 	WARNING 	Speech-to-text recognition module for PocketSphinx is not available (use command `pip install SpeechRecognition` to get it). Transcription will be unavailable using that service this session.
3.4399 	WARNING 	Speech-to-text recognition using Google online services is not available (use command `pip install google-api-core google-auth google-cloud google-cloud-speech googleapis-common-protos` to get it). Transcription will be unavailable using that service this session.
3.4414 	ERROR 	Support for the `sounddevice` audio backend is not available this session. Please install `psychopy-sounddevice` and restart the session to enable support.
22.9792 	WARNING 	User requested fullscreen with size [1536  864], but screen is actually [1920, 1200]. Using actual size
23.5094 	EXP 	Created window1 = Window(allowGUI=True, allowStencil=False, autoLog=True, backendConf=UNKNOWN, backgroundFit=<method-wrapper '__getattribute__' of attributeSetter object at 0x000001889398F390>, backgroundImage=<method-wrapper '__getattribute__' of attributeSetter object at 0x000001889398F190>, bitsMode=UNKNOWN, blendMode='avg', bpc=(8, 8, 8), color=array([0, 0, 0]), colorSpace='rgb', depthBits=8, fullscr=<method-wrapper '__getattribute__' of attributeSetter object at 0x00000188939533D0>, gamma=None, gammaErrorPolicy='raise', lms=UNKNOWN, monitor=<psychopy.monitors.calibTools.Monitor object at 0x00000188A61F7490>, multiSample=False, name='window1', numSamples=2, pos=(0, 0), screen=0, size=array([1920, 1200]), stencilBits=0, stereo=False, units='height', useFBO=True, useRetina=False, viewOri=0.0, viewPos=None, viewScale=None, waitBlanking=True, winType='pyglet')
23.5095 	EXP 	window1: mouseVisible = True
23.5096 	EXP 	window1: backgroundImage = None
23.5096 	EXP 	window1: backgroundFit = 'cover'
23.5097 	EXP 	window1: mouseVisible = False
23.5097 	EXP 	window1: Attempting to measure frame rate of screen (0) ...
23.5097 	EXP 	window1: recordFrameIntervals = False
23.5705 	EXP 	window1: recordFrameIntervals = True
23.6352 	EXP 	Screen (0) actual frame rate measured at 168.03Hz
23.6352 	EXP 	window1: recordFrameIntervals = False
26.5385 	EXP 	Created text_2 = TextStim(__class__=<class 'psychopy.visual.text.TextStim'>, alignHoriz=method-wrapper(...), alignText='center', alignVert=method-wrapper(...), anchorHoriz='center', anchorVert='center', antialias=True, autoDraw=False, autoLog=True, bold=False, color=array([1., 1., 1.]), colorSpace='rgb', contrast=1.0, depth=0.0, flipHoriz=False, flipVert=False, font='Open Sans', fontFiles=[], height=0.05, italic=False, languageStyle='LTR', name='text_2', opacity=1.0, ori=0.0, pos=array([0., 0.]), rgb=UNKNOWN, text='Press spacebar to start the experiment\n\n', units='height', win=Window(...), wrapWidth=1)
26.5590 	EXP 	Created GA = GratingStim(__class__=<class 'psychopy.visual.grating.GratingStim'>, anchor='center', autoDraw=False, autoLog=True, blendmode='avg', color=array([1., 1., 1.]), colorSpace='rgb', contrast=1.0, depth=-2.0, interpolate=True, mask='circle', maskParams=None, name='GA', opacity=1.0, ori=0.0, phase=array([0., 0.]), pos=array([0., 0.]), rgbPedestal=array([0., 0., 0.]), sf=array([0., 0.]), size=array([8.5]), tex='sqr', texRes=512.0, units='deg', win=Window(...))
26.5611 	EXP 	Created polygon = ShapeStim(__class__=<class 'psychopy.visual.shape.ShapeStim'>, anchor=('center', 'center'), autoDraw=False, autoLog=True, closeShape=True, color=method-wrapper(...), colorSpace='rgb', contrast=None, depth=-3.0, fillColor=array([0., 0., 0.]), fillColorSpace='rgb', fillRGB=array([0., 0., 0.]), interpolate=True, lineColor=array([0., 0., 0.]), lineColorSpace='rgb', lineRGB=array([0., 0., 0.]), lineWidth=1.0, name='polygon', opacity=1.0, ori=0.0, pos=array([0., 0.]), size=array([0.05, 0.05]), units='height', vertices=ndarray(...), win=Window(...), windingRule=None)
26.5616 	EXP 	Created text_3 = TextStim(__class__=<class 'psychopy.visual.text.TextStim'>, alignHoriz=method-wrapper(...), alignText='center', alignVert=method-wrapper(...), anchorHoriz='center', anchorVert='center', antialias=True, autoDraw=False, autoLog=True, bold=False, color=array([1., 1., 1.]), colorSpace='rgb', contrast=1.0, depth=-4.0, flipHoriz=False, flipVert=False, font='Open Sans', fontFiles=[], height=0.05, italic=False, languageStyle='LTR', name='text_3', opacity=1.0, ori=0.0, pos=array([0.   , 0.125]), rgb=UNKNOWN, text='', units='height', win=Window(...), wrapWidth=1)
26.5628 	EXP 	Created polygon_2 = ShapeStim(__class__=<class 'psychopy.visual.shape.ShapeStim'>, anchor=('center', 'center'), autoDraw=False, autoLog=True, closeShape=True, color=method-wrapper(...), colorSpace='rgb', contrast=None, depth=-2.0, fillColor=array([0., 0., 0.]), fillColorSpace='rgb', fillRGB=array([0., 0., 0.]), interpolate=True, lineColor=array([0., 0., 0.]), lineColorSpace='rgb', lineRGB=array([0., 0., 0.]), lineWidth=1.0, name='polygon_2', opacity=1.0, ori=0.0, pos=array([0., 0.]), size=array([0.05, 0.05]), units='height', vertices=ndarray(...), win=Window(...), windingRule=None)
26.5632 	EXP 	Created text_4 = TextStim(__class__=<class 'psychopy.visual.text.TextStim'>, alignHoriz=method-wrapper(...), alignText='center', alignVert=method-wrapper(...), anchorHoriz='center', anchorVert='center', antialias=True, autoDraw=False, autoLog=True, bold=False, color=array([1., 1., 1.]), colorSpace='rgb', contrast=1.0, depth=-3.0, flipHoriz=False, flipVert=False, font='Open Sans', fontFiles=[], height=0.05, italic=False, languageStyle='LTR', name='text_4', opacity=1.0, ori=0.0, pos=array([0.   , 0.125]), rgb=UNKNOWN, text='', units='height', win=Window(...), wrapWidth=1)
26.5645 	EXP 	Created polygon_3 = ShapeStim(__class__=<class 'psychopy.visual.shape.ShapeStim'>, anchor=('center', 'center'), autoDraw=False, autoLog=True, closeShape=True, color=method-wrapper(...), colorSpace='rgb', contrast=None, depth=0.0, fillColor=array([0., 0., 0.]), fillColorSpace='rgb', fillRGB=array([0., 0., 0.]), interpolate=True, lineColor=array([0., 0., 0.]), lineColorSpace='rgb', lineRGB=array([0., 0., 0.]), lineWidth=1.0, name='polygon_3', opacity=1.0, ori=0.0, pos=array([0., 0.]), size=array([0.05, 0.05]), units='height', vertices=ndarray(...), win=Window(...), windingRule=None)
26.5876 	EXP 	Created GA_2 = GratingStim(__class__=<class 'psychopy.visual.grating.GratingStim'>, anchor='center', autoDraw=False, autoLog=True, blendmode='avg', color=array([1., 1., 1.]), colorSpace='rgb', contrast=1.0, depth=-2.0, interpolate=True, mask='circle', maskParams=None, name='GA_2', opacity=1.0, ori=0.0, phase=array([0., 0.]), pos=array([0., 0.]), rgbPedestal=array([0., 0., 0.]), sf=array([1., 1.]), size=array([8.5]), tex='sqr', texRes=512.0, units='deg', win=Window(...))
26.5893 	EXP 	Created polygon_4 = ShapeStim(__class__=<class 'psychopy.visual.shape.ShapeStim'>, anchor=('center', 'center'), autoDraw=False, autoLog=True, closeShape=True, color=method-wrapper(...), colorSpace='rgb', contrast=None, depth=-3.0, fillColor=array([0., 0., 0.]), fillColorSpace='rgb', fillRGB=array([0., 0., 0.]), interpolate=True, lineColor=array([0., 0., 0.]), lineColorSpace='rgb', lineRGB=array([0., 0., 0.]), lineWidth=1.0, name='polygon_4', opacity=1.0, ori=0.0, pos=array([0., 0.]), size=array([0.05, 0.05]), units='height', vertices=ndarray(...), win=Window(...), windingRule=None)
26.5900 	EXP 	Created text_5 = TextStim(__class__=<class 'psychopy.visual.text.TextStim'>, alignHoriz=method-wrapper(...), alignText='center', alignVert=method-wrapper(...), anchorHoriz='center', anchorVert='center', antialias=True, autoDraw=False, autoLog=True, bold=False, color=array([1., 1., 1.]), colorSpace='rgb', contrast=1.0, depth=-4.0, flipHoriz=False, flipVert=False, font='Open Sans', fontFiles=[], height=0.05, italic=False, languageStyle='LTR', name='text_5', opacity=1.0, ori=0.0, pos=array([0.   , 0.125]), rgb=UNKNOWN, text='', units='height', win=Window(...), wrapWidth=1)
26.5916 	EXP 	Created polygon_5 = ShapeStim(__class__=<class 'psychopy.visual.shape.ShapeStim'>, anchor=('center', 'center'), autoDraw=False, autoLog=True, closeShape=True, color=method-wrapper(...), colorSpace='rgb', contrast=None, depth=-2.0, fillColor=array([0., 0., 0.]), fillColorSpace='rgb', fillRGB=array([0., 0., 0.]), interpolate=True, lineColor=array([0., 0., 0.]), lineColorSpace='rgb', lineRGB=array([0., 0., 0.]), lineWidth=1.0, name='polygon_5', opacity=1.0, ori=0.0, pos=array([0., 0.]), size=array([0.05, 0.05]), units='height', vertices=ndarray(...), win=Window(...), windingRule=None)
26.5923 	EXP 	Created text_6 = TextStim(__class__=<class 'psychopy.visual.text.TextStim'>, alignHoriz=method-wrapper(...), alignText='center', alignVert=method-wrapper(...), anchorHoriz='center', anchorVert='center', antialias=True, autoDraw=False, autoLog=True, bold=False, color=array([1., 1., 1.]), colorSpace='rgb', contrast=1.0, depth=-3.0, flipHoriz=False, flipVert=False, font='Open Sans', fontFiles=[], height=0.05, italic=False, languageStyle='LTR', name='text_6', opacity=1.0, ori=0.0, pos=array([0.   , 0.125]), rgb=UNKNOWN, text='', units='height', win=Window(...), wrapWidth=1)
26.5941 	EXP 	Created polygon_6 = ShapeStim(__class__=<class 'psychopy.visual.shape.ShapeStim'>, anchor=('center', 'center'), autoDraw=False, autoLog=True, closeShape=True, color=method-wrapper(...), colorSpace='rgb', contrast=None, depth=0.0, fillColor=array([0., 0., 0.]), fillColorSpace='rgb', fillRGB=array([0., 0., 0.]), interpolate=True, lineColor=array([0., 0., 0.]), lineColorSpace='rgb', lineRGB=array([0., 0., 0.]), lineWidth=1.0, name='polygon_6', opacity=1.0, ori=0.0, pos=array([0., 0.]), size=array([0.05, 0.05]), units='height', vertices=ndarray(...), win=Window(...), windingRule=None)
26.5982 	EXP 	text_2: autoDraw = True
27.2558 	EXP 	Created sequence: random, trialTypes=1, nReps=1, seed=None
27.2563 	EXP 	New trial (rep=0, index=0): None
29.8272 	DATA 	Keypress: space
29.8317 	EXP 	text_2: autoDraw = False
29.8317 	EXP 	text_3: height = 0.05
29.8317 	EXP 	text_3: height = 0.05
29.8317 	EXP 	text_3: height = 0.05
29.8317 	EXP 	text_3: text = 'Spatial frequency: 0.0\nContrast: 0.095'
29.8317 	EXP 	text_4: height = 0.05
29.8317 	EXP 	text_4: height = 0.05
29.8317 	EXP 	text_4: height = 0.05
29.8317 	EXP 	text_4: text = 'Spatial frequency: 0.0\nContrast: 0.095'
29.8317 	EXP 	GA: autoDraw = True
29.8317 	EXP 	polygon_2: autoDraw = True
29.8317 	EXP 	text_4: autoDraw = True
29.8317 	EXP 	GA: tex = 'sqr'
32.8327 	EXP 	GA: autoDraw = False
32.8327 	EXP 	polygon_2: autoDraw = False
32.8327 	EXP 	text_4: autoDraw = False
32.8327 	EXP 	GA: autoDraw = False
32.8327 	EXP 	polygon_2: autoDraw = False
32.8327 	EXP 	text_4: autoDraw = False
32.8327 	EXP 	polygon_3: autoDraw = True
35.4363 	EXP 	polygon_3: autoDraw = False
35.4363 	EXP 	text_3: height = 0.05
35.4363 	EXP 	text_3: height = 0.05
35.4363 	EXP 	text_3: height = 0.05
35.4363 	EXP 	text_3: text = 'Spatial frequency: 0.0\nContrast: 0.100'
35.4363 	EXP 	text_4: height = 0.05
35.4363 	EXP 	text_4: height = 0.05
35.4363 	EXP 	text_4: height = 0.05
35.4363 	EXP 	text_4: text = 'Spatial frequency: 0.0\nContrast: 0.100'
35.4363 	EXP 	GA: autoDraw = True
35.4363 	EXP 	polygon_2: autoDraw = True
35.4363 	EXP 	text_4: autoDraw = True
35.4363 	EXP 	GA: tex = 'sqr'
38.4374 	EXP 	GA: autoDraw = False
38.4374 	EXP 	polygon_2: autoDraw = False
38.4374 	EXP 	text_4: autoDraw = False
38.4374 	EXP 	GA: autoDraw = False
38.4374 	EXP 	polygon_2: autoDraw = False
38.4374 	EXP 	text_4: autoDraw = False
38.4374 	EXP 	polygon_3: autoDraw = True
41.0568 	EXP 	polygon_3: autoDraw = False
41.0568 	EXP 	text_3: height = 0.05
41.0568 	EXP 	text_3: height = 0.05
41.0568 	EXP 	text_3: height = 0.05
41.0568 	EXP 	text_3: text = 'Spatial frequency: 0.0\nContrast: 0.095'
41.0568 	EXP 	text_4: height = 0.05
41.0568 	EXP 	text_4: height = 0.05
41.0568 	EXP 	text_4: height = 0.05
41.0568 	EXP 	text_4: text = 'Spatial frequency: 0.0\nContrast: 0.095'
41.0568 	EXP 	GA: autoDraw = True
41.0568 	EXP 	polygon_2: autoDraw = True
41.0568 	EXP 	text_4: autoDraw = True
41.0568 	EXP 	GA: tex = 'sqr'
41.5851 	DATA 	Keypress: escape
42.3165 	EXP 	window1: mouseVisible = True
