3.3961 	WARNING 	Speech-to-text recognition module for PocketSphinx is not available (use command `pip install SpeechRecognition` to get it). Transcription will be unavailable using that service this session.
3.3965 	WARNING 	Speech-to-text recognition using Google online services is not available (use command `pip install google-api-core google-auth google-cloud google-cloud-speech googleapis-common-protos` to get it). Transcription will be unavailable using that service this session.
3.3974 	ERROR 	Support for the `sounddevice` audio backend is not available this session. Please install `psychopy-sounddevice` and restart the session to enable support.
32.7847 	WARNING 	User requested fullscreen with size [1536  864], but screen is actually [1920, 1200]. Using actual size
33.3117 	EXP 	Created window1 = Window(allowGUI=True, allowStencil=False, autoLog=True, backendConf=UNKNOWN, backgroundFit=<method-wrapper '__getattribute__' of attributeSetter object at 0x000001C7EAC8F690>, backgroundImage=<method-wrapper '__getattribute__' of attributeSetter object at 0x000001C7EAC8F650>, bitsMode=UNKNOWN, blendMode='avg', bpc=(8, 8, 8), color=array([0, 0, 0]), colorSpace='rgb', depthBits=8, fullscr=<method-wrapper '__getattribute__' of attributeSetter object at 0x000001C7EA96A090>, gamma=None, gammaErrorPolicy='raise', lms=UNKNOWN, monitor=<psychopy.monitors.calibTools.Monitor object at 0x000001C7FD5FD510>, multiSample=False, name='window1', numSamples=2, pos=(0, 0), screen=0, size=array([1920, 1200]), stencilBits=0, stereo=False, units='height', useFBO=True, useRetina=False, viewOri=0.0, viewPos=None, viewScale=None, waitBlanking=True, winType='pyglet')
33.3117 	EXP 	window1: mouseVisible = True
33.3118 	EXP 	window1: backgroundImage = None
33.3118 	EXP 	window1: backgroundFit = 'cover'
33.3119 	EXP 	window1: mouseVisible = False
33.3119 	EXP 	window1: Attempting to measure frame rate of screen (0) ...
33.3119 	EXP 	window1: recordFrameIntervals = False
33.3716 	EXP 	window1: recordFrameIntervals = True
33.4381 	EXP 	Screen (0) actual frame rate measured at 165.68Hz
33.4381 	EXP 	window1: recordFrameIntervals = False
36.1987 	EXP 	Created text_2 = TextStim(__class__=<class 'psychopy.visual.text.TextStim'>, alignHoriz=method-wrapper(...), alignText='center', alignVert=method-wrapper(...), anchorHoriz='center', anchorVert='center', antialias=True, autoDraw=False, autoLog=True, bold=False, color=array([1., 1., 1.]), colorSpace='rgb', contrast=1.0, depth=0.0, flipHoriz=False, flipVert=False, font='Open Sans', fontFiles=[], height=0.05, italic=False, languageStyle='LTR', name='text_2', opacity=1.0, ori=0.0, pos=array([0., 0.]), rgb=UNKNOWN, text='Press spacebar to start the experiment\n\n', units='height', win=Window(...), wrapWidth=1)
36.8562 	EXP 	Created GA = GratingStim(__class__=<class 'psychopy.visual.grating.GratingStim'>, anchor='center', autoDraw=False, autoLog=True, blendmode='avg', color=array([1., 1., 1.]), colorSpace='rgb', contrast=1.0, depth=-2.0, interpolate=True, mask='circle', maskParams=None, name='GA', opacity=1.0, ori=0.0, phase=array([0., 0.]), pos=array([0., 0.]), rgbPedestal=array([0., 0., 0.]), sf=array([1., 1.]), size=array([8.5]), tex='sqr', texRes=512.0, units='deg', win=Window(...))
36.8597 	EXP 	Created polygon = ShapeStim(__class__=<class 'psychopy.visual.shape.ShapeStim'>, anchor=('center', 'center'), autoDraw=False, autoLog=True, closeShape=True, color=method-wrapper(...), colorSpace='rgb', contrast=None, depth=-3.0, fillColor=array([0., 0., 0.]), fillColorSpace='rgb', fillRGB=array([0., 0., 0.]), interpolate=True, lineColor=array([0., 0., 0.]), lineColorSpace='rgb', lineRGB=array([0., 0., 0.]), lineWidth=1.0, name='polygon', opacity=1.0, ori=0.0, pos=array([0., 0.]), size=array([0.05, 0.05]), units='height', vertices=ndarray(...), win=Window(...), windingRule=None)
36.8603 	EXP 	Created text_3 = TextStim(__class__=<class 'psychopy.visual.text.TextStim'>, alignHoriz=method-wrapper(...), alignText='center', alignVert=method-wrapper(...), anchorHoriz='center', anchorVert='center', antialias=True, autoDraw=False, autoLog=True, bold=False, color=array([1., 1., 1.]), colorSpace='rgb', contrast=1.0, depth=-4.0, flipHoriz=False, flipVert=False, font='Open Sans', fontFiles=[], height=0.05, italic=False, languageStyle='LTR', name='text_3', opacity=1.0, ori=0.0, pos=array([0.   , 0.125]), rgb=UNKNOWN, text='', units='height', win=Window(...), wrapWidth=1)
36.8616 	EXP 	Created polygon_2 = ShapeStim(__class__=<class 'psychopy.visual.shape.ShapeStim'>, anchor=('center', 'center'), autoDraw=False, autoLog=True, closeShape=True, color=method-wrapper(...), colorSpace='rgb', contrast=None, depth=-2.0, fillColor=array([0., 0., 0.]), fillColorSpace='rgb', fillRGB=array([0., 0., 0.]), interpolate=True, lineColor=array([0., 0., 0.]), lineColorSpace='rgb', lineRGB=array([0., 0., 0.]), lineWidth=1.0, name='polygon_2', opacity=1.0, ori=0.0, pos=array([0., 0.]), size=array([0.05, 0.05]), units='height', vertices=ndarray(...), win=Window(...), windingRule=None)
36.8622 	EXP 	Created text_4 = TextStim(__class__=<class 'psychopy.visual.text.TextStim'>, alignHoriz=method-wrapper(...), alignText='center', alignVert=method-wrapper(...), anchorHoriz='center', anchorVert='center', antialias=True, autoDraw=False, autoLog=True, bold=False, color=array([1., 1., 1.]), colorSpace='rgb', contrast=1.0, depth=-3.0, flipHoriz=False, flipVert=False, font='Open Sans', fontFiles=[], height=0.05, italic=False, languageStyle='LTR', name='text_4', opacity=1.0, ori=0.0, pos=array([0.   , 0.125]), rgb=UNKNOWN, text='', units='height', win=Window(...), wrapWidth=1)
36.8634 	EXP 	Created polygon_3 = ShapeStim(__class__=<class 'psychopy.visual.shape.ShapeStim'>, anchor=('center', 'center'), autoDraw=False, autoLog=True, closeShape=True, color=method-wrapper(...), colorSpace='rgb', contrast=None, depth=0.0, fillColor=array([0., 0., 0.]), fillColorSpace='rgb', fillRGB=array([0., 0., 0.]), interpolate=True, lineColor=array([0., 0., 0.]), lineColorSpace='rgb', lineRGB=array([0., 0., 0.]), lineWidth=1.0, name='polygon_3', opacity=1.0, ori=0.0, pos=array([0., 0.]), size=array([0.05, 0.05]), units='height', vertices=ndarray(...), win=Window(...), windingRule=None)
36.8701 	EXP 	text_2: autoDraw = True
37.3649 	EXP 	Created sequence: random, trialTypes=1, nReps=20, seed=None
37.3650 	EXP 	New trial (rep=0, index=0): None
37.3656 	EXP 	Created sequence: random, trialTypes=1, nReps=1, seed=None
37.3657 	EXP 	New trial (rep=0, index=0): None
39.7182 	DATA 	Keypress: space
39.7222 	EXP 	text_2: autoDraw = False
39.7222 	EXP 	GA: sf = array([0.5, 0.5])
39.7222 	EXP 	GA: phase = array([0., 0.])
39.7222 	EXP 	text_3: height = 0.05
39.7222 	EXP 	text_3: height = 0.05
39.7222 	EXP 	text_3: height = 0.05
39.7222 	EXP 	text_3: text = 'Spatial frequency: 0.500\nContrast: 0.020'
39.7222 	EXP 	text_4: height = 0.05
39.7222 	EXP 	text_4: height = 0.05
39.7222 	EXP 	text_4: height = 0.05
39.7222 	EXP 	text_4: text = 'Spatial frequency: 0.500\nContrast: 0.020'
39.7222 	EXP 	GA: autoDraw = True
39.7222 	EXP 	polygon_2: autoDraw = True
39.7222 	EXP 	text_4: autoDraw = True
39.7222 	EXP 	GA: tex = 'sqr'
42.7254 	EXP 	GA: autoDraw = False
42.7254 	EXP 	polygon_2: autoDraw = False
42.7254 	EXP 	text_4: autoDraw = False
42.7254 	EXP 	GA: autoDraw = False
42.7254 	EXP 	polygon_2: autoDraw = False
42.7254 	EXP 	text_4: autoDraw = False
42.7254 	EXP 	polygon_3: autoDraw = True
43.2237 	EXP 	New trial (rep=1, index=0): None
43.2243 	EXP 	Created sequence: random, trialTypes=1, nReps=1, seed=None
43.2244 	EXP 	New trial (rep=0, index=0): None
45.2988 	EXP 	GA: sf = array([0.5, 0.5])
45.2988 	EXP 	GA: phase = array([0., 0.])
45.2988 	EXP 	text_3: height = 0.05
45.2988 	EXP 	text_3: height = 0.05
45.2988 	EXP 	text_3: height = 0.05
45.2988 	EXP 	text_3: text = 'Spatial frequency: 0.500\nContrast: 0.141'
45.2988 	EXP 	text_4: height = 0.05
45.2988 	EXP 	text_4: height = 0.05
45.2988 	EXP 	text_4: height = 0.05
45.2988 	EXP 	text_4: text = 'Spatial frequency: 0.500\nContrast: 0.141'
45.2988 	EXP 	GA: autoDraw = True
45.2988 	EXP 	polygon_2: autoDraw = True
45.2988 	EXP 	text_4: autoDraw = True
45.2988 	EXP 	GA: tex = 'sqr'
48.2999 	EXP 	GA: autoDraw = False
48.2999 	EXP 	polygon_2: autoDraw = False
48.2999 	EXP 	text_4: autoDraw = False
48.2999 	EXP 	GA: autoDraw = False
48.2999 	EXP 	polygon_2: autoDraw = False
48.2999 	EXP 	text_4: autoDraw = False
48.2999 	EXP 	polygon_3: autoDraw = True
48.3056 	EXP 	polygon_3: autoDraw = True
48.3111 	EXP 	polygon_3: autoDraw = True
48.3183 	EXP 	polygon_3: autoDraw = True
48.3234 	EXP 	polygon_3: autoDraw = True
48.3298 	EXP 	polygon_3: autoDraw = True
48.3362 	EXP 	polygon_3: autoDraw = True
48.3420 	EXP 	polygon_3: autoDraw = True
48.3485 	EXP 	polygon_3: autoDraw = True
48.3539 	EXP 	polygon_3: autoDraw = True
48.3607 	EXP 	polygon_3: autoDraw = True
48.3661 	EXP 	polygon_3: autoDraw = True
48.3731 	EXP 	polygon_3: autoDraw = True
48.3786 	EXP 	polygon_3: autoDraw = True
48.3846 	EXP 	polygon_3: autoDraw = True
48.3902 	EXP 	polygon_3: autoDraw = True
48.3969 	EXP 	polygon_3: autoDraw = True
48.4031 	EXP 	polygon_3: autoDraw = True
48.4091 	EXP 	polygon_3: autoDraw = True
48.4152 	EXP 	polygon_3: autoDraw = True
48.4222 	EXP 	polygon_3: autoDraw = True
48.4276 	EXP 	polygon_3: autoDraw = True
48.4331 	EXP 	polygon_3: autoDraw = True
48.4393 	EXP 	polygon_3: autoDraw = True
48.4458 	EXP 	polygon_3: autoDraw = True
48.4520 	EXP 	polygon_3: autoDraw = True
48.4580 	EXP 	polygon_3: autoDraw = True
48.4638 	EXP 	polygon_3: autoDraw = True
48.4701 	EXP 	polygon_3: autoDraw = True
48.4761 	EXP 	polygon_3: autoDraw = True
48.4822 	EXP 	polygon_3: autoDraw = True
48.4881 	EXP 	polygon_3: autoDraw = True
48.4939 	EXP 	polygon_3: autoDraw = True
48.5019 	EXP 	polygon_3: autoDraw = True
48.5111 	EXP 	polygon_3: autoDraw = True
48.5200 	EXP 	polygon_3: autoDraw = True
48.5248 	EXP 	polygon_3: autoDraw = True
48.5306 	EXP 	polygon_3: autoDraw = True
48.5375 	EXP 	polygon_3: autoDraw = True
48.5426 	EXP 	polygon_3: autoDraw = True
48.5488 	EXP 	polygon_3: autoDraw = True
48.5550 	EXP 	polygon_3: autoDraw = True
48.5607 	EXP 	polygon_3: autoDraw = True
48.5673 	EXP 	polygon_3: autoDraw = True
48.5731 	EXP 	polygon_3: autoDraw = True
48.5790 	EXP 	polygon_3: autoDraw = True
48.5856 	EXP 	polygon_3: autoDraw = True
48.5918 	EXP 	polygon_3: autoDraw = True
48.5972 	EXP 	polygon_3: autoDraw = True
48.6029 	EXP 	polygon_3: autoDraw = True
48.6100 	EXP 	polygon_3: autoDraw = True
48.6161 	EXP 	polygon_3: autoDraw = True
48.6213 	EXP 	polygon_3: autoDraw = True
48.6280 	EXP 	polygon_3: autoDraw = True
48.6332 	EXP 	polygon_3: autoDraw = True
48.6394 	EXP 	polygon_3: autoDraw = True
48.6455 	EXP 	polygon_3: autoDraw = True
48.6515 	EXP 	polygon_3: autoDraw = True
48.6576 	EXP 	polygon_3: autoDraw = True
48.6639 	EXP 	polygon_3: autoDraw = True
48.6698 	EXP 	polygon_3: autoDraw = True
48.6759 	EXP 	polygon_3: autoDraw = True
48.6821 	EXP 	polygon_3: autoDraw = True
48.6878 	EXP 	polygon_3: autoDraw = True
48.6939 	EXP 	polygon_3: autoDraw = True
48.7001 	EXP 	polygon_3: autoDraw = True
48.7060 	EXP 	polygon_3: autoDraw = True
48.7123 	EXP 	polygon_3: autoDraw = True
48.7181 	EXP 	polygon_3: autoDraw = True
48.7245 	EXP 	polygon_3: autoDraw = True
48.7301 	EXP 	polygon_3: autoDraw = True
48.7374 	EXP 	polygon_3: autoDraw = True
48.7424 	EXP 	polygon_3: autoDraw = True
48.7485 	EXP 	polygon_3: autoDraw = True
48.7556 	EXP 	polygon_3: autoDraw = True
48.7601 	EXP 	polygon_3: autoDraw = True
48.7671 	EXP 	polygon_3: autoDraw = True
48.7737 	EXP 	polygon_3: autoDraw = True
48.7786 	EXP 	polygon_3: autoDraw = True
48.7848 	EXP 	polygon_3: autoDraw = True
48.7926 	EXP 	polygon_3: autoDraw = True
48.7968 	EXP 	polygon_3: autoDraw = True
48.7971 	EXP 	New trial (rep=2, index=0): None
48.7978 	EXP 	Created sequence: random, trialTypes=1, nReps=1, seed=None
48.7979 	EXP 	New trial (rep=0, index=0): None
50.8910 	EXP 	GA: sf = array([0.5, 0.5])
50.8910 	EXP 	GA: phase = array([0., 0.])
50.8910 	EXP 	text_3: height = 0.05
50.8910 	EXP 	text_3: height = 0.05
50.8910 	EXP 	text_3: height = 0.05
50.8910 	EXP 	text_3: text = 'Spatial frequency: 0.500\nContrast: 0.376'
50.8910 	EXP 	text_4: height = 0.05
50.8910 	EXP 	text_4: height = 0.05
50.8910 	EXP 	text_4: height = 0.05
50.8910 	EXP 	text_4: text = 'Spatial frequency: 0.500\nContrast: 0.376'
50.8910 	EXP 	GA: autoDraw = True
50.8910 	EXP 	polygon_2: autoDraw = True
50.8910 	EXP 	text_4: autoDraw = True
50.8910 	EXP 	GA: tex = 'sqr'
51.6452 	DATA 	Keypress: escape
52.5572 	EXP 	window1: mouseVisible = True
