33.3524 	WARNING 	User requested fullscreen with size [1536  864], but screen is actually [1920, 1080]. Using actual size
34.2855 	EXP 	Created window1 = Window(allowGUI=True, allowStencil=False, autoLog=True, backendConf=UNKNOWN, backgroundFit=<method-wrapper '__getattribute__' of attributeSetter object at 0x0000023E9C15BC70>, backgroundImage=<method-wrapper '__getattribute__' of attributeSetter object at 0x0000023E9C15BC10>, bitsMode=UNKNOWN, blendMode='avg', bpc=(8, 8, 8), color=array([0, 0, 0]), colorSpace='rgb', depthBits=8, fullscr=<method-wrapper '__getattribute__' of attributeSetter object at 0x0000023E9C15BA60>, gamma=None, gammaErrorPolicy='raise', infoMsg=UNKNOWN, lms=UNKNOWN, monitor=<psychopy.monitors.calibTools.Monitor object at 0x0000023EA95D2AC0>, multiSample=False, name='window1', numSamples=2, pos=(0, 0), screen=0, size=array([1920, 1080]), stencilBits=0, stereo=False, title='PsychoPy', units='height', useFBO=True, useRetina=False, viewOri=0.0, viewPos=None, viewScale=None, waitBlanking=True, winType='pyglet')
34.2856 	EXP 	window1: backgroundImage = None
34.2856 	EXP 	window1: backgroundFit = 'cover'
34.2857 	EXP 	window1: mouseVisible = False
34.2876 	EXP 	window1: Attempting to measure frame rate of screen (0) ...
34.2876 	EXP 	window1: recordFrameIntervals = False
34.4518 	EXP 	window1: recordFrameIntervals = True
34.6352 	EXP 	Screen (0) actual frame rate measured at 60.01Hz
34.6353 	EXP 	window1: recordFrameIntervals = False
36.2728 	EXP 	window1: mouseVisible = False
36.4012 	EXP 	Created text_2 = TextStim(__class__=<class 'psychopy.visual.text.TextStim'>, alignHoriz=method-wrapper(...), alignText='center', alignVert=method-wrapper(...), anchorHoriz='center', anchorVert='center', antialias=True, autoDraw=False, autoLog=True, bold=False, color=array([1., 1., 1.]), colorSpace='rgb', contrast=1.0, depth=0.0, draggable=False, flipHoriz=False, flipVert=False, font='Open Sans', fontFiles=[], height=0.05, italic=False, languageStyle='LTR', name='text_2', opacity=1, ori=0.0, pos=array([0., 0.]), rgb=UNKNOWN, text=str(...), units='height', win=Window(...), wrapWidth=1)
36.4014 	EXP 	window1: mouseVisible = False
36.4427 	EXP 	Created GA = GratingStim(__class__=<class 'psychopy.visual.grating.GratingStim'>, anchor='center', autoDraw=False, autoLog=True, blendmode='avg', color=array([1., 1., 1.]), colorSpace='rgb', contrast=1.0, depth=-2.0, draggable=False, interpolate=True, mask='circle', maskParams=None, name='GA', opacity=1, ori=0.0, phase=array([0., 0.]), pos=array([0., 0.]), rgbPedestal=array([0., 0., 0.]), sf=array([1., 1.]), size=array([8.5]), tex='sqr', texRes=512.0, units='deg', win=Window(...))
36.4429 	EXP 	window1: mouseVisible = False
36.4481 	EXP 	Created polygon = ShapeStim(__class__=<class 'psychopy.visual.shape.ShapeStim'>, anchor=('center', 'center'), autoDraw=False, autoLog=True, closeShape=True, color=method-wrapper(...), colorSpace='rgb', contrast=None, depth=-3.0, draggable=False, fillColor=array([0., 0., 0.]), fillColorSpace='rgb', fillRGB=array([0., 0., 0.]), interpolate=True, lineColor=array([0., 0., 0.]), lineColorSpace='rgb', lineRGB=array([0., 0., 0.]), lineWidth=1.0, name='polygon', opacity=1, ori=0.0, pos=array([0., 0.]), size=array([0.05, 0.05]), units='height', vertices=ndarray(...), win=Window(...), windingRule=None)
36.4482 	EXP 	window1: mouseVisible = False
36.4492 	EXP 	Created text_3 = TextStim(__class__=<class 'psychopy.visual.text.TextStim'>, alignHoriz=method-wrapper(...), alignText='center', alignVert=method-wrapper(...), anchorHoriz='center', anchorVert='center', antialias=True, autoDraw=False, autoLog=True, bold=False, color=array([1., 1., 1.]), colorSpace='rgb', contrast=1.0, depth=-4.0, draggable=False, flipHoriz=False, flipVert=False, font='Open Sans', fontFiles=[], height=0.05, italic=False, languageStyle='LTR', name='text_3', opacity=1, ori=0.0, pos=array([0.   , 0.125]), rgb=UNKNOWN, text='', units='height', win=Window(...), wrapWidth=1)
36.4493 	EXP 	window1: mouseVisible = False
36.4518 	EXP 	Created polygon_2 = ShapeStim(__class__=<class 'psychopy.visual.shape.ShapeStim'>, anchor=('center', 'center'), autoDraw=False, autoLog=True, closeShape=True, color=method-wrapper(...), colorSpace='rgb', contrast=None, depth=-2.0, draggable=False, fillColor=array([0., 0., 0.]), fillColorSpace='rgb', fillRGB=array([0., 0., 0.]), interpolate=True, lineColor=array([0., 0., 0.]), lineColorSpace='rgb', lineRGB=array([0., 0., 0.]), lineWidth=1.0, name='polygon_2', opacity=1, ori=0.0, pos=array([0., 0.]), size=array([0.05, 0.05]), units='height', vertices=ndarray(...), win=Window(...), windingRule=None)
36.4519 	EXP 	window1: mouseVisible = False
36.4526 	EXP 	Created text_4 = TextStim(__class__=<class 'psychopy.visual.text.TextStim'>, alignHoriz=method-wrapper(...), alignText='center', alignVert=method-wrapper(...), anchorHoriz='center', anchorVert='center', antialias=True, autoDraw=False, autoLog=True, bold=False, color=array([1., 1., 1.]), colorSpace='rgb', contrast=1.0, depth=-3.0, draggable=False, flipHoriz=False, flipVert=False, font='Open Sans', fontFiles=[], height=0.05, italic=False, languageStyle='LTR', name='text_4', opacity=1, ori=0.0, pos=array([0.   , 0.125]), rgb=UNKNOWN, text='', units='height', win=Window(...), wrapWidth=1)
36.4527 	EXP 	window1: mouseVisible = False
36.4548 	EXP 	Created polygon_3 = ShapeStim(__class__=<class 'psychopy.visual.shape.ShapeStim'>, anchor=('center', 'center'), autoDraw=False, autoLog=True, closeShape=True, color=method-wrapper(...), colorSpace='rgb', contrast=None, depth=0.0, draggable=False, fillColor=array([0., 0., 0.]), fillColorSpace='rgb', fillRGB=array([0., 0., 0.]), interpolate=True, lineColor=array([0., 0., 0.]), lineColorSpace='rgb', lineRGB=array([0., 0., 0.]), lineWidth=1.0, name='polygon_3', opacity=1, ori=0.0, pos=array([0., 0.]), size=array([0.05, 0.05]), units='height', vertices=ndarray(...), win=Window(...), windingRule=None)
36.4606 	EXP 	text_2: autoDraw = True
40.3925 	EXP 	Created sequence: random, trialTypes=1, nReps=20, seed=None
40.3927 	EXP 	New trial (rep=0, index=0): None
40.3932 	EXP 	Created sequence: random, trialTypes=1, nReps=1, seed=None
40.3934 	EXP 	New trial (rep=0, index=0): None
40.4411 	DATA 	Keypress: space
40.4448 	EXP 	text_2: autoDraw = False
40.4448 	EXP 	GA: sf = array([0.5, 0.5])
40.4448 	EXP 	GA: phase = array([0., 0.])
40.4448 	EXP 	text_3: height = 0.05
40.4448 	EXP 	text_3: height = 0.05
40.4448 	EXP 	text_3: height = 0.05
40.4448 	EXP 	text_3: text = 'Spatial frequency: 0.500\nContrast: 0.376'
40.4448 	EXP 	GA: autoDraw = True
40.4448 	EXP 	polygon: autoDraw = True
40.4448 	EXP 	text_3: autoDraw = True
40.4448 	EXP 	GA: tex = 'sqr'
40.5523 	EXP 	GA: autoDraw = False
40.5523 	EXP 	polygon: autoDraw = False
40.5523 	EXP 	text_3: autoDraw = False
40.5523 	EXP 	GA: autoDraw = False
40.5523 	EXP 	polygon: autoDraw = False
40.5523 	EXP 	text_3: autoDraw = False
40.5523 	EXP 	text_4: height = 0.05
40.5523 	EXP 	text_4: height = 0.05
40.5523 	EXP 	text_4: height = 0.05
40.5523 	EXP 	text_4: text = 'Spatial frequency: 0.500\nContrast: 0.376'
40.5523 	EXP 	GA: autoDraw = True
40.5523 	EXP 	polygon_2: autoDraw = True
40.5523 	EXP 	text_4: autoDraw = True
41.5214 	DATA 	Keypress: space
44.3036 	DATA 	Keypress: space
46.0413 	DATA 	Keypress: k
46.0514 	EXP 	GA: autoDraw = False
46.0514 	EXP 	polygon_2: autoDraw = False
46.0514 	EXP 	text_4: autoDraw = False
46.0514 	EXP 	polygon_3: autoDraw = True
46.5358 	EXP 	New trial (rep=1, index=0): None
46.5368 	EXP 	Created sequence: random, trialTypes=1, nReps=1, seed=None
46.5370 	EXP 	New trial (rep=0, index=0): None
46.5518 	EXP 	polygon_3: autoDraw = False
46.5518 	EXP 	polygon_3: autoDraw = False
46.5518 	EXP 	GA: sf = array([0.5, 0.5])
46.5518 	EXP 	GA: phase = array([0., 0.])
46.5518 	EXP 	text_3: text = 'Spatial frequency: 0.500\nContrast: 0.376'
46.5518 	EXP 	GA: autoDraw = True
46.5518 	EXP 	polygon: autoDraw = True
46.5518 	EXP 	text_3: autoDraw = True
46.6522 	EXP 	GA: autoDraw = False
46.6522 	EXP 	polygon: autoDraw = False
46.6522 	EXP 	text_3: autoDraw = False
46.6522 	EXP 	GA: autoDraw = False
46.6522 	EXP 	polygon: autoDraw = False
46.6522 	EXP 	text_3: autoDraw = False
46.6522 	EXP 	text_4: text = 'Spatial frequency: 0.500\nContrast: 0.376'
46.6522 	EXP 	GA: autoDraw = True
46.6522 	EXP 	polygon_2: autoDraw = True
46.6522 	EXP 	text_4: autoDraw = True
283.9673 	DATA 	Keypress: escape
284.6148 	EXP 	window1: mouseVisible = True
