4.2665 	WARNING 	Speech-to-text recognition module for PocketSphinx is not available (use command `pip install SpeechRecognition` to get it). Transcription will be unavailable using that service this session.
4.2669 	WARNING 	Speech-to-text recognition using Google online services is not available (use command `pip install google-api-core google-auth google-cloud google-cloud-speech googleapis-common-protos` to get it). Transcription will be unavailable using that service this session.
4.2681 	ERROR 	Support for the `sounddevice` audio backend is not available this session. Please install `psychopy-sounddevice` and restart the session to enable support.
26.0826 	WARNING 	User requested fullscreen with size [1536  864], but screen is actually [1920, 1080]. Using actual size
26.7585 	EXP 	Created window1 = Window(allowGUI=True, allowStencil=False, autoLog=True, backendConf=UNKNOWN, backgroundFit=<method-wrapper '__getattribute__' of attributeSetter object at 0x000001F854561AD0>, backgroundImage=<method-wrapper '__getattribute__' of attributeSetter object at 0x000001F854561A90>, bitsMode=UNKNOWN, blendMode='avg', bpc=(8, 8, 8), color=array([0, 0, 0]), colorSpace='rgb', depthBits=8, fullscr=<method-wrapper '__getattribute__' of attributeSetter object at 0x000001F8544C3210>, gamma=None, gammaErrorPolicy='raise', lms=UNKNOWN, monitor=<psychopy.monitors.calibTools.Monitor object at 0x000001F86330E190>, multiSample=False, name='window1', numSamples=2, pos=(0, 0), screen=0, size=array([1920, 1080]), stencilBits=0, stereo=False, units='height', useFBO=True, useRetina=False, viewOri=0.0, viewPos=None, viewScale=None, waitBlanking=True, winType='pyglet')
26.7586 	EXP 	window1: mouseVisible = True
26.7586 	EXP 	window1: backgroundImage = None
26.7586 	EXP 	window1: backgroundFit = 'cover'
26.7587 	EXP 	window1: mouseVisible = False
26.7587 	EXP 	window1: Attempting to measure frame rate of screen (0) ...
26.7587 	EXP 	window1: recordFrameIntervals = False
26.9249 	EXP 	window1: recordFrameIntervals = True
27.1081 	EXP 	Screen (0) actual frame rate measured at 60.10Hz
27.1082 	EXP 	window1: recordFrameIntervals = False
30.4041 	EXP 	Created text_2 = TextStim(__class__=<class 'psychopy.visual.text.TextStim'>, alignHoriz=method-wrapper(...), alignText='center', alignVert=method-wrapper(...), anchorHoriz='center', anchorVert='center', antialias=True, autoDraw=False, autoLog=True, bold=False, color=array([1., 1., 1.]), colorSpace='rgb', contrast=1.0, depth=0.0, flipHoriz=False, flipVert=False, font='Open Sans', fontFiles=[], height=0.05, italic=False, languageStyle='LTR', name='text_2', opacity=1.0, ori=0.0, pos=array([0., 0.]), rgb=UNKNOWN, text='Press spacebar to start the experiment\n\n', units='height', win=Window(...), wrapWidth=1)
32.5912 	EXP 	Created GA = GratingStim(__class__=<class 'psychopy.visual.grating.GratingStim'>, anchor='center', autoDraw=False, autoLog=True, blendmode='avg', color=array([1., 1., 1.]), colorSpace='rgb', contrast=1.0, depth=-2.0, interpolate=True, mask='circle', maskParams=None, name='GA', opacity=1.0, ori=0.0, phase=array([0., 0.]), pos=array([0., 0.]), rgbPedestal=array([0., 0., 0.]), sf=array([1., 1.]), size=array([8.5]), tex='sqr', texRes=512.0, units='deg', win=Window(...))
32.5960 	EXP 	Created polygon = ShapeStim(__class__=<class 'psychopy.visual.shape.ShapeStim'>, anchor=('center', 'center'), autoDraw=False, autoLog=True, closeShape=True, color=method-wrapper(...), colorSpace='rgb', contrast=None, depth=-3.0, fillColor=array([0., 0., 0.]), fillColorSpace='rgb', fillRGB=array([0., 0., 0.]), interpolate=True, lineColor=array([0., 0., 0.]), lineColorSpace='rgb', lineRGB=array([0., 0., 0.]), lineWidth=1.0, name='polygon', opacity=1.0, ori=0.0, pos=array([0., 0.]), size=array([0.05, 0.05]), units='height', vertices=ndarray(...), win=Window(...), windingRule=None)
32.5970 	EXP 	Created text_3 = TextStim(__class__=<class 'psychopy.visual.text.TextStim'>, alignHoriz=method-wrapper(...), alignText='center', alignVert=method-wrapper(...), anchorHoriz='center', anchorVert='center', antialias=True, autoDraw=False, autoLog=True, bold=False, color=array([1., 1., 1.]), colorSpace='rgb', contrast=1.0, depth=-4.0, flipHoriz=False, flipVert=False, font='Open Sans', fontFiles=[], height=0.05, italic=False, languageStyle='LTR', name='text_3', opacity=1.0, ori=0.0, pos=array([0.   , 0.125]), rgb=UNKNOWN, text='', units='height', win=Window(...), wrapWidth=1)
32.5991 	EXP 	Created polygon_2 = ShapeStim(__class__=<class 'psychopy.visual.shape.ShapeStim'>, anchor=('center', 'center'), autoDraw=False, autoLog=True, closeShape=True, color=method-wrapper(...), colorSpace='rgb', contrast=None, depth=-2.0, fillColor=array([0., 0., 0.]), fillColorSpace='rgb', fillRGB=array([0., 0., 0.]), interpolate=True, lineColor=array([0., 0., 0.]), lineColorSpace='rgb', lineRGB=array([0., 0., 0.]), lineWidth=1.0, name='polygon_2', opacity=1.0, ori=0.0, pos=array([0., 0.]), size=array([0.05, 0.05]), units='height', vertices=ndarray(...), win=Window(...), windingRule=None)
32.5999 	EXP 	Created text_4 = TextStim(__class__=<class 'psychopy.visual.text.TextStim'>, alignHoriz=method-wrapper(...), alignText='center', alignVert=method-wrapper(...), anchorHoriz='center', anchorVert='center', antialias=True, autoDraw=False, autoLog=True, bold=False, color=array([1., 1., 1.]), colorSpace='rgb', contrast=1.0, depth=-3.0, flipHoriz=False, flipVert=False, font='Open Sans', fontFiles=[], height=0.05, italic=False, languageStyle='LTR', name='text_4', opacity=1.0, ori=0.0, pos=array([0.   , 0.125]), rgb=UNKNOWN, text='', units='height', win=Window(...), wrapWidth=1)
32.6020 	EXP 	Created polygon_3 = ShapeStim(__class__=<class 'psychopy.visual.shape.ShapeStim'>, anchor=('center', 'center'), autoDraw=False, autoLog=True, closeShape=True, color=method-wrapper(...), colorSpace='rgb', contrast=None, depth=0.0, fillColor=array([0., 0., 0.]), fillColorSpace='rgb', fillRGB=array([0., 0., 0.]), interpolate=True, lineColor=array([0., 0., 0.]), lineColorSpace='rgb', lineRGB=array([0., 0., 0.]), lineWidth=1.0, name='polygon_3', opacity=1.0, ori=0.0, pos=array([0., 0.]), size=array([0.05, 0.05]), units='height', vertices=ndarray(...), win=Window(...), windingRule=None)
32.6053 	EXP 	text_2: autoDraw = True
33.6095 	EXP 	Created sequence: random, trialTypes=1, nReps=20, seed=None
33.6097 	EXP 	New trial (rep=0, index=0): None
33.6104 	EXP 	Created sequence: random, trialTypes=1, nReps=1, seed=None
33.6105 	EXP 	New trial (rep=0, index=0): None
34.8152 	DATA 	Keypress: space
34.8179 	EXP 	text_2: autoDraw = False
34.8179 	EXP 	GA: sf = array([0.5, 0.5])
34.8179 	EXP 	GA: phase = array([0., 0.])
34.8179 	EXP 	text_3: height = 0.05
34.8179 	EXP 	text_3: height = 0.05
34.8179 	EXP 	text_3: height = 0.05
34.8179 	EXP 	text_3: text = 'Spatial frequency: 0.500\nContrast: 0.141'
34.8179 	EXP 	text_4: height = 0.05
34.8179 	EXP 	text_4: height = 0.05
34.8179 	EXP 	text_4: height = 0.05
34.8179 	EXP 	text_4: text = 'Spatial frequency: 0.500\nContrast: 0.141'
34.8179 	EXP 	GA: autoDraw = True
34.8179 	EXP 	polygon_2: autoDraw = True
34.8179 	EXP 	text_4: autoDraw = True
34.8179 	EXP 	GA: tex = 'sqr'
37.8110 	EXP 	New trial (rep=1, index=0): None
37.8118 	EXP 	Created sequence: random, trialTypes=1, nReps=1, seed=None
37.8119 	EXP 	New trial (rep=0, index=0): None
38.3623 	EXP 	GA: autoDraw = False
38.3623 	EXP 	polygon_2: autoDraw = False
38.3623 	EXP 	text_4: autoDraw = False
38.3623 	EXP 	GA: autoDraw = False
38.3623 	EXP 	polygon_2: autoDraw = False
38.3623 	EXP 	text_4: autoDraw = False
38.3623 	EXP 	GA: sf = array([0.5, 0.5])
38.3623 	EXP 	GA: phase = array([0., 0.])
38.3623 	EXP 	text_3: text = 'Spatial frequency: 0.500\nContrast: 0.141'
38.3623 	EXP 	text_4: text = 'Spatial frequency: 0.500\nContrast: 0.141'
38.3623 	EXP 	GA: autoDraw = True
38.3623 	EXP 	polygon_2: autoDraw = True
38.3623 	EXP 	text_4: autoDraw = True
38.3623 	EXP 	GA: tex = 'sqr'
41.3588 	EXP 	New trial (rep=2, index=0): None
41.3594 	EXP 	Created sequence: random, trialTypes=1, nReps=1, seed=None
41.3595 	EXP 	New trial (rep=0, index=0): None
41.9274 	EXP 	GA: autoDraw = False
41.9274 	EXP 	polygon_2: autoDraw = False
41.9274 	EXP 	text_4: autoDraw = False
41.9274 	EXP 	GA: autoDraw = False
41.9274 	EXP 	polygon_2: autoDraw = False
41.9274 	EXP 	text_4: autoDraw = False
41.9274 	EXP 	GA: sf = array([0.5, 0.5])
41.9274 	EXP 	GA: phase = array([0., 0.])
41.9274 	EXP 	text_3: text = 'Spatial frequency: 0.500\nContrast: 0.141'
41.9274 	EXP 	text_4: text = 'Spatial frequency: 0.500\nContrast: 0.141'
41.9274 	EXP 	GA: autoDraw = True
41.9274 	EXP 	polygon_2: autoDraw = True
41.9274 	EXP 	text_4: autoDraw = True
41.9274 	EXP 	GA: tex = 'sqr'
44.9267 	EXP 	New trial (rep=3, index=0): None
44.9282 	EXP 	Created sequence: random, trialTypes=1, nReps=1, seed=None
44.9285 	EXP 	New trial (rep=0, index=0): None
45.5147 	EXP 	GA: autoDraw = False
45.5147 	EXP 	polygon_2: autoDraw = False
45.5147 	EXP 	text_4: autoDraw = False
45.5147 	EXP 	GA: autoDraw = False
45.5147 	EXP 	polygon_2: autoDraw = False
45.5147 	EXP 	text_4: autoDraw = False
45.5147 	EXP 	GA: sf = array([0.5, 0.5])
45.5147 	EXP 	GA: phase = array([0., 0.])
45.5147 	EXP 	text_3: height = 0.05
45.5147 	EXP 	text_3: height = 0.05
45.5147 	EXP 	text_3: height = 0.05
45.5147 	EXP 	text_3: text = 'Spatial frequency: 0.500\nContrast: 0.020'
45.5147 	EXP 	text_4: height = 0.05
45.5147 	EXP 	text_4: height = 0.05
45.5147 	EXP 	text_4: height = 0.05
45.5147 	EXP 	text_4: text = 'Spatial frequency: 0.500\nContrast: 0.020'
45.5147 	EXP 	GA: autoDraw = True
45.5147 	EXP 	polygon_2: autoDraw = True
45.5147 	EXP 	text_4: autoDraw = True
45.5147 	EXP 	GA: tex = 'sqr'
47.4301 	DATA 	Keypress: escape
48.3921 	EXP 	window1: mouseVisible = True
