5.5155 	WARNING 	Speech-to-text recognition module for PocketSphinx is not available (use command `pip install SpeechRecognition` to get it). Transcription will be unavailable using that service this session.
5.5162 	WARNING 	Speech-to-text recognition using Google online services is not available (use command `pip install google-api-core google-auth google-cloud google-cloud-speech googleapis-common-protos` to get it). Transcription will be unavailable using that service this session.
5.5177 	ERROR 	Support for the `sounddevice` audio backend is not available this session. Please install `psychopy-sounddevice` and restart the session to enable support.
32.3334 	WARNING 	User requested fullscreen with size [1536  864], but screen is actually [1920, 1080]. Using actual size
33.1032 	EXP 	Created window1 = Window(allowGUI=True, allowStencil=False, autoLog=True, backendConf=UNKNOWN, backgroundFit=<method-wrapper '__getattribute__' of attributeSetter object at 0x000002E1B97A7310>, backgroundImage=<method-wrapper '__getattribute__' of attributeSetter object at 0x000002E1B97A6E10>, bitsMode=UNKNOWN, blendMode='avg', bpc=(8, 8, 8), color=array([0, 0, 0]), colorSpace='rgb', depthBits=8, fullscr=<method-wrapper '__getattribute__' of attributeSetter object at 0x000002E1B90BEED0>, gamma=None, gammaErrorPolicy='raise', lms=UNKNOWN, monitor=<psychopy.monitors.calibTools.Monitor object at 0x000002E1C7371890>, multiSample=False, name='window1', numSamples=2, pos=(0, 0), screen=0, size=array([1920, 1080]), stencilBits=0, stereo=False, units='height', useFBO=True, useRetina=False, viewOri=0.0, viewPos=None, viewScale=None, waitBlanking=True, winType='pyglet')
33.1034 	EXP 	window1: mouseVisible = True
33.1035 	EXP 	window1: backgroundImage = None
33.1035 	EXP 	window1: backgroundFit = 'cover'
33.1036 	EXP 	window1: mouseVisible = False
33.1036 	EXP 	window1: Attempting to measure frame rate of screen (0) ...
33.1037 	EXP 	window1: recordFrameIntervals = False
33.2690 	EXP 	window1: recordFrameIntervals = True
33.4529 	EXP 	Screen (0) actual frame rate measured at 60.05Hz
33.4529 	EXP 	window1: recordFrameIntervals = False
37.2239 	EXP 	Created text_2 = TextStim(__class__=<class 'psychopy.visual.text.TextStim'>, alignHoriz=method-wrapper(...), alignText='center', alignVert=method-wrapper(...), anchorHoriz='center', anchorVert='center', antialias=True, autoDraw=False, autoLog=True, bold=False, color=array([1., 1., 1.]), colorSpace='rgb', contrast=1.0, depth=0.0, flipHoriz=False, flipVert=False, font='Open Sans', fontFiles=[], height=0.05, italic=False, languageStyle='LTR', name='text_2', opacity=1.0, ori=0.0, pos=array([0., 0.]), rgb=UNKNOWN, text='Press spacebar to start the experiment\n\n', units='height', win=Window(...), wrapWidth=1)
37.2583 	EXP 	Created GA = GratingStim(__class__=<class 'psychopy.visual.grating.GratingStim'>, anchor='center', autoDraw=False, autoLog=True, blendmode='avg', color=array([1., 1., 1.]), colorSpace='rgb', contrast=1.0, depth=-2.0, interpolate=True, mask='sqr', maskParams=None, name='GA', opacity=1.0, ori=0.0, phase=array([0., 0.]), pos=array([0., 0.]), rgbPedestal=array([0., 0., 0.]), sf=array([1., 1.]), size=array([128.,  32.]), tex='sqr', texRes=512.0, units='deg', win=Window(...))
37.2786 	EXP 	Created GA = GratingStim(__class__=<class 'psychopy.visual.grating.GratingStim'>, anchor='center', autoDraw=False, autoLog=True, blendmode='avg', color=array([1., 1., 1.]), colorSpace='rgb', contrast=1.0, depth=-2.0, interpolate=True, mask='sqr', maskParams=None, name='GA', opacity=1.0, ori=0.0, phase=array([0., 0.]), pos=array([0., 0.]), rgbPedestal=array([0., 0., 0.]), sf=array([1., 1.]), size=array([32., 16.]), tex='sqr', texRes=512.0, units='deg', win=Window(...))
37.2796 	EXP 	Created text_3 = TextStim(__class__=<class 'psychopy.visual.text.TextStim'>, alignHoriz=method-wrapper(...), alignText='center', alignVert=method-wrapper(...), anchorHoriz='center', anchorVert='center', antialias=True, autoDraw=False, autoLog=True, bold=False, color=array([1., 1., 1.]), colorSpace='rgb', contrast=1.0, depth=-4.0, flipHoriz=False, flipVert=False, font='Open Sans', fontFiles=[], height=0.05, italic=False, languageStyle='LTR', name='text_3', opacity=1.0, ori=0.0, pos=array([0.   , 0.125]), rgb=UNKNOWN, text='', units='height', win=Window(...), wrapWidth=1)
37.2805 	EXP 	Created text_4 = TextStim(__class__=<class 'psychopy.visual.text.TextStim'>, alignHoriz=method-wrapper(...), alignText='center', alignVert=method-wrapper(...), anchorHoriz='center', anchorVert='center', antialias=True, autoDraw=False, autoLog=True, bold=False, color=array([1., 1., 1.]), colorSpace='rgb', contrast=1.0, depth=-3.0, flipHoriz=False, flipVert=False, font='Open Sans', fontFiles=[], height=0.05, italic=False, languageStyle='LTR', name='text_4', opacity=1.0, ori=0.0, pos=array([0.   , 0.125]), rgb=UNKNOWN, text='', units='height', win=Window(...), wrapWidth=1)
37.2859 	EXP 	Created polygon_3 = ShapeStim(__class__=<class 'psychopy.visual.shape.ShapeStim'>, anchor=('center', 'center'), autoDraw=False, autoLog=True, closeShape=True, color=method-wrapper(...), colorSpace='rgb', contrast=None, depth=0.0, fillColor=array([0., 0., 0.]), fillColorSpace='rgb', fillRGB=array([0., 0., 0.]), interpolate=True, lineColor=array([0., 0., 0.]), lineColorSpace='rgb', lineRGB=array([0., 0., 0.]), lineWidth=1.0, name='polygon_3', opacity=1.0, ori=0.0, pos=array([0., 0.]), size=array([0.05, 0.05]), units='height', vertices=ndarray(...), win=Window(...), windingRule=None)
37.2914 	EXP 	text_2: autoDraw = True
37.8540 	EXP 	Created sequence: random, trialTypes=1, nReps=20, seed=None
37.8543 	EXP 	New trial (rep=0, index=0): None
37.8553 	EXP 	Created sequence: random, trialTypes=1, nReps=1, seed=None
37.8555 	EXP 	New trial (rep=0, index=0): None
37.9930 	DATA 	Keypress: space
38.0047 	EXP 	text_2: autoDraw = False
38.0047 	EXP 	GA: sf = array([1., 1.])
38.0047 	EXP 	GA: sf = array([1., 1.])
38.0047 	EXP 	GA: phase = array([0.505, 0.505])
38.0047 	EXP 	text_3: height = 0.05
38.0047 	EXP 	text_3: height = 0.05
38.0047 	EXP 	text_3: height = 0.05
38.0047 	EXP 	text_3: text = 'Spatial frequency: 1.000\nContrast: 1.000\nPhase: 0.505'
38.0047 	EXP 	text_4: height = 0.05
38.0047 	EXP 	text_4: height = 0.05
38.0047 	EXP 	text_4: height = 0.05
38.0047 	EXP 	text_4: text = 'Spatial frequency: 1.000\nContrast: 1.000\nPhase: 0.505'
38.0047 	EXP 	GA: autoDraw = True
38.0047 	EXP 	GA: autoDraw = True
38.0047 	EXP 	text_4: autoDraw = True
38.0047 	EXP 	GA: tex = 'sqr'
38.0047 	EXP 	GA: tex = 'sqr'
40.9968 	EXP 	New trial (rep=1, index=0): None
40.9977 	EXP 	Created sequence: random, trialTypes=1, nReps=1, seed=None
40.9979 	EXP 	New trial (rep=0, index=0): None
41.0618 	EXP 	GA: autoDraw = False
41.0618 	EXP 	GA: autoDraw = False
41.0618 	EXP 	text_4: autoDraw = False
41.0618 	EXP 	GA: autoDraw = False
41.0618 	EXP 	GA: autoDraw = False
41.0618 	EXP 	text_4: autoDraw = False
41.0618 	EXP 	GA: sf = array([1., 1.])
41.0618 	EXP 	GA: sf = array([1., 1.])
41.0618 	EXP 	GA: phase = array([0.7525, 0.7525])
41.0618 	EXP 	text_3: height = 0.05
41.0618 	EXP 	text_3: height = 0.05
41.0618 	EXP 	text_3: height = 0.05
41.0618 	EXP 	text_3: text = 'Spatial frequency: 1.000\nContrast: 1.000\nPhase: 0.752'
41.0618 	EXP 	text_4: height = 0.05
41.0618 	EXP 	text_4: height = 0.05
41.0618 	EXP 	text_4: height = 0.05
41.0618 	EXP 	text_4: text = 'Spatial frequency: 1.000\nContrast: 1.000\nPhase: 0.752'
41.0618 	EXP 	GA: autoDraw = True
41.0618 	EXP 	GA: autoDraw = True
41.0618 	EXP 	text_4: autoDraw = True
41.0618 	EXP 	GA: tex = 'sqr'
41.0618 	EXP 	GA: tex = 'sqr'
44.0622 	EXP 	New trial (rep=2, index=0): None
44.0627 	EXP 	Created sequence: random, trialTypes=1, nReps=1, seed=None
44.0630 	EXP 	New trial (rep=0, index=0): None
44.1201 	EXP 	GA: autoDraw = False
44.1201 	EXP 	GA: autoDraw = False
44.1201 	EXP 	text_4: autoDraw = False
44.1201 	EXP 	GA: autoDraw = False
44.1201 	EXP 	GA: autoDraw = False
44.1201 	EXP 	text_4: autoDraw = False
44.1201 	EXP 	GA: sf = array([1., 1.])
44.1201 	EXP 	GA: sf = array([1., 1.])
44.1201 	EXP 	GA: phase = array([0.01, 0.01])
44.1201 	EXP 	text_3: height = 0.05
44.1201 	EXP 	text_3: height = 0.05
44.1201 	EXP 	text_3: height = 0.05
44.1201 	EXP 	text_3: text = 'Spatial frequency: 1.000\nContrast: 1.000\nPhase: 0.010'
44.1201 	EXP 	text_4: height = 0.05
44.1201 	EXP 	text_4: height = 0.05
44.1201 	EXP 	text_4: height = 0.05
44.1201 	EXP 	text_4: text = 'Spatial frequency: 1.000\nContrast: 1.000\nPhase: 0.010'
44.1201 	EXP 	GA: autoDraw = True
44.1201 	EXP 	GA: autoDraw = True
44.1201 	EXP 	text_4: autoDraw = True
44.1201 	EXP 	GA: tex = 'sqr'
44.1201 	EXP 	GA: tex = 'sqr'
47.1113 	EXP 	New trial (rep=3, index=0): None
47.1118 	EXP 	Created sequence: random, trialTypes=1, nReps=1, seed=None
47.1119 	EXP 	New trial (rep=0, index=0): None
47.1670 	EXP 	GA: autoDraw = False
47.1670 	EXP 	GA: autoDraw = False
47.1670 	EXP 	text_4: autoDraw = False
47.1670 	EXP 	GA: autoDraw = False
47.1670 	EXP 	GA: autoDraw = False
47.1670 	EXP 	text_4: autoDraw = False
47.1670 	EXP 	GA: sf = array([1., 1.])
47.1670 	EXP 	GA: sf = array([1., 1.])
47.1670 	EXP 	GA: phase = array([0.505, 0.505])
47.1670 	EXP 	text_3: height = 0.05
47.1670 	EXP 	text_3: height = 0.05
47.1670 	EXP 	text_3: height = 0.05
47.1670 	EXP 	text_3: text = 'Spatial frequency: 1.000\nContrast: 1.000\nPhase: 0.505'
47.1670 	EXP 	text_4: height = 0.05
47.1670 	EXP 	text_4: height = 0.05
47.1670 	EXP 	text_4: height = 0.05
47.1670 	EXP 	text_4: text = 'Spatial frequency: 1.000\nContrast: 1.000\nPhase: 0.505'
47.1670 	EXP 	GA: autoDraw = True
47.1670 	EXP 	GA: autoDraw = True
47.1670 	EXP 	text_4: autoDraw = True
47.1670 	EXP 	GA: tex = 'sqr'
47.1670 	EXP 	GA: tex = 'sqr'
50.1606 	EXP 	New trial (rep=4, index=0): None
50.1611 	EXP 	Created sequence: random, trialTypes=1, nReps=1, seed=None
50.1612 	EXP 	New trial (rep=0, index=0): None
50.2114 	EXP 	GA: autoDraw = False
50.2114 	EXP 	GA: autoDraw = False
50.2114 	EXP 	text_4: autoDraw = False
50.2114 	EXP 	GA: autoDraw = False
50.2114 	EXP 	GA: autoDraw = False
50.2114 	EXP 	text_4: autoDraw = False
50.2114 	EXP 	GA: sf = array([1., 1.])
50.2114 	EXP 	GA: sf = array([1., 1.])
50.2114 	EXP 	GA: phase = array([0.505, 0.505])
50.2114 	EXP 	text_3: text = 'Spatial frequency: 1.000\nContrast: 1.000\nPhase: 0.505'
50.2114 	EXP 	text_4: text = 'Spatial frequency: 1.000\nContrast: 1.000\nPhase: 0.505'
50.2114 	EXP 	GA: autoDraw = True
50.2114 	EXP 	GA: autoDraw = True
50.2114 	EXP 	text_4: autoDraw = True
50.2114 	EXP 	GA: tex = 'sqr'
50.2114 	EXP 	GA: tex = 'sqr'
53.2106 	EXP 	New trial (rep=5, index=0): None
53.2116 	EXP 	Created sequence: random, trialTypes=1, nReps=1, seed=None
53.2118 	EXP 	New trial (rep=0, index=0): None
53.2713 	EXP 	GA: autoDraw = False
53.2713 	EXP 	GA: autoDraw = False
53.2713 	EXP 	text_4: autoDraw = False
53.2713 	EXP 	GA: autoDraw = False
53.2713 	EXP 	GA: autoDraw = False
53.2713 	EXP 	text_4: autoDraw = False
53.2713 	EXP 	GA: sf = array([1., 1.])
53.2713 	EXP 	GA: sf = array([1., 1.])
53.2713 	EXP 	GA: phase = array([0.01, 0.01])
53.2713 	EXP 	text_3: height = 0.05
53.2713 	EXP 	text_3: height = 0.05
53.2713 	EXP 	text_3: height = 0.05
53.2713 	EXP 	text_3: text = 'Spatial frequency: 1.000\nContrast: 1.000\nPhase: 0.010'
53.2713 	EXP 	text_4: height = 0.05
53.2713 	EXP 	text_4: height = 0.05
53.2713 	EXP 	text_4: height = 0.05
53.2713 	EXP 	text_4: text = 'Spatial frequency: 1.000\nContrast: 1.000\nPhase: 0.010'
53.2713 	EXP 	GA: autoDraw = True
53.2713 	EXP 	GA: autoDraw = True
53.2713 	EXP 	text_4: autoDraw = True
53.2713 	EXP 	GA: tex = 'sqr'
53.2713 	EXP 	GA: tex = 'sqr'
56.2618 	EXP 	New trial (rep=6, index=0): None
56.2623 	EXP 	Created sequence: random, trialTypes=1, nReps=1, seed=None
56.2624 	EXP 	New trial (rep=0, index=0): None
56.3270 	EXP 	GA: autoDraw = False
56.3270 	EXP 	GA: autoDraw = False
56.3270 	EXP 	text_4: autoDraw = False
56.3270 	EXP 	GA: autoDraw = False
56.3270 	EXP 	GA: autoDraw = False
56.3270 	EXP 	text_4: autoDraw = False
56.3270 	EXP 	GA: sf = array([1., 1.])
56.3270 	EXP 	GA: sf = array([1., 1.])
56.3270 	EXP 	GA: phase = array([0.2575, 0.2575])
56.3270 	EXP 	text_3: height = 0.05
56.3270 	EXP 	text_3: height = 0.05
56.3270 	EXP 	text_3: height = 0.05
56.3270 	EXP 	text_3: text = 'Spatial frequency: 1.000\nContrast: 1.000\nPhase: 0.258'
56.3270 	EXP 	text_4: height = 0.05
56.3270 	EXP 	text_4: height = 0.05
56.3270 	EXP 	text_4: height = 0.05
56.3270 	EXP 	text_4: text = 'Spatial frequency: 1.000\nContrast: 1.000\nPhase: 0.258'
56.3270 	EXP 	GA: autoDraw = True
56.3270 	EXP 	GA: autoDraw = True
56.3270 	EXP 	text_4: autoDraw = True
56.3270 	EXP 	GA: tex = 'sqr'
56.3270 	EXP 	GA: tex = 'sqr'
59.3109 	EXP 	New trial (rep=7, index=0): None
59.3115 	EXP 	Created sequence: random, trialTypes=1, nReps=1, seed=None
59.3116 	EXP 	New trial (rep=0, index=0): None
59.3745 	EXP 	GA: autoDraw = False
59.3745 	EXP 	GA: autoDraw = False
59.3745 	EXP 	text_4: autoDraw = False
59.3745 	EXP 	GA: autoDraw = False
59.3745 	EXP 	GA: autoDraw = False
59.3745 	EXP 	text_4: autoDraw = False
59.3745 	EXP 	GA: sf = array([1., 1.])
59.3745 	EXP 	GA: sf = array([1., 1.])
59.3745 	EXP 	GA: phase = array([1., 1.])
59.3745 	EXP 	text_3: height = 0.05
59.3745 	EXP 	text_3: height = 0.05
59.3745 	EXP 	text_3: height = 0.05
59.3745 	EXP 	text_3: text = 'Spatial frequency: 1.000\nContrast: 1.000\nPhase: 1.000'
59.3745 	EXP 	text_4: height = 0.05
59.3745 	EXP 	text_4: height = 0.05
59.3745 	EXP 	text_4: height = 0.05
59.3745 	EXP 	text_4: text = 'Spatial frequency: 1.000\nContrast: 1.000\nPhase: 1.000'
59.3745 	EXP 	GA: autoDraw = True
59.3745 	EXP 	GA: autoDraw = True
59.3745 	EXP 	text_4: autoDraw = True
59.3745 	EXP 	GA: tex = 'sqr'
59.3745 	EXP 	GA: tex = 'sqr'
62.3606 	EXP 	New trial (rep=8, index=0): None
62.3613 	EXP 	Created sequence: random, trialTypes=1, nReps=1, seed=None
62.3614 	EXP 	New trial (rep=0, index=0): None
62.4195 	EXP 	GA: autoDraw = False
62.4195 	EXP 	GA: autoDraw = False
62.4195 	EXP 	text_4: autoDraw = False
62.4195 	EXP 	GA: autoDraw = False
62.4195 	EXP 	GA: autoDraw = False
62.4195 	EXP 	text_4: autoDraw = False
62.4195 	EXP 	GA: sf = array([1., 1.])
62.4195 	EXP 	GA: sf = array([1., 1.])
62.4195 	EXP 	GA: phase = array([0.2575, 0.2575])
62.4195 	EXP 	text_3: height = 0.05
62.4195 	EXP 	text_3: height = 0.05
62.4195 	EXP 	text_3: height = 0.05
62.4195 	EXP 	text_3: text = 'Spatial frequency: 1.000\nContrast: 1.000\nPhase: 0.258'
62.4195 	EXP 	text_4: height = 0.05
62.4195 	EXP 	text_4: height = 0.05
62.4195 	EXP 	text_4: height = 0.05
62.4195 	EXP 	text_4: text = 'Spatial frequency: 1.000\nContrast: 1.000\nPhase: 0.258'
62.4195 	EXP 	GA: autoDraw = True
62.4195 	EXP 	GA: autoDraw = True
62.4195 	EXP 	text_4: autoDraw = True
62.4195 	EXP 	GA: tex = 'sqr'
62.4195 	EXP 	GA: tex = 'sqr'
65.4110 	EXP 	New trial (rep=9, index=0): None
65.4115 	EXP 	Created sequence: random, trialTypes=1, nReps=1, seed=None
65.4117 	EXP 	New trial (rep=0, index=0): None
65.4701 	EXP 	GA: autoDraw = False
65.4701 	EXP 	GA: autoDraw = False
65.4701 	EXP 	text_4: autoDraw = False
65.4701 	EXP 	GA: autoDraw = False
65.4701 	EXP 	GA: autoDraw = False
65.4701 	EXP 	text_4: autoDraw = False
65.4701 	EXP 	GA: sf = array([1., 1.])
65.4701 	EXP 	GA: sf = array([1., 1.])
65.4701 	EXP 	GA: phase = array([0.01, 0.01])
65.4701 	EXP 	text_3: height = 0.05
65.4701 	EXP 	text_3: height = 0.05
65.4701 	EXP 	text_3: height = 0.05
65.4701 	EXP 	text_3: text = 'Spatial frequency: 1.000\nContrast: 1.000\nPhase: 0.010'
65.4701 	EXP 	text_4: height = 0.05
65.4701 	EXP 	text_4: height = 0.05
65.4701 	EXP 	text_4: height = 0.05
65.4701 	EXP 	text_4: text = 'Spatial frequency: 1.000\nContrast: 1.000\nPhase: 0.010'
65.4701 	EXP 	GA: autoDraw = True
65.4701 	EXP 	GA: autoDraw = True
65.4701 	EXP 	text_4: autoDraw = True
65.4701 	EXP 	GA: tex = 'sqr'
65.4701 	EXP 	GA: tex = 'sqr'
68.4614 	EXP 	New trial (rep=10, index=0): None
68.4619 	EXP 	Created sequence: random, trialTypes=1, nReps=1, seed=None
68.4620 	EXP 	New trial (rep=0, index=0): None
68.5236 	EXP 	GA: autoDraw = False
68.5236 	EXP 	GA: autoDraw = False
68.5236 	EXP 	text_4: autoDraw = False
68.5236 	EXP 	GA: autoDraw = False
68.5236 	EXP 	GA: autoDraw = False
68.5236 	EXP 	text_4: autoDraw = False
68.5236 	EXP 	GA: sf = array([1., 1.])
68.5236 	EXP 	GA: sf = array([1., 1.])
68.5236 	EXP 	GA: phase = array([1., 1.])
68.5236 	EXP 	text_3: height = 0.05
68.5236 	EXP 	text_3: height = 0.05
68.5236 	EXP 	text_3: height = 0.05
68.5236 	EXP 	text_3: text = 'Spatial frequency: 1.000\nContrast: 1.000\nPhase: 1.000'
68.5236 	EXP 	text_4: height = 0.05
68.5236 	EXP 	text_4: height = 0.05
68.5236 	EXP 	text_4: height = 0.05
68.5236 	EXP 	text_4: text = 'Spatial frequency: 1.000\nContrast: 1.000\nPhase: 1.000'
68.5236 	EXP 	GA: autoDraw = True
68.5236 	EXP 	GA: autoDraw = True
68.5236 	EXP 	text_4: autoDraw = True
68.5236 	EXP 	GA: tex = 'sqr'
68.5236 	EXP 	GA: tex = 'sqr'
71.5099 	EXP 	New trial (rep=11, index=0): None
71.5104 	EXP 	Created sequence: random, trialTypes=1, nReps=1, seed=None
71.5104 	EXP 	New trial (rep=0, index=0): None
71.5720 	EXP 	GA: autoDraw = False
71.5720 	EXP 	GA: autoDraw = False
71.5720 	EXP 	text_4: autoDraw = False
71.5720 	EXP 	GA: autoDraw = False
71.5720 	EXP 	GA: autoDraw = False
71.5720 	EXP 	text_4: autoDraw = False
71.5720 	EXP 	GA: sf = array([1., 1.])
71.5720 	EXP 	GA: sf = array([1., 1.])
71.5720 	EXP 	GA: phase = array([0.7525, 0.7525])
71.5720 	EXP 	text_3: height = 0.05
71.5720 	EXP 	text_3: height = 0.05
71.5720 	EXP 	text_3: height = 0.05
71.5720 	EXP 	text_3: text = 'Spatial frequency: 1.000\nContrast: 1.000\nPhase: 0.752'
71.5720 	EXP 	text_4: height = 0.05
71.5720 	EXP 	text_4: height = 0.05
71.5720 	EXP 	text_4: height = 0.05
71.5720 	EXP 	text_4: text = 'Spatial frequency: 1.000\nContrast: 1.000\nPhase: 0.752'
71.5720 	EXP 	GA: autoDraw = True
71.5720 	EXP 	GA: autoDraw = True
71.5720 	EXP 	text_4: autoDraw = True
71.5720 	EXP 	GA: tex = 'sqr'
71.5720 	EXP 	GA: tex = 'sqr'
74.5608 	EXP 	New trial (rep=12, index=0): None
74.5615 	EXP 	Created sequence: random, trialTypes=1, nReps=1, seed=None
74.5616 	EXP 	New trial (rep=0, index=0): None
74.6232 	EXP 	GA: autoDraw = False
74.6232 	EXP 	GA: autoDraw = False
74.6232 	EXP 	text_4: autoDraw = False
74.6232 	EXP 	GA: autoDraw = False
74.6232 	EXP 	GA: autoDraw = False
74.6232 	EXP 	text_4: autoDraw = False
74.6232 	EXP 	GA: sf = array([1., 1.])
74.6232 	EXP 	GA: sf = array([1., 1.])
74.6232 	EXP 	GA: phase = array([0.2575, 0.2575])
74.6232 	EXP 	text_3: height = 0.05
74.6232 	EXP 	text_3: height = 0.05
74.6232 	EXP 	text_3: height = 0.05
74.6232 	EXP 	text_3: text = 'Spatial frequency: 1.000\nContrast: 1.000\nPhase: 0.258'
74.6232 	EXP 	text_4: height = 0.05
74.6232 	EXP 	text_4: height = 0.05
74.6232 	EXP 	text_4: height = 0.05
74.6232 	EXP 	text_4: text = 'Spatial frequency: 1.000\nContrast: 1.000\nPhase: 0.258'
74.6232 	EXP 	GA: autoDraw = True
74.6232 	EXP 	GA: autoDraw = True
74.6232 	EXP 	text_4: autoDraw = True
74.6232 	EXP 	GA: tex = 'sqr'
74.6232 	EXP 	GA: tex = 'sqr'
77.6149 	EXP 	New trial (rep=13, index=0): None
77.6159 	EXP 	Created sequence: random, trialTypes=1, nReps=1, seed=None
77.6160 	EXP 	New trial (rep=0, index=0): None
77.6837 	EXP 	GA: autoDraw = False
77.6837 	EXP 	GA: autoDraw = False
77.6837 	EXP 	text_4: autoDraw = False
77.6837 	EXP 	GA: autoDraw = False
77.6837 	EXP 	GA: autoDraw = False
77.6837 	EXP 	text_4: autoDraw = False
77.6837 	EXP 	GA: sf = array([1., 1.])
77.6837 	EXP 	GA: sf = array([1., 1.])
77.6837 	EXP 	GA: phase = array([1., 1.])
77.6837 	EXP 	text_3: height = 0.05
77.6837 	EXP 	text_3: height = 0.05
77.6837 	EXP 	text_3: height = 0.05
77.6837 	EXP 	text_3: text = 'Spatial frequency: 1.000\nContrast: 1.000\nPhase: 1.000'
77.6837 	EXP 	text_4: height = 0.05
77.6837 	EXP 	text_4: height = 0.05
77.6837 	EXP 	text_4: height = 0.05
77.6837 	EXP 	text_4: text = 'Spatial frequency: 1.000\nContrast: 1.000\nPhase: 1.000'
77.6837 	EXP 	GA: autoDraw = True
77.6837 	EXP 	GA: autoDraw = True
77.6837 	EXP 	text_4: autoDraw = True
77.6837 	EXP 	GA: tex = 'sqr'
77.6837 	EXP 	GA: tex = 'sqr'
80.6765 	EXP 	New trial (rep=14, index=0): None
80.6770 	EXP 	Created sequence: random, trialTypes=1, nReps=1, seed=None
80.6771 	EXP 	New trial (rep=0, index=0): None
80.7378 	EXP 	GA: autoDraw = False
80.7378 	EXP 	GA: autoDraw = False
80.7378 	EXP 	text_4: autoDraw = False
80.7378 	EXP 	GA: autoDraw = False
80.7378 	EXP 	GA: autoDraw = False
80.7378 	EXP 	text_4: autoDraw = False
80.7378 	EXP 	GA: sf = array([1., 1.])
80.7378 	EXP 	GA: sf = array([1., 1.])
80.7378 	EXP 	GA: phase = array([0.7525, 0.7525])
80.7378 	EXP 	text_3: height = 0.05
80.7378 	EXP 	text_3: height = 0.05
80.7378 	EXP 	text_3: height = 0.05
80.7378 	EXP 	text_3: text = 'Spatial frequency: 1.000\nContrast: 1.000\nPhase: 0.752'
80.7378 	EXP 	text_4: height = 0.05
80.7378 	EXP 	text_4: height = 0.05
80.7378 	EXP 	text_4: height = 0.05
80.7378 	EXP 	text_4: text = 'Spatial frequency: 1.000\nContrast: 1.000\nPhase: 0.752'
80.7378 	EXP 	GA: autoDraw = True
80.7378 	EXP 	GA: autoDraw = True
80.7378 	EXP 	text_4: autoDraw = True
80.7378 	EXP 	GA: tex = 'sqr'
80.7378 	EXP 	GA: tex = 'sqr'
83.7264 	EXP 	New trial (rep=15, index=0): None
83.7274 	EXP 	Created sequence: random, trialTypes=1, nReps=1, seed=None
83.7276 	EXP 	New trial (rep=0, index=0): None
83.7821 	EXP 	GA: autoDraw = False
83.7821 	EXP 	GA: autoDraw = False
83.7821 	EXP 	text_4: autoDraw = False
83.7821 	EXP 	GA: autoDraw = False
83.7821 	EXP 	GA: autoDraw = False
83.7821 	EXP 	text_4: autoDraw = False
83.7821 	EXP 	GA: sf = array([1., 1.])
83.7821 	EXP 	GA: sf = array([1., 1.])
83.7821 	EXP 	GA: phase = array([0.7525, 0.7525])
83.7821 	EXP 	text_3: text = 'Spatial frequency: 1.000\nContrast: 1.000\nPhase: 0.752'
83.7821 	EXP 	text_4: text = 'Spatial frequency: 1.000\nContrast: 1.000\nPhase: 0.752'
83.7821 	EXP 	GA: autoDraw = True
83.7821 	EXP 	GA: autoDraw = True
83.7821 	EXP 	text_4: autoDraw = True
83.7821 	EXP 	GA: tex = 'sqr'
83.7821 	EXP 	GA: tex = 'sqr'
86.7779 	EXP 	New trial (rep=16, index=0): None
86.7784 	EXP 	Created sequence: random, trialTypes=1, nReps=1, seed=None
86.7785 	EXP 	New trial (rep=0, index=0): None
86.8437 	EXP 	GA: autoDraw = False
86.8437 	EXP 	GA: autoDraw = False
86.8437 	EXP 	text_4: autoDraw = False
86.8437 	EXP 	GA: autoDraw = False
86.8437 	EXP 	GA: autoDraw = False
86.8437 	EXP 	text_4: autoDraw = False
86.8437 	EXP 	GA: sf = array([1., 1.])
86.8437 	EXP 	GA: sf = array([1., 1.])
86.8437 	EXP 	GA: phase = array([0.01, 0.01])
86.8437 	EXP 	text_3: height = 0.05
86.8437 	EXP 	text_3: height = 0.05
86.8437 	EXP 	text_3: height = 0.05
86.8437 	EXP 	text_3: text = 'Spatial frequency: 1.000\nContrast: 1.000\nPhase: 0.010'
86.8437 	EXP 	text_4: height = 0.05
86.8437 	EXP 	text_4: height = 0.05
86.8437 	EXP 	text_4: height = 0.05
86.8437 	EXP 	text_4: text = 'Spatial frequency: 1.000\nContrast: 1.000\nPhase: 0.010'
86.8437 	EXP 	GA: autoDraw = True
86.8437 	EXP 	GA: autoDraw = True
86.8437 	EXP 	text_4: autoDraw = True
86.8437 	EXP 	GA: tex = 'sqr'
86.8437 	EXP 	GA: tex = 'sqr'
89.8433 	EXP 	New trial (rep=17, index=0): None
89.8441 	EXP 	Created sequence: random, trialTypes=1, nReps=1, seed=None
89.8442 	EXP 	New trial (rep=0, index=0): None
89.9107 	EXP 	GA: autoDraw = False
89.9107 	EXP 	GA: autoDraw = False
89.9107 	EXP 	text_4: autoDraw = False
89.9107 	EXP 	GA: autoDraw = False
89.9107 	EXP 	GA: autoDraw = False
89.9107 	EXP 	text_4: autoDraw = False
89.9107 	EXP 	GA: sf = array([1., 1.])
89.9107 	EXP 	GA: sf = array([1., 1.])
89.9107 	EXP 	GA: phase = array([1., 1.])
89.9107 	EXP 	text_3: height = 0.05
89.9107 	EXP 	text_3: height = 0.05
89.9107 	EXP 	text_3: height = 0.05
89.9107 	EXP 	text_3: text = 'Spatial frequency: 1.000\nContrast: 1.000\nPhase: 1.000'
89.9107 	EXP 	text_4: height = 0.05
89.9107 	EXP 	text_4: height = 0.05
89.9107 	EXP 	text_4: height = 0.05
89.9107 	EXP 	text_4: text = 'Spatial frequency: 1.000\nContrast: 1.000\nPhase: 1.000'
89.9107 	EXP 	GA: autoDraw = True
89.9107 	EXP 	GA: autoDraw = True
89.9107 	EXP 	text_4: autoDraw = True
89.9107 	EXP 	GA: tex = 'sqr'
89.9107 	EXP 	GA: tex = 'sqr'
92.9081 	EXP 	New trial (rep=18, index=0): None
92.9086 	EXP 	Created sequence: random, trialTypes=1, nReps=1, seed=None
92.9088 	EXP 	New trial (rep=0, index=0): None
92.9717 	EXP 	GA: autoDraw = False
92.9717 	EXP 	GA: autoDraw = False
92.9717 	EXP 	text_4: autoDraw = False
92.9717 	EXP 	GA: autoDraw = False
92.9717 	EXP 	GA: autoDraw = False
92.9717 	EXP 	text_4: autoDraw = False
92.9717 	EXP 	GA: sf = array([1., 1.])
92.9717 	EXP 	GA: sf = array([1., 1.])
92.9717 	EXP 	GA: phase = array([0.505, 0.505])
92.9717 	EXP 	text_3: height = 0.05
92.9717 	EXP 	text_3: height = 0.05
92.9717 	EXP 	text_3: height = 0.05
92.9717 	EXP 	text_3: text = 'Spatial frequency: 1.000\nContrast: 1.000\nPhase: 0.505'
92.9717 	EXP 	text_4: height = 0.05
92.9717 	EXP 	text_4: height = 0.05
92.9717 	EXP 	text_4: height = 0.05
92.9717 	EXP 	text_4: text = 'Spatial frequency: 1.000\nContrast: 1.000\nPhase: 0.505'
92.9717 	EXP 	GA: autoDraw = True
92.9717 	EXP 	GA: autoDraw = True
92.9717 	EXP 	text_4: autoDraw = True
92.9717 	EXP 	GA: tex = 'sqr'
92.9717 	EXP 	GA: tex = 'sqr'
95.9591 	EXP 	New trial (rep=19, index=0): None
95.9599 	EXP 	Created sequence: random, trialTypes=1, nReps=1, seed=None
95.9601 	EXP 	New trial (rep=0, index=0): None
96.0252 	EXP 	GA: autoDraw = False
96.0252 	EXP 	GA: autoDraw = False
96.0252 	EXP 	text_4: autoDraw = False
96.0252 	EXP 	GA: autoDraw = False
96.0252 	EXP 	GA: autoDraw = False
96.0252 	EXP 	text_4: autoDraw = False
96.0252 	EXP 	GA: sf = array([1., 1.])
96.0252 	EXP 	GA: sf = array([1., 1.])
96.0252 	EXP 	GA: phase = array([0.2575, 0.2575])
96.0252 	EXP 	text_3: height = 0.05
96.0252 	EXP 	text_3: height = 0.05
96.0252 	EXP 	text_3: height = 0.05
96.0252 	EXP 	text_3: text = 'Spatial frequency: 1.000\nContrast: 1.000\nPhase: 0.258'
96.0252 	EXP 	text_4: height = 0.05
96.0252 	EXP 	text_4: height = 0.05
96.0252 	EXP 	text_4: height = 0.05
96.0252 	EXP 	text_4: text = 'Spatial frequency: 1.000\nContrast: 1.000\nPhase: 0.258'
96.0252 	EXP 	GA: autoDraw = True
96.0252 	EXP 	GA: autoDraw = True
96.0252 	EXP 	text_4: autoDraw = True
96.0252 	EXP 	GA: tex = 'sqr'
96.0252 	EXP 	GA: tex = 'sqr'
99.0171 	EXP 	GA: autoDraw = False
99.0171 	EXP 	GA: autoDraw = False
99.0171 	EXP 	text_4: autoDraw = False
99.0171 	EXP 	GA: autoDraw = False
99.0171 	EXP 	GA: autoDraw = False
99.0171 	EXP 	text_4: autoDraw = False
99.1710 	EXP 	window1: mouseVisible = True
