3.1409 	WARNING 	Speech-to-text recognition module for PocketSphinx is not available (use command `pip install SpeechRecognition` to get it). Transcription will be unavailable using that service this session.
3.1413 	WARNING 	Speech-to-text recognition using Google online services is not available (use command `pip install google-api-core google-auth google-cloud google-cloud-speech googleapis-common-protos` to get it). Transcription will be unavailable using that service this session.
3.1421 	ERROR 	Support for the `sounddevice` audio backend is not available this session. Please install `psychopy-sounddevice` and restart the session to enable support.
18.4435 	WARNING 	User requested fullscreen with size [1536  864], but screen is actually [1920, 1200]. Using actual size
18.9070 	EXP 	Created window1 = Window(allowGUI=True, allowStencil=False, autoLog=True, backendConf=UNKNOWN, backgroundFit=<method-wrapper '__getattribute__' of attributeSetter object at 0x000002805D452350>, backgroundImage=<method-wrapper '__getattribute__' of attributeSetter object at 0x000002805D4B2810>, bitsMode=UNKNOWN, blendMode='avg', bpc=(8, 8, 8), color=array([0, 0, 0]), colorSpace='rgb', depthBits=8, fullscr=<method-wrapper '__getattribute__' of attributeSetter object at 0x0000028055B49890>, gamma=None, gammaErrorPolicy='raise', lms=UNKNOWN, monitor=<psychopy.monitors.calibTools.Monitor object at 0x000002806FD9D490>, multiSample=False, name='window1', numSamples=2, pos=(0, 0), screen=0, size=array([1920, 1200]), stencilBits=0, stereo=False, units='height', useFBO=True, useRetina=False, viewOri=0.0, viewPos=None, viewScale=None, waitBlanking=True, winType='pyglet')
18.9071 	EXP 	window1: mouseVisible = True
18.9071 	EXP 	window1: backgroundImage = None
18.9071 	EXP 	window1: backgroundFit = 'cover'
18.9072 	EXP 	window1: mouseVisible = False
18.9072 	EXP 	window1: Attempting to measure frame rate of screen (0) ...
18.9073 	EXP 	window1: recordFrameIntervals = False
18.9668 	EXP 	window1: recordFrameIntervals = True
18.9859 	WARNING 	t of last frame was 7.28ms (=1/137)
19.0338 	EXP 	Screen (0) actual frame rate measured at 164.53Hz
19.0339 	EXP 	window1: recordFrameIntervals = False
21.5509 	EXP 	Created text_2 = TextStim(__class__=<class 'psychopy.visual.text.TextStim'>, alignHoriz=method-wrapper(...), alignText='center', alignVert=method-wrapper(...), anchorHoriz='center', anchorVert='center', antialias=True, autoDraw=False, autoLog=True, bold=False, color=array([1., 1., 1.]), colorSpace='rgb', contrast=1.0, depth=0.0, flipHoriz=False, flipVert=False, font='Open Sans', fontFiles=[], height=0.05, italic=False, languageStyle='LTR', name='text_2', opacity=1.0, ori=0.0, pos=array([0., 0.]), rgb=UNKNOWN, text=str(...), units='height', win=Window(...), wrapWidth=1)
21.5731 	EXP 	Created GA = GratingStim(__class__=<class 'psychopy.visual.grating.GratingStim'>, anchor='center', autoDraw=False, autoLog=True, blendmode='avg', color=array([1., 1., 1.]), colorSpace='rgb', contrast=1.0, depth=-2.0, interpolate=True, mask='circle', maskParams=None, name='GA', opacity=1.0, ori=0.0, phase=array([0., 0.]), pos=array([0., 0.]), rgbPedestal=array([0., 0., 0.]), sf=array([1., 1.]), size=array([8.5]), tex='sqr', texRes=512.0, units='deg', win=Window(...))
21.5754 	EXP 	Created polygon = ShapeStim(__class__=<class 'psychopy.visual.shape.ShapeStim'>, anchor=('center', 'center'), autoDraw=False, autoLog=True, closeShape=True, color=method-wrapper(...), colorSpace='rgb', contrast=None, depth=-3.0, fillColor=array([0., 0., 0.]), fillColorSpace='rgb', fillRGB=array([0., 0., 0.]), interpolate=True, lineColor=array([0., 0., 0.]), lineColorSpace='rgb', lineRGB=array([0., 0., 0.]), lineWidth=1.0, name='polygon', opacity=1.0, ori=0.0, pos=array([0., 0.]), size=array([0.05, 0.05]), units='height', vertices=ndarray(...), win=Window(...), windingRule=None)
21.5760 	EXP 	Created text_3 = TextStim(__class__=<class 'psychopy.visual.text.TextStim'>, alignHoriz=method-wrapper(...), alignText='center', alignVert=method-wrapper(...), anchorHoriz='center', anchorVert='center', antialias=True, autoDraw=False, autoLog=True, bold=False, color=array([1., 1., 1.]), colorSpace='rgb', contrast=1.0, depth=-4.0, flipHoriz=False, flipVert=False, font='Open Sans', fontFiles=[], height=0.05, italic=False, languageStyle='LTR', name='text_3', opacity=1.0, ori=0.0, pos=array([0.   , 0.125]), rgb=UNKNOWN, text='', units='height', win=Window(...), wrapWidth=1)
21.5774 	EXP 	Created polygon_2 = ShapeStim(__class__=<class 'psychopy.visual.shape.ShapeStim'>, anchor=('center', 'center'), autoDraw=False, autoLog=True, closeShape=True, color=method-wrapper(...), colorSpace='rgb', contrast=None, depth=-2.0, fillColor=array([0., 0., 0.]), fillColorSpace='rgb', fillRGB=array([0., 0., 0.]), interpolate=True, lineColor=array([0., 0., 0.]), lineColorSpace='rgb', lineRGB=array([0., 0., 0.]), lineWidth=1.0, name='polygon_2', opacity=1.0, ori=0.0, pos=array([0., 0.]), size=array([0.05, 0.05]), units='height', vertices=ndarray(...), win=Window(...), windingRule=None)
21.5779 	EXP 	Created text_4 = TextStim(__class__=<class 'psychopy.visual.text.TextStim'>, alignHoriz=method-wrapper(...), alignText='center', alignVert=method-wrapper(...), anchorHoriz='center', anchorVert='center', antialias=True, autoDraw=False, autoLog=True, bold=False, color=array([1., 1., 1.]), colorSpace='rgb', contrast=1.0, depth=-3.0, flipHoriz=False, flipVert=False, font='Open Sans', fontFiles=[], height=0.05, italic=False, languageStyle='LTR', name='text_4', opacity=1.0, ori=0.0, pos=array([0.   , 0.125]), rgb=UNKNOWN, text='', units='height', win=Window(...), wrapWidth=1)
21.5792 	EXP 	Created polygon_3 = ShapeStim(__class__=<class 'psychopy.visual.shape.ShapeStim'>, anchor=('center', 'center'), autoDraw=False, autoLog=True, closeShape=True, color=method-wrapper(...), colorSpace='rgb', contrast=None, depth=0.0, fillColor=array([0., 0., 0.]), fillColorSpace='rgb', fillRGB=array([0., 0., 0.]), interpolate=True, lineColor=array([0., 0., 0.]), lineColorSpace='rgb', lineRGB=array([0., 0., 0.]), lineWidth=1.0, name='polygon_3', opacity=1.0, ori=0.0, pos=array([0., 0.]), size=array([0.05, 0.05]), units='height', vertices=ndarray(...), win=Window(...), windingRule=None)
21.5845 	EXP 	text_2: autoDraw = True
23.3780 	EXP 	Created sequence: random, trialTypes=1, nReps=20, seed=None
23.3782 	EXP 	New trial (rep=0, index=0): None
23.3785 	EXP 	Created sequence: random, trialTypes=1, nReps=1, seed=None
23.3786 	EXP 	New trial (rep=0, index=0): None
23.4500 	DATA 	Keypress: space
23.4530 	EXP 	text_2: autoDraw = False
23.4530 	EXP 	GA: sf = array([0.5, 0.5])
23.4530 	EXP 	GA: phase = array([0., 0.])
23.4530 	EXP 	text_3: height = 0.05
23.4530 	EXP 	text_3: height = 0.05
23.4530 	EXP 	text_3: height = 0.05
23.4530 	EXP 	text_3: text = 'Spatial frequency: 0.500\nContrast: 0.053'
23.4530 	EXP 	GA: autoDraw = True
23.4530 	EXP 	polygon: autoDraw = True
23.4530 	EXP 	text_3: autoDraw = True
23.4530 	EXP 	GA: tex = 'sqr'
23.5551 	EXP 	GA: autoDraw = False
23.5551 	EXP 	polygon: autoDraw = False
23.5551 	EXP 	text_3: autoDraw = False
23.5551 	EXP 	GA: autoDraw = False
23.5551 	EXP 	polygon: autoDraw = False
23.5551 	EXP 	text_3: autoDraw = False
23.5551 	EXP 	text_4: height = 0.05
23.5551 	EXP 	text_4: height = 0.05
23.5551 	EXP 	text_4: height = 0.05
23.5551 	EXP 	text_4: text = 'Spatial frequency: 0.500\nContrast: 0.053'
23.5551 	EXP 	GA: autoDraw = True
23.5551 	EXP 	polygon_2: autoDraw = True
23.5551 	EXP 	text_4: autoDraw = True
52.0259 	DATA 	Keypress: escape
52.5147 	EXP 	window1: mouseVisible = True
