4.8641 	WARNING 	Speech-to-text recognition module for PocketSphinx is not available (use command `pip install SpeechRecognition` to get it). Transcription will be unavailable using that service this session.
4.8648 	WARNING 	Speech-to-text recognition using Google online services is not available (use command `pip install google-api-core google-auth google-cloud google-cloud-speech googleapis-common-protos` to get it). Transcription will be unavailable using that service this session.
4.8666 	ERROR 	Support for the `sounddevice` audio backend is not available this session. Please install `psychopy-sounddevice` and restart the session to enable support.
29.7050 	WARNING 	User requested fullscreen with size [1536  864], but screen is actually [1920, 1080]. Using actual size
30.4571 	EXP 	Created window1 = Window(allowGUI=True, allowStencil=False, autoLog=True, backendConf=UNKNOWN, backgroundFit=<method-wrapper '__getattribute__' of attributeSetter object at 0x000001D6BC1786D0>, backgroundImage=<method-wrapper '__getattribute__' of attributeSetter object at 0x000001D6BC178550>, bitsMode=UNKNOWN, blendMode='avg', bpc=(8, 8, 8), color=array([0, 0, 0]), colorSpace='rgb', depthBits=8, fullscr=<method-wrapper '__getattribute__' of attributeSetter object at 0x000001D6BB10A090>, gamma=None, gammaErrorPolicy='raise', lms=UNKNOWN, monitor=<psychopy.monitors.calibTools.Monitor object at 0x000001D6CA0146D0>, multiSample=False, name='window1', numSamples=2, pos=(0, 0), screen=0, size=array([1920, 1080]), stencilBits=0, stereo=False, units='height', useFBO=True, useRetina=False, viewOri=0.0, viewPos=None, viewScale=None, waitBlanking=True, winType='pyglet')
30.4573 	EXP 	window1: mouseVisible = True
30.4573 	EXP 	window1: backgroundImage = None
30.4573 	EXP 	window1: backgroundFit = 'cover'
30.4574 	EXP 	window1: mouseVisible = False
30.4574 	EXP 	window1: Attempting to measure frame rate of screen (0) ...
30.4575 	EXP 	window1: recordFrameIntervals = False
30.6236 	EXP 	window1: recordFrameIntervals = True
30.8068 	EXP 	Screen (0) actual frame rate measured at 60.07Hz
30.8069 	EXP 	window1: recordFrameIntervals = False
34.5457 	EXP 	Created text_2 = TextStim(__class__=<class 'psychopy.visual.text.TextStim'>, alignHoriz=method-wrapper(...), alignText='center', alignVert=method-wrapper(...), anchorHoriz='center', anchorVert='center', antialias=True, autoDraw=False, autoLog=True, bold=False, color=array([1., 1., 1.]), colorSpace='rgb', contrast=1.0, depth=0.0, flipHoriz=False, flipVert=False, font='Open Sans', fontFiles=[], height=0.05, italic=False, languageStyle='LTR', name='text_2', opacity=1.0, ori=0.0, pos=array([0., 0.]), rgb=UNKNOWN, text='Press spacebar to start the experiment\n\n', units='height', win=Window(...), wrapWidth=1)
34.5975 	EXP 	Created GA = GratingStim(__class__=<class 'psychopy.visual.grating.GratingStim'>, anchor='center', autoDraw=False, autoLog=True, blendmode='avg', color=array([1., 1., 1.]), colorSpace='rgb', contrast=1.0, depth=-2.0, interpolate=True, mask='circle', maskParams=None, name='GA', opacity=1.0, ori=0.0, phase=array([0., 0.]), pos=array([0., 0.]), rgbPedestal=array([0., 0., 0.]), sf=array([1., 1.]), size=array([8.5]), tex='sqr', texRes=512.0, units='deg', win=Window(...))
34.6024 	EXP 	Created polygon = ShapeStim(__class__=<class 'psychopy.visual.shape.ShapeStim'>, anchor=('center', 'center'), autoDraw=False, autoLog=True, closeShape=True, color=method-wrapper(...), colorSpace='rgb', contrast=None, depth=-3.0, fillColor=array([0., 0., 0.]), fillColorSpace='rgb', fillRGB=array([0., 0., 0.]), interpolate=True, lineColor=array([0., 0., 0.]), lineColorSpace='rgb', lineRGB=array([0., 0., 0.]), lineWidth=1.0, name='polygon', opacity=1.0, ori=0.0, pos=array([0., 0.]), size=array([0.05, 0.05]), units='height', vertices=ndarray(...), win=Window(...), windingRule=None)
34.6035 	EXP 	Created text_3 = TextStim(__class__=<class 'psychopy.visual.text.TextStim'>, alignHoriz=method-wrapper(...), alignText='center', alignVert=method-wrapper(...), anchorHoriz='center', anchorVert='center', antialias=True, autoDraw=False, autoLog=True, bold=False, color=array([1., 1., 1.]), colorSpace='rgb', contrast=1.0, depth=-4.0, flipHoriz=False, flipVert=False, font='Open Sans', fontFiles=[], height=0.05, italic=False, languageStyle='LTR', name='text_3', opacity=1.0, ori=0.0, pos=array([0.   , 0.125]), rgb=UNKNOWN, text='', units='height', win=Window(...), wrapWidth=1)
34.6065 	EXP 	Created polygon_2 = ShapeStim(__class__=<class 'psychopy.visual.shape.ShapeStim'>, anchor=('center', 'center'), autoDraw=False, autoLog=True, closeShape=True, color=method-wrapper(...), colorSpace='rgb', contrast=None, depth=-2.0, fillColor=array([0., 0., 0.]), fillColorSpace='rgb', fillRGB=array([0., 0., 0.]), interpolate=True, lineColor=array([0., 0., 0.]), lineColorSpace='rgb', lineRGB=array([0., 0., 0.]), lineWidth=1.0, name='polygon_2', opacity=1.0, ori=0.0, pos=array([0., 0.]), size=array([0.05, 0.05]), units='height', vertices=ndarray(...), win=Window(...), windingRule=None)
34.6077 	EXP 	Created text_4 = TextStim(__class__=<class 'psychopy.visual.text.TextStim'>, alignHoriz=method-wrapper(...), alignText='center', alignVert=method-wrapper(...), anchorHoriz='center', anchorVert='center', antialias=True, autoDraw=False, autoLog=True, bold=False, color=array([1., 1., 1.]), colorSpace='rgb', contrast=1.0, depth=-3.0, flipHoriz=False, flipVert=False, font='Open Sans', fontFiles=[], height=0.05, italic=False, languageStyle='LTR', name='text_4', opacity=1.0, ori=0.0, pos=array([0.   , 0.125]), rgb=UNKNOWN, text='', units='height', win=Window(...), wrapWidth=1)
34.6106 	EXP 	Created polygon_3 = ShapeStim(__class__=<class 'psychopy.visual.shape.ShapeStim'>, anchor=('center', 'center'), autoDraw=False, autoLog=True, closeShape=True, color=method-wrapper(...), colorSpace='rgb', contrast=None, depth=0.0, fillColor=array([0., 0., 0.]), fillColorSpace='rgb', fillRGB=array([0., 0., 0.]), interpolate=True, lineColor=array([0., 0., 0.]), lineColorSpace='rgb', lineRGB=array([0., 0., 0.]), lineWidth=1.0, name='polygon_3', opacity=1.0, ori=0.0, pos=array([0., 0.]), size=array([0.05, 0.05]), units='height', vertices=ndarray(...), win=Window(...), windingRule=None)
34.6152 	EXP 	text_2: autoDraw = True
35.3086 	EXP 	Created sequence: random, trialTypes=1, nReps=20, seed=None
35.3090 	EXP 	New trial (rep=0, index=0): None
35.3099 	EXP 	Created sequence: random, trialTypes=1, nReps=1, seed=None
35.3101 	EXP 	New trial (rep=0, index=0): None
35.4027 	DATA 	Keypress: space
35.4053 	EXP 	text_2: autoDraw = False
35.4053 	EXP 	GA: sf = array([0.5, 0.5])
35.4053 	EXP 	GA: phase = array([0., 0.])
35.4053 	EXP 	text_3: height = 0.05
35.4053 	EXP 	text_3: height = 0.05
35.4053 	EXP 	text_3: height = 0.05
35.4053 	EXP 	text_3: text = 'Spatial frequency: 0.500\nContrast: 0.020'
35.4053 	EXP 	text_4: height = 0.05
35.4053 	EXP 	text_4: height = 0.05
35.4053 	EXP 	text_4: height = 0.05
35.4053 	EXP 	text_4: text = 'Spatial frequency: 0.500\nContrast: 0.020'
35.4053 	EXP 	GA: autoDraw = True
35.4053 	EXP 	polygon_2: autoDraw = True
35.4053 	EXP 	text_4: autoDraw = True
35.4053 	EXP 	GA: tex = 'sqr'
38.3922 	EXP 	New trial (rep=1, index=0): None
38.3933 	EXP 	Created sequence: random, trialTypes=1, nReps=1, seed=None
38.3935 	EXP 	New trial (rep=0, index=0): None
38.4345 	EXP 	GA: autoDraw = False
38.4345 	EXP 	polygon_2: autoDraw = False
38.4345 	EXP 	text_4: autoDraw = False
38.4345 	EXP 	GA: autoDraw = False
38.4345 	EXP 	polygon_2: autoDraw = False
38.4345 	EXP 	text_4: autoDraw = False
38.4345 	EXP 	GA: sf = array([0.5, 0.5])
38.4345 	EXP 	GA: phase = array([0., 0.])
38.4345 	EXP 	text_3: height = 0.05
38.4345 	EXP 	text_3: height = 0.05
38.4345 	EXP 	text_3: height = 0.05
38.4345 	EXP 	text_3: text = 'Spatial frequency: 0.500\nContrast: 0.053'
38.4345 	EXP 	text_4: height = 0.05
38.4345 	EXP 	text_4: height = 0.05
38.4345 	EXP 	text_4: height = 0.05
38.4345 	EXP 	text_4: text = 'Spatial frequency: 0.500\nContrast: 0.053'
38.4345 	EXP 	GA: autoDraw = True
38.4345 	EXP 	polygon_2: autoDraw = True
38.4345 	EXP 	text_4: autoDraw = True
38.4345 	EXP 	GA: tex = 'sqr'
41.4255 	EXP 	New trial (rep=2, index=0): None
41.4266 	EXP 	Created sequence: random, trialTypes=1, nReps=1, seed=None
41.4268 	EXP 	New trial (rep=0, index=0): None
41.4665 	EXP 	GA: autoDraw = False
41.4665 	EXP 	polygon_2: autoDraw = False
41.4665 	EXP 	text_4: autoDraw = False
41.4665 	EXP 	GA: autoDraw = False
41.4665 	EXP 	polygon_2: autoDraw = False
41.4665 	EXP 	text_4: autoDraw = False
41.4665 	EXP 	GA: sf = array([0.5, 0.5])
41.4665 	EXP 	GA: phase = array([0., 0.])
41.4665 	EXP 	text_3: height = 0.05
41.4665 	EXP 	text_3: height = 0.05
41.4665 	EXP 	text_3: height = 0.05
41.4665 	EXP 	text_3: text = 'Spatial frequency: 0.500\nContrast: 1.000'
41.4665 	EXP 	text_4: height = 0.05
41.4665 	EXP 	text_4: height = 0.05
41.4665 	EXP 	text_4: height = 0.05
41.4665 	EXP 	text_4: text = 'Spatial frequency: 0.500\nContrast: 1.000'
41.4665 	EXP 	GA: autoDraw = True
41.4665 	EXP 	polygon_2: autoDraw = True
41.4665 	EXP 	text_4: autoDraw = True
41.4665 	EXP 	GA: tex = 'sqr'
44.4581 	EXP 	New trial (rep=3, index=0): None
44.4591 	EXP 	Created sequence: random, trialTypes=1, nReps=1, seed=None
44.4592 	EXP 	New trial (rep=0, index=0): None
44.4972 	EXP 	GA: autoDraw = False
44.4972 	EXP 	polygon_2: autoDraw = False
44.4972 	EXP 	text_4: autoDraw = False
44.4972 	EXP 	GA: autoDraw = False
44.4972 	EXP 	polygon_2: autoDraw = False
44.4972 	EXP 	text_4: autoDraw = False
44.4972 	EXP 	GA: sf = array([0.5, 0.5])
44.4972 	EXP 	GA: phase = array([0., 0.])
44.4972 	EXP 	text_3: height = 0.05
44.4972 	EXP 	text_3: height = 0.05
44.4972 	EXP 	text_3: height = 0.05
44.4972 	EXP 	text_3: text = 'Spatial frequency: 0.500\nContrast: 0.376'
44.4972 	EXP 	text_4: height = 0.05
44.4972 	EXP 	text_4: height = 0.05
44.4972 	EXP 	text_4: height = 0.05
44.4972 	EXP 	text_4: text = 'Spatial frequency: 0.500\nContrast: 0.376'
44.4972 	EXP 	GA: autoDraw = True
44.4972 	EXP 	polygon_2: autoDraw = True
44.4972 	EXP 	text_4: autoDraw = True
44.4972 	EXP 	GA: tex = 'sqr'
47.4915 	EXP 	New trial (rep=4, index=0): None
47.4926 	EXP 	Created sequence: random, trialTypes=1, nReps=1, seed=None
47.4928 	EXP 	New trial (rep=0, index=0): None
47.5375 	EXP 	GA: autoDraw = False
47.5375 	EXP 	polygon_2: autoDraw = False
47.5375 	EXP 	text_4: autoDraw = False
47.5375 	EXP 	GA: autoDraw = False
47.5375 	EXP 	polygon_2: autoDraw = False
47.5375 	EXP 	text_4: autoDraw = False
47.5375 	EXP 	GA: sf = array([0.5, 0.5])
47.5375 	EXP 	GA: phase = array([0., 0.])
47.5375 	EXP 	text_3: height = 0.05
47.5375 	EXP 	text_3: height = 0.05
47.5375 	EXP 	text_3: height = 0.05
47.5375 	EXP 	text_3: text = 'Spatial frequency: 0.500\nContrast: 0.141'
47.5375 	EXP 	text_4: height = 0.05
47.5375 	EXP 	text_4: height = 0.05
47.5375 	EXP 	text_4: height = 0.05
47.5375 	EXP 	text_4: text = 'Spatial frequency: 0.500\nContrast: 0.141'
47.5375 	EXP 	GA: autoDraw = True
47.5375 	EXP 	polygon_2: autoDraw = True
47.5375 	EXP 	text_4: autoDraw = True
47.5375 	EXP 	GA: tex = 'sqr'
50.5249 	EXP 	New trial (rep=5, index=0): None
50.5260 	EXP 	Created sequence: random, trialTypes=1, nReps=1, seed=None
50.5262 	EXP 	New trial (rep=0, index=0): None
50.5682 	EXP 	GA: autoDraw = False
50.5682 	EXP 	polygon_2: autoDraw = False
50.5682 	EXP 	text_4: autoDraw = False
50.5682 	EXP 	GA: autoDraw = False
50.5682 	EXP 	polygon_2: autoDraw = False
50.5682 	EXP 	text_4: autoDraw = False
50.5682 	EXP 	GA: sf = array([0.5, 0.5])
50.5682 	EXP 	GA: phase = array([0., 0.])
50.5682 	EXP 	text_3: height = 0.05
50.5682 	EXP 	text_3: height = 0.05
50.5682 	EXP 	text_3: height = 0.05
50.5682 	EXP 	text_3: text = 'Spatial frequency: 0.500\nContrast: 0.053'
50.5682 	EXP 	text_4: height = 0.05
50.5682 	EXP 	text_4: height = 0.05
50.5682 	EXP 	text_4: height = 0.05
50.5682 	EXP 	text_4: text = 'Spatial frequency: 0.500\nContrast: 0.053'
50.5682 	EXP 	GA: autoDraw = True
50.5682 	EXP 	polygon_2: autoDraw = True
50.5682 	EXP 	text_4: autoDraw = True
50.5682 	EXP 	GA: tex = 'sqr'
53.5586 	EXP 	New trial (rep=6, index=0): None
53.5600 	EXP 	Created sequence: random, trialTypes=1, nReps=1, seed=None
53.5602 	EXP 	New trial (rep=0, index=0): None
53.6010 	EXP 	GA: autoDraw = False
53.6010 	EXP 	polygon_2: autoDraw = False
53.6010 	EXP 	text_4: autoDraw = False
53.6010 	EXP 	GA: autoDraw = False
53.6010 	EXP 	polygon_2: autoDraw = False
53.6010 	EXP 	text_4: autoDraw = False
53.6010 	EXP 	GA: sf = array([0.5, 0.5])
53.6010 	EXP 	GA: phase = array([0., 0.])
53.6010 	EXP 	text_3: height = 0.05
53.6010 	EXP 	text_3: height = 0.05
53.6010 	EXP 	text_3: height = 0.05
53.6010 	EXP 	text_3: text = 'Spatial frequency: 0.500\nContrast: 1.000'
53.6010 	EXP 	text_4: height = 0.05
53.6010 	EXP 	text_4: height = 0.05
53.6010 	EXP 	text_4: height = 0.05
53.6010 	EXP 	text_4: text = 'Spatial frequency: 0.500\nContrast: 1.000'
53.6010 	EXP 	GA: autoDraw = True
53.6010 	EXP 	polygon_2: autoDraw = True
53.6010 	EXP 	text_4: autoDraw = True
53.6010 	EXP 	GA: tex = 'sqr'
56.5915 	EXP 	New trial (rep=7, index=0): None
56.5928 	EXP 	Created sequence: random, trialTypes=1, nReps=1, seed=None
56.5930 	EXP 	New trial (rep=0, index=0): None
56.6363 	EXP 	GA: autoDraw = False
56.6363 	EXP 	polygon_2: autoDraw = False
56.6363 	EXP 	text_4: autoDraw = False
56.6363 	EXP 	GA: autoDraw = False
56.6363 	EXP 	polygon_2: autoDraw = False
56.6363 	EXP 	text_4: autoDraw = False
56.6363 	EXP 	GA: sf = array([0.5, 0.5])
56.6363 	EXP 	GA: phase = array([0., 0.])
56.6363 	EXP 	text_3: height = 0.05
56.6363 	EXP 	text_3: height = 0.05
56.6363 	EXP 	text_3: height = 0.05
56.6363 	EXP 	text_3: text = 'Spatial frequency: 0.500\nContrast: 0.020'
56.6363 	EXP 	text_4: height = 0.05
56.6363 	EXP 	text_4: height = 0.05
56.6363 	EXP 	text_4: height = 0.05
56.6363 	EXP 	text_4: text = 'Spatial frequency: 0.500\nContrast: 0.020'
56.6363 	EXP 	GA: autoDraw = True
56.6363 	EXP 	polygon_2: autoDraw = True
56.6363 	EXP 	text_4: autoDraw = True
56.6363 	EXP 	GA: tex = 'sqr'
59.6249 	EXP 	New trial (rep=8, index=0): None
59.6261 	EXP 	Created sequence: random, trialTypes=1, nReps=1, seed=None
59.6264 	EXP 	New trial (rep=0, index=0): None
59.6682 	EXP 	GA: autoDraw = False
59.6682 	EXP 	polygon_2: autoDraw = False
59.6682 	EXP 	text_4: autoDraw = False
59.6682 	EXP 	GA: autoDraw = False
59.6682 	EXP 	polygon_2: autoDraw = False
59.6682 	EXP 	text_4: autoDraw = False
59.6682 	EXP 	GA: sf = array([0.5, 0.5])
59.6682 	EXP 	GA: phase = array([0., 0.])
59.6682 	EXP 	text_3: height = 0.05
59.6682 	EXP 	text_3: height = 0.05
59.6682 	EXP 	text_3: height = 0.05
59.6682 	EXP 	text_3: text = 'Spatial frequency: 0.500\nContrast: 1.000'
59.6682 	EXP 	text_4: height = 0.05
59.6682 	EXP 	text_4: height = 0.05
59.6682 	EXP 	text_4: height = 0.05
59.6682 	EXP 	text_4: text = 'Spatial frequency: 0.500\nContrast: 1.000'
59.6682 	EXP 	GA: autoDraw = True
59.6682 	EXP 	polygon_2: autoDraw = True
59.6682 	EXP 	text_4: autoDraw = True
59.6682 	EXP 	GA: tex = 'sqr'
62.6578 	EXP 	New trial (rep=9, index=0): None
62.6592 	EXP 	Created sequence: random, trialTypes=1, nReps=1, seed=None
62.6594 	EXP 	New trial (rep=0, index=0): None
62.7050 	EXP 	GA: autoDraw = False
62.7050 	EXP 	polygon_2: autoDraw = False
62.7050 	EXP 	text_4: autoDraw = False
62.7050 	EXP 	GA: autoDraw = False
62.7050 	EXP 	polygon_2: autoDraw = False
62.7050 	EXP 	text_4: autoDraw = False
62.7050 	EXP 	GA: sf = array([0.5, 0.5])
62.7050 	EXP 	GA: phase = array([0., 0.])
62.7050 	EXP 	text_3: height = 0.05
62.7050 	EXP 	text_3: height = 0.05
62.7050 	EXP 	text_3: height = 0.05
62.7050 	EXP 	text_3: text = 'Spatial frequency: 0.500\nContrast: 0.053'
62.7050 	EXP 	text_4: height = 0.05
62.7050 	EXP 	text_4: height = 0.05
62.7050 	EXP 	text_4: height = 0.05
62.7050 	EXP 	text_4: text = 'Spatial frequency: 0.500\nContrast: 0.053'
62.7050 	EXP 	GA: autoDraw = True
62.7050 	EXP 	polygon_2: autoDraw = True
62.7050 	EXP 	text_4: autoDraw = True
62.7050 	EXP 	GA: tex = 'sqr'
65.6914 	EXP 	New trial (rep=10, index=0): None
65.6928 	EXP 	Created sequence: random, trialTypes=1, nReps=1, seed=None
65.6931 	EXP 	New trial (rep=0, index=0): None
65.7357 	EXP 	GA: autoDraw = False
65.7357 	EXP 	polygon_2: autoDraw = False
65.7357 	EXP 	text_4: autoDraw = False
65.7357 	EXP 	GA: autoDraw = False
65.7357 	EXP 	polygon_2: autoDraw = False
65.7357 	EXP 	text_4: autoDraw = False
65.7357 	EXP 	GA: sf = array([0.5, 0.5])
65.7357 	EXP 	GA: phase = array([0., 0.])
65.7357 	EXP 	text_3: height = 0.05
65.7357 	EXP 	text_3: height = 0.05
65.7357 	EXP 	text_3: height = 0.05
65.7357 	EXP 	text_3: text = 'Spatial frequency: 0.500\nContrast: 0.141'
65.7357 	EXP 	text_4: height = 0.05
65.7357 	EXP 	text_4: height = 0.05
65.7357 	EXP 	text_4: height = 0.05
65.7357 	EXP 	text_4: text = 'Spatial frequency: 0.500\nContrast: 0.141'
65.7357 	EXP 	GA: autoDraw = True
65.7357 	EXP 	polygon_2: autoDraw = True
65.7357 	EXP 	text_4: autoDraw = True
65.7357 	EXP 	GA: tex = 'sqr'
68.7246 	EXP 	New trial (rep=11, index=0): None
68.7258 	EXP 	Created sequence: random, trialTypes=1, nReps=1, seed=None
68.7259 	EXP 	New trial (rep=0, index=0): None
68.7659 	EXP 	GA: autoDraw = False
68.7659 	EXP 	polygon_2: autoDraw = False
68.7659 	EXP 	text_4: autoDraw = False
68.7659 	EXP 	GA: autoDraw = False
68.7659 	EXP 	polygon_2: autoDraw = False
68.7659 	EXP 	text_4: autoDraw = False
68.7659 	EXP 	GA: sf = array([0.5, 0.5])
68.7659 	EXP 	GA: phase = array([0., 0.])
68.7659 	EXP 	text_3: height = 0.05
68.7659 	EXP 	text_3: height = 0.05
68.7659 	EXP 	text_3: height = 0.05
68.7659 	EXP 	text_3: text = 'Spatial frequency: 0.500\nContrast: 0.376'
68.7659 	EXP 	text_4: height = 0.05
68.7659 	EXP 	text_4: height = 0.05
68.7659 	EXP 	text_4: height = 0.05
68.7659 	EXP 	text_4: text = 'Spatial frequency: 0.500\nContrast: 0.376'
68.7659 	EXP 	GA: autoDraw = True
68.7659 	EXP 	polygon_2: autoDraw = True
68.7659 	EXP 	text_4: autoDraw = True
68.7659 	EXP 	GA: tex = 'sqr'
71.7578 	EXP 	New trial (rep=12, index=0): None
71.7589 	EXP 	Created sequence: random, trialTypes=1, nReps=1, seed=None
71.7591 	EXP 	New trial (rep=0, index=0): None
71.8001 	EXP 	GA: autoDraw = False
71.8001 	EXP 	polygon_2: autoDraw = False
71.8001 	EXP 	text_4: autoDraw = False
71.8001 	EXP 	GA: autoDraw = False
71.8001 	EXP 	polygon_2: autoDraw = False
71.8001 	EXP 	text_4: autoDraw = False
71.8001 	EXP 	GA: sf = array([0.5, 0.5])
71.8001 	EXP 	GA: phase = array([0., 0.])
71.8001 	EXP 	text_3: height = 0.05
71.8001 	EXP 	text_3: height = 0.05
71.8001 	EXP 	text_3: height = 0.05
71.8001 	EXP 	text_3: text = 'Spatial frequency: 0.500\nContrast: 0.141'
71.8001 	EXP 	text_4: height = 0.05
71.8001 	EXP 	text_4: height = 0.05
71.8001 	EXP 	text_4: height = 0.05
71.8001 	EXP 	text_4: text = 'Spatial frequency: 0.500\nContrast: 0.141'
71.8001 	EXP 	GA: autoDraw = True
71.8001 	EXP 	polygon_2: autoDraw = True
71.8001 	EXP 	text_4: autoDraw = True
71.8001 	EXP 	GA: tex = 'sqr'
74.7915 	EXP 	New trial (rep=13, index=0): None
74.7927 	EXP 	Created sequence: random, trialTypes=1, nReps=1, seed=None
74.7930 	EXP 	New trial (rep=0, index=0): None
74.8331 	EXP 	GA: autoDraw = False
74.8331 	EXP 	polygon_2: autoDraw = False
74.8331 	EXP 	text_4: autoDraw = False
74.8331 	EXP 	GA: autoDraw = False
74.8331 	EXP 	polygon_2: autoDraw = False
74.8331 	EXP 	text_4: autoDraw = False
74.8331 	EXP 	GA: sf = array([0.5, 0.5])
74.8331 	EXP 	GA: phase = array([0., 0.])
74.8331 	EXP 	text_3: height = 0.05
74.8331 	EXP 	text_3: height = 0.05
74.8331 	EXP 	text_3: height = 0.05
74.8331 	EXP 	text_3: text = 'Spatial frequency: 0.500\nContrast: 0.020'
74.8331 	EXP 	text_4: height = 0.05
74.8331 	EXP 	text_4: height = 0.05
74.8331 	EXP 	text_4: height = 0.05
74.8331 	EXP 	text_4: text = 'Spatial frequency: 0.500\nContrast: 0.020'
74.8331 	EXP 	GA: autoDraw = True
74.8331 	EXP 	polygon_2: autoDraw = True
74.8331 	EXP 	text_4: autoDraw = True
74.8331 	EXP 	GA: tex = 'sqr'
77.8242 	EXP 	New trial (rep=14, index=0): None
77.8253 	EXP 	Created sequence: random, trialTypes=1, nReps=1, seed=None
77.8255 	EXP 	New trial (rep=0, index=0): None
77.8649 	EXP 	GA: autoDraw = False
77.8649 	EXP 	polygon_2: autoDraw = False
77.8649 	EXP 	text_4: autoDraw = False
77.8649 	EXP 	GA: autoDraw = False
77.8649 	EXP 	polygon_2: autoDraw = False
77.8649 	EXP 	text_4: autoDraw = False
77.8649 	EXP 	GA: sf = array([0.5, 0.5])
77.8649 	EXP 	GA: phase = array([0., 0.])
77.8649 	EXP 	text_3: height = 0.05
77.8649 	EXP 	text_3: height = 0.05
77.8649 	EXP 	text_3: height = 0.05
77.8649 	EXP 	text_3: text = 'Spatial frequency: 0.500\nContrast: 0.141'
77.8649 	EXP 	text_4: height = 0.05
77.8649 	EXP 	text_4: height = 0.05
77.8649 	EXP 	text_4: height = 0.05
77.8649 	EXP 	text_4: text = 'Spatial frequency: 0.500\nContrast: 0.141'
77.8649 	EXP 	GA: autoDraw = True
77.8649 	EXP 	polygon_2: autoDraw = True
77.8649 	EXP 	text_4: autoDraw = True
77.8649 	EXP 	GA: tex = 'sqr'
80.8577 	EXP 	New trial (rep=15, index=0): None
80.8590 	EXP 	Created sequence: random, trialTypes=1, nReps=1, seed=None
80.8592 	EXP 	New trial (rep=0, index=0): None
80.8987 	EXP 	GA: autoDraw = False
80.8987 	EXP 	polygon_2: autoDraw = False
80.8987 	EXP 	text_4: autoDraw = False
80.8987 	EXP 	GA: autoDraw = False
80.8987 	EXP 	polygon_2: autoDraw = False
80.8987 	EXP 	text_4: autoDraw = False
80.8987 	EXP 	GA: sf = array([0.5, 0.5])
80.8987 	EXP 	GA: phase = array([0., 0.])
80.8987 	EXP 	text_3: height = 0.05
80.8987 	EXP 	text_3: height = 0.05
80.8987 	EXP 	text_3: height = 0.05
80.8987 	EXP 	text_3: text = 'Spatial frequency: 0.500\nContrast: 0.376'
80.8987 	EXP 	text_4: height = 0.05
80.8987 	EXP 	text_4: height = 0.05
80.8987 	EXP 	text_4: height = 0.05
80.8987 	EXP 	text_4: text = 'Spatial frequency: 0.500\nContrast: 0.376'
80.8987 	EXP 	GA: autoDraw = True
80.8987 	EXP 	polygon_2: autoDraw = True
80.8987 	EXP 	text_4: autoDraw = True
80.8987 	EXP 	GA: tex = 'sqr'
83.8908 	EXP 	New trial (rep=16, index=0): None
83.8918 	EXP 	Created sequence: random, trialTypes=1, nReps=1, seed=None
83.8920 	EXP 	New trial (rep=0, index=0): None
83.9316 	EXP 	GA: autoDraw = False
83.9316 	EXP 	polygon_2: autoDraw = False
83.9316 	EXP 	text_4: autoDraw = False
83.9316 	EXP 	GA: autoDraw = False
83.9316 	EXP 	polygon_2: autoDraw = False
83.9316 	EXP 	text_4: autoDraw = False
83.9316 	EXP 	GA: sf = array([0.5, 0.5])
83.9316 	EXP 	GA: phase = array([0., 0.])
83.9316 	EXP 	text_3: height = 0.05
83.9316 	EXP 	text_3: height = 0.05
83.9316 	EXP 	text_3: height = 0.05
83.9316 	EXP 	text_3: text = 'Spatial frequency: 0.500\nContrast: 0.020'
83.9316 	EXP 	text_4: height = 0.05
83.9316 	EXP 	text_4: height = 0.05
83.9316 	EXP 	text_4: height = 0.05
83.9316 	EXP 	text_4: text = 'Spatial frequency: 0.500\nContrast: 0.020'
83.9316 	EXP 	GA: autoDraw = True
83.9316 	EXP 	polygon_2: autoDraw = True
83.9316 	EXP 	text_4: autoDraw = True
83.9316 	EXP 	GA: tex = 'sqr'
86.9271 	EXP 	New trial (rep=17, index=0): None
86.9286 	EXP 	Created sequence: random, trialTypes=1, nReps=1, seed=None
86.9288 	EXP 	New trial (rep=0, index=0): None
86.9706 	EXP 	GA: autoDraw = False
86.9706 	EXP 	polygon_2: autoDraw = False
86.9706 	EXP 	text_4: autoDraw = False
86.9706 	EXP 	GA: autoDraw = False
86.9706 	EXP 	polygon_2: autoDraw = False
86.9706 	EXP 	text_4: autoDraw = False
86.9706 	EXP 	GA: sf = array([0.5, 0.5])
86.9706 	EXP 	GA: phase = array([0., 0.])
86.9706 	EXP 	text_3: height = 0.05
86.9706 	EXP 	text_3: height = 0.05
86.9706 	EXP 	text_3: height = 0.05
86.9706 	EXP 	text_3: text = 'Spatial frequency: 0.500\nContrast: 0.376'
86.9706 	EXP 	text_4: height = 0.05
86.9706 	EXP 	text_4: height = 0.05
86.9706 	EXP 	text_4: height = 0.05
86.9706 	EXP 	text_4: text = 'Spatial frequency: 0.500\nContrast: 0.376'
86.9706 	EXP 	GA: autoDraw = True
86.9706 	EXP 	polygon_2: autoDraw = True
86.9706 	EXP 	text_4: autoDraw = True
86.9706 	EXP 	GA: tex = 'sqr'
89.9566 	EXP 	New trial (rep=18, index=0): None
89.9575 	EXP 	Created sequence: random, trialTypes=1, nReps=1, seed=None
89.9576 	EXP 	New trial (rep=0, index=0): None
89.9971 	EXP 	GA: autoDraw = False
89.9971 	EXP 	polygon_2: autoDraw = False
89.9971 	EXP 	text_4: autoDraw = False
89.9971 	EXP 	GA: autoDraw = False
89.9971 	EXP 	polygon_2: autoDraw = False
89.9971 	EXP 	text_4: autoDraw = False
89.9971 	EXP 	GA: sf = array([0.5, 0.5])
89.9971 	EXP 	GA: phase = array([0., 0.])
89.9971 	EXP 	text_3: height = 0.05
89.9971 	EXP 	text_3: height = 0.05
89.9971 	EXP 	text_3: height = 0.05
89.9971 	EXP 	text_3: text = 'Spatial frequency: 0.500\nContrast: 1.000'
89.9971 	EXP 	text_4: height = 0.05
89.9971 	EXP 	text_4: height = 0.05
89.9971 	EXP 	text_4: height = 0.05
89.9971 	EXP 	text_4: text = 'Spatial frequency: 0.500\nContrast: 1.000'
89.9971 	EXP 	GA: autoDraw = True
89.9971 	EXP 	polygon_2: autoDraw = True
89.9971 	EXP 	text_4: autoDraw = True
89.9971 	EXP 	GA: tex = 'sqr'
92.9904 	EXP 	New trial (rep=19, index=0): None
92.9916 	EXP 	Created sequence: random, trialTypes=1, nReps=1, seed=None
92.9918 	EXP 	New trial (rep=0, index=0): None
93.0324 	EXP 	GA: autoDraw = False
93.0324 	EXP 	polygon_2: autoDraw = False
93.0324 	EXP 	text_4: autoDraw = False
93.0324 	EXP 	GA: autoDraw = False
93.0324 	EXP 	polygon_2: autoDraw = False
93.0324 	EXP 	text_4: autoDraw = False
93.0324 	EXP 	GA: sf = array([0.5, 0.5])
93.0324 	EXP 	GA: phase = array([0., 0.])
93.0324 	EXP 	text_3: height = 0.05
93.0324 	EXP 	text_3: height = 0.05
93.0324 	EXP 	text_3: height = 0.05
93.0324 	EXP 	text_3: text = 'Spatial frequency: 0.500\nContrast: 0.053'
93.0324 	EXP 	text_4: height = 0.05
93.0324 	EXP 	text_4: height = 0.05
93.0324 	EXP 	text_4: height = 0.05
93.0324 	EXP 	text_4: text = 'Spatial frequency: 0.500\nContrast: 0.053'
93.0324 	EXP 	GA: autoDraw = True
93.0324 	EXP 	polygon_2: autoDraw = True
93.0324 	EXP 	text_4: autoDraw = True
93.0324 	EXP 	GA: tex = 'sqr'
96.0987 	EXP 	GA: autoDraw = False
96.0987 	EXP 	polygon_2: autoDraw = False
96.0987 	EXP 	text_4: autoDraw = False
96.0987 	EXP 	GA: autoDraw = False
96.0987 	EXP 	polygon_2: autoDraw = False
96.0987 	EXP 	text_4: autoDraw = False
96.1875 	EXP 	window1: mouseVisible = True
