4.5447 	WARNING 	Speech-to-text recognition module for PocketSphinx is not available (use command `pip install SpeechRecognition` to get it). Transcription will be unavailable using that service this session.
4.5452 	WARNING 	Speech-to-text recognition using Google online services is not available (use command `pip install google-api-core google-auth google-cloud google-cloud-speech googleapis-common-protos` to get it). Transcription will be unavailable using that service this session.
4.5464 	ERROR 	Support for the `sounddevice` audio backend is not available this session. Please install `psychopy-sounddevice` and restart the session to enable support.
29.4186 	WARNING 	User requested fullscreen with size [1536  864], but screen is actually [1920, 1200]. Using actual size
29.9874 	EXP 	Created window1 = Window(allowGUI=True, allowStencil=False, autoLog=True, backendConf=UNKNOWN, backgroundFit=<method-wrapper '__getattribute__' of attributeSetter object at 0x0000026FD172EE10>, backgroundImage=<method-wrapper '__getattribute__' of attributeSetter object at 0x0000026FD172EDD0>, bitsMode=UNKNOWN, blendMode='avg', bpc=(8, 8, 8), color=array([0, 0, 0]), colorSpace='rgb', depthBits=8, fullscr=<method-wrapper '__getattribute__' of attributeSetter object at 0x0000026FD16A0350>, gamma=None, gammaErrorPolicy='raise', lms=UNKNOWN, monitor=<psychopy.monitors.calibTools.Monitor object at 0x0000026FE4219190>, multiSample=False, name='window1', numSamples=2, pos=(0, 0), screen=0, size=array([1920, 1200]), stencilBits=0, stereo=False, units='height', useFBO=True, useRetina=False, viewOri=0.0, viewPos=None, viewScale=None, waitBlanking=True, winType='pyglet')
29.9874 	EXP 	window1: mouseVisible = True
29.9874 	EXP 	window1: backgroundImage = None
29.9875 	EXP 	window1: backgroundFit = 'cover'
29.9875 	EXP 	window1: mouseVisible = False
29.9876 	EXP 	window1: Attempting to measure frame rate of screen (0) ...
29.9876 	EXP 	window1: recordFrameIntervals = False
30.0479 	EXP 	window1: recordFrameIntervals = True
30.0854 	WARNING 	t of last frame was 7.53ms (=1/132)
30.1137 	EXP 	Screen (0) actual frame rate measured at 167.53Hz
30.1137 	EXP 	window1: recordFrameIntervals = False
33.1505 	EXP 	Created text_2 = TextStim(__class__=<class 'psychopy.visual.text.TextStim'>, alignHoriz=method-wrapper(...), alignText='center', alignVert=method-wrapper(...), anchorHoriz='center', anchorVert='center', antialias=True, autoDraw=False, autoLog=True, bold=False, color=array([1., 1., 1.]), colorSpace='rgb', contrast=1.0, depth=0.0, flipHoriz=False, flipVert=False, font='Open Sans', fontFiles=[], height=0.05, italic=False, languageStyle='LTR', name='text_2', opacity=1.0, ori=0.0, pos=array([0., 0.]), rgb=UNKNOWN, text='Press spacebar to start the experiment\n\n', units='height', win=Window(...), wrapWidth=1)
33.7701 	EXP 	Created GA = GratingStim(__class__=<class 'psychopy.visual.grating.GratingStim'>, anchor='center', autoDraw=False, autoLog=True, blendmode='avg', color=array([1., 1., 1.]), colorSpace='rgb', contrast=1.0, depth=-2.0, interpolate=True, mask='circle', maskParams=None, name='GA', opacity=1.0, ori=0.0, phase=array([0., 0.]), pos=array([0., 0.]), rgbPedestal=array([0., 0., 0.]), sf=array([1., 1.]), size=array([8.5]), tex='sqr', texRes=512.0, units='deg', win=Window(...))
33.7796 	EXP 	text_2: autoDraw = True
35.1449 	EXP 	Created sequence: random, trialTypes=1, nReps=20, seed=None
35.1456 	EXP 	New trial (rep=0, index=0): None
35.1461 	EXP 	Created sequence: random, trialTypes=1, nReps=1, seed=None
35.1462 	EXP 	New trial (rep=0, index=0): None
35.1793 	EXP 	window1: mouseVisible = True
