3.9280 	WARNING 	Speech-to-text recognition module for PocketSphinx is not available (use command `pip install SpeechRecognition` to get it). Transcription will be unavailable using that service this session.
3.9287 	WARNING 	Speech-to-text recognition using Google online services is not available (use command `pip install google-api-core google-auth google-cloud google-cloud-speech googleapis-common-protos` to get it). Transcription will be unavailable using that service this session.
3.9300 	ERROR 	Support for the `sounddevice` audio backend is not available this session. Please install `psychopy-sounddevice` and restart the session to enable support.
27.0551 	WARNING 	User requested fullscreen with size [1536  864], but screen is actually [1920, 1080]. Using actual size
27.6244 	EXP 	Created window1 = Window(allowGUI=True, allowStencil=False, autoLog=True, backendConf=UNKNOWN, backgroundFit=<method-wrapper '__getattribute__' of attributeSetter object at 0x0000026B436C8710>, backgroundImage=<method-wrapper '__getattribute__' of attributeSetter object at 0x0000026B436C8590>, bitsMode=UNKNOWN, blendMode='avg', bpc=(8, 8, 8), color=array([0, 0, 0]), colorSpace='rgb', depthBits=8, fullscr=<method-wrapper '__getattribute__' of attributeSetter object at 0x0000026B4265A110>, gamma=None, gammaErrorPolicy='raise', lms=UNKNOWN, monitor=<psychopy.monitors.calibTools.Monitor object at 0x0000026B51548DD0>, multiSample=False, name='window1', numSamples=2, pos=(0, 0), screen=0, size=array([1920, 1080]), stencilBits=0, stereo=False, units='height', useFBO=True, useRetina=False, viewOri=0.0, viewPos=None, viewScale=None, waitBlanking=True, winType='pyglet')
27.6246 	EXP 	window1: mouseVisible = True
27.6246 	EXP 	window1: backgroundImage = None
27.6247 	EXP 	window1: backgroundFit = 'cover'
27.6248 	EXP 	window1: mouseVisible = False
27.6249 	EXP 	window1: Attempting to measure frame rate of screen (0) ...
27.6249 	EXP 	window1: recordFrameIntervals = False
27.7903 	EXP 	window1: recordFrameIntervals = True
27.9738 	EXP 	Screen (0) actual frame rate measured at 60.07Hz
27.9739 	EXP 	window1: recordFrameIntervals = False
31.1556 	EXP 	Created text_2 = TextStim(__class__=<class 'psychopy.visual.text.TextStim'>, alignHoriz=method-wrapper(...), alignText='center', alignVert=method-wrapper(...), anchorHoriz='center', anchorVert='center', antialias=True, autoDraw=False, autoLog=True, bold=False, color=array([1., 1., 1.]), colorSpace='rgb', contrast=1.0, depth=0.0, flipHoriz=False, flipVert=False, font='Open Sans', fontFiles=[], height=0.05, italic=False, languageStyle='LTR', name='text_2', opacity=1.0, ori=0.0, pos=array([0., 0.]), rgb=UNKNOWN, text='Press spacebar to start the experiment\n\n', units='height', win=Window(...), wrapWidth=1)
31.1990 	EXP 	Created GA = GratingStim(__class__=<class 'psychopy.visual.grating.GratingStim'>, anchor='center', autoDraw=False, autoLog=True, blendmode='avg', color=array([1., 1., 1.]), colorSpace='rgb', contrast=1.0, depth=-2.0, interpolate=True, mask='circle', maskParams=None, name='GA', opacity=1.0, ori=0.0, phase=array([0., 0.]), pos=array([0., 0.]), rgbPedestal=array([0., 0., 0.]), sf=array([1., 1.]), size=array([8.5]), tex='sqr', texRes=512.0, units='deg', win=Window(...))
31.2028 	EXP 	Created polygon = ShapeStim(__class__=<class 'psychopy.visual.shape.ShapeStim'>, anchor=('center', 'center'), autoDraw=False, autoLog=True, closeShape=True, color=method-wrapper(...), colorSpace='rgb', contrast=None, depth=-3.0, fillColor=array([0., 0., 0.]), fillColorSpace='rgb', fillRGB=array([0., 0., 0.]), interpolate=True, lineColor=array([0., 0., 0.]), lineColorSpace='rgb', lineRGB=array([0., 0., 0.]), lineWidth=1.0, name='polygon', opacity=1.0, ori=0.0, pos=array([0., 0.]), size=array([0.05, 0.05]), units='height', vertices=ndarray(...), win=Window(...), windingRule=None)
31.2039 	EXP 	Created text_3 = TextStim(__class__=<class 'psychopy.visual.text.TextStim'>, alignHoriz=method-wrapper(...), alignText='center', alignVert=method-wrapper(...), anchorHoriz='center', anchorVert='center', antialias=True, autoDraw=False, autoLog=True, bold=False, color=array([1., 1., 1.]), colorSpace='rgb', contrast=1.0, depth=-4.0, flipHoriz=False, flipVert=False, font='Open Sans', fontFiles=[], height=0.05, italic=False, languageStyle='LTR', name='text_3', opacity=1.0, ori=0.0, pos=array([0.   , 0.125]), rgb=UNKNOWN, text='', units='height', win=Window(...), wrapWidth=1)
31.2062 	EXP 	Created polygon_2 = ShapeStim(__class__=<class 'psychopy.visual.shape.ShapeStim'>, anchor=('center', 'center'), autoDraw=False, autoLog=True, closeShape=True, color=method-wrapper(...), colorSpace='rgb', contrast=None, depth=-2.0, fillColor=array([0., 0., 0.]), fillColorSpace='rgb', fillRGB=array([0., 0., 0.]), interpolate=True, lineColor=array([0., 0., 0.]), lineColorSpace='rgb', lineRGB=array([0., 0., 0.]), lineWidth=1.0, name='polygon_2', opacity=1.0, ori=0.0, pos=array([0., 0.]), size=array([0.05, 0.05]), units='height', vertices=ndarray(...), win=Window(...), windingRule=None)
31.2073 	EXP 	Created text_4 = TextStim(__class__=<class 'psychopy.visual.text.TextStim'>, alignHoriz=method-wrapper(...), alignText='center', alignVert=method-wrapper(...), anchorHoriz='center', anchorVert='center', antialias=True, autoDraw=False, autoLog=True, bold=False, color=array([1., 1., 1.]), colorSpace='rgb', contrast=1.0, depth=-3.0, flipHoriz=False, flipVert=False, font='Open Sans', fontFiles=[], height=0.05, italic=False, languageStyle='LTR', name='text_4', opacity=1.0, ori=0.0, pos=array([0.   , 0.125]), rgb=UNKNOWN, text='', units='height', win=Window(...), wrapWidth=1)
31.2095 	EXP 	Created polygon_3 = ShapeStim(__class__=<class 'psychopy.visual.shape.ShapeStim'>, anchor=('center', 'center'), autoDraw=False, autoLog=True, closeShape=True, color=method-wrapper(...), colorSpace='rgb', contrast=None, depth=0.0, fillColor=array([0., 0., 0.]), fillColorSpace='rgb', fillRGB=array([0., 0., 0.]), interpolate=True, lineColor=array([0., 0., 0.]), lineColorSpace='rgb', lineRGB=array([0., 0., 0.]), lineWidth=1.0, name='polygon_3', opacity=1.0, ori=0.0, pos=array([0., 0.]), size=array([0.05, 0.05]), units='height', vertices=ndarray(...), win=Window(...), windingRule=None)
31.2127 	EXP 	text_2: autoDraw = True
32.5430 	EXP 	Created sequence: random, trialTypes=1, nReps=20, seed=None
32.5434 	EXP 	New trial (rep=0, index=0): None
32.5443 	EXP 	Created sequence: random, trialTypes=1, nReps=1, seed=None
32.5445 	EXP 	New trial (rep=0, index=0): None
32.6227 	DATA 	Keypress: space
32.6252 	EXP 	text_2: autoDraw = False
32.6252 	EXP 	GA: sf = array([0.5, 0.5])
32.6252 	EXP 	GA: phase = array([0., 0.])
32.6252 	EXP 	text_3: height = 0.05
32.6252 	EXP 	text_3: height = 0.05
32.6252 	EXP 	text_3: height = 0.05
32.6252 	EXP 	text_3: text = 'Spatial frequency: 0.500\nContrast: 0.376'
32.6252 	EXP 	text_4: height = 0.05
32.6252 	EXP 	text_4: height = 0.05
32.6252 	EXP 	text_4: height = 0.05
32.6252 	EXP 	text_4: text = 'Spatial frequency: 0.500\nContrast: 0.376'
32.6252 	EXP 	GA: autoDraw = True
32.6252 	EXP 	polygon_2: autoDraw = True
32.6252 	EXP 	text_4: autoDraw = True
32.6252 	EXP 	GA: tex = 'sqr'
35.6257 	EXP 	New trial (rep=1, index=0): None
35.6270 	EXP 	Created sequence: random, trialTypes=1, nReps=1, seed=None
35.6273 	EXP 	New trial (rep=0, index=0): None
35.6624 	EXP 	GA: autoDraw = False
35.6624 	EXP 	polygon_2: autoDraw = False
35.6624 	EXP 	text_4: autoDraw = False
35.6624 	EXP 	GA: autoDraw = False
35.6624 	EXP 	polygon_2: autoDraw = False
35.6624 	EXP 	text_4: autoDraw = False
35.6624 	EXP 	GA: sf = array([0.5, 0.5])
35.6624 	EXP 	GA: phase = array([0., 0.])
35.6624 	EXP 	text_3: height = 0.05
35.6624 	EXP 	text_3: height = 0.05
35.6624 	EXP 	text_3: height = 0.05
35.6624 	EXP 	text_3: text = 'Spatial frequency: 0.500\nContrast: 0.053'
35.6624 	EXP 	text_4: height = 0.05
35.6624 	EXP 	text_4: height = 0.05
35.6624 	EXP 	text_4: height = 0.05
35.6624 	EXP 	text_4: text = 'Spatial frequency: 0.500\nContrast: 0.053'
35.6624 	EXP 	GA: autoDraw = True
35.6624 	EXP 	polygon_2: autoDraw = True
35.6624 	EXP 	text_4: autoDraw = True
35.6624 	EXP 	GA: tex = 'sqr'
38.6589 	EXP 	New trial (rep=2, index=0): None
38.6602 	EXP 	Created sequence: random, trialTypes=1, nReps=1, seed=None
38.6604 	EXP 	New trial (rep=0, index=0): None
38.6969 	EXP 	GA: autoDraw = False
38.6969 	EXP 	polygon_2: autoDraw = False
38.6969 	EXP 	text_4: autoDraw = False
38.6969 	EXP 	GA: autoDraw = False
38.6969 	EXP 	polygon_2: autoDraw = False
38.6969 	EXP 	text_4: autoDraw = False
38.6969 	EXP 	GA: sf = array([0.5, 0.5])
38.6969 	EXP 	GA: phase = array([0., 0.])
38.6969 	EXP 	text_3: height = 0.05
38.6969 	EXP 	text_3: height = 0.05
38.6969 	EXP 	text_3: height = 0.05
38.6969 	EXP 	text_3: text = 'Spatial frequency: 0.500\nContrast: 1.000'
38.6969 	EXP 	text_4: height = 0.05
38.6969 	EXP 	text_4: height = 0.05
38.6969 	EXP 	text_4: height = 0.05
38.6969 	EXP 	text_4: text = 'Spatial frequency: 0.500\nContrast: 1.000'
38.6969 	EXP 	GA: autoDraw = True
38.6969 	EXP 	polygon_2: autoDraw = True
38.6969 	EXP 	text_4: autoDraw = True
38.6969 	EXP 	GA: tex = 'sqr'
41.6922 	EXP 	New trial (rep=3, index=0): None
41.6934 	EXP 	Created sequence: random, trialTypes=1, nReps=1, seed=None
41.6936 	EXP 	New trial (rep=0, index=0): None
41.7306 	EXP 	GA: autoDraw = False
41.7306 	EXP 	polygon_2: autoDraw = False
41.7306 	EXP 	text_4: autoDraw = False
41.7306 	EXP 	GA: autoDraw = False
41.7306 	EXP 	polygon_2: autoDraw = False
41.7306 	EXP 	text_4: autoDraw = False
41.7306 	EXP 	GA: sf = array([0.5, 0.5])
41.7306 	EXP 	GA: phase = array([0., 0.])
41.7306 	EXP 	text_3: height = 0.05
41.7306 	EXP 	text_3: height = 0.05
41.7306 	EXP 	text_3: height = 0.05
41.7306 	EXP 	text_3: text = 'Spatial frequency: 0.500\nContrast: 0.141'
41.7306 	EXP 	text_4: height = 0.05
41.7306 	EXP 	text_4: height = 0.05
41.7306 	EXP 	text_4: height = 0.05
41.7306 	EXP 	text_4: text = 'Spatial frequency: 0.500\nContrast: 0.141'
41.7306 	EXP 	GA: autoDraw = True
41.7306 	EXP 	polygon_2: autoDraw = True
41.7306 	EXP 	text_4: autoDraw = True
41.7306 	EXP 	GA: tex = 'sqr'
44.7255 	EXP 	New trial (rep=4, index=0): None
44.7269 	EXP 	Created sequence: random, trialTypes=1, nReps=1, seed=None
44.7271 	EXP 	New trial (rep=0, index=0): None
44.7548 	EXP 	GA: autoDraw = False
44.7548 	EXP 	polygon_2: autoDraw = False
44.7548 	EXP 	text_4: autoDraw = False
44.7548 	EXP 	GA: autoDraw = False
44.7548 	EXP 	polygon_2: autoDraw = False
44.7548 	EXP 	text_4: autoDraw = False
44.7548 	EXP 	GA: sf = array([0.5, 0.5])
44.7548 	EXP 	GA: phase = array([0., 0.])
44.7548 	EXP 	text_3: text = 'Spatial frequency: 0.500\nContrast: 0.141'
44.7548 	EXP 	text_4: text = 'Spatial frequency: 0.500\nContrast: 0.141'
44.7548 	EXP 	GA: autoDraw = True
44.7548 	EXP 	polygon_2: autoDraw = True
44.7548 	EXP 	text_4: autoDraw = True
44.7548 	EXP 	GA: tex = 'sqr'
47.7417 	EXP 	New trial (rep=5, index=0): None
47.7430 	EXP 	Created sequence: random, trialTypes=1, nReps=1, seed=None
47.7432 	EXP 	New trial (rep=0, index=0): None
47.7805 	EXP 	GA: autoDraw = False
47.7805 	EXP 	polygon_2: autoDraw = False
47.7805 	EXP 	text_4: autoDraw = False
47.7805 	EXP 	GA: autoDraw = False
47.7805 	EXP 	polygon_2: autoDraw = False
47.7805 	EXP 	text_4: autoDraw = False
47.7805 	EXP 	GA: sf = array([0.5, 0.5])
47.7805 	EXP 	GA: phase = array([0., 0.])
47.7805 	EXP 	text_3: height = 0.05
47.7805 	EXP 	text_3: height = 0.05
47.7805 	EXP 	text_3: height = 0.05
47.7805 	EXP 	text_3: text = 'Spatial frequency: 0.500\nContrast: 1.000'
47.7805 	EXP 	text_4: height = 0.05
47.7805 	EXP 	text_4: height = 0.05
47.7805 	EXP 	text_4: height = 0.05
47.7805 	EXP 	text_4: text = 'Spatial frequency: 0.500\nContrast: 1.000'
47.7805 	EXP 	GA: autoDraw = True
47.7805 	EXP 	polygon_2: autoDraw = True
47.7805 	EXP 	text_4: autoDraw = True
47.7805 	EXP 	GA: tex = 'sqr'
50.7751 	EXP 	New trial (rep=6, index=0): None
50.7763 	EXP 	Created sequence: random, trialTypes=1, nReps=1, seed=None
50.7766 	EXP 	New trial (rep=0, index=0): None
50.8140 	EXP 	GA: autoDraw = False
50.8140 	EXP 	polygon_2: autoDraw = False
50.8140 	EXP 	text_4: autoDraw = False
50.8140 	EXP 	GA: autoDraw = False
50.8140 	EXP 	polygon_2: autoDraw = False
50.8140 	EXP 	text_4: autoDraw = False
50.8140 	EXP 	GA: sf = array([0.5, 0.5])
50.8140 	EXP 	GA: phase = array([0., 0.])
50.8140 	EXP 	text_3: height = 0.05
50.8140 	EXP 	text_3: height = 0.05
50.8140 	EXP 	text_3: height = 0.05
50.8140 	EXP 	text_3: text = 'Spatial frequency: 0.500\nContrast: 0.020'
50.8140 	EXP 	text_4: height = 0.05
50.8140 	EXP 	text_4: height = 0.05
50.8140 	EXP 	text_4: height = 0.05
50.8140 	EXP 	text_4: text = 'Spatial frequency: 0.500\nContrast: 0.020'
50.8140 	EXP 	GA: autoDraw = True
50.8140 	EXP 	polygon_2: autoDraw = True
50.8140 	EXP 	text_4: autoDraw = True
50.8140 	EXP 	GA: tex = 'sqr'
53.8084 	EXP 	New trial (rep=7, index=0): None
53.8097 	EXP 	Created sequence: random, trialTypes=1, nReps=1, seed=None
53.8099 	EXP 	New trial (rep=0, index=0): None
53.8455 	EXP 	GA: autoDraw = False
53.8455 	EXP 	polygon_2: autoDraw = False
53.8455 	EXP 	text_4: autoDraw = False
53.8455 	EXP 	GA: autoDraw = False
53.8455 	EXP 	polygon_2: autoDraw = False
53.8455 	EXP 	text_4: autoDraw = False
53.8455 	EXP 	GA: sf = array([0.5, 0.5])
53.8455 	EXP 	GA: phase = array([0., 0.])
53.8455 	EXP 	text_3: height = 0.05
53.8455 	EXP 	text_3: height = 0.05
53.8455 	EXP 	text_3: height = 0.05
53.8455 	EXP 	text_3: text = 'Spatial frequency: 0.500\nContrast: 1.000'
53.8455 	EXP 	text_4: height = 0.05
53.8455 	EXP 	text_4: height = 0.05
53.8455 	EXP 	text_4: height = 0.05
53.8455 	EXP 	text_4: text = 'Spatial frequency: 0.500\nContrast: 1.000'
53.8455 	EXP 	GA: autoDraw = True
53.8455 	EXP 	polygon_2: autoDraw = True
53.8455 	EXP 	text_4: autoDraw = True
53.8455 	EXP 	GA: tex = 'sqr'
56.8416 	EXP 	New trial (rep=8, index=0): None
56.8429 	EXP 	Created sequence: random, trialTypes=1, nReps=1, seed=None
56.8432 	EXP 	New trial (rep=0, index=0): None
56.8801 	EXP 	GA: autoDraw = False
56.8801 	EXP 	polygon_2: autoDraw = False
56.8801 	EXP 	text_4: autoDraw = False
56.8801 	EXP 	GA: autoDraw = False
56.8801 	EXP 	polygon_2: autoDraw = False
56.8801 	EXP 	text_4: autoDraw = False
56.8801 	EXP 	GA: sf = array([0.5, 0.5])
56.8801 	EXP 	GA: phase = array([0., 0.])
56.8801 	EXP 	text_3: height = 0.05
56.8801 	EXP 	text_3: height = 0.05
56.8801 	EXP 	text_3: height = 0.05
56.8801 	EXP 	text_3: text = 'Spatial frequency: 0.500\nContrast: 0.376'
56.8801 	EXP 	text_4: height = 0.05
56.8801 	EXP 	text_4: height = 0.05
56.8801 	EXP 	text_4: height = 0.05
56.8801 	EXP 	text_4: text = 'Spatial frequency: 0.500\nContrast: 0.376'
56.8801 	EXP 	GA: autoDraw = True
56.8801 	EXP 	polygon_2: autoDraw = True
56.8801 	EXP 	text_4: autoDraw = True
56.8801 	EXP 	GA: tex = 'sqr'
59.8752 	EXP 	New trial (rep=9, index=0): None
59.8766 	EXP 	Created sequence: random, trialTypes=1, nReps=1, seed=None
59.8769 	EXP 	New trial (rep=0, index=0): None
59.9033 	EXP 	GA: autoDraw = False
59.9033 	EXP 	polygon_2: autoDraw = False
59.9033 	EXP 	text_4: autoDraw = False
59.9033 	EXP 	GA: autoDraw = False
59.9033 	EXP 	polygon_2: autoDraw = False
59.9033 	EXP 	text_4: autoDraw = False
59.9033 	EXP 	GA: sf = array([0.5, 0.5])
59.9033 	EXP 	GA: phase = array([0., 0.])
59.9033 	EXP 	text_3: text = 'Spatial frequency: 0.500\nContrast: 0.376'
59.9033 	EXP 	text_4: text = 'Spatial frequency: 0.500\nContrast: 0.376'
59.9033 	EXP 	GA: autoDraw = True
59.9033 	EXP 	polygon_2: autoDraw = True
59.9033 	EXP 	text_4: autoDraw = True
59.9033 	EXP 	GA: tex = 'sqr'
62.8914 	EXP 	New trial (rep=10, index=0): None
62.8927 	EXP 	Created sequence: random, trialTypes=1, nReps=1, seed=None
62.8929 	EXP 	New trial (rep=0, index=0): None
62.9277 	EXP 	GA: autoDraw = False
62.9277 	EXP 	polygon_2: autoDraw = False
62.9277 	EXP 	text_4: autoDraw = False
62.9277 	EXP 	GA: autoDraw = False
62.9277 	EXP 	polygon_2: autoDraw = False
62.9277 	EXP 	text_4: autoDraw = False
62.9277 	EXP 	GA: sf = array([0.5, 0.5])
62.9277 	EXP 	GA: phase = array([0., 0.])
62.9277 	EXP 	text_3: height = 0.05
62.9277 	EXP 	text_3: height = 0.05
62.9277 	EXP 	text_3: height = 0.05
62.9277 	EXP 	text_3: text = 'Spatial frequency: 0.500\nContrast: 0.020'
62.9277 	EXP 	text_4: height = 0.05
62.9277 	EXP 	text_4: height = 0.05
62.9277 	EXP 	text_4: height = 0.05
62.9277 	EXP 	text_4: text = 'Spatial frequency: 0.500\nContrast: 0.020'
62.9277 	EXP 	GA: autoDraw = True
62.9277 	EXP 	polygon_2: autoDraw = True
62.9277 	EXP 	text_4: autoDraw = True
62.9277 	EXP 	GA: tex = 'sqr'
65.9250 	EXP 	New trial (rep=11, index=0): None
65.9264 	EXP 	Created sequence: random, trialTypes=1, nReps=1, seed=None
65.9266 	EXP 	New trial (rep=0, index=0): None
65.9535 	EXP 	GA: autoDraw = False
65.9535 	EXP 	polygon_2: autoDraw = False
65.9535 	EXP 	text_4: autoDraw = False
65.9535 	EXP 	GA: autoDraw = False
65.9535 	EXP 	polygon_2: autoDraw = False
65.9535 	EXP 	text_4: autoDraw = False
65.9535 	EXP 	GA: sf = array([0.5, 0.5])
65.9535 	EXP 	GA: phase = array([0., 0.])
65.9535 	EXP 	text_3: text = 'Spatial frequency: 0.500\nContrast: 0.020'
65.9535 	EXP 	text_4: text = 'Spatial frequency: 0.500\nContrast: 0.020'
65.9535 	EXP 	GA: autoDraw = True
65.9535 	EXP 	polygon_2: autoDraw = True
65.9535 	EXP 	text_4: autoDraw = True
65.9535 	EXP 	GA: tex = 'sqr'
68.9411 	EXP 	New trial (rep=12, index=0): None
68.9424 	EXP 	Created sequence: random, trialTypes=1, nReps=1, seed=None
68.9426 	EXP 	New trial (rep=0, index=0): None
68.9802 	EXP 	GA: autoDraw = False
68.9802 	EXP 	polygon_2: autoDraw = False
68.9802 	EXP 	text_4: autoDraw = False
68.9802 	EXP 	GA: autoDraw = False
68.9802 	EXP 	polygon_2: autoDraw = False
68.9802 	EXP 	text_4: autoDraw = False
68.9802 	EXP 	GA: sf = array([0.5, 0.5])
68.9802 	EXP 	GA: phase = array([0., 0.])
68.9802 	EXP 	text_3: height = 0.05
68.9802 	EXP 	text_3: height = 0.05
68.9802 	EXP 	text_3: height = 0.05
68.9802 	EXP 	text_3: text = 'Spatial frequency: 0.500\nContrast: 0.141'
68.9802 	EXP 	text_4: height = 0.05
68.9802 	EXP 	text_4: height = 0.05
68.9802 	EXP 	text_4: height = 0.05
68.9802 	EXP 	text_4: text = 'Spatial frequency: 0.500\nContrast: 0.141'
68.9802 	EXP 	GA: autoDraw = True
68.9802 	EXP 	polygon_2: autoDraw = True
68.9802 	EXP 	text_4: autoDraw = True
68.9802 	EXP 	GA: tex = 'sqr'
71.9748 	EXP 	New trial (rep=13, index=0): None
71.9761 	EXP 	Created sequence: random, trialTypes=1, nReps=1, seed=None
71.9763 	EXP 	New trial (rep=0, index=0): None
72.0119 	EXP 	GA: autoDraw = False
72.0119 	EXP 	polygon_2: autoDraw = False
72.0119 	EXP 	text_4: autoDraw = False
72.0119 	EXP 	GA: autoDraw = False
72.0119 	EXP 	polygon_2: autoDraw = False
72.0119 	EXP 	text_4: autoDraw = False
72.0119 	EXP 	GA: sf = array([0.5, 0.5])
72.0119 	EXP 	GA: phase = array([0., 0.])
72.0119 	EXP 	text_3: height = 0.05
72.0119 	EXP 	text_3: height = 0.05
72.0119 	EXP 	text_3: height = 0.05
72.0119 	EXP 	text_3: text = 'Spatial frequency: 0.500\nContrast: 0.053'
72.0119 	EXP 	text_4: height = 0.05
72.0119 	EXP 	text_4: height = 0.05
72.0119 	EXP 	text_4: height = 0.05
72.0119 	EXP 	text_4: text = 'Spatial frequency: 0.500\nContrast: 0.053'
72.0119 	EXP 	GA: autoDraw = True
72.0119 	EXP 	polygon_2: autoDraw = True
72.0119 	EXP 	text_4: autoDraw = True
72.0119 	EXP 	GA: tex = 'sqr'
75.0079 	EXP 	New trial (rep=14, index=0): None
75.0091 	EXP 	Created sequence: random, trialTypes=1, nReps=1, seed=None
75.0094 	EXP 	New trial (rep=0, index=0): None
75.0462 	EXP 	GA: autoDraw = False
75.0462 	EXP 	polygon_2: autoDraw = False
75.0462 	EXP 	text_4: autoDraw = False
75.0462 	EXP 	GA: autoDraw = False
75.0462 	EXP 	polygon_2: autoDraw = False
75.0462 	EXP 	text_4: autoDraw = False
75.0462 	EXP 	GA: sf = array([0.5, 0.5])
75.0462 	EXP 	GA: phase = array([0., 0.])
75.0462 	EXP 	text_3: height = 0.05
75.0462 	EXP 	text_3: height = 0.05
75.0462 	EXP 	text_3: height = 0.05
75.0462 	EXP 	text_3: text = 'Spatial frequency: 0.500\nContrast: 1.000'
75.0462 	EXP 	text_4: height = 0.05
75.0462 	EXP 	text_4: height = 0.05
75.0462 	EXP 	text_4: height = 0.05
75.0462 	EXP 	text_4: text = 'Spatial frequency: 0.500\nContrast: 1.000'
75.0462 	EXP 	GA: autoDraw = True
75.0462 	EXP 	polygon_2: autoDraw = True
75.0462 	EXP 	text_4: autoDraw = True
75.0462 	EXP 	GA: tex = 'sqr'
78.0409 	EXP 	New trial (rep=15, index=0): None
78.0422 	EXP 	Created sequence: random, trialTypes=1, nReps=1, seed=None
78.0424 	EXP 	New trial (rep=0, index=0): None
78.0787 	EXP 	GA: autoDraw = False
78.0787 	EXP 	polygon_2: autoDraw = False
78.0787 	EXP 	text_4: autoDraw = False
78.0787 	EXP 	GA: autoDraw = False
78.0787 	EXP 	polygon_2: autoDraw = False
78.0787 	EXP 	text_4: autoDraw = False
78.0787 	EXP 	GA: sf = array([0.5, 0.5])
78.0787 	EXP 	GA: phase = array([0., 0.])
78.0787 	EXP 	text_3: height = 0.05
78.0787 	EXP 	text_3: height = 0.05
78.0787 	EXP 	text_3: height = 0.05
78.0787 	EXP 	text_3: text = 'Spatial frequency: 0.500\nContrast: 0.141'
78.0787 	EXP 	text_4: height = 0.05
78.0787 	EXP 	text_4: height = 0.05
78.0787 	EXP 	text_4: height = 0.05
78.0787 	EXP 	text_4: text = 'Spatial frequency: 0.500\nContrast: 0.141'
78.0787 	EXP 	GA: autoDraw = True
78.0787 	EXP 	polygon_2: autoDraw = True
78.0787 	EXP 	text_4: autoDraw = True
78.0787 	EXP 	GA: tex = 'sqr'
81.0743 	EXP 	New trial (rep=16, index=0): None
81.0757 	EXP 	Created sequence: random, trialTypes=1, nReps=1, seed=None
81.0759 	EXP 	New trial (rep=0, index=0): None
81.1121 	EXP 	GA: autoDraw = False
81.1121 	EXP 	polygon_2: autoDraw = False
81.1121 	EXP 	text_4: autoDraw = False
81.1121 	EXP 	GA: autoDraw = False
81.1121 	EXP 	polygon_2: autoDraw = False
81.1121 	EXP 	text_4: autoDraw = False
81.1121 	EXP 	GA: sf = array([0.5, 0.5])
81.1121 	EXP 	GA: phase = array([0., 0.])
81.1121 	EXP 	text_3: height = 0.05
81.1121 	EXP 	text_3: height = 0.05
81.1121 	EXP 	text_3: height = 0.05
81.1121 	EXP 	text_3: text = 'Spatial frequency: 0.500\nContrast: 0.020'
81.1121 	EXP 	text_4: height = 0.05
81.1121 	EXP 	text_4: height = 0.05
81.1121 	EXP 	text_4: height = 0.05
81.1121 	EXP 	text_4: text = 'Spatial frequency: 0.500\nContrast: 0.020'
81.1121 	EXP 	GA: autoDraw = True
81.1121 	EXP 	polygon_2: autoDraw = True
81.1121 	EXP 	text_4: autoDraw = True
81.1121 	EXP 	GA: tex = 'sqr'
84.1078 	EXP 	New trial (rep=17, index=0): None
84.1091 	EXP 	Created sequence: random, trialTypes=1, nReps=1, seed=None
84.1094 	EXP 	New trial (rep=0, index=0): None
84.1458 	EXP 	GA: autoDraw = False
84.1458 	EXP 	polygon_2: autoDraw = False
84.1458 	EXP 	text_4: autoDraw = False
84.1458 	EXP 	GA: autoDraw = False
84.1458 	EXP 	polygon_2: autoDraw = False
84.1458 	EXP 	text_4: autoDraw = False
84.1458 	EXP 	GA: sf = array([0.5, 0.5])
84.1458 	EXP 	GA: phase = array([0., 0.])
84.1458 	EXP 	text_3: height = 0.05
84.1458 	EXP 	text_3: height = 0.05
84.1458 	EXP 	text_3: height = 0.05
84.1458 	EXP 	text_3: text = 'Spatial frequency: 0.500\nContrast: 0.053'
84.1458 	EXP 	text_4: height = 0.05
84.1458 	EXP 	text_4: height = 0.05
84.1458 	EXP 	text_4: height = 0.05
84.1458 	EXP 	text_4: text = 'Spatial frequency: 0.500\nContrast: 0.053'
84.1458 	EXP 	GA: autoDraw = True
84.1458 	EXP 	polygon_2: autoDraw = True
84.1458 	EXP 	text_4: autoDraw = True
84.1458 	EXP 	GA: tex = 'sqr'
87.1402 	EXP 	New trial (rep=18, index=0): None
87.1415 	EXP 	Created sequence: random, trialTypes=1, nReps=1, seed=None
87.1417 	EXP 	New trial (rep=0, index=0): None
87.1694 	EXP 	GA: autoDraw = False
87.1694 	EXP 	polygon_2: autoDraw = False
87.1694 	EXP 	text_4: autoDraw = False
87.1694 	EXP 	GA: autoDraw = False
87.1694 	EXP 	polygon_2: autoDraw = False
87.1694 	EXP 	text_4: autoDraw = False
87.1694 	EXP 	GA: sf = array([0.5, 0.5])
87.1694 	EXP 	GA: phase = array([0., 0.])
87.1694 	EXP 	text_3: text = 'Spatial frequency: 0.500\nContrast: 0.053'
87.1694 	EXP 	text_4: text = 'Spatial frequency: 0.500\nContrast: 0.053'
87.1694 	EXP 	GA: autoDraw = True
87.1694 	EXP 	polygon_2: autoDraw = True
87.1694 	EXP 	text_4: autoDraw = True
87.1694 	EXP 	GA: tex = 'sqr'
90.1576 	EXP 	New trial (rep=19, index=0): None
90.1589 	EXP 	Created sequence: random, trialTypes=1, nReps=1, seed=None
90.1592 	EXP 	New trial (rep=0, index=0): None
90.1953 	EXP 	GA: autoDraw = False
90.1953 	EXP 	polygon_2: autoDraw = False
90.1953 	EXP 	text_4: autoDraw = False
90.1953 	EXP 	GA: autoDraw = False
90.1953 	EXP 	polygon_2: autoDraw = False
90.1953 	EXP 	text_4: autoDraw = False
90.1953 	EXP 	GA: sf = array([0.5, 0.5])
90.1953 	EXP 	GA: phase = array([0., 0.])
90.1953 	EXP 	text_3: height = 0.05
90.1953 	EXP 	text_3: height = 0.05
90.1953 	EXP 	text_3: height = 0.05
90.1953 	EXP 	text_3: text = 'Spatial frequency: 0.500\nContrast: 0.376'
90.1953 	EXP 	text_4: height = 0.05
90.1953 	EXP 	text_4: height = 0.05
90.1953 	EXP 	text_4: height = 0.05
90.1953 	EXP 	text_4: text = 'Spatial frequency: 0.500\nContrast: 0.376'
90.1953 	EXP 	GA: autoDraw = True
90.1953 	EXP 	polygon_2: autoDraw = True
90.1953 	EXP 	text_4: autoDraw = True
90.1953 	EXP 	GA: tex = 'sqr'
93.2049 	EXP 	GA: autoDraw = False
93.2049 	EXP 	polygon_2: autoDraw = False
93.2049 	EXP 	text_4: autoDraw = False
93.2049 	EXP 	GA: autoDraw = False
93.2049 	EXP 	polygon_2: autoDraw = False
93.2049 	EXP 	text_4: autoDraw = False
93.2888 	EXP 	window1: mouseVisible = True
