4.3428 	WARNING 	Speech-to-text recognition module for PocketSphinx is not available (use command `pip install SpeechRecognition` to get it). Transcription will be unavailable using that service this session.
4.3435 	WARNING 	Speech-to-text recognition using Google online services is not available (use command `pip install google-api-core google-auth google-cloud google-cloud-speech googleapis-common-protos` to get it). Transcription will be unavailable using that service this session.
4.3451 	ERROR 	Support for the `sounddevice` audio backend is not available this session. Please install `psychopy-sounddevice` and restart the session to enable support.
28.9911 	WARNING 	User requested fullscreen with size [1536  864], but screen is actually [1920, 1080]. Using actual size
29.5803 	EXP 	Created window1 = Window(allowGUI=True, allowStencil=False, autoLog=True, backendConf=UNKNOWN, backgroundFit=<method-wrapper '__getattribute__' of attributeSetter object at 0x000001A14DA53FD0>, backgroundImage=<method-wrapper '__getattribute__' of attributeSetter object at 0x000001A14DA539D0>, bitsMode=UNKNOWN, blendMode='avg', bpc=(8, 8, 8), color=array([0, 0, 0]), colorSpace='rgb', depthBits=8, fullscr=<method-wrapper '__getattribute__' of attributeSetter object at 0x000001A14D738E90>, gamma=None, gammaErrorPolicy='raise', lms=UNKNOWN, monitor=<psychopy.monitors.calibTools.Monitor object at 0x000001A15C86CB50>, multiSample=False, name='window1', numSamples=2, pos=(0, 0), screen=0, size=array([1920, 1080]), stencilBits=0, stereo=False, units='height', useFBO=True, useRetina=False, viewOri=0.0, viewPos=None, viewScale=None, waitBlanking=True, winType='pyglet')
29.5806 	EXP 	window1: mouseVisible = True
29.5806 	EXP 	window1: backgroundImage = None
29.5806 	EXP 	window1: backgroundFit = 'cover'
29.5808 	EXP 	window1: mouseVisible = False
29.5808 	EXP 	window1: Attempting to measure frame rate of screen (0) ...
29.5808 	EXP 	window1: recordFrameIntervals = False
29.7462 	EXP 	window1: recordFrameIntervals = True
29.9299 	EXP 	Screen (0) actual frame rate measured at 59.95Hz
29.9300 	EXP 	window1: recordFrameIntervals = False
33.1129 	EXP 	Created text_2 = TextStim(__class__=<class 'psychopy.visual.text.TextStim'>, alignHoriz=method-wrapper(...), alignText='center', alignVert=method-wrapper(...), anchorHoriz='center', anchorVert='center', antialias=True, autoDraw=False, autoLog=True, bold=False, color=array([1., 1., 1.]), colorSpace='rgb', contrast=1.0, depth=0.0, flipHoriz=False, flipVert=False, font='Open Sans', fontFiles=[], height=0.05, italic=False, languageStyle='LTR', name='text_2', opacity=1.0, ori=0.0, pos=array([0., 0.]), rgb=UNKNOWN, text='Press spacebar to start the experiment\n\n', units='height', win=Window(...), wrapWidth=1)
33.1599 	EXP 	Created GA = GratingStim(__class__=<class 'psychopy.visual.grating.GratingStim'>, anchor='center', autoDraw=False, autoLog=True, blendmode='avg', color=array([1., 1., 1.]), colorSpace='rgb', contrast=1.0, depth=-2.0, interpolate=True, mask='circle', maskParams=None, name='GA', opacity=1.0, ori=0.0, phase=array([0., 0.]), pos=array([0., 0.]), rgbPedestal=array([0., 0., 0.]), sf=array([1., 1.]), size=array([8.5]), tex='sqr', texRes=512.0, units='deg', win=Window(...))
33.1638 	EXP 	Created polygon = ShapeStim(__class__=<class 'psychopy.visual.shape.ShapeStim'>, anchor=('center', 'center'), autoDraw=False, autoLog=True, closeShape=True, color=method-wrapper(...), colorSpace='rgb', contrast=None, depth=-3.0, fillColor=array([0., 0., 0.]), fillColorSpace='rgb', fillRGB=array([0., 0., 0.]), interpolate=True, lineColor=array([0., 0., 0.]), lineColorSpace='rgb', lineRGB=array([0., 0., 0.]), lineWidth=1.0, name='polygon', opacity=1.0, ori=0.0, pos=array([0., 0.]), size=array([0.05, 0.05]), units='height', vertices=ndarray(...), win=Window(...), windingRule=None)
33.1649 	EXP 	Created text_3 = TextStim(__class__=<class 'psychopy.visual.text.TextStim'>, alignHoriz=method-wrapper(...), alignText='center', alignVert=method-wrapper(...), anchorHoriz='center', anchorVert='center', antialias=True, autoDraw=False, autoLog=True, bold=False, color=array([1., 1., 1.]), colorSpace='rgb', contrast=1.0, depth=-4.0, flipHoriz=False, flipVert=False, font='Open Sans', fontFiles=[], height=0.05, italic=False, languageStyle='LTR', name='text_3', opacity=1.0, ori=0.0, pos=array([0.   , 0.125]), rgb=UNKNOWN, text='', units='height', win=Window(...), wrapWidth=1)
33.1672 	EXP 	Created polygon_2 = ShapeStim(__class__=<class 'psychopy.visual.shape.ShapeStim'>, anchor=('center', 'center'), autoDraw=False, autoLog=True, closeShape=True, color=method-wrapper(...), colorSpace='rgb', contrast=None, depth=-2.0, fillColor=array([0., 0., 0.]), fillColorSpace='rgb', fillRGB=array([0., 0., 0.]), interpolate=True, lineColor=array([0., 0., 0.]), lineColorSpace='rgb', lineRGB=array([0., 0., 0.]), lineWidth=1.0, name='polygon_2', opacity=1.0, ori=0.0, pos=array([0., 0.]), size=array([0.05, 0.05]), units='height', vertices=ndarray(...), win=Window(...), windingRule=None)
33.1680 	EXP 	Created text_4 = TextStim(__class__=<class 'psychopy.visual.text.TextStim'>, alignHoriz=method-wrapper(...), alignText='center', alignVert=method-wrapper(...), anchorHoriz='center', anchorVert='center', antialias=True, autoDraw=False, autoLog=True, bold=False, color=array([1., 1., 1.]), colorSpace='rgb', contrast=1.0, depth=-3.0, flipHoriz=False, flipVert=False, font='Open Sans', fontFiles=[], height=0.05, italic=False, languageStyle='LTR', name='text_4', opacity=1.0, ori=0.0, pos=array([0.   , 0.125]), rgb=UNKNOWN, text='', units='height', win=Window(...), wrapWidth=1)
33.1701 	EXP 	Created polygon_3 = ShapeStim(__class__=<class 'psychopy.visual.shape.ShapeStim'>, anchor=('center', 'center'), autoDraw=False, autoLog=True, closeShape=True, color=method-wrapper(...), colorSpace='rgb', contrast=None, depth=0.0, fillColor=array([0., 0., 0.]), fillColorSpace='rgb', fillRGB=array([0., 0., 0.]), interpolate=True, lineColor=array([0., 0., 0.]), lineColorSpace='rgb', lineRGB=array([0., 0., 0.]), lineWidth=1.0, name='polygon_3', opacity=1.0, ori=0.0, pos=array([0., 0.]), size=array([0.05, 0.05]), units='height', vertices=ndarray(...), win=Window(...), windingRule=None)
33.1737 	EXP 	text_2: autoDraw = True
33.6984 	EXP 	Created sequence: random, trialTypes=1, nReps=20, seed=None
33.6989 	EXP 	New trial (rep=0, index=0): None
33.7002 	EXP 	Created sequence: random, trialTypes=1, nReps=1, seed=None
33.7005 	EXP 	New trial (rep=0, index=0): None
33.7783 	DATA 	Keypress: space
33.7809 	EXP 	text_2: autoDraw = False
33.7809 	EXP 	GA: sf = array([0.5, 0.5])
33.7809 	EXP 	GA: phase = array([0., 0.])
33.7809 	EXP 	text_3: height = 0.05
33.7809 	EXP 	text_3: height = 0.05
33.7809 	EXP 	text_3: height = 0.05
33.7809 	EXP 	text_3: text = 'Spatial frequency: 0.500\nContrast: 0.141'
33.7809 	EXP 	text_4: height = 0.05
33.7809 	EXP 	text_4: height = 0.05
33.7809 	EXP 	text_4: height = 0.05
33.7809 	EXP 	text_4: text = 'Spatial frequency: 0.500\nContrast: 0.141'
33.7809 	EXP 	GA: autoDraw = True
33.7809 	EXP 	polygon_2: autoDraw = True
33.7809 	EXP 	text_4: autoDraw = True
33.7809 	EXP 	GA: tex = 'sqr'
36.7812 	EXP 	New trial (rep=1, index=0): None
36.7825 	EXP 	Created sequence: random, trialTypes=1, nReps=1, seed=None
36.7828 	EXP 	New trial (rep=0, index=0): None
36.8190 	EXP 	GA: autoDraw = False
36.8190 	EXP 	polygon_2: autoDraw = False
36.8190 	EXP 	text_4: autoDraw = False
36.8190 	EXP 	GA: autoDraw = False
36.8190 	EXP 	polygon_2: autoDraw = False
36.8190 	EXP 	text_4: autoDraw = False
36.8190 	EXP 	GA: sf = array([0.5, 0.5])
36.8190 	EXP 	GA: phase = array([0., 0.])
36.8190 	EXP 	text_3: height = 0.05
36.8190 	EXP 	text_3: height = 0.05
36.8190 	EXP 	text_3: height = 0.05
36.8190 	EXP 	text_3: text = 'Spatial frequency: 0.500\nContrast: 0.053'
36.8190 	EXP 	text_4: height = 0.05
36.8190 	EXP 	text_4: height = 0.05
36.8190 	EXP 	text_4: height = 0.05
36.8190 	EXP 	text_4: text = 'Spatial frequency: 0.500\nContrast: 0.053'
36.8190 	EXP 	GA: autoDraw = True
36.8190 	EXP 	polygon_2: autoDraw = True
36.8190 	EXP 	text_4: autoDraw = True
36.8190 	EXP 	GA: tex = 'sqr'
39.8148 	EXP 	New trial (rep=2, index=0): None
39.8161 	EXP 	Created sequence: random, trialTypes=1, nReps=1, seed=None
39.8163 	EXP 	New trial (rep=0, index=0): None
39.8485 	EXP 	GA: autoDraw = False
39.8485 	EXP 	polygon_2: autoDraw = False
39.8485 	EXP 	text_4: autoDraw = False
39.8485 	EXP 	GA: autoDraw = False
39.8485 	EXP 	polygon_2: autoDraw = False
39.8485 	EXP 	text_4: autoDraw = False
39.8485 	EXP 	GA: sf = array([0.5, 0.5])
39.8485 	EXP 	GA: phase = array([0., 0.])
39.8485 	EXP 	text_3: height = 0.05
39.8485 	EXP 	text_3: height = 0.05
39.8485 	EXP 	text_3: height = 0.05
39.8485 	EXP 	text_3: text = 'Spatial frequency: 0.500\nContrast: 1.000'
39.8485 	EXP 	text_4: height = 0.05
39.8485 	EXP 	text_4: height = 0.05
39.8485 	EXP 	text_4: height = 0.05
39.8485 	EXP 	text_4: text = 'Spatial frequency: 0.500\nContrast: 1.000'
39.8485 	EXP 	GA: autoDraw = True
39.8485 	EXP 	polygon_2: autoDraw = True
39.8485 	EXP 	text_4: autoDraw = True
39.8485 	EXP 	GA: tex = 'sqr'
42.8479 	EXP 	New trial (rep=3, index=0): None
42.8492 	EXP 	Created sequence: random, trialTypes=1, nReps=1, seed=None
42.8495 	EXP 	New trial (rep=0, index=0): None
42.8852 	EXP 	GA: autoDraw = False
42.8852 	EXP 	polygon_2: autoDraw = False
42.8852 	EXP 	text_4: autoDraw = False
42.8852 	EXP 	GA: autoDraw = False
42.8852 	EXP 	polygon_2: autoDraw = False
42.8852 	EXP 	text_4: autoDraw = False
42.8852 	EXP 	GA: sf = array([0.5, 0.5])
42.8852 	EXP 	GA: phase = array([0., 0.])
42.8852 	EXP 	text_3: height = 0.05
42.8852 	EXP 	text_3: height = 0.05
42.8852 	EXP 	text_3: height = 0.05
42.8852 	EXP 	text_3: text = 'Spatial frequency: 0.500\nContrast: 0.376'
42.8852 	EXP 	text_4: height = 0.05
42.8852 	EXP 	text_4: height = 0.05
42.8852 	EXP 	text_4: height = 0.05
42.8852 	EXP 	text_4: text = 'Spatial frequency: 0.500\nContrast: 0.376'
42.8852 	EXP 	GA: autoDraw = True
42.8852 	EXP 	polygon_2: autoDraw = True
42.8852 	EXP 	text_4: autoDraw = True
42.8852 	EXP 	GA: tex = 'sqr'
45.8814 	EXP 	New trial (rep=4, index=0): None
45.8827 	EXP 	Created sequence: random, trialTypes=1, nReps=1, seed=None
45.8830 	EXP 	New trial (rep=0, index=0): None
45.9210 	EXP 	GA: autoDraw = False
45.9210 	EXP 	polygon_2: autoDraw = False
45.9210 	EXP 	text_4: autoDraw = False
45.9210 	EXP 	GA: autoDraw = False
45.9210 	EXP 	polygon_2: autoDraw = False
45.9210 	EXP 	text_4: autoDraw = False
45.9210 	EXP 	GA: sf = array([0.5, 0.5])
45.9210 	EXP 	GA: phase = array([0., 0.])
45.9210 	EXP 	text_3: height = 0.05
45.9210 	EXP 	text_3: height = 0.05
45.9210 	EXP 	text_3: height = 0.05
45.9210 	EXP 	text_3: text = 'Spatial frequency: 0.500\nContrast: 0.020'
45.9210 	EXP 	text_4: height = 0.05
45.9210 	EXP 	text_4: height = 0.05
45.9210 	EXP 	text_4: height = 0.05
45.9210 	EXP 	text_4: text = 'Spatial frequency: 0.500\nContrast: 0.020'
45.9210 	EXP 	GA: autoDraw = True
45.9210 	EXP 	polygon_2: autoDraw = True
45.9210 	EXP 	text_4: autoDraw = True
45.9210 	EXP 	GA: tex = 'sqr'
48.9146 	EXP 	New trial (rep=5, index=0): None
48.9159 	EXP 	Created sequence: random, trialTypes=1, nReps=1, seed=None
48.9161 	EXP 	New trial (rep=0, index=0): None
48.9492 	EXP 	GA: autoDraw = False
48.9492 	EXP 	polygon_2: autoDraw = False
48.9492 	EXP 	text_4: autoDraw = False
48.9492 	EXP 	GA: autoDraw = False
48.9492 	EXP 	polygon_2: autoDraw = False
48.9492 	EXP 	text_4: autoDraw = False
48.9492 	EXP 	GA: sf = array([0.5, 0.5])
48.9492 	EXP 	GA: phase = array([0., 0.])
48.9492 	EXP 	text_3: text = 'Spatial frequency: 0.500\nContrast: 0.020'
48.9492 	EXP 	text_4: text = 'Spatial frequency: 0.500\nContrast: 0.020'
48.9492 	EXP 	GA: autoDraw = True
48.9492 	EXP 	polygon_2: autoDraw = True
48.9492 	EXP 	text_4: autoDraw = True
48.9492 	EXP 	GA: tex = 'sqr'
51.9478 	EXP 	New trial (rep=6, index=0): None
51.9491 	EXP 	Created sequence: random, trialTypes=1, nReps=1, seed=None
51.9494 	EXP 	New trial (rep=0, index=0): None
51.9843 	EXP 	GA: autoDraw = False
51.9843 	EXP 	polygon_2: autoDraw = False
51.9843 	EXP 	text_4: autoDraw = False
51.9843 	EXP 	GA: autoDraw = False
51.9843 	EXP 	polygon_2: autoDraw = False
51.9843 	EXP 	text_4: autoDraw = False
51.9843 	EXP 	GA: sf = array([0.5, 0.5])
51.9843 	EXP 	GA: phase = array([0., 0.])
51.9843 	EXP 	text_3: height = 0.05
51.9843 	EXP 	text_3: height = 0.05
51.9843 	EXP 	text_3: height = 0.05
51.9843 	EXP 	text_3: text = 'Spatial frequency: 0.500\nContrast: 0.376'
51.9843 	EXP 	text_4: height = 0.05
51.9843 	EXP 	text_4: height = 0.05
51.9843 	EXP 	text_4: height = 0.05
51.9843 	EXP 	text_4: text = 'Spatial frequency: 0.500\nContrast: 0.376'
51.9843 	EXP 	GA: autoDraw = True
51.9843 	EXP 	polygon_2: autoDraw = True
51.9843 	EXP 	text_4: autoDraw = True
51.9843 	EXP 	GA: tex = 'sqr'
54.9813 	EXP 	New trial (rep=7, index=0): None
54.9826 	EXP 	Created sequence: random, trialTypes=1, nReps=1, seed=None
54.9828 	EXP 	New trial (rep=0, index=0): None
55.0180 	EXP 	GA: autoDraw = False
55.0180 	EXP 	polygon_2: autoDraw = False
55.0180 	EXP 	text_4: autoDraw = False
55.0180 	EXP 	GA: autoDraw = False
55.0180 	EXP 	polygon_2: autoDraw = False
55.0180 	EXP 	text_4: autoDraw = False
55.0180 	EXP 	GA: sf = array([0.5, 0.5])
55.0180 	EXP 	GA: phase = array([0., 0.])
55.0180 	EXP 	text_3: height = 0.05
55.0180 	EXP 	text_3: height = 0.05
55.0180 	EXP 	text_3: height = 0.05
55.0180 	EXP 	text_3: text = 'Spatial frequency: 0.500\nContrast: 0.020'
55.0180 	EXP 	text_4: height = 0.05
55.0180 	EXP 	text_4: height = 0.05
55.0180 	EXP 	text_4: height = 0.05
55.0180 	EXP 	text_4: text = 'Spatial frequency: 0.500\nContrast: 0.020'
55.0180 	EXP 	GA: autoDraw = True
55.0180 	EXP 	polygon_2: autoDraw = True
55.0180 	EXP 	text_4: autoDraw = True
55.0180 	EXP 	GA: tex = 'sqr'
58.0132 	EXP 	New trial (rep=8, index=0): None
58.0139 	EXP 	Created sequence: random, trialTypes=1, nReps=1, seed=None
58.0140 	EXP 	New trial (rep=0, index=0): None
58.0532 	EXP 	GA: autoDraw = False
58.0532 	EXP 	polygon_2: autoDraw = False
58.0532 	EXP 	text_4: autoDraw = False
58.0532 	EXP 	GA: autoDraw = False
58.0532 	EXP 	polygon_2: autoDraw = False
58.0532 	EXP 	text_4: autoDraw = False
58.0532 	EXP 	GA: sf = array([0.5, 0.5])
58.0532 	EXP 	GA: phase = array([0., 0.])
58.0532 	EXP 	text_3: height = 0.05
58.0532 	EXP 	text_3: height = 0.05
58.0532 	EXP 	text_3: height = 0.05
58.0532 	EXP 	text_3: text = 'Spatial frequency: 0.500\nContrast: 1.000'
58.0532 	EXP 	text_4: height = 0.05
58.0532 	EXP 	text_4: height = 0.05
58.0532 	EXP 	text_4: height = 0.05
58.0532 	EXP 	text_4: text = 'Spatial frequency: 0.500\nContrast: 1.000'
58.0532 	EXP 	GA: autoDraw = True
58.0532 	EXP 	polygon_2: autoDraw = True
58.0532 	EXP 	text_4: autoDraw = True
58.0532 	EXP 	GA: tex = 'sqr'
61.0471 	EXP 	New trial (rep=9, index=0): None
61.0481 	EXP 	Created sequence: random, trialTypes=1, nReps=1, seed=None
61.0484 	EXP 	New trial (rep=0, index=0): None
61.0842 	EXP 	GA: autoDraw = False
61.0842 	EXP 	polygon_2: autoDraw = False
61.0842 	EXP 	text_4: autoDraw = False
61.0842 	EXP 	GA: autoDraw = False
61.0842 	EXP 	polygon_2: autoDraw = False
61.0842 	EXP 	text_4: autoDraw = False
61.0842 	EXP 	GA: sf = array([0.5, 0.5])
61.0842 	EXP 	GA: phase = array([0., 0.])
61.0842 	EXP 	text_3: height = 0.05
61.0842 	EXP 	text_3: height = 0.05
61.0842 	EXP 	text_3: height = 0.05
61.0842 	EXP 	text_3: text = 'Spatial frequency: 0.500\nContrast: 0.376'
61.0842 	EXP 	text_4: height = 0.05
61.0842 	EXP 	text_4: height = 0.05
61.0842 	EXP 	text_4: height = 0.05
61.0842 	EXP 	text_4: text = 'Spatial frequency: 0.500\nContrast: 0.376'
61.0842 	EXP 	GA: autoDraw = True
61.0842 	EXP 	polygon_2: autoDraw = True
61.0842 	EXP 	text_4: autoDraw = True
61.0842 	EXP 	GA: tex = 'sqr'
64.0808 	EXP 	New trial (rep=10, index=0): None
64.0823 	EXP 	Created sequence: random, trialTypes=1, nReps=1, seed=None
64.0825 	EXP 	New trial (rep=0, index=0): None
64.1181 	EXP 	GA: autoDraw = False
64.1181 	EXP 	polygon_2: autoDraw = False
64.1181 	EXP 	text_4: autoDraw = False
64.1181 	EXP 	GA: autoDraw = False
64.1181 	EXP 	polygon_2: autoDraw = False
64.1181 	EXP 	text_4: autoDraw = False
64.1181 	EXP 	GA: sf = array([0.5, 0.5])
64.1181 	EXP 	GA: phase = array([0., 0.])
64.1181 	EXP 	text_3: height = 0.05
64.1181 	EXP 	text_3: height = 0.05
64.1181 	EXP 	text_3: height = 0.05
64.1181 	EXP 	text_3: text = 'Spatial frequency: 0.500\nContrast: 0.020'
64.1181 	EXP 	text_4: height = 0.05
64.1181 	EXP 	text_4: height = 0.05
64.1181 	EXP 	text_4: height = 0.05
64.1181 	EXP 	text_4: text = 'Spatial frequency: 0.500\nContrast: 0.020'
64.1181 	EXP 	GA: autoDraw = True
64.1181 	EXP 	polygon_2: autoDraw = True
64.1181 	EXP 	text_4: autoDraw = True
64.1181 	EXP 	GA: tex = 'sqr'
67.1144 	EXP 	New trial (rep=11, index=0): None
67.1158 	EXP 	Created sequence: random, trialTypes=1, nReps=1, seed=None
67.1161 	EXP 	New trial (rep=0, index=0): None
67.1513 	EXP 	GA: autoDraw = False
67.1513 	EXP 	polygon_2: autoDraw = False
67.1513 	EXP 	text_4: autoDraw = False
67.1513 	EXP 	GA: autoDraw = False
67.1513 	EXP 	polygon_2: autoDraw = False
67.1513 	EXP 	text_4: autoDraw = False
67.1513 	EXP 	GA: sf = array([0.5, 0.5])
67.1513 	EXP 	GA: phase = array([0., 0.])
67.1513 	EXP 	text_3: height = 0.05
67.1513 	EXP 	text_3: height = 0.05
67.1513 	EXP 	text_3: height = 0.05
67.1513 	EXP 	text_3: text = 'Spatial frequency: 0.500\nContrast: 0.141'
67.1513 	EXP 	text_4: height = 0.05
67.1513 	EXP 	text_4: height = 0.05
67.1513 	EXP 	text_4: height = 0.05
67.1513 	EXP 	text_4: text = 'Spatial frequency: 0.500\nContrast: 0.141'
67.1513 	EXP 	GA: autoDraw = True
67.1513 	EXP 	polygon_2: autoDraw = True
67.1513 	EXP 	text_4: autoDraw = True
67.1513 	EXP 	GA: tex = 'sqr'
70.1472 	EXP 	New trial (rep=12, index=0): None
70.1484 	EXP 	Created sequence: random, trialTypes=1, nReps=1, seed=None
70.1486 	EXP 	New trial (rep=0, index=0): None
70.1863 	EXP 	GA: autoDraw = False
70.1863 	EXP 	polygon_2: autoDraw = False
70.1863 	EXP 	text_4: autoDraw = False
70.1863 	EXP 	GA: autoDraw = False
70.1863 	EXP 	polygon_2: autoDraw = False
70.1863 	EXP 	text_4: autoDraw = False
70.1863 	EXP 	GA: sf = array([0.5, 0.5])
70.1863 	EXP 	GA: phase = array([0., 0.])
70.1863 	EXP 	text_3: height = 0.05
70.1863 	EXP 	text_3: height = 0.05
70.1863 	EXP 	text_3: height = 0.05
70.1863 	EXP 	text_3: text = 'Spatial frequency: 0.500\nContrast: 0.376'
70.1863 	EXP 	text_4: height = 0.05
70.1863 	EXP 	text_4: height = 0.05
70.1863 	EXP 	text_4: height = 0.05
70.1863 	EXP 	text_4: text = 'Spatial frequency: 0.500\nContrast: 0.376'
70.1863 	EXP 	GA: autoDraw = True
70.1863 	EXP 	polygon_2: autoDraw = True
70.1863 	EXP 	text_4: autoDraw = True
70.1863 	EXP 	GA: tex = 'sqr'
73.1805 	EXP 	New trial (rep=13, index=0): None
73.1818 	EXP 	Created sequence: random, trialTypes=1, nReps=1, seed=None
73.1821 	EXP 	New trial (rep=0, index=0): None
73.2186 	EXP 	GA: autoDraw = False
73.2186 	EXP 	polygon_2: autoDraw = False
73.2186 	EXP 	text_4: autoDraw = False
73.2186 	EXP 	GA: autoDraw = False
73.2186 	EXP 	polygon_2: autoDraw = False
73.2186 	EXP 	text_4: autoDraw = False
73.2186 	EXP 	GA: sf = array([0.5, 0.5])
73.2186 	EXP 	GA: phase = array([0., 0.])
73.2186 	EXP 	text_3: height = 0.05
73.2186 	EXP 	text_3: height = 0.05
73.2186 	EXP 	text_3: height = 0.05
73.2186 	EXP 	text_3: text = 'Spatial frequency: 0.500\nContrast: 1.000'
73.2186 	EXP 	text_4: height = 0.05
73.2186 	EXP 	text_4: height = 0.05
73.2186 	EXP 	text_4: height = 0.05
73.2186 	EXP 	text_4: text = 'Spatial frequency: 0.500\nContrast: 1.000'
73.2186 	EXP 	GA: autoDraw = True
73.2186 	EXP 	polygon_2: autoDraw = True
73.2186 	EXP 	text_4: autoDraw = True
73.2186 	EXP 	GA: tex = 'sqr'
76.2139 	EXP 	New trial (rep=14, index=0): None
76.2150 	EXP 	Created sequence: random, trialTypes=1, nReps=1, seed=None
76.2155 	EXP 	New trial (rep=0, index=0): None
76.2753 	EXP 	GA: autoDraw = False
76.2753 	EXP 	polygon_2: autoDraw = False
76.2753 	EXP 	text_4: autoDraw = False
76.2753 	EXP 	GA: autoDraw = False
76.2753 	EXP 	polygon_2: autoDraw = False
76.2753 	EXP 	text_4: autoDraw = False
76.2753 	EXP 	GA: sf = array([0.5, 0.5])
76.2753 	EXP 	GA: phase = array([0., 0.])
76.2753 	EXP 	text_3: height = 0.05
76.2753 	EXP 	text_3: height = 0.05
76.2753 	EXP 	text_3: height = 0.05
76.2753 	EXP 	text_3: text = 'Spatial frequency: 0.500\nContrast: 0.141'
76.2753 	EXP 	text_4: height = 0.05
76.2753 	EXP 	text_4: height = 0.05
76.2753 	EXP 	text_4: height = 0.05
76.2753 	EXP 	text_4: text = 'Spatial frequency: 0.500\nContrast: 0.141'
76.2753 	EXP 	GA: autoDraw = True
76.2753 	EXP 	polygon_2: autoDraw = True
76.2753 	EXP 	text_4: autoDraw = True
76.2753 	EXP 	GA: tex = 'sqr'
79.2636 	EXP 	New trial (rep=15, index=0): None
79.2648 	EXP 	Created sequence: random, trialTypes=1, nReps=1, seed=None
79.2651 	EXP 	New trial (rep=0, index=0): None
79.3004 	EXP 	GA: autoDraw = False
79.3004 	EXP 	polygon_2: autoDraw = False
79.3004 	EXP 	text_4: autoDraw = False
79.3004 	EXP 	GA: autoDraw = False
79.3004 	EXP 	polygon_2: autoDraw = False
79.3004 	EXP 	text_4: autoDraw = False
79.3004 	EXP 	GA: sf = array([0.5, 0.5])
79.3004 	EXP 	GA: phase = array([0., 0.])
79.3004 	EXP 	text_3: height = 0.05
79.3004 	EXP 	text_3: height = 0.05
79.3004 	EXP 	text_3: height = 0.05
79.3004 	EXP 	text_3: text = 'Spatial frequency: 0.500\nContrast: 0.053'
79.3004 	EXP 	text_4: height = 0.05
79.3004 	EXP 	text_4: height = 0.05
79.3004 	EXP 	text_4: height = 0.05
79.3004 	EXP 	text_4: text = 'Spatial frequency: 0.500\nContrast: 0.053'
79.3004 	EXP 	GA: autoDraw = True
79.3004 	EXP 	polygon_2: autoDraw = True
79.3004 	EXP 	text_4: autoDraw = True
79.3004 	EXP 	GA: tex = 'sqr'
82.2962 	EXP 	New trial (rep=16, index=0): None
82.2972 	EXP 	Created sequence: random, trialTypes=1, nReps=1, seed=None
82.2973 	EXP 	New trial (rep=0, index=0): None
82.3240 	EXP 	GA: autoDraw = False
82.3240 	EXP 	polygon_2: autoDraw = False
82.3240 	EXP 	text_4: autoDraw = False
82.3240 	EXP 	GA: autoDraw = False
82.3240 	EXP 	polygon_2: autoDraw = False
82.3240 	EXP 	text_4: autoDraw = False
82.3240 	EXP 	GA: sf = array([0.5, 0.5])
82.3240 	EXP 	GA: phase = array([0., 0.])
82.3240 	EXP 	text_3: text = 'Spatial frequency: 0.500\nContrast: 0.053'
82.3240 	EXP 	text_4: text = 'Spatial frequency: 0.500\nContrast: 0.053'
82.3240 	EXP 	GA: autoDraw = True
82.3240 	EXP 	polygon_2: autoDraw = True
82.3240 	EXP 	text_4: autoDraw = True
82.3240 	EXP 	GA: tex = 'sqr'
85.3135 	EXP 	New trial (rep=17, index=0): None
85.3149 	EXP 	Created sequence: random, trialTypes=1, nReps=1, seed=None
85.3152 	EXP 	New trial (rep=0, index=0): None
85.3517 	EXP 	GA: autoDraw = False
85.3517 	EXP 	polygon_2: autoDraw = False
85.3517 	EXP 	text_4: autoDraw = False
85.3517 	EXP 	GA: autoDraw = False
85.3517 	EXP 	polygon_2: autoDraw = False
85.3517 	EXP 	text_4: autoDraw = False
85.3517 	EXP 	GA: sf = array([0.5, 0.5])
85.3517 	EXP 	GA: phase = array([0., 0.])
85.3517 	EXP 	text_3: height = 0.05
85.3517 	EXP 	text_3: height = 0.05
85.3517 	EXP 	text_3: height = 0.05
85.3517 	EXP 	text_3: text = 'Spatial frequency: 0.500\nContrast: 1.000'
85.3517 	EXP 	text_4: height = 0.05
85.3517 	EXP 	text_4: height = 0.05
85.3517 	EXP 	text_4: height = 0.05
85.3517 	EXP 	text_4: text = 'Spatial frequency: 0.500\nContrast: 1.000'
85.3517 	EXP 	GA: autoDraw = True
85.3517 	EXP 	polygon_2: autoDraw = True
85.3517 	EXP 	text_4: autoDraw = True
85.3517 	EXP 	GA: tex = 'sqr'
88.3469 	EXP 	New trial (rep=18, index=0): None
88.3483 	EXP 	Created sequence: random, trialTypes=1, nReps=1, seed=None
88.3485 	EXP 	New trial (rep=0, index=0): None
88.3833 	EXP 	GA: autoDraw = False
88.3833 	EXP 	polygon_2: autoDraw = False
88.3833 	EXP 	text_4: autoDraw = False
88.3833 	EXP 	GA: autoDraw = False
88.3833 	EXP 	polygon_2: autoDraw = False
88.3833 	EXP 	text_4: autoDraw = False
88.3833 	EXP 	GA: sf = array([0.5, 0.5])
88.3833 	EXP 	GA: phase = array([0., 0.])
88.3833 	EXP 	text_3: height = 0.05
88.3833 	EXP 	text_3: height = 0.05
88.3833 	EXP 	text_3: height = 0.05
88.3833 	EXP 	text_3: text = 'Spatial frequency: 0.500\nContrast: 0.053'
88.3833 	EXP 	text_4: height = 0.05
88.3833 	EXP 	text_4: height = 0.05
88.3833 	EXP 	text_4: height = 0.05
88.3833 	EXP 	text_4: text = 'Spatial frequency: 0.500\nContrast: 0.053'
88.3833 	EXP 	GA: autoDraw = True
88.3833 	EXP 	polygon_2: autoDraw = True
88.3833 	EXP 	text_4: autoDraw = True
88.3833 	EXP 	GA: tex = 'sqr'
91.3801 	EXP 	New trial (rep=19, index=0): None
91.3815 	EXP 	Created sequence: random, trialTypes=1, nReps=1, seed=None
91.3817 	EXP 	New trial (rep=0, index=0): None
91.4175 	EXP 	GA: autoDraw = False
91.4175 	EXP 	polygon_2: autoDraw = False
91.4175 	EXP 	text_4: autoDraw = False
91.4175 	EXP 	GA: autoDraw = False
91.4175 	EXP 	polygon_2: autoDraw = False
91.4175 	EXP 	text_4: autoDraw = False
91.4175 	EXP 	GA: sf = array([0.5, 0.5])
91.4175 	EXP 	GA: phase = array([0., 0.])
91.4175 	EXP 	text_3: height = 0.05
91.4175 	EXP 	text_3: height = 0.05
91.4175 	EXP 	text_3: height = 0.05
91.4175 	EXP 	text_3: text = 'Spatial frequency: 0.500\nContrast: 0.141'
91.4175 	EXP 	text_4: height = 0.05
91.4175 	EXP 	text_4: height = 0.05
91.4175 	EXP 	text_4: height = 0.05
91.4175 	EXP 	text_4: text = 'Spatial frequency: 0.500\nContrast: 0.141'
91.4175 	EXP 	GA: autoDraw = True
91.4175 	EXP 	polygon_2: autoDraw = True
91.4175 	EXP 	text_4: autoDraw = True
91.4175 	EXP 	GA: tex = 'sqr'
94.4274 	EXP 	GA: autoDraw = False
94.4274 	EXP 	polygon_2: autoDraw = False
94.4274 	EXP 	text_4: autoDraw = False
94.4274 	EXP 	GA: autoDraw = False
94.4274 	EXP 	polygon_2: autoDraw = False
94.4274 	EXP 	text_4: autoDraw = False
94.5416 	EXP 	window1: mouseVisible = True
