4.5213 	WARNING 	Speech-to-text recognition module for PocketSphinx is not available (use command `pip install SpeechRecognition` to get it). Transcription will be unavailable using that service this session.
4.5220 	WARNING 	Speech-to-text recognition using Google online services is not available (use command `pip install google-api-core google-auth google-cloud google-cloud-speech googleapis-common-protos` to get it). Transcription will be unavailable using that service this session.
4.5235 	ERROR 	Support for the `sounddevice` audio backend is not available this session. Please install `psychopy-sounddevice` and restart the session to enable support.
40.9021 	WARNING 	User requested fullscreen with size [1536  864], but screen is actually [1920, 1080]. Using actual size
41.4800 	EXP 	Created window1 = Window(allowGUI=True, allowStencil=False, autoLog=True, backendConf=UNKNOWN, backgroundFit=<method-wrapper '__getattribute__' of attributeSetter object at 0x000002137D9E4C90>, backgroundImage=<method-wrapper '__getattribute__' of attributeSetter object at 0x000002137D9E4C50>, bitsMode=UNKNOWN, blendMode='avg', bpc=(8, 8, 8), color=array([0, 0, 0]), colorSpace='rgb', depthBits=8, fullscr=<method-wrapper '__getattribute__' of attributeSetter object at 0x000002137C97A690>, gamma=None, gammaErrorPolicy='raise', lms=UNKNOWN, monitor=<psychopy.monitors.calibTools.Monitor object at 0x000002130CF8D0D0>, multiSample=False, name='window1', numSamples=2, pos=(0, 0), screen=0, size=array([1920, 1080]), stencilBits=0, stereo=False, units='height', useFBO=True, useRetina=False, viewOri=0.0, viewPos=None, viewScale=None, waitBlanking=True, winType='pyglet')
41.4801 	EXP 	window1: mouseVisible = True
41.4801 	EXP 	window1: backgroundImage = None
41.4802 	EXP 	window1: backgroundFit = 'cover'
41.4803 	EXP 	window1: mouseVisible = False
41.4803 	EXP 	window1: Attempting to measure frame rate of screen (0) ...
41.4803 	EXP 	window1: recordFrameIntervals = False
41.6464 	EXP 	window1: recordFrameIntervals = True
41.8293 	EXP 	Screen (0) actual frame rate measured at 60.17Hz
41.8293 	EXP 	window1: recordFrameIntervals = False
45.0311 	EXP 	Created text_2 = TextStim(__class__=<class 'psychopy.visual.text.TextStim'>, alignHoriz=method-wrapper(...), alignText='center', alignVert=method-wrapper(...), anchorHoriz='center', anchorVert='center', antialias=True, autoDraw=False, autoLog=True, bold=False, color=array([1., 1., 1.]), colorSpace='rgb', contrast=1.0, depth=0.0, flipHoriz=False, flipVert=False, font='Open Sans', fontFiles=[], height=0.05, italic=False, languageStyle='LTR', name='text_2', opacity=1.0, ori=0.0, pos=array([0., 0.]), rgb=UNKNOWN, text='Press spacebar to start the experiment\n\n', units='height', win=Window(...), wrapWidth=1)
45.0649 	EXP 	Created GA = GratingStim(__class__=<class 'psychopy.visual.grating.GratingStim'>, anchor='center', autoDraw=False, autoLog=True, blendmode='avg', color=array([1., 1., 1.]), colorSpace='rgb', contrast=1.0, depth=-2.0, interpolate=True, mask='circle', maskParams=None, name='GA', opacity=1.0, ori=0.0, phase=array([0., 0.]), pos=array([0., 0.]), rgbPedestal=array([0., 0., 0.]), sf=array([0.5, 0.5]), size=array([8.5]), tex='sqr', texRes=512.0, units='deg', win=Window(...))
45.0693 	EXP 	Created polygon = ShapeStim(__class__=<class 'psychopy.visual.shape.ShapeStim'>, anchor=('center', 'center'), autoDraw=False, autoLog=True, closeShape=True, color=method-wrapper(...), colorSpace='rgb', contrast=None, depth=-3.0, fillColor=array([0., 0., 0.]), fillColorSpace='rgb', fillRGB=array([0., 0., 0.]), interpolate=True, lineColor=array([0., 0., 0.]), lineColorSpace='rgb', lineRGB=array([0., 0., 0.]), lineWidth=1.0, name='polygon', opacity=1.0, ori=0.0, pos=array([0., 0.]), size=array([0.05, 0.05]), units='height', vertices=ndarray(...), win=Window(...), windingRule=None)
45.0703 	EXP 	Created text_3 = TextStim(__class__=<class 'psychopy.visual.text.TextStim'>, alignHoriz=method-wrapper(...), alignText='center', alignVert=method-wrapper(...), anchorHoriz='center', anchorVert='center', antialias=True, autoDraw=False, autoLog=True, bold=False, color=array([1., 1., 1.]), colorSpace='rgb', contrast=1.0, depth=-4.0, flipHoriz=False, flipVert=False, font='Open Sans', fontFiles=[], height=0.05, italic=False, languageStyle='LTR', name='text_3', opacity=1.0, ori=0.0, pos=array([0.   , 0.125]), rgb=UNKNOWN, text='', units='height', win=Window(...), wrapWidth=1)
45.0725 	EXP 	Created polygon_2 = ShapeStim(__class__=<class 'psychopy.visual.shape.ShapeStim'>, anchor=('center', 'center'), autoDraw=False, autoLog=True, closeShape=True, color=method-wrapper(...), colorSpace='rgb', contrast=None, depth=-2.0, fillColor=array([0., 0., 0.]), fillColorSpace='rgb', fillRGB=array([0., 0., 0.]), interpolate=True, lineColor=array([0., 0., 0.]), lineColorSpace='rgb', lineRGB=array([0., 0., 0.]), lineWidth=1.0, name='polygon_2', opacity=1.0, ori=0.0, pos=array([0., 0.]), size=array([0.05, 0.05]), units='height', vertices=ndarray(...), win=Window(...), windingRule=None)
45.0734 	EXP 	Created text_4 = TextStim(__class__=<class 'psychopy.visual.text.TextStim'>, alignHoriz=method-wrapper(...), alignText='center', alignVert=method-wrapper(...), anchorHoriz='center', anchorVert='center', antialias=True, autoDraw=False, autoLog=True, bold=False, color=array([1., 1., 1.]), colorSpace='rgb', contrast=1.0, depth=-3.0, flipHoriz=False, flipVert=False, font='Open Sans', fontFiles=[], height=0.05, italic=False, languageStyle='LTR', name='text_4', opacity=1.0, ori=0.0, pos=array([0.   , 0.125]), rgb=UNKNOWN, text='', units='height', win=Window(...), wrapWidth=1)
45.0757 	EXP 	Created polygon_3 = ShapeStim(__class__=<class 'psychopy.visual.shape.ShapeStim'>, anchor=('center', 'center'), autoDraw=False, autoLog=True, closeShape=True, color=method-wrapper(...), colorSpace='rgb', contrast=None, depth=0.0, fillColor=array([0., 0., 0.]), fillColorSpace='rgb', fillRGB=array([0., 0., 0.]), interpolate=True, lineColor=array([0., 0., 0.]), lineColorSpace='rgb', lineRGB=array([0., 0., 0.]), lineWidth=1.0, name='polygon_3', opacity=1.0, ori=0.0, pos=array([0., 0.]), size=array([0.05, 0.05]), units='height', vertices=ndarray(...), win=Window(...), windingRule=None)
45.1108 	EXP 	Created GA_2 = GratingStim(__class__=<class 'psychopy.visual.grating.GratingStim'>, anchor='center', autoDraw=False, autoLog=True, blendmode='avg', color=array([1., 1., 1.]), colorSpace='rgb', contrast=1.0, depth=-2.0, interpolate=True, mask='circle', maskParams=None, name='GA_2', opacity=1.0, ori=0.0, phase=array([0., 0.]), pos=array([0., 0.]), rgbPedestal=array([0., 0., 0.]), sf=array([1., 1.]), size=array([8.5]), tex='sqr', texRes=512.0, units='deg', win=Window(...))
45.1133 	EXP 	Created polygon_4 = ShapeStim(__class__=<class 'psychopy.visual.shape.ShapeStim'>, anchor=('center', 'center'), autoDraw=False, autoLog=True, closeShape=True, color=method-wrapper(...), colorSpace='rgb', contrast=None, depth=-3.0, fillColor=array([0., 0., 0.]), fillColorSpace='rgb', fillRGB=array([0., 0., 0.]), interpolate=True, lineColor=array([0., 0., 0.]), lineColorSpace='rgb', lineRGB=array([0., 0., 0.]), lineWidth=1.0, name='polygon_4', opacity=1.0, ori=0.0, pos=array([0., 0.]), size=array([0.05, 0.05]), units='height', vertices=ndarray(...), win=Window(...), windingRule=None)
45.1142 	EXP 	Created text_5 = TextStim(__class__=<class 'psychopy.visual.text.TextStim'>, alignHoriz=method-wrapper(...), alignText='center', alignVert=method-wrapper(...), anchorHoriz='center', anchorVert='center', antialias=True, autoDraw=False, autoLog=True, bold=False, color=array([1., 1., 1.]), colorSpace='rgb', contrast=1.0, depth=-4.0, flipHoriz=False, flipVert=False, font='Open Sans', fontFiles=[], height=0.05, italic=False, languageStyle='LTR', name='text_5', opacity=1.0, ori=0.0, pos=array([0.   , 0.125]), rgb=UNKNOWN, text='', units='height', win=Window(...), wrapWidth=1)
45.1165 	EXP 	Created polygon_5 = ShapeStim(__class__=<class 'psychopy.visual.shape.ShapeStim'>, anchor=('center', 'center'), autoDraw=False, autoLog=True, closeShape=True, color=method-wrapper(...), colorSpace='rgb', contrast=None, depth=-2.0, fillColor=array([0., 0., 0.]), fillColorSpace='rgb', fillRGB=array([0., 0., 0.]), interpolate=True, lineColor=array([0., 0., 0.]), lineColorSpace='rgb', lineRGB=array([0., 0., 0.]), lineWidth=1.0, name='polygon_5', opacity=1.0, ori=0.0, pos=array([0., 0.]), size=array([0.05, 0.05]), units='height', vertices=ndarray(...), win=Window(...), windingRule=None)
45.1175 	EXP 	Created text_6 = TextStim(__class__=<class 'psychopy.visual.text.TextStim'>, alignHoriz=method-wrapper(...), alignText='center', alignVert=method-wrapper(...), anchorHoriz='center', anchorVert='center', antialias=True, autoDraw=False, autoLog=True, bold=False, color=array([1., 1., 1.]), colorSpace='rgb', contrast=1.0, depth=-3.0, flipHoriz=False, flipVert=False, font='Open Sans', fontFiles=[], height=0.05, italic=False, languageStyle='LTR', name='text_6', opacity=1.0, ori=0.0, pos=array([0.   , 0.125]), rgb=UNKNOWN, text='', units='height', win=Window(...), wrapWidth=1)
45.1197 	EXP 	Created polygon_6 = ShapeStim(__class__=<class 'psychopy.visual.shape.ShapeStim'>, anchor=('center', 'center'), autoDraw=False, autoLog=True, closeShape=True, color=method-wrapper(...), colorSpace='rgb', contrast=None, depth=0.0, fillColor=array([0., 0., 0.]), fillColorSpace='rgb', fillRGB=array([0., 0., 0.]), interpolate=True, lineColor=array([0., 0., 0.]), lineColorSpace='rgb', lineRGB=array([0., 0., 0.]), lineWidth=1.0, name='polygon_6', opacity=1.0, ori=0.0, pos=array([0., 0.]), size=array([0.05, 0.05]), units='height', vertices=ndarray(...), win=Window(...), windingRule=None)
45.1233 	EXP 	text_2: autoDraw = True
49.5153 	EXP 	Created sequence: random, trialTypes=1, nReps=1, seed=None
49.5157 	EXP 	New trial (rep=0, index=0): None
49.5988 	DATA 	Keypress: space
49.6015 	EXP 	text_2: autoDraw = False
49.6015 	EXP 	text_3: height = 0.05
49.6015 	EXP 	text_3: height = 0.05
49.6015 	EXP 	text_3: height = 0.05
49.6015 	EXP 	text_3: text = 'Spatial frequency: 0.5\nContrast: 0.500'
49.6015 	EXP 	text_4: height = 0.05
49.6015 	EXP 	text_4: height = 0.05
49.6015 	EXP 	text_4: height = 0.05
49.6015 	EXP 	text_4: text = 'Spatial frequency: 0.5\nContrast: 0.500'
49.6015 	EXP 	GA: autoDraw = True
49.6015 	EXP 	polygon_2: autoDraw = True
49.6015 	EXP 	text_4: autoDraw = True
49.6015 	EXP 	GA: tex = 'sqr'
52.6326 	EXP 	GA: autoDraw = False
52.6326 	EXP 	polygon_2: autoDraw = False
52.6326 	EXP 	text_4: autoDraw = False
52.6326 	EXP 	GA: autoDraw = False
52.6326 	EXP 	polygon_2: autoDraw = False
52.6326 	EXP 	text_4: autoDraw = False
52.6326 	EXP 	text_3: height = 0.05
52.6326 	EXP 	text_3: height = 0.05
52.6326 	EXP 	text_3: height = 0.05
52.6326 	EXP 	text_3: text = 'Spatial frequency: 0.5\nContrast: 0.495'
52.6326 	EXP 	text_4: height = 0.05
52.6326 	EXP 	text_4: height = 0.05
52.6326 	EXP 	text_4: height = 0.05
52.6326 	EXP 	text_4: text = 'Spatial frequency: 0.5\nContrast: 0.495'
52.6326 	EXP 	GA: autoDraw = True
52.6326 	EXP 	polygon_2: autoDraw = True
52.6326 	EXP 	text_4: autoDraw = True
52.6326 	EXP 	GA: tex = 'sqr'
55.6651 	EXP 	GA: autoDraw = False
55.6651 	EXP 	polygon_2: autoDraw = False
55.6651 	EXP 	text_4: autoDraw = False
55.6651 	EXP 	GA: autoDraw = False
55.6651 	EXP 	polygon_2: autoDraw = False
55.6651 	EXP 	text_4: autoDraw = False
55.6651 	EXP 	text_3: height = 0.05
55.6651 	EXP 	text_3: height = 0.05
55.6651 	EXP 	text_3: height = 0.05
55.6651 	EXP 	text_3: text = 'Spatial frequency: 0.5\nContrast: 0.490'
55.6651 	EXP 	text_4: height = 0.05
55.6651 	EXP 	text_4: height = 0.05
55.6651 	EXP 	text_4: height = 0.05
55.6651 	EXP 	text_4: text = 'Spatial frequency: 0.5\nContrast: 0.490'
55.6651 	EXP 	GA: autoDraw = True
55.6651 	EXP 	polygon_2: autoDraw = True
55.6651 	EXP 	text_4: autoDraw = True
55.6651 	EXP 	GA: tex = 'sqr'
58.6969 	EXP 	GA: autoDraw = False
58.6969 	EXP 	polygon_2: autoDraw = False
58.6969 	EXP 	text_4: autoDraw = False
58.6969 	EXP 	GA: autoDraw = False
58.6969 	EXP 	polygon_2: autoDraw = False
58.6969 	EXP 	text_4: autoDraw = False
58.6969 	EXP 	text_3: height = 0.05
58.6969 	EXP 	text_3: height = 0.05
58.6969 	EXP 	text_3: height = 0.05
58.6969 	EXP 	text_3: text = 'Spatial frequency: 0.5\nContrast: 0.495'
58.6969 	EXP 	text_4: height = 0.05
58.6969 	EXP 	text_4: height = 0.05
58.6969 	EXP 	text_4: height = 0.05
58.6969 	EXP 	text_4: text = 'Spatial frequency: 0.5\nContrast: 0.495'
58.6969 	EXP 	GA: autoDraw = True
58.6969 	EXP 	polygon_2: autoDraw = True
58.6969 	EXP 	text_4: autoDraw = True
58.6969 	EXP 	GA: tex = 'sqr'
61.7116 	EXP 	GA: autoDraw = False
61.7116 	EXP 	polygon_2: autoDraw = False
61.7116 	EXP 	text_4: autoDraw = False
61.7116 	EXP 	GA: autoDraw = False
61.7116 	EXP 	polygon_2: autoDraw = False
61.7116 	EXP 	text_4: autoDraw = False
61.7116 	EXP 	text_3: text = 'Spatial frequency: 0.5\nContrast: 0.495'
61.7116 	EXP 	text_4: text = 'Spatial frequency: 0.5\nContrast: 0.495'
61.7116 	EXP 	GA: autoDraw = True
61.7116 	EXP 	polygon_2: autoDraw = True
61.7116 	EXP 	text_4: autoDraw = True
61.7116 	EXP 	GA: tex = 'sqr'
64.7362 	EXP 	GA: autoDraw = False
64.7362 	EXP 	polygon_2: autoDraw = False
64.7362 	EXP 	text_4: autoDraw = False
64.7362 	EXP 	GA: autoDraw = False
64.7362 	EXP 	polygon_2: autoDraw = False
64.7362 	EXP 	text_4: autoDraw = False
64.7362 	EXP 	text_3: height = 0.05
64.7362 	EXP 	text_3: height = 0.05
64.7362 	EXP 	text_3: height = 0.05
64.7362 	EXP 	text_3: text = 'Spatial frequency: 0.5\nContrast: 0.490'
64.7362 	EXP 	text_4: height = 0.05
64.7362 	EXP 	text_4: height = 0.05
64.7362 	EXP 	text_4: height = 0.05
64.7362 	EXP 	text_4: text = 'Spatial frequency: 0.5\nContrast: 0.490'
64.7362 	EXP 	GA: autoDraw = True
64.7362 	EXP 	polygon_2: autoDraw = True
64.7362 	EXP 	text_4: autoDraw = True
64.7362 	EXP 	GA: tex = 'sqr'
67.7669 	EXP 	GA: autoDraw = False
67.7669 	EXP 	polygon_2: autoDraw = False
67.7669 	EXP 	text_4: autoDraw = False
67.7669 	EXP 	GA: autoDraw = False
67.7669 	EXP 	polygon_2: autoDraw = False
67.7669 	EXP 	text_4: autoDraw = False
67.7669 	EXP 	text_3: height = 0.05
67.7669 	EXP 	text_3: height = 0.05
67.7669 	EXP 	text_3: height = 0.05
67.7669 	EXP 	text_3: text = 'Spatial frequency: 0.5\nContrast: 0.485'
67.7669 	EXP 	text_4: height = 0.05
67.7669 	EXP 	text_4: height = 0.05
67.7669 	EXP 	text_4: height = 0.05
67.7669 	EXP 	text_4: text = 'Spatial frequency: 0.5\nContrast: 0.485'
67.7669 	EXP 	GA: autoDraw = True
67.7669 	EXP 	polygon_2: autoDraw = True
67.7669 	EXP 	text_4: autoDraw = True
67.7669 	EXP 	GA: tex = 'sqr'
70.7986 	EXP 	GA: autoDraw = False
70.7986 	EXP 	polygon_2: autoDraw = False
70.7986 	EXP 	text_4: autoDraw = False
70.7986 	EXP 	GA: autoDraw = False
70.7986 	EXP 	polygon_2: autoDraw = False
70.7986 	EXP 	text_4: autoDraw = False
70.7986 	EXP 	text_3: height = 0.05
70.7986 	EXP 	text_3: height = 0.05
70.7986 	EXP 	text_3: height = 0.05
70.7986 	EXP 	text_3: text = 'Spatial frequency: 0.5\nContrast: 0.480'
70.7986 	EXP 	text_4: height = 0.05
70.7986 	EXP 	text_4: height = 0.05
70.7986 	EXP 	text_4: height = 0.05
70.7986 	EXP 	text_4: text = 'Spatial frequency: 0.5\nContrast: 0.480'
70.7986 	EXP 	GA: autoDraw = True
70.7986 	EXP 	polygon_2: autoDraw = True
70.7986 	EXP 	text_4: autoDraw = True
70.7986 	EXP 	GA: tex = 'sqr'
73.8243 	EXP 	GA: autoDraw = False
73.8243 	EXP 	polygon_2: autoDraw = False
73.8243 	EXP 	text_4: autoDraw = False
73.8243 	EXP 	GA: autoDraw = False
73.8243 	EXP 	polygon_2: autoDraw = False
73.8243 	EXP 	text_4: autoDraw = False
73.8243 	EXP 	text_3: text = 'Spatial frequency: 0.5\nContrast: 0.480'
73.8243 	EXP 	text_4: text = 'Spatial frequency: 0.5\nContrast: 0.480'
73.8243 	EXP 	GA: autoDraw = True
73.8243 	EXP 	polygon_2: autoDraw = True
73.8243 	EXP 	text_4: autoDraw = True
73.8243 	EXP 	GA: tex = 'sqr'
76.8551 	EXP 	GA: autoDraw = False
76.8551 	EXP 	polygon_2: autoDraw = False
76.8551 	EXP 	text_4: autoDraw = False
76.8551 	EXP 	GA: autoDraw = False
76.8551 	EXP 	polygon_2: autoDraw = False
76.8551 	EXP 	text_4: autoDraw = False
76.8551 	EXP 	text_3: height = 0.05
76.8551 	EXP 	text_3: height = 0.05
76.8551 	EXP 	text_3: height = 0.05
76.8551 	EXP 	text_3: text = 'Spatial frequency: 0.5\nContrast: 0.475'
76.8551 	EXP 	text_4: height = 0.05
76.8551 	EXP 	text_4: height = 0.05
76.8551 	EXP 	text_4: height = 0.05
76.8551 	EXP 	text_4: text = 'Spatial frequency: 0.5\nContrast: 0.475'
76.8551 	EXP 	GA: autoDraw = True
76.8551 	EXP 	polygon_2: autoDraw = True
76.8551 	EXP 	text_4: autoDraw = True
76.8551 	EXP 	GA: tex = 'sqr'
79.8834 	EXP 	GA: autoDraw = False
79.8834 	EXP 	polygon_2: autoDraw = False
79.8834 	EXP 	text_4: autoDraw = False
79.8834 	EXP 	GA: autoDraw = False
79.8834 	EXP 	polygon_2: autoDraw = False
79.8834 	EXP 	text_4: autoDraw = False
79.8834 	EXP 	text_3: height = 0.05
79.8834 	EXP 	text_3: height = 0.05
79.8834 	EXP 	text_3: height = 0.05
79.8834 	EXP 	text_3: text = 'Spatial frequency: 0.5\nContrast: 0.470'
79.8834 	EXP 	text_4: height = 0.05
79.8834 	EXP 	text_4: height = 0.05
79.8834 	EXP 	text_4: height = 0.05
79.8834 	EXP 	text_4: text = 'Spatial frequency: 0.5\nContrast: 0.470'
79.8834 	EXP 	GA: autoDraw = True
79.8834 	EXP 	polygon_2: autoDraw = True
79.8834 	EXP 	text_4: autoDraw = True
79.8834 	EXP 	GA: tex = 'sqr'
82.9090 	EXP 	GA: autoDraw = False
82.9090 	EXP 	polygon_2: autoDraw = False
82.9090 	EXP 	text_4: autoDraw = False
82.9090 	EXP 	GA: autoDraw = False
82.9090 	EXP 	polygon_2: autoDraw = False
82.9090 	EXP 	text_4: autoDraw = False
82.9090 	EXP 	text_3: text = 'Spatial frequency: 0.5\nContrast: 0.470'
82.9090 	EXP 	text_4: text = 'Spatial frequency: 0.5\nContrast: 0.470'
82.9090 	EXP 	GA: autoDraw = True
82.9090 	EXP 	polygon_2: autoDraw = True
82.9090 	EXP 	text_4: autoDraw = True
82.9090 	EXP 	GA: tex = 'sqr'
85.9296 	EXP 	GA: autoDraw = False
85.9296 	EXP 	polygon_2: autoDraw = False
85.9296 	EXP 	text_4: autoDraw = False
85.9296 	EXP 	GA: autoDraw = False
85.9296 	EXP 	polygon_2: autoDraw = False
85.9296 	EXP 	text_4: autoDraw = False
85.9296 	EXP 	text_3: height = 0.05
85.9296 	EXP 	text_3: height = 0.05
85.9296 	EXP 	text_3: height = 0.05
85.9296 	EXP 	text_3: text = 'Spatial frequency: 0.5\nContrast: 0.475'
85.9296 	EXP 	text_4: height = 0.05
85.9296 	EXP 	text_4: height = 0.05
85.9296 	EXP 	text_4: height = 0.05
85.9296 	EXP 	text_4: text = 'Spatial frequency: 0.5\nContrast: 0.475'
85.9296 	EXP 	GA: autoDraw = True
85.9296 	EXP 	polygon_2: autoDraw = True
85.9296 	EXP 	text_4: autoDraw = True
85.9296 	EXP 	GA: tex = 'sqr'
88.9439 	EXP 	GA: autoDraw = False
88.9439 	EXP 	polygon_2: autoDraw = False
88.9439 	EXP 	text_4: autoDraw = False
88.9439 	EXP 	GA: autoDraw = False
88.9439 	EXP 	polygon_2: autoDraw = False
88.9439 	EXP 	text_4: autoDraw = False
88.9439 	EXP 	text_3: text = 'Spatial frequency: 0.5\nContrast: 0.475'
88.9439 	EXP 	text_4: text = 'Spatial frequency: 0.5\nContrast: 0.475'
88.9439 	EXP 	GA: autoDraw = True
88.9439 	EXP 	polygon_2: autoDraw = True
88.9439 	EXP 	text_4: autoDraw = True
88.9439 	EXP 	GA: tex = 'sqr'
91.9696 	EXP 	GA: autoDraw = False
91.9696 	EXP 	polygon_2: autoDraw = False
91.9696 	EXP 	text_4: autoDraw = False
91.9696 	EXP 	GA: autoDraw = False
91.9696 	EXP 	polygon_2: autoDraw = False
91.9696 	EXP 	text_4: autoDraw = False
91.9696 	EXP 	text_3: height = 0.05
91.9696 	EXP 	text_3: height = 0.05
91.9696 	EXP 	text_3: height = 0.05
91.9696 	EXP 	text_3: text = 'Spatial frequency: 0.5\nContrast: 0.470'
91.9696 	EXP 	text_4: height = 0.05
91.9696 	EXP 	text_4: height = 0.05
91.9696 	EXP 	text_4: height = 0.05
91.9696 	EXP 	text_4: text = 'Spatial frequency: 0.5\nContrast: 0.470'
91.9696 	EXP 	GA: autoDraw = True
91.9696 	EXP 	polygon_2: autoDraw = True
91.9696 	EXP 	text_4: autoDraw = True
91.9696 	EXP 	GA: tex = 'sqr'
95.0004 	EXP 	GA: autoDraw = False
95.0004 	EXP 	polygon_2: autoDraw = False
95.0004 	EXP 	text_4: autoDraw = False
95.0004 	EXP 	GA: autoDraw = False
95.0004 	EXP 	polygon_2: autoDraw = False
95.0004 	EXP 	text_4: autoDraw = False
95.0004 	EXP 	text_3: height = 0.05
95.0004 	EXP 	text_3: height = 0.05
95.0004 	EXP 	text_3: height = 0.05
95.0004 	EXP 	text_3: text = 'Spatial frequency: 0.5\nContrast: 0.465'
95.0004 	EXP 	text_4: height = 0.05
95.0004 	EXP 	text_4: height = 0.05
95.0004 	EXP 	text_4: height = 0.05
95.0004 	EXP 	text_4: text = 'Spatial frequency: 0.5\nContrast: 0.465'
95.0004 	EXP 	GA: autoDraw = True
95.0004 	EXP 	polygon_2: autoDraw = True
95.0004 	EXP 	text_4: autoDraw = True
95.0004 	EXP 	GA: tex = 'sqr'
98.0277 	EXP 	GA: autoDraw = False
98.0277 	EXP 	polygon_2: autoDraw = False
98.0277 	EXP 	text_4: autoDraw = False
98.0277 	EXP 	GA: autoDraw = False
98.0277 	EXP 	polygon_2: autoDraw = False
98.0277 	EXP 	text_4: autoDraw = False
98.0277 	EXP 	text_3: text = 'Spatial frequency: 0.5\nContrast: 0.465'
98.0277 	EXP 	text_4: text = 'Spatial frequency: 0.5\nContrast: 0.465'
98.0277 	EXP 	GA: autoDraw = True
98.0277 	EXP 	polygon_2: autoDraw = True
98.0277 	EXP 	text_4: autoDraw = True
98.0277 	EXP 	GA: tex = 'sqr'
101.0531 	EXP 	GA: autoDraw = False
101.0531 	EXP 	polygon_2: autoDraw = False
101.0531 	EXP 	text_4: autoDraw = False
101.0531 	EXP 	GA: autoDraw = False
101.0531 	EXP 	polygon_2: autoDraw = False
101.0531 	EXP 	text_4: autoDraw = False
101.0531 	EXP 	text_3: height = 0.05
101.0531 	EXP 	text_3: height = 0.05
101.0531 	EXP 	text_3: height = 0.05
101.0531 	EXP 	text_3: text = 'Spatial frequency: 0.5\nContrast: 0.470'
101.0531 	EXP 	text_4: height = 0.05
101.0531 	EXP 	text_4: height = 0.05
101.0531 	EXP 	text_4: height = 0.05
101.0531 	EXP 	text_4: text = 'Spatial frequency: 0.5\nContrast: 0.470'
101.0531 	EXP 	GA: autoDraw = True
101.0531 	EXP 	polygon_2: autoDraw = True
101.0531 	EXP 	text_4: autoDraw = True
101.0531 	EXP 	GA: tex = 'sqr'
104.0865 	EXP 	GA: autoDraw = False
104.0865 	EXP 	polygon_2: autoDraw = False
104.0865 	EXP 	text_4: autoDraw = False
104.0865 	EXP 	GA: autoDraw = False
104.0865 	EXP 	polygon_2: autoDraw = False
104.0865 	EXP 	text_4: autoDraw = False
104.0865 	EXP 	text_3: height = 0.05
104.0865 	EXP 	text_3: height = 0.05
104.0865 	EXP 	text_3: height = 0.05
104.0865 	EXP 	text_3: text = 'Spatial frequency: 0.5\nContrast: 0.465'
104.0865 	EXP 	text_4: height = 0.05
104.0865 	EXP 	text_4: height = 0.05
104.0865 	EXP 	text_4: height = 0.05
104.0865 	EXP 	text_4: text = 'Spatial frequency: 0.5\nContrast: 0.465'
104.0865 	EXP 	GA: autoDraw = True
104.0865 	EXP 	polygon_2: autoDraw = True
104.0865 	EXP 	text_4: autoDraw = True
104.0865 	EXP 	GA: tex = 'sqr'
107.1151 	EXP 	GA: autoDraw = False
107.1151 	EXP 	polygon_2: autoDraw = False
107.1151 	EXP 	text_4: autoDraw = False
107.1151 	EXP 	GA: autoDraw = False
107.1151 	EXP 	polygon_2: autoDraw = False
107.1151 	EXP 	text_4: autoDraw = False
107.1151 	EXP 	text_3: height = 0.05
107.1151 	EXP 	text_3: height = 0.05
107.1151 	EXP 	text_3: height = 0.05
107.1151 	EXP 	text_3: text = 'Spatial frequency: 0.5\nContrast: 0.460'
107.1151 	EXP 	text_4: height = 0.05
107.1151 	EXP 	text_4: height = 0.05
107.1151 	EXP 	text_4: height = 0.05
107.1151 	EXP 	text_4: text = 'Spatial frequency: 0.5\nContrast: 0.460'
107.1151 	EXP 	GA: autoDraw = True
107.1151 	EXP 	polygon_2: autoDraw = True
107.1151 	EXP 	text_4: autoDraw = True
107.1151 	EXP 	GA: tex = 'sqr'
110.1456 	EXP 	Created sequence: random, trialTypes=1, nReps=0, seed=None
110.1585 	EXP 	GA: autoDraw = False
110.1585 	EXP 	polygon_2: autoDraw = False
110.1585 	EXP 	text_4: autoDraw = False
110.1585 	EXP 	GA: autoDraw = False
110.1585 	EXP 	polygon_2: autoDraw = False
110.1585 	EXP 	text_4: autoDraw = False
110.2382 	EXP 	window1: mouseVisible = True
