5.0995 	WARNING 	Speech-to-text recognition module for PocketSphinx is not available (use command `pip install SpeechRecognition` to get it). Transcription will be unavailable using that service this session.
5.1002 	WARNING 	Speech-to-text recognition using Google online services is not available (use command `pip install google-api-core google-auth google-cloud google-cloud-speech googleapis-common-protos` to get it). Transcription will be unavailable using that service this session.
5.1019 	ERROR 	Support for the `sounddevice` audio backend is not available this session. Please install `psychopy-sounddevice` and restart the session to enable support.
25.4078 	WARNING 	User requested fullscreen with size [1536  864], but screen is actually [1920, 1080]. Using actual size
26.0793 	EXP 	Created window1 = Window(allowGUI=True, allowStencil=False, autoLog=True, backendConf=UNKNOWN, backgroundFit=<method-wrapper '__getattribute__' of attributeSetter object at 0x000001F42F17FCD0>, backgroundImage=<method-wrapper '__getattribute__' of attributeSetter object at 0x000001F42F17FC90>, bitsMode=UNKNOWN, blendMode='avg', bpc=(8, 8, 8), color=array([0, 0, 0]), colorSpace='rgb', depthBits=8, fullscr=<method-wrapper '__getattribute__' of attributeSetter object at 0x000001F42F0ED6D0>, gamma=None, gammaErrorPolicy='raise', lms=UNKNOWN, monitor=<psychopy.monitors.calibTools.Monitor object at 0x000001F43EFE4ED0>, multiSample=False, name='window1', numSamples=2, pos=(0, 0), screen=0, size=array([1920, 1080]), stencilBits=0, stereo=False, units='height', useFBO=True, useRetina=False, viewOri=0.0, viewPos=None, viewScale=None, waitBlanking=True, winType='pyglet')
26.0811 	EXP 	window1: mouseVisible = True
26.0811 	EXP 	window1: backgroundImage = None
26.0811 	EXP 	window1: backgroundFit = 'cover'
26.0812 	EXP 	window1: mouseVisible = False
26.0812 	EXP 	window1: Attempting to measure frame rate of screen (0) ...
26.0813 	EXP 	window1: recordFrameIntervals = False
26.2454 	EXP 	window1: recordFrameIntervals = True
26.4294 	EXP 	Screen (0) actual frame rate measured at 59.88Hz
26.4295 	EXP 	window1: recordFrameIntervals = False
29.7739 	EXP 	Created text_2 = TextStim(__class__=<class 'psychopy.visual.text.TextStim'>, alignHoriz=method-wrapper(...), alignText='center', alignVert=method-wrapper(...), anchorHoriz='center', anchorVert='center', antialias=True, autoDraw=False, autoLog=True, bold=False, color=array([1., 1., 1.]), colorSpace='rgb', contrast=1.0, depth=0.0, flipHoriz=False, flipVert=False, font='Open Sans', fontFiles=[], height=0.05, italic=False, languageStyle='LTR', name='text_2', opacity=1.0, ori=0.0, pos=array([0., 0.]), rgb=UNKNOWN, text='Press spacebar to start the experiment\n\n', units='height', win=Window(...), wrapWidth=1)
29.8633 	EXP 	Created GA = GratingStim(__class__=<class 'psychopy.visual.grating.GratingStim'>, anchor='center', autoDraw=False, autoLog=True, blendmode='avg', color=array([1., 1., 1.]), colorSpace='rgb', contrast=1.0, depth=-2.0, interpolate=True, mask='circle', maskParams=None, name='GA', opacity=1.0, ori=0.0, phase=array([0., 0.]), pos=array([0., 0.]), rgbPedestal=array([0., 0., 0.]), sf=array([1., 1.]), size=array([8.5]), tex='sqr', texRes=512.0, units='deg', win=Window(...))
29.8681 	EXP 	Created polygon = ShapeStim(__class__=<class 'psychopy.visual.shape.ShapeStim'>, anchor=('center', 'center'), autoDraw=False, autoLog=True, closeShape=True, color=method-wrapper(...), colorSpace='rgb', contrast=None, depth=-3.0, fillColor=array([0., 0., 0.]), fillColorSpace='rgb', fillRGB=array([0., 0., 0.]), interpolate=True, lineColor=array([0., 0., 0.]), lineColorSpace='rgb', lineRGB=array([0., 0., 0.]), lineWidth=1.0, name='polygon', opacity=1.0, ori=0.0, pos=array([0., 0.]), size=array([0.05, 0.05]), units='height', vertices=ndarray(...), win=Window(...), windingRule=None)
29.8691 	EXP 	Created text_3 = TextStim(__class__=<class 'psychopy.visual.text.TextStim'>, alignHoriz=method-wrapper(...), alignText='center', alignVert=method-wrapper(...), anchorHoriz='center', anchorVert='center', antialias=True, autoDraw=False, autoLog=True, bold=False, color=array([1., 1., 1.]), colorSpace='rgb', contrast=1.0, depth=-4.0, flipHoriz=False, flipVert=False, font='Open Sans', fontFiles=[], height=0.05, italic=False, languageStyle='LTR', name='text_3', opacity=1.0, ori=0.0, pos=array([0.   , 0.125]), rgb=UNKNOWN, text='', units='height', win=Window(...), wrapWidth=1)
29.8714 	EXP 	Created polygon_2 = ShapeStim(__class__=<class 'psychopy.visual.shape.ShapeStim'>, anchor=('center', 'center'), autoDraw=False, autoLog=True, closeShape=True, color=method-wrapper(...), colorSpace='rgb', contrast=None, depth=-2.0, fillColor=array([0., 0., 0.]), fillColorSpace='rgb', fillRGB=array([0., 0., 0.]), interpolate=True, lineColor=array([0., 0., 0.]), lineColorSpace='rgb', lineRGB=array([0., 0., 0.]), lineWidth=1.0, name='polygon_2', opacity=1.0, ori=0.0, pos=array([0., 0.]), size=array([0.05, 0.05]), units='height', vertices=ndarray(...), win=Window(...), windingRule=None)
29.8723 	EXP 	Created text_4 = TextStim(__class__=<class 'psychopy.visual.text.TextStim'>, alignHoriz=method-wrapper(...), alignText='center', alignVert=method-wrapper(...), anchorHoriz='center', anchorVert='center', antialias=True, autoDraw=False, autoLog=True, bold=False, color=array([1., 1., 1.]), colorSpace='rgb', contrast=1.0, depth=-3.0, flipHoriz=False, flipVert=False, font='Open Sans', fontFiles=[], height=0.05, italic=False, languageStyle='LTR', name='text_4', opacity=1.0, ori=0.0, pos=array([0.   , 0.125]), rgb=UNKNOWN, text='', units='height', win=Window(...), wrapWidth=1)
29.8745 	EXP 	Created polygon_3 = ShapeStim(__class__=<class 'psychopy.visual.shape.ShapeStim'>, anchor=('center', 'center'), autoDraw=False, autoLog=True, closeShape=True, color=method-wrapper(...), colorSpace='rgb', contrast=None, depth=0.0, fillColor=array([0., 0., 0.]), fillColorSpace='rgb', fillRGB=array([0., 0., 0.]), interpolate=True, lineColor=array([0., 0., 0.]), lineColorSpace='rgb', lineRGB=array([0., 0., 0.]), lineWidth=1.0, name='polygon_3', opacity=1.0, ori=0.0, pos=array([0., 0.]), size=array([0.05, 0.05]), units='height', vertices=ndarray(...), win=Window(...), windingRule=None)
29.8815 	EXP 	text_2: autoDraw = True
30.3992 	EXP 	Created sequence: random, trialTypes=1, nReps=20, seed=None
30.3997 	EXP 	New trial (rep=0, index=0): None
30.4007 	EXP 	Created sequence: random, trialTypes=1, nReps=1, seed=None
30.4009 	EXP 	New trial (rep=0, index=0): None
30.4916 	DATA 	Keypress: space
30.4940 	EXP 	text_2: autoDraw = False
30.4940 	EXP 	GA: sf = array([0.5, 0.5])
30.4940 	EXP 	GA: phase = array([0., 0.])
30.4940 	EXP 	text_3: height = 0.05
30.4940 	EXP 	text_3: height = 0.05
30.4940 	EXP 	text_3: height = 0.05
30.4940 	EXP 	text_3: text = 'Spatial frequency: 0.500\nContrast: 0.020'
30.4940 	EXP 	text_4: height = 0.05
30.4940 	EXP 	text_4: height = 0.05
30.4940 	EXP 	text_4: height = 0.05
30.4940 	EXP 	text_4: text = 'Spatial frequency: 0.500\nContrast: 0.020'
30.4940 	EXP 	GA: autoDraw = True
30.4940 	EXP 	polygon_2: autoDraw = True
30.4940 	EXP 	text_4: autoDraw = True
30.4940 	EXP 	GA: tex = 'sqr'
33.4836 	EXP 	New trial (rep=1, index=0): None
33.4853 	EXP 	Created sequence: random, trialTypes=1, nReps=1, seed=None
33.4856 	EXP 	New trial (rep=0, index=0): None
33.5137 	EXP 	GA: autoDraw = False
33.5137 	EXP 	polygon_2: autoDraw = False
33.5137 	EXP 	text_4: autoDraw = False
33.5137 	EXP 	GA: autoDraw = False
33.5137 	EXP 	polygon_2: autoDraw = False
33.5137 	EXP 	text_4: autoDraw = False
33.5137 	EXP 	GA: sf = array([0.5, 0.5])
33.5137 	EXP 	GA: phase = array([0., 0.])
33.5137 	EXP 	text_3: text = 'Spatial frequency: 0.500\nContrast: 0.020'
33.5137 	EXP 	text_4: text = 'Spatial frequency: 0.500\nContrast: 0.020'
33.5137 	EXP 	GA: autoDraw = True
33.5137 	EXP 	polygon_2: autoDraw = True
33.5137 	EXP 	text_4: autoDraw = True
33.5137 	EXP 	GA: tex = 'sqr'
36.4982 	EXP 	New trial (rep=2, index=0): None
36.4997 	EXP 	Created sequence: random, trialTypes=1, nReps=1, seed=None
36.5000 	EXP 	New trial (rep=0, index=0): None
36.5292 	EXP 	GA: autoDraw = False
36.5292 	EXP 	polygon_2: autoDraw = False
36.5292 	EXP 	text_4: autoDraw = False
36.5292 	EXP 	GA: autoDraw = False
36.5292 	EXP 	polygon_2: autoDraw = False
36.5292 	EXP 	text_4: autoDraw = False
36.5292 	EXP 	GA: sf = array([0.5, 0.5])
36.5292 	EXP 	GA: phase = array([0., 0.])
36.5292 	EXP 	text_3: text = 'Spatial frequency: 0.500\nContrast: 0.020'
36.5292 	EXP 	text_4: text = 'Spatial frequency: 0.500\nContrast: 0.020'
36.5292 	EXP 	GA: autoDraw = True
36.5292 	EXP 	polygon_2: autoDraw = True
36.5292 	EXP 	text_4: autoDraw = True
36.5292 	EXP 	GA: tex = 'sqr'
39.5142 	EXP 	New trial (rep=3, index=0): None
39.5154 	EXP 	Created sequence: random, trialTypes=1, nReps=1, seed=None
39.5157 	EXP 	New trial (rep=0, index=0): None
39.5534 	EXP 	GA: autoDraw = False
39.5534 	EXP 	polygon_2: autoDraw = False
39.5534 	EXP 	text_4: autoDraw = False
39.5534 	EXP 	GA: autoDraw = False
39.5534 	EXP 	polygon_2: autoDraw = False
39.5534 	EXP 	text_4: autoDraw = False
39.5534 	EXP 	GA: sf = array([0.5, 0.5])
39.5534 	EXP 	GA: phase = array([0., 0.])
39.5534 	EXP 	text_3: height = 0.05
39.5534 	EXP 	text_3: height = 0.05
39.5534 	EXP 	text_3: height = 0.05
39.5534 	EXP 	text_3: text = 'Spatial frequency: 0.500\nContrast: 0.376'
39.5534 	EXP 	text_4: height = 0.05
39.5534 	EXP 	text_4: height = 0.05
39.5534 	EXP 	text_4: height = 0.05
39.5534 	EXP 	text_4: text = 'Spatial frequency: 0.500\nContrast: 0.376'
39.5534 	EXP 	GA: autoDraw = True
39.5534 	EXP 	polygon_2: autoDraw = True
39.5534 	EXP 	text_4: autoDraw = True
39.5534 	EXP 	GA: tex = 'sqr'
42.5470 	EXP 	New trial (rep=4, index=0): None
42.5481 	EXP 	Created sequence: random, trialTypes=1, nReps=1, seed=None
42.5483 	EXP 	New trial (rep=0, index=0): None
42.5866 	EXP 	GA: autoDraw = False
42.5866 	EXP 	polygon_2: autoDraw = False
42.5866 	EXP 	text_4: autoDraw = False
42.5866 	EXP 	GA: autoDraw = False
42.5866 	EXP 	polygon_2: autoDraw = False
42.5866 	EXP 	text_4: autoDraw = False
42.5866 	EXP 	GA: sf = array([0.5, 0.5])
42.5866 	EXP 	GA: phase = array([0., 0.])
42.5866 	EXP 	text_3: height = 0.05
42.5866 	EXP 	text_3: height = 0.05
42.5866 	EXP 	text_3: height = 0.05
42.5866 	EXP 	text_3: text = 'Spatial frequency: 0.500\nContrast: 0.053'
42.5866 	EXP 	text_4: height = 0.05
42.5866 	EXP 	text_4: height = 0.05
42.5866 	EXP 	text_4: height = 0.05
42.5866 	EXP 	text_4: text = 'Spatial frequency: 0.500\nContrast: 0.053'
42.5866 	EXP 	GA: autoDraw = True
42.5866 	EXP 	polygon_2: autoDraw = True
42.5866 	EXP 	text_4: autoDraw = True
42.5866 	EXP 	GA: tex = 'sqr'
45.5810 	EXP 	New trial (rep=5, index=0): None
45.5825 	EXP 	Created sequence: random, trialTypes=1, nReps=1, seed=None
45.5828 	EXP 	New trial (rep=0, index=0): None
45.6226 	EXP 	GA: autoDraw = False
45.6226 	EXP 	polygon_2: autoDraw = False
45.6226 	EXP 	text_4: autoDraw = False
45.6226 	EXP 	GA: autoDraw = False
45.6226 	EXP 	polygon_2: autoDraw = False
45.6226 	EXP 	text_4: autoDraw = False
45.6226 	EXP 	GA: sf = array([0.5, 0.5])
45.6226 	EXP 	GA: phase = array([0., 0.])
45.6226 	EXP 	text_3: height = 0.05
45.6226 	EXP 	text_3: height = 0.05
45.6226 	EXP 	text_3: height = 0.05
45.6226 	EXP 	text_3: text = 'Spatial frequency: 0.500\nContrast: 0.141'
45.6226 	EXP 	text_4: height = 0.05
45.6226 	EXP 	text_4: height = 0.05
45.6226 	EXP 	text_4: height = 0.05
45.6226 	EXP 	text_4: text = 'Spatial frequency: 0.500\nContrast: 0.141'
45.6226 	EXP 	GA: autoDraw = True
45.6226 	EXP 	polygon_2: autoDraw = True
45.6226 	EXP 	text_4: autoDraw = True
45.6226 	EXP 	GA: tex = 'sqr'
48.6141 	EXP 	New trial (rep=6, index=0): None
48.6155 	EXP 	Created sequence: random, trialTypes=1, nReps=1, seed=None
48.6157 	EXP 	New trial (rep=0, index=0): None
48.6506 	EXP 	GA: autoDraw = False
48.6506 	EXP 	polygon_2: autoDraw = False
48.6506 	EXP 	text_4: autoDraw = False
48.6506 	EXP 	GA: autoDraw = False
48.6506 	EXP 	polygon_2: autoDraw = False
48.6506 	EXP 	text_4: autoDraw = False
48.6506 	EXP 	GA: sf = array([0.5, 0.5])
48.6506 	EXP 	GA: phase = array([0., 0.])
48.6506 	EXP 	text_3: height = 0.05
48.6506 	EXP 	text_3: height = 0.05
48.6506 	EXP 	text_3: height = 0.05
48.6506 	EXP 	text_3: text = 'Spatial frequency: 0.500\nContrast: 1.000'
48.6506 	EXP 	text_4: height = 0.05
48.6506 	EXP 	text_4: height = 0.05
48.6506 	EXP 	text_4: height = 0.05
48.6506 	EXP 	text_4: text = 'Spatial frequency: 0.500\nContrast: 1.000'
48.6506 	EXP 	GA: autoDraw = True
48.6506 	EXP 	polygon_2: autoDraw = True
48.6506 	EXP 	text_4: autoDraw = True
48.6506 	EXP 	GA: tex = 'sqr'
51.6477 	EXP 	New trial (rep=7, index=0): None
51.6490 	EXP 	Created sequence: random, trialTypes=1, nReps=1, seed=None
51.6493 	EXP 	New trial (rep=0, index=0): None
51.6845 	EXP 	GA: autoDraw = False
51.6845 	EXP 	polygon_2: autoDraw = False
51.6845 	EXP 	text_4: autoDraw = False
51.6845 	EXP 	GA: autoDraw = False
51.6845 	EXP 	polygon_2: autoDraw = False
51.6845 	EXP 	text_4: autoDraw = False
51.6845 	EXP 	GA: sf = array([0.5, 0.5])
51.6845 	EXP 	GA: phase = array([0., 0.])
51.6845 	EXP 	text_3: height = 0.05
51.6845 	EXP 	text_3: height = 0.05
51.6845 	EXP 	text_3: height = 0.05
51.6845 	EXP 	text_3: text = 'Spatial frequency: 0.500\nContrast: 0.141'
51.6845 	EXP 	text_4: height = 0.05
51.6845 	EXP 	text_4: height = 0.05
51.6845 	EXP 	text_4: height = 0.05
51.6845 	EXP 	text_4: text = 'Spatial frequency: 0.500\nContrast: 0.141'
51.6845 	EXP 	GA: autoDraw = True
51.6845 	EXP 	polygon_2: autoDraw = True
51.6845 	EXP 	text_4: autoDraw = True
51.6845 	EXP 	GA: tex = 'sqr'
54.6808 	EXP 	New trial (rep=8, index=0): None
54.6821 	EXP 	Created sequence: random, trialTypes=1, nReps=1, seed=None
54.6824 	EXP 	New trial (rep=0, index=0): None
54.7177 	EXP 	GA: autoDraw = False
54.7177 	EXP 	polygon_2: autoDraw = False
54.7177 	EXP 	text_4: autoDraw = False
54.7177 	EXP 	GA: autoDraw = False
54.7177 	EXP 	polygon_2: autoDraw = False
54.7177 	EXP 	text_4: autoDraw = False
54.7177 	EXP 	GA: sf = array([0.5, 0.5])
54.7177 	EXP 	GA: phase = array([0., 0.])
54.7177 	EXP 	text_3: height = 0.05
54.7177 	EXP 	text_3: height = 0.05
54.7177 	EXP 	text_3: height = 0.05
54.7177 	EXP 	text_3: text = 'Spatial frequency: 0.500\nContrast: 0.020'
54.7177 	EXP 	text_4: height = 0.05
54.7177 	EXP 	text_4: height = 0.05
54.7177 	EXP 	text_4: height = 0.05
54.7177 	EXP 	text_4: text = 'Spatial frequency: 0.500\nContrast: 0.020'
54.7177 	EXP 	GA: autoDraw = True
54.7177 	EXP 	polygon_2: autoDraw = True
54.7177 	EXP 	text_4: autoDraw = True
54.7177 	EXP 	GA: tex = 'sqr'
57.7138 	EXP 	New trial (rep=9, index=0): None
57.7153 	EXP 	Created sequence: random, trialTypes=1, nReps=1, seed=None
57.7155 	EXP 	New trial (rep=0, index=0): None
57.7510 	EXP 	GA: autoDraw = False
57.7510 	EXP 	polygon_2: autoDraw = False
57.7510 	EXP 	text_4: autoDraw = False
57.7510 	EXP 	GA: autoDraw = False
57.7510 	EXP 	polygon_2: autoDraw = False
57.7510 	EXP 	text_4: autoDraw = False
57.7510 	EXP 	GA: sf = array([0.5, 0.5])
57.7510 	EXP 	GA: phase = array([0., 0.])
57.7510 	EXP 	text_3: height = 0.05
57.7510 	EXP 	text_3: height = 0.05
57.7510 	EXP 	text_3: height = 0.05
57.7510 	EXP 	text_3: text = 'Spatial frequency: 0.500\nContrast: 0.053'
57.7510 	EXP 	text_4: height = 0.05
57.7510 	EXP 	text_4: height = 0.05
57.7510 	EXP 	text_4: height = 0.05
57.7510 	EXP 	text_4: text = 'Spatial frequency: 0.500\nContrast: 0.053'
57.7510 	EXP 	GA: autoDraw = True
57.7510 	EXP 	polygon_2: autoDraw = True
57.7510 	EXP 	text_4: autoDraw = True
57.7510 	EXP 	GA: tex = 'sqr'
60.7474 	EXP 	New trial (rep=10, index=0): None
60.7486 	EXP 	Created sequence: random, trialTypes=1, nReps=1, seed=None
60.7488 	EXP 	New trial (rep=0, index=0): None
60.7760 	EXP 	GA: autoDraw = False
60.7760 	EXP 	polygon_2: autoDraw = False
60.7760 	EXP 	text_4: autoDraw = False
60.7760 	EXP 	GA: autoDraw = False
60.7760 	EXP 	polygon_2: autoDraw = False
60.7760 	EXP 	text_4: autoDraw = False
60.7760 	EXP 	GA: sf = array([0.5, 0.5])
60.7760 	EXP 	GA: phase = array([0., 0.])
60.7760 	EXP 	text_3: text = 'Spatial frequency: 0.500\nContrast: 0.053'
60.7760 	EXP 	text_4: text = 'Spatial frequency: 0.500\nContrast: 0.053'
60.7760 	EXP 	GA: autoDraw = True
60.7760 	EXP 	polygon_2: autoDraw = True
60.7760 	EXP 	text_4: autoDraw = True
60.7760 	EXP 	GA: tex = 'sqr'
63.7639 	EXP 	New trial (rep=11, index=0): None
63.7653 	EXP 	Created sequence: random, trialTypes=1, nReps=1, seed=None
63.7655 	EXP 	New trial (rep=0, index=0): None
63.7930 	EXP 	GA: autoDraw = False
63.7930 	EXP 	polygon_2: autoDraw = False
63.7930 	EXP 	text_4: autoDraw = False
63.7930 	EXP 	GA: autoDraw = False
63.7930 	EXP 	polygon_2: autoDraw = False
63.7930 	EXP 	text_4: autoDraw = False
63.7930 	EXP 	GA: sf = array([0.5, 0.5])
63.7930 	EXP 	GA: phase = array([0., 0.])
63.7930 	EXP 	text_3: text = 'Spatial frequency: 0.500\nContrast: 0.053'
63.7930 	EXP 	text_4: text = 'Spatial frequency: 0.500\nContrast: 0.053'
63.7930 	EXP 	GA: autoDraw = True
63.7930 	EXP 	polygon_2: autoDraw = True
63.7930 	EXP 	text_4: autoDraw = True
63.7930 	EXP 	GA: tex = 'sqr'
66.7798 	EXP 	New trial (rep=12, index=0): None
66.7809 	EXP 	Created sequence: random, trialTypes=1, nReps=1, seed=None
66.7811 	EXP 	New trial (rep=0, index=0): None
66.8191 	EXP 	GA: autoDraw = False
66.8191 	EXP 	polygon_2: autoDraw = False
66.8191 	EXP 	text_4: autoDraw = False
66.8191 	EXP 	GA: autoDraw = False
66.8191 	EXP 	polygon_2: autoDraw = False
66.8191 	EXP 	text_4: autoDraw = False
66.8191 	EXP 	GA: sf = array([0.5, 0.5])
66.8191 	EXP 	GA: phase = array([0., 0.])
66.8191 	EXP 	text_3: height = 0.05
66.8191 	EXP 	text_3: height = 0.05
66.8191 	EXP 	text_3: height = 0.05
66.8191 	EXP 	text_3: text = 'Spatial frequency: 0.500\nContrast: 1.000'
66.8191 	EXP 	text_4: height = 0.05
66.8191 	EXP 	text_4: height = 0.05
66.8191 	EXP 	text_4: height = 0.05
66.8191 	EXP 	text_4: text = 'Spatial frequency: 0.500\nContrast: 1.000'
66.8191 	EXP 	GA: autoDraw = True
66.8191 	EXP 	polygon_2: autoDraw = True
66.8191 	EXP 	text_4: autoDraw = True
66.8191 	EXP 	GA: tex = 'sqr'
69.8134 	EXP 	New trial (rep=13, index=0): None
69.8147 	EXP 	Created sequence: random, trialTypes=1, nReps=1, seed=None
69.8149 	EXP 	New trial (rep=0, index=0): None
69.8502 	EXP 	GA: autoDraw = False
69.8502 	EXP 	polygon_2: autoDraw = False
69.8502 	EXP 	text_4: autoDraw = False
69.8502 	EXP 	GA: autoDraw = False
69.8502 	EXP 	polygon_2: autoDraw = False
69.8502 	EXP 	text_4: autoDraw = False
69.8502 	EXP 	GA: sf = array([0.5, 0.5])
69.8502 	EXP 	GA: phase = array([0., 0.])
69.8502 	EXP 	text_3: height = 0.05
69.8502 	EXP 	text_3: height = 0.05
69.8502 	EXP 	text_3: height = 0.05
69.8502 	EXP 	text_3: text = 'Spatial frequency: 0.500\nContrast: 0.141'
69.8502 	EXP 	text_4: height = 0.05
69.8502 	EXP 	text_4: height = 0.05
69.8502 	EXP 	text_4: height = 0.05
69.8502 	EXP 	text_4: text = 'Spatial frequency: 0.500\nContrast: 0.141'
69.8502 	EXP 	GA: autoDraw = True
69.8502 	EXP 	polygon_2: autoDraw = True
69.8502 	EXP 	text_4: autoDraw = True
69.8502 	EXP 	GA: tex = 'sqr'
72.8468 	EXP 	New trial (rep=14, index=0): None
72.8482 	EXP 	Created sequence: random, trialTypes=1, nReps=1, seed=None
72.8484 	EXP 	New trial (rep=0, index=0): None
72.8844 	EXP 	GA: autoDraw = False
72.8844 	EXP 	polygon_2: autoDraw = False
72.8844 	EXP 	text_4: autoDraw = False
72.8844 	EXP 	GA: autoDraw = False
72.8844 	EXP 	polygon_2: autoDraw = False
72.8844 	EXP 	text_4: autoDraw = False
72.8844 	EXP 	GA: sf = array([0.5, 0.5])
72.8844 	EXP 	GA: phase = array([0., 0.])
72.8844 	EXP 	text_3: height = 0.05
72.8844 	EXP 	text_3: height = 0.05
72.8844 	EXP 	text_3: height = 0.05
72.8844 	EXP 	text_3: text = 'Spatial frequency: 0.500\nContrast: 1.000'
72.8844 	EXP 	text_4: height = 0.05
72.8844 	EXP 	text_4: height = 0.05
72.8844 	EXP 	text_4: height = 0.05
72.8844 	EXP 	text_4: text = 'Spatial frequency: 0.500\nContrast: 1.000'
72.8844 	EXP 	GA: autoDraw = True
72.8844 	EXP 	polygon_2: autoDraw = True
72.8844 	EXP 	text_4: autoDraw = True
72.8844 	EXP 	GA: tex = 'sqr'
75.8801 	EXP 	New trial (rep=15, index=0): None
75.8814 	EXP 	Created sequence: random, trialTypes=1, nReps=1, seed=None
75.8817 	EXP 	New trial (rep=0, index=0): None
75.9196 	EXP 	GA: autoDraw = False
75.9196 	EXP 	polygon_2: autoDraw = False
75.9196 	EXP 	text_4: autoDraw = False
75.9196 	EXP 	GA: autoDraw = False
75.9196 	EXP 	polygon_2: autoDraw = False
75.9196 	EXP 	text_4: autoDraw = False
75.9196 	EXP 	GA: sf = array([0.5, 0.5])
75.9196 	EXP 	GA: phase = array([0., 0.])
75.9196 	EXP 	text_3: height = 0.05
75.9196 	EXP 	text_3: height = 0.05
75.9196 	EXP 	text_3: height = 0.05
75.9196 	EXP 	text_3: text = 'Spatial frequency: 0.500\nContrast: 0.376'
75.9196 	EXP 	text_4: height = 0.05
75.9196 	EXP 	text_4: height = 0.05
75.9196 	EXP 	text_4: height = 0.05
75.9196 	EXP 	text_4: text = 'Spatial frequency: 0.500\nContrast: 0.376'
75.9196 	EXP 	GA: autoDraw = True
75.9196 	EXP 	polygon_2: autoDraw = True
75.9196 	EXP 	text_4: autoDraw = True
75.9196 	EXP 	GA: tex = 'sqr'
78.9132 	EXP 	New trial (rep=16, index=0): None
78.9145 	EXP 	Created sequence: random, trialTypes=1, nReps=1, seed=None
78.9148 	EXP 	New trial (rep=0, index=0): None
78.9426 	EXP 	GA: autoDraw = False
78.9426 	EXP 	polygon_2: autoDraw = False
78.9426 	EXP 	text_4: autoDraw = False
78.9426 	EXP 	GA: autoDraw = False
78.9426 	EXP 	polygon_2: autoDraw = False
78.9426 	EXP 	text_4: autoDraw = False
78.9426 	EXP 	GA: sf = array([0.5, 0.5])
78.9426 	EXP 	GA: phase = array([0., 0.])
78.9426 	EXP 	text_3: text = 'Spatial frequency: 0.500\nContrast: 0.376'
78.9426 	EXP 	text_4: text = 'Spatial frequency: 0.500\nContrast: 0.376'
78.9426 	EXP 	GA: autoDraw = True
78.9426 	EXP 	polygon_2: autoDraw = True
78.9426 	EXP 	text_4: autoDraw = True
78.9426 	EXP 	GA: tex = 'sqr'
81.9299 	EXP 	New trial (rep=17, index=0): None
81.9313 	EXP 	Created sequence: random, trialTypes=1, nReps=1, seed=None
81.9316 	EXP 	New trial (rep=0, index=0): None
81.9672 	EXP 	GA: autoDraw = False
81.9672 	EXP 	polygon_2: autoDraw = False
81.9672 	EXP 	text_4: autoDraw = False
81.9672 	EXP 	GA: autoDraw = False
81.9672 	EXP 	polygon_2: autoDraw = False
81.9672 	EXP 	text_4: autoDraw = False
81.9672 	EXP 	GA: sf = array([0.5, 0.5])
81.9672 	EXP 	GA: phase = array([0., 0.])
81.9672 	EXP 	text_3: height = 0.05
81.9672 	EXP 	text_3: height = 0.05
81.9672 	EXP 	text_3: height = 0.05
81.9672 	EXP 	text_3: text = 'Spatial frequency: 0.500\nContrast: 1.000'
81.9672 	EXP 	text_4: height = 0.05
81.9672 	EXP 	text_4: height = 0.05
81.9672 	EXP 	text_4: height = 0.05
81.9672 	EXP 	text_4: text = 'Spatial frequency: 0.500\nContrast: 1.000'
81.9672 	EXP 	GA: autoDraw = True
81.9672 	EXP 	polygon_2: autoDraw = True
81.9672 	EXP 	text_4: autoDraw = True
81.9672 	EXP 	GA: tex = 'sqr'
84.9632 	EXP 	New trial (rep=18, index=0): None
84.9646 	EXP 	Created sequence: random, trialTypes=1, nReps=1, seed=None
84.9649 	EXP 	New trial (rep=0, index=0): None
85.0012 	EXP 	GA: autoDraw = False
85.0012 	EXP 	polygon_2: autoDraw = False
85.0012 	EXP 	text_4: autoDraw = False
85.0012 	EXP 	GA: autoDraw = False
85.0012 	EXP 	polygon_2: autoDraw = False
85.0012 	EXP 	text_4: autoDraw = False
85.0012 	EXP 	GA: sf = array([0.5, 0.5])
85.0012 	EXP 	GA: phase = array([0., 0.])
85.0012 	EXP 	text_3: height = 0.05
85.0012 	EXP 	text_3: height = 0.05
85.0012 	EXP 	text_3: height = 0.05
85.0012 	EXP 	text_3: text = 'Spatial frequency: 0.500\nContrast: 0.141'
85.0012 	EXP 	text_4: height = 0.05
85.0012 	EXP 	text_4: height = 0.05
85.0012 	EXP 	text_4: height = 0.05
85.0012 	EXP 	text_4: text = 'Spatial frequency: 0.500\nContrast: 0.141'
85.0012 	EXP 	GA: autoDraw = True
85.0012 	EXP 	polygon_2: autoDraw = True
85.0012 	EXP 	text_4: autoDraw = True
85.0012 	EXP 	GA: tex = 'sqr'
87.9966 	EXP 	New trial (rep=19, index=0): None
87.9979 	EXP 	Created sequence: random, trialTypes=1, nReps=1, seed=None
87.9982 	EXP 	New trial (rep=0, index=0): None
88.0331 	EXP 	GA: autoDraw = False
88.0331 	EXP 	polygon_2: autoDraw = False
88.0331 	EXP 	text_4: autoDraw = False
88.0331 	EXP 	GA: autoDraw = False
88.0331 	EXP 	polygon_2: autoDraw = False
88.0331 	EXP 	text_4: autoDraw = False
88.0331 	EXP 	GA: sf = array([0.5, 0.5])
88.0331 	EXP 	GA: phase = array([0., 0.])
88.0331 	EXP 	text_3: height = 0.05
88.0331 	EXP 	text_3: height = 0.05
88.0331 	EXP 	text_3: height = 0.05
88.0331 	EXP 	text_3: text = 'Spatial frequency: 0.500\nContrast: 0.376'
88.0331 	EXP 	text_4: height = 0.05
88.0331 	EXP 	text_4: height = 0.05
88.0331 	EXP 	text_4: height = 0.05
88.0331 	EXP 	text_4: text = 'Spatial frequency: 0.500\nContrast: 0.376'
88.0331 	EXP 	GA: autoDraw = True
88.0331 	EXP 	polygon_2: autoDraw = True
88.0331 	EXP 	text_4: autoDraw = True
88.0331 	EXP 	GA: tex = 'sqr'
91.0439 	EXP 	GA: autoDraw = False
91.0439 	EXP 	polygon_2: autoDraw = False
91.0439 	EXP 	text_4: autoDraw = False
91.0439 	EXP 	GA: autoDraw = False
91.0439 	EXP 	polygon_2: autoDraw = False
91.0439 	EXP 	text_4: autoDraw = False
91.1786 	EXP 	window1: mouseVisible = True
