4.5151 	WARNING 	Speech-to-text recognition module for PocketSphinx is not available (use command `pip install SpeechRecognition` to get it). Transcription will be unavailable using that service this session.
4.5159 	WARNING 	Speech-to-text recognition using Google online services is not available (use command `pip install google-api-core google-auth google-cloud google-cloud-speech googleapis-common-protos` to get it). Transcription will be unavailable using that service this session.
4.5173 	ERROR 	Support for the `sounddevice` audio backend is not available this session. Please install `psychopy-sounddevice` and restart the session to enable support.
24.2279 	WARNING 	User requested fullscreen with size [1536  864], but screen is actually [1920, 1080]. Using actual size
24.8331 	EXP 	Created window1 = Window(allowGUI=True, allowStencil=False, autoLog=True, backendConf=UNKNOWN, backgroundFit=<method-wrapper '__getattribute__' of attributeSetter object at 0x000001FD3A620B50>, backgroundImage=<method-wrapper '__getattribute__' of attributeSetter object at 0x000001FD3A620B10>, bitsMode=UNKNOWN, blendMode='avg', bpc=(8, 8, 8), color=array([0, 0, 0]), colorSpace='rgb', depthBits=8, fullscr=<method-wrapper '__getattribute__' of attributeSetter object at 0x000001FD3A620350>, gamma=None, gammaErrorPolicy='raise', lms=UNKNOWN, monitor=<psychopy.monitors.calibTools.Monitor object at 0x000001FD4949CE10>, multiSample=False, name='window1', numSamples=2, pos=(0, 0), screen=0, size=array([1920, 1080]), stencilBits=0, stereo=False, units='height', useFBO=True, useRetina=False, viewOri=0.0, viewPos=None, viewScale=None, waitBlanking=True, winType='pyglet')
24.8332 	EXP 	window1: mouseVisible = True
24.8333 	EXP 	window1: backgroundImage = None
24.8333 	EXP 	window1: backgroundFit = 'cover'
24.8333 	EXP 	window1: mouseVisible = False
24.8334 	EXP 	window1: Attempting to measure frame rate of screen (0) ...
24.8334 	EXP 	window1: recordFrameIntervals = False
24.9999 	EXP 	window1: recordFrameIntervals = True
25.1835 	EXP 	Screen (0) actual frame rate measured at 59.97Hz
25.1835 	EXP 	window1: recordFrameIntervals = False
28.2978 	EXP 	Created text_2 = TextStim(__class__=<class 'psychopy.visual.text.TextStim'>, alignHoriz=method-wrapper(...), alignText='center', alignVert=method-wrapper(...), anchorHoriz='center', anchorVert='center', antialias=True, autoDraw=False, autoLog=True, bold=False, color=array([1., 1., 1.]), colorSpace='rgb', contrast=1.0, depth=0.0, flipHoriz=False, flipVert=False, font='Open Sans', fontFiles=[], height=0.05, italic=False, languageStyle='LTR', name='text_2', opacity=1.0, ori=0.0, pos=array([0., 0.]), rgb=UNKNOWN, text='Press spacebar to start the experiment\n\n', units='height', win=Window(...), wrapWidth=1)
28.3420 	EXP 	Created GA = GratingStim(__class__=<class 'psychopy.visual.grating.GratingStim'>, anchor='center', autoDraw=False, autoLog=True, blendmode='avg', color=array([1., 1., 1.]), colorSpace='rgb', contrast=1.0, depth=-2.0, interpolate=True, mask='circle', maskParams=None, name='GA', opacity=1.0, ori=0.0, phase=array([0., 0.]), pos=array([0., 0.]), rgbPedestal=array([0., 0., 0.]), sf=array([1., 1.]), size=array([8.5]), tex='sqr', texRes=512.0, units='deg', win=Window(...))
28.3463 	EXP 	Created polygon = ShapeStim(__class__=<class 'psychopy.visual.shape.ShapeStim'>, anchor=('center', 'center'), autoDraw=False, autoLog=True, closeShape=True, color=method-wrapper(...), colorSpace='rgb', contrast=None, depth=-3.0, fillColor=array([0., 0., 0.]), fillColorSpace='rgb', fillRGB=array([0., 0., 0.]), interpolate=True, lineColor=array([0., 0., 0.]), lineColorSpace='rgb', lineRGB=array([0., 0., 0.]), lineWidth=1.0, name='polygon', opacity=1.0, ori=0.0, pos=array([0., 0.]), size=array([0.05, 0.05]), units='height', vertices=ndarray(...), win=Window(...), windingRule=None)
28.3472 	EXP 	Created text_3 = TextStim(__class__=<class 'psychopy.visual.text.TextStim'>, alignHoriz=method-wrapper(...), alignText='center', alignVert=method-wrapper(...), anchorHoriz='center', anchorVert='center', antialias=True, autoDraw=False, autoLog=True, bold=False, color=array([1., 1., 1.]), colorSpace='rgb', contrast=1.0, depth=-4.0, flipHoriz=False, flipVert=False, font='Open Sans', fontFiles=[], height=0.05, italic=False, languageStyle='LTR', name='text_3', opacity=1.0, ori=0.0, pos=array([0.   , 0.125]), rgb=UNKNOWN, text='', units='height', win=Window(...), wrapWidth=1)
28.3493 	EXP 	Created polygon_2 = ShapeStim(__class__=<class 'psychopy.visual.shape.ShapeStim'>, anchor=('center', 'center'), autoDraw=False, autoLog=True, closeShape=True, color=method-wrapper(...), colorSpace='rgb', contrast=None, depth=-2.0, fillColor=array([0., 0., 0.]), fillColorSpace='rgb', fillRGB=array([0., 0., 0.]), interpolate=True, lineColor=array([0., 0., 0.]), lineColorSpace='rgb', lineRGB=array([0., 0., 0.]), lineWidth=1.0, name='polygon_2', opacity=1.0, ori=0.0, pos=array([0., 0.]), size=array([0.05, 0.05]), units='height', vertices=ndarray(...), win=Window(...), windingRule=None)
28.3501 	EXP 	Created text_4 = TextStim(__class__=<class 'psychopy.visual.text.TextStim'>, alignHoriz=method-wrapper(...), alignText='center', alignVert=method-wrapper(...), anchorHoriz='center', anchorVert='center', antialias=True, autoDraw=False, autoLog=True, bold=False, color=array([1., 1., 1.]), colorSpace='rgb', contrast=1.0, depth=-3.0, flipHoriz=False, flipVert=False, font='Open Sans', fontFiles=[], height=0.05, italic=False, languageStyle='LTR', name='text_4', opacity=1.0, ori=0.0, pos=array([0.   , 0.125]), rgb=UNKNOWN, text='', units='height', win=Window(...), wrapWidth=1)
28.3521 	EXP 	Created polygon_3 = ShapeStim(__class__=<class 'psychopy.visual.shape.ShapeStim'>, anchor=('center', 'center'), autoDraw=False, autoLog=True, closeShape=True, color=method-wrapper(...), colorSpace='rgb', contrast=None, depth=0.0, fillColor=array([0., 0., 0.]), fillColorSpace='rgb', fillRGB=array([0., 0., 0.]), interpolate=True, lineColor=array([0., 0., 0.]), lineColorSpace='rgb', lineRGB=array([0., 0., 0.]), lineWidth=1.0, name='polygon_3', opacity=1.0, ori=0.0, pos=array([0., 0.]), size=array([0.05, 0.05]), units='height', vertices=ndarray(...), win=Window(...), windingRule=None)
28.3554 	EXP 	text_2: autoDraw = True
29.5206 	DATA 	Keypress: space
29.5349 	EXP 	Created sequence: random, trialTypes=1, nReps=20, seed=None
29.5352 	EXP 	New trial (rep=0, index=0): None
29.5362 	EXP 	Created sequence: random, trialTypes=1, nReps=1, seed=None
29.5363 	EXP 	New trial (rep=0, index=0): None
29.6149 	EXP 	text_2: autoDraw = False
29.6149 	EXP 	GA: sf = array([0.5, 0.5])
29.6149 	EXP 	GA: phase = array([0., 0.])
29.6149 	EXP 	text_3: height = 0.05
29.6149 	EXP 	text_3: height = 0.05
29.6149 	EXP 	text_3: height = 0.05
29.6149 	EXP 	text_3: text = 'Spatial frequency: 0.500\nContrast: 0.141'
29.6149 	EXP 	text_4: height = 0.05
29.6149 	EXP 	text_4: height = 0.05
29.6149 	EXP 	text_4: height = 0.05
29.6149 	EXP 	text_4: text = 'Spatial frequency: 0.500\nContrast: 0.141'
29.6149 	EXP 	GA: autoDraw = True
29.6149 	EXP 	polygon_2: autoDraw = True
29.6149 	EXP 	text_4: autoDraw = True
29.6149 	EXP 	GA: tex = 'sqr'
32.6009 	EXP 	New trial (rep=1, index=0): None
32.6019 	EXP 	Created sequence: random, trialTypes=1, nReps=1, seed=None
32.6021 	EXP 	New trial (rep=0, index=0): None
32.6358 	EXP 	GA: autoDraw = False
32.6358 	EXP 	polygon_2: autoDraw = False
32.6358 	EXP 	text_4: autoDraw = False
32.6358 	EXP 	GA: autoDraw = False
32.6358 	EXP 	polygon_2: autoDraw = False
32.6358 	EXP 	text_4: autoDraw = False
32.6358 	EXP 	GA: sf = array([0.5, 0.5])
32.6358 	EXP 	GA: phase = array([0., 0.])
32.6358 	EXP 	text_3: height = 0.05
32.6358 	EXP 	text_3: height = 0.05
32.6358 	EXP 	text_3: height = 0.05
32.6358 	EXP 	text_3: text = 'Spatial frequency: 0.500\nContrast: 1.000'
32.6358 	EXP 	text_4: height = 0.05
32.6358 	EXP 	text_4: height = 0.05
32.6358 	EXP 	text_4: height = 0.05
32.6358 	EXP 	text_4: text = 'Spatial frequency: 0.500\nContrast: 1.000'
32.6358 	EXP 	GA: autoDraw = True
32.6358 	EXP 	polygon_2: autoDraw = True
32.6358 	EXP 	text_4: autoDraw = True
32.6358 	EXP 	GA: tex = 'sqr'
35.6349 	EXP 	New trial (rep=2, index=0): None
35.6363 	EXP 	Created sequence: random, trialTypes=1, nReps=1, seed=None
35.6366 	EXP 	New trial (rep=0, index=0): None
35.6723 	EXP 	GA: autoDraw = False
35.6723 	EXP 	polygon_2: autoDraw = False
35.6723 	EXP 	text_4: autoDraw = False
35.6723 	EXP 	GA: autoDraw = False
35.6723 	EXP 	polygon_2: autoDraw = False
35.6723 	EXP 	text_4: autoDraw = False
35.6723 	EXP 	GA: sf = array([0.5, 0.5])
35.6723 	EXP 	GA: phase = array([0., 0.])
35.6723 	EXP 	text_3: height = 0.05
35.6723 	EXP 	text_3: height = 0.05
35.6723 	EXP 	text_3: height = 0.05
35.6723 	EXP 	text_3: text = 'Spatial frequency: 0.500\nContrast: 0.053'
35.6723 	EXP 	text_4: height = 0.05
35.6723 	EXP 	text_4: height = 0.05
35.6723 	EXP 	text_4: height = 0.05
35.6723 	EXP 	text_4: text = 'Spatial frequency: 0.500\nContrast: 0.053'
35.6723 	EXP 	GA: autoDraw = True
35.6723 	EXP 	polygon_2: autoDraw = True
35.6723 	EXP 	text_4: autoDraw = True
35.6723 	EXP 	GA: tex = 'sqr'
38.6681 	EXP 	New trial (rep=3, index=0): None
38.6694 	EXP 	Created sequence: random, trialTypes=1, nReps=1, seed=None
38.6697 	EXP 	New trial (rep=0, index=0): None
38.6964 	EXP 	GA: autoDraw = False
38.6964 	EXP 	polygon_2: autoDraw = False
38.6964 	EXP 	text_4: autoDraw = False
38.6964 	EXP 	GA: autoDraw = False
38.6964 	EXP 	polygon_2: autoDraw = False
38.6964 	EXP 	text_4: autoDraw = False
38.6964 	EXP 	GA: sf = array([0.5, 0.5])
38.6964 	EXP 	GA: phase = array([0., 0.])
38.6964 	EXP 	text_3: text = 'Spatial frequency: 0.500\nContrast: 0.053'
38.6964 	EXP 	text_4: text = 'Spatial frequency: 0.500\nContrast: 0.053'
38.6964 	EXP 	GA: autoDraw = True
38.6964 	EXP 	polygon_2: autoDraw = True
38.6964 	EXP 	text_4: autoDraw = True
38.6964 	EXP 	GA: tex = 'sqr'
41.6847 	EXP 	New trial (rep=4, index=0): None
41.6860 	EXP 	Created sequence: random, trialTypes=1, nReps=1, seed=None
41.6863 	EXP 	New trial (rep=0, index=0): None
41.7203 	EXP 	GA: autoDraw = False
41.7203 	EXP 	polygon_2: autoDraw = False
41.7203 	EXP 	text_4: autoDraw = False
41.7203 	EXP 	GA: autoDraw = False
41.7203 	EXP 	polygon_2: autoDraw = False
41.7203 	EXP 	text_4: autoDraw = False
41.7203 	EXP 	GA: sf = array([0.5, 0.5])
41.7203 	EXP 	GA: phase = array([0., 0.])
41.7203 	EXP 	text_3: height = 0.05
41.7203 	EXP 	text_3: height = 0.05
41.7203 	EXP 	text_3: height = 0.05
41.7203 	EXP 	text_3: text = 'Spatial frequency: 0.500\nContrast: 0.141'
41.7203 	EXP 	text_4: height = 0.05
41.7203 	EXP 	text_4: height = 0.05
41.7203 	EXP 	text_4: height = 0.05
41.7203 	EXP 	text_4: text = 'Spatial frequency: 0.500\nContrast: 0.141'
41.7203 	EXP 	GA: autoDraw = True
41.7203 	EXP 	polygon_2: autoDraw = True
41.7203 	EXP 	text_4: autoDraw = True
41.7203 	EXP 	GA: tex = 'sqr'
44.7182 	EXP 	New trial (rep=5, index=0): None
44.7195 	EXP 	Created sequence: random, trialTypes=1, nReps=1, seed=None
44.7198 	EXP 	New trial (rep=0, index=0): None
44.7575 	EXP 	GA: autoDraw = False
44.7575 	EXP 	polygon_2: autoDraw = False
44.7575 	EXP 	text_4: autoDraw = False
44.7575 	EXP 	GA: autoDraw = False
44.7575 	EXP 	polygon_2: autoDraw = False
44.7575 	EXP 	text_4: autoDraw = False
44.7575 	EXP 	GA: sf = array([0.5, 0.5])
44.7575 	EXP 	GA: phase = array([0., 0.])
44.7575 	EXP 	text_3: height = 0.05
44.7575 	EXP 	text_3: height = 0.05
44.7575 	EXP 	text_3: height = 0.05
44.7575 	EXP 	text_3: text = 'Spatial frequency: 0.500\nContrast: 0.376'
44.7575 	EXP 	text_4: height = 0.05
44.7575 	EXP 	text_4: height = 0.05
44.7575 	EXP 	text_4: height = 0.05
44.7575 	EXP 	text_4: text = 'Spatial frequency: 0.500\nContrast: 0.376'
44.7575 	EXP 	GA: autoDraw = True
44.7575 	EXP 	polygon_2: autoDraw = True
44.7575 	EXP 	text_4: autoDraw = True
44.7575 	EXP 	GA: tex = 'sqr'
47.7514 	EXP 	New trial (rep=6, index=0): None
47.7527 	EXP 	Created sequence: random, trialTypes=1, nReps=1, seed=None
47.7529 	EXP 	New trial (rep=0, index=0): None
47.7874 	EXP 	GA: autoDraw = False
47.7874 	EXP 	polygon_2: autoDraw = False
47.7874 	EXP 	text_4: autoDraw = False
47.7874 	EXP 	GA: autoDraw = False
47.7874 	EXP 	polygon_2: autoDraw = False
47.7874 	EXP 	text_4: autoDraw = False
47.7874 	EXP 	GA: sf = array([0.5, 0.5])
47.7874 	EXP 	GA: phase = array([0., 0.])
47.7874 	EXP 	text_3: height = 0.05
47.7874 	EXP 	text_3: height = 0.05
47.7874 	EXP 	text_3: height = 0.05
47.7874 	EXP 	text_3: text = 'Spatial frequency: 0.500\nContrast: 1.000'
47.7874 	EXP 	text_4: height = 0.05
47.7874 	EXP 	text_4: height = 0.05
47.7874 	EXP 	text_4: height = 0.05
47.7874 	EXP 	text_4: text = 'Spatial frequency: 0.500\nContrast: 1.000'
47.7874 	EXP 	GA: autoDraw = True
47.7874 	EXP 	polygon_2: autoDraw = True
47.7874 	EXP 	text_4: autoDraw = True
47.7874 	EXP 	GA: tex = 'sqr'
50.7845 	EXP 	New trial (rep=7, index=0): None
50.7857 	EXP 	Created sequence: random, trialTypes=1, nReps=1, seed=None
50.7860 	EXP 	New trial (rep=0, index=0): None
50.8209 	EXP 	GA: autoDraw = False
50.8209 	EXP 	polygon_2: autoDraw = False
50.8209 	EXP 	text_4: autoDraw = False
50.8209 	EXP 	GA: autoDraw = False
50.8209 	EXP 	polygon_2: autoDraw = False
50.8209 	EXP 	text_4: autoDraw = False
50.8209 	EXP 	GA: sf = array([0.5, 0.5])
50.8209 	EXP 	GA: phase = array([0., 0.])
50.8209 	EXP 	text_3: height = 0.05
50.8209 	EXP 	text_3: height = 0.05
50.8209 	EXP 	text_3: height = 0.05
50.8209 	EXP 	text_3: text = 'Spatial frequency: 0.500\nContrast: 0.141'
50.8209 	EXP 	text_4: height = 0.05
50.8209 	EXP 	text_4: height = 0.05
50.8209 	EXP 	text_4: height = 0.05
50.8209 	EXP 	text_4: text = 'Spatial frequency: 0.500\nContrast: 0.141'
50.8209 	EXP 	GA: autoDraw = True
50.8209 	EXP 	polygon_2: autoDraw = True
50.8209 	EXP 	text_4: autoDraw = True
50.8209 	EXP 	GA: tex = 'sqr'
53.8177 	EXP 	New trial (rep=8, index=0): None
53.8191 	EXP 	Created sequence: random, trialTypes=1, nReps=1, seed=None
53.8194 	EXP 	New trial (rep=0, index=0): None
53.8582 	EXP 	GA: autoDraw = False
53.8582 	EXP 	polygon_2: autoDraw = False
53.8582 	EXP 	text_4: autoDraw = False
53.8582 	EXP 	GA: autoDraw = False
53.8582 	EXP 	polygon_2: autoDraw = False
53.8582 	EXP 	text_4: autoDraw = False
53.8582 	EXP 	GA: sf = array([0.5, 0.5])
53.8582 	EXP 	GA: phase = array([0., 0.])
53.8582 	EXP 	text_3: height = 0.05
53.8582 	EXP 	text_3: height = 0.05
53.8582 	EXP 	text_3: height = 0.05
53.8582 	EXP 	text_3: text = 'Spatial frequency: 0.500\nContrast: 0.020'
53.8582 	EXP 	text_4: height = 0.05
53.8582 	EXP 	text_4: height = 0.05
53.8582 	EXP 	text_4: height = 0.05
53.8582 	EXP 	text_4: text = 'Spatial frequency: 0.500\nContrast: 0.020'
53.8582 	EXP 	GA: autoDraw = True
53.8582 	EXP 	polygon_2: autoDraw = True
53.8582 	EXP 	text_4: autoDraw = True
53.8582 	EXP 	GA: tex = 'sqr'
56.8510 	EXP 	New trial (rep=9, index=0): None
56.8523 	EXP 	Created sequence: random, trialTypes=1, nReps=1, seed=None
56.8525 	EXP 	New trial (rep=0, index=0): None
56.8884 	EXP 	GA: autoDraw = False
56.8884 	EXP 	polygon_2: autoDraw = False
56.8884 	EXP 	text_4: autoDraw = False
56.8884 	EXP 	GA: autoDraw = False
56.8884 	EXP 	polygon_2: autoDraw = False
56.8884 	EXP 	text_4: autoDraw = False
56.8884 	EXP 	GA: sf = array([0.5, 0.5])
56.8884 	EXP 	GA: phase = array([0., 0.])
56.8884 	EXP 	text_3: height = 0.05
56.8884 	EXP 	text_3: height = 0.05
56.8884 	EXP 	text_3: height = 0.05
56.8884 	EXP 	text_3: text = 'Spatial frequency: 0.500\nContrast: 1.000'
56.8884 	EXP 	text_4: height = 0.05
56.8884 	EXP 	text_4: height = 0.05
56.8884 	EXP 	text_4: height = 0.05
56.8884 	EXP 	text_4: text = 'Spatial frequency: 0.500\nContrast: 1.000'
56.8884 	EXP 	GA: autoDraw = True
56.8884 	EXP 	polygon_2: autoDraw = True
56.8884 	EXP 	text_4: autoDraw = True
56.8884 	EXP 	GA: tex = 'sqr'
59.8843 	EXP 	New trial (rep=10, index=0): None
59.8856 	EXP 	Created sequence: random, trialTypes=1, nReps=1, seed=None
59.8859 	EXP 	New trial (rep=0, index=0): None
59.9228 	EXP 	GA: autoDraw = False
59.9228 	EXP 	polygon_2: autoDraw = False
59.9228 	EXP 	text_4: autoDraw = False
59.9228 	EXP 	GA: autoDraw = False
59.9228 	EXP 	polygon_2: autoDraw = False
59.9228 	EXP 	text_4: autoDraw = False
59.9228 	EXP 	GA: sf = array([0.5, 0.5])
59.9228 	EXP 	GA: phase = array([0., 0.])
59.9228 	EXP 	text_3: height = 0.05
59.9228 	EXP 	text_3: height = 0.05
59.9228 	EXP 	text_3: height = 0.05
59.9228 	EXP 	text_3: text = 'Spatial frequency: 0.500\nContrast: 0.376'
59.9228 	EXP 	text_4: height = 0.05
59.9228 	EXP 	text_4: height = 0.05
59.9228 	EXP 	text_4: height = 0.05
59.9228 	EXP 	text_4: text = 'Spatial frequency: 0.500\nContrast: 0.376'
59.9228 	EXP 	GA: autoDraw = True
59.9228 	EXP 	polygon_2: autoDraw = True
59.9228 	EXP 	text_4: autoDraw = True
59.9228 	EXP 	GA: tex = 'sqr'
62.9178 	EXP 	New trial (rep=11, index=0): None
62.9191 	EXP 	Created sequence: random, trialTypes=1, nReps=1, seed=None
62.9193 	EXP 	New trial (rep=0, index=0): None
62.9556 	EXP 	GA: autoDraw = False
62.9556 	EXP 	polygon_2: autoDraw = False
62.9556 	EXP 	text_4: autoDraw = False
62.9556 	EXP 	GA: autoDraw = False
62.9556 	EXP 	polygon_2: autoDraw = False
62.9556 	EXP 	text_4: autoDraw = False
62.9556 	EXP 	GA: sf = array([0.5, 0.5])
62.9556 	EXP 	GA: phase = array([0., 0.])
62.9556 	EXP 	text_3: height = 0.05
62.9556 	EXP 	text_3: height = 0.05
62.9556 	EXP 	text_3: height = 0.05
62.9556 	EXP 	text_3: text = 'Spatial frequency: 0.500\nContrast: 0.020'
62.9556 	EXP 	text_4: height = 0.05
62.9556 	EXP 	text_4: height = 0.05
62.9556 	EXP 	text_4: height = 0.05
62.9556 	EXP 	text_4: text = 'Spatial frequency: 0.500\nContrast: 0.020'
62.9556 	EXP 	GA: autoDraw = True
62.9556 	EXP 	polygon_2: autoDraw = True
62.9556 	EXP 	text_4: autoDraw = True
62.9556 	EXP 	GA: tex = 'sqr'
65.9508 	EXP 	New trial (rep=12, index=0): None
65.9520 	EXP 	Created sequence: random, trialTypes=1, nReps=1, seed=None
65.9522 	EXP 	New trial (rep=0, index=0): None
65.9809 	EXP 	GA: autoDraw = False
65.9809 	EXP 	polygon_2: autoDraw = False
65.9809 	EXP 	text_4: autoDraw = False
65.9809 	EXP 	GA: autoDraw = False
65.9809 	EXP 	polygon_2: autoDraw = False
65.9809 	EXP 	text_4: autoDraw = False
65.9809 	EXP 	GA: sf = array([0.5, 0.5])
65.9809 	EXP 	GA: phase = array([0., 0.])
65.9809 	EXP 	text_3: text = 'Spatial frequency: 0.500\nContrast: 0.020'
65.9809 	EXP 	text_4: text = 'Spatial frequency: 0.500\nContrast: 0.020'
65.9809 	EXP 	GA: autoDraw = True
65.9809 	EXP 	polygon_2: autoDraw = True
65.9809 	EXP 	text_4: autoDraw = True
65.9809 	EXP 	GA: tex = 'sqr'
68.9673 	EXP 	New trial (rep=13, index=0): None
68.9688 	EXP 	Created sequence: random, trialTypes=1, nReps=1, seed=None
68.9690 	EXP 	New trial (rep=0, index=0): None
69.0042 	EXP 	GA: autoDraw = False
69.0042 	EXP 	polygon_2: autoDraw = False
69.0042 	EXP 	text_4: autoDraw = False
69.0042 	EXP 	GA: autoDraw = False
69.0042 	EXP 	polygon_2: autoDraw = False
69.0042 	EXP 	text_4: autoDraw = False
69.0042 	EXP 	GA: sf = array([0.5, 0.5])
69.0042 	EXP 	GA: phase = array([0., 0.])
69.0042 	EXP 	text_3: height = 0.05
69.0042 	EXP 	text_3: height = 0.05
69.0042 	EXP 	text_3: height = 0.05
69.0042 	EXP 	text_3: text = 'Spatial frequency: 0.500\nContrast: 0.141'
69.0042 	EXP 	text_4: height = 0.05
69.0042 	EXP 	text_4: height = 0.05
69.0042 	EXP 	text_4: height = 0.05
69.0042 	EXP 	text_4: text = 'Spatial frequency: 0.500\nContrast: 0.141'
69.0042 	EXP 	GA: autoDraw = True
69.0042 	EXP 	polygon_2: autoDraw = True
69.0042 	EXP 	text_4: autoDraw = True
69.0042 	EXP 	GA: tex = 'sqr'
72.0006 	EXP 	New trial (rep=14, index=0): None
72.0022 	EXP 	Created sequence: random, trialTypes=1, nReps=1, seed=None
72.0024 	EXP 	New trial (rep=0, index=0): None
72.0386 	EXP 	GA: autoDraw = False
72.0386 	EXP 	polygon_2: autoDraw = False
72.0386 	EXP 	text_4: autoDraw = False
72.0386 	EXP 	GA: autoDraw = False
72.0386 	EXP 	polygon_2: autoDraw = False
72.0386 	EXP 	text_4: autoDraw = False
72.0386 	EXP 	GA: sf = array([0.5, 0.5])
72.0386 	EXP 	GA: phase = array([0., 0.])
72.0386 	EXP 	text_3: height = 0.05
72.0386 	EXP 	text_3: height = 0.05
72.0386 	EXP 	text_3: height = 0.05
72.0386 	EXP 	text_3: text = 'Spatial frequency: 0.500\nContrast: 0.376'
72.0386 	EXP 	text_4: height = 0.05
72.0386 	EXP 	text_4: height = 0.05
72.0386 	EXP 	text_4: height = 0.05
72.0386 	EXP 	text_4: text = 'Spatial frequency: 0.500\nContrast: 0.376'
72.0386 	EXP 	GA: autoDraw = True
72.0386 	EXP 	polygon_2: autoDraw = True
72.0386 	EXP 	text_4: autoDraw = True
72.0386 	EXP 	GA: tex = 'sqr'
75.0337 	EXP 	New trial (rep=15, index=0): None
75.0350 	EXP 	Created sequence: random, trialTypes=1, nReps=1, seed=None
75.0352 	EXP 	New trial (rep=0, index=0): None
75.0722 	EXP 	GA: autoDraw = False
75.0722 	EXP 	polygon_2: autoDraw = False
75.0722 	EXP 	text_4: autoDraw = False
75.0722 	EXP 	GA: autoDraw = False
75.0722 	EXP 	polygon_2: autoDraw = False
75.0722 	EXP 	text_4: autoDraw = False
75.0722 	EXP 	GA: sf = array([0.5, 0.5])
75.0722 	EXP 	GA: phase = array([0., 0.])
75.0722 	EXP 	text_3: height = 0.05
75.0722 	EXP 	text_3: height = 0.05
75.0722 	EXP 	text_3: height = 0.05
75.0722 	EXP 	text_3: text = 'Spatial frequency: 0.500\nContrast: 0.053'
75.0722 	EXP 	text_4: height = 0.05
75.0722 	EXP 	text_4: height = 0.05
75.0722 	EXP 	text_4: height = 0.05
75.0722 	EXP 	text_4: text = 'Spatial frequency: 0.500\nContrast: 0.053'
75.0722 	EXP 	GA: autoDraw = True
75.0722 	EXP 	polygon_2: autoDraw = True
75.0722 	EXP 	text_4: autoDraw = True
75.0722 	EXP 	GA: tex = 'sqr'
78.0670 	EXP 	New trial (rep=16, index=0): None
78.0681 	EXP 	Created sequence: random, trialTypes=1, nReps=1, seed=None
78.0683 	EXP 	New trial (rep=0, index=0): None
78.0956 	EXP 	GA: autoDraw = False
78.0956 	EXP 	polygon_2: autoDraw = False
78.0956 	EXP 	text_4: autoDraw = False
78.0956 	EXP 	GA: autoDraw = False
78.0956 	EXP 	polygon_2: autoDraw = False
78.0956 	EXP 	text_4: autoDraw = False
78.0956 	EXP 	GA: sf = array([0.5, 0.5])
78.0956 	EXP 	GA: phase = array([0., 0.])
78.0956 	EXP 	text_3: text = 'Spatial frequency: 0.500\nContrast: 0.053'
78.0956 	EXP 	text_4: text = 'Spatial frequency: 0.500\nContrast: 0.053'
78.0956 	EXP 	GA: autoDraw = True
78.0956 	EXP 	polygon_2: autoDraw = True
78.0956 	EXP 	text_4: autoDraw = True
78.0956 	EXP 	GA: tex = 'sqr'
81.0835 	EXP 	New trial (rep=17, index=0): None
81.0848 	EXP 	Created sequence: random, trialTypes=1, nReps=1, seed=None
81.0851 	EXP 	New trial (rep=0, index=0): None
81.1298 	EXP 	GA: autoDraw = False
81.1298 	EXP 	polygon_2: autoDraw = False
81.1298 	EXP 	text_4: autoDraw = False
81.1298 	EXP 	GA: autoDraw = False
81.1298 	EXP 	polygon_2: autoDraw = False
81.1298 	EXP 	text_4: autoDraw = False
81.1298 	EXP 	GA: sf = array([0.5, 0.5])
81.1298 	EXP 	GA: phase = array([0., 0.])
81.1298 	EXP 	text_3: height = 0.05
81.1298 	EXP 	text_3: height = 0.05
81.1298 	EXP 	text_3: height = 0.05
81.1298 	EXP 	text_3: text = 'Spatial frequency: 0.500\nContrast: 0.376'
81.1298 	EXP 	text_4: height = 0.05
81.1298 	EXP 	text_4: height = 0.05
81.1298 	EXP 	text_4: height = 0.05
81.1298 	EXP 	text_4: text = 'Spatial frequency: 0.500\nContrast: 0.376'
81.1298 	EXP 	GA: autoDraw = True
81.1298 	EXP 	polygon_2: autoDraw = True
81.1298 	EXP 	text_4: autoDraw = True
81.1298 	EXP 	GA: tex = 'sqr'
84.1169 	EXP 	New trial (rep=18, index=0): None
84.1179 	EXP 	Created sequence: random, trialTypes=1, nReps=1, seed=None
84.1181 	EXP 	New trial (rep=0, index=0): None
84.1594 	EXP 	GA: autoDraw = False
84.1594 	EXP 	polygon_2: autoDraw = False
84.1594 	EXP 	text_4: autoDraw = False
84.1594 	EXP 	GA: autoDraw = False
84.1594 	EXP 	polygon_2: autoDraw = False
84.1594 	EXP 	text_4: autoDraw = False
84.1594 	EXP 	GA: sf = array([0.5, 0.5])
84.1594 	EXP 	GA: phase = array([0., 0.])
84.1594 	EXP 	text_3: height = 0.05
84.1594 	EXP 	text_3: height = 0.05
84.1594 	EXP 	text_3: height = 0.05
84.1594 	EXP 	text_3: text = 'Spatial frequency: 0.500\nContrast: 1.000'
84.1594 	EXP 	text_4: height = 0.05
84.1594 	EXP 	text_4: height = 0.05
84.1594 	EXP 	text_4: height = 0.05
84.1594 	EXP 	text_4: text = 'Spatial frequency: 0.500\nContrast: 1.000'
84.1594 	EXP 	GA: autoDraw = True
84.1594 	EXP 	polygon_2: autoDraw = True
84.1594 	EXP 	text_4: autoDraw = True
84.1594 	EXP 	GA: tex = 'sqr'
87.1495 	EXP 	New trial (rep=19, index=0): None
87.1504 	EXP 	Created sequence: random, trialTypes=1, nReps=1, seed=None
87.1505 	EXP 	New trial (rep=0, index=0): None
87.1875 	EXP 	GA: autoDraw = False
87.1875 	EXP 	polygon_2: autoDraw = False
87.1875 	EXP 	text_4: autoDraw = False
87.1875 	EXP 	GA: autoDraw = False
87.1875 	EXP 	polygon_2: autoDraw = False
87.1875 	EXP 	text_4: autoDraw = False
87.1875 	EXP 	GA: sf = array([0.5, 0.5])
87.1875 	EXP 	GA: phase = array([0., 0.])
87.1875 	EXP 	text_3: height = 0.05
87.1875 	EXP 	text_3: height = 0.05
87.1875 	EXP 	text_3: height = 0.05
87.1875 	EXP 	text_3: text = 'Spatial frequency: 0.500\nContrast: 0.020'
87.1875 	EXP 	text_4: height = 0.05
87.1875 	EXP 	text_4: height = 0.05
87.1875 	EXP 	text_4: height = 0.05
87.1875 	EXP 	text_4: text = 'Spatial frequency: 0.500\nContrast: 0.020'
87.1875 	EXP 	GA: autoDraw = True
87.1875 	EXP 	polygon_2: autoDraw = True
87.1875 	EXP 	text_4: autoDraw = True
87.1875 	EXP 	GA: tex = 'sqr'
90.1977 	EXP 	GA: autoDraw = False
90.1977 	EXP 	polygon_2: autoDraw = False
90.1977 	EXP 	text_4: autoDraw = False
90.1977 	EXP 	GA: autoDraw = False
90.1977 	EXP 	polygon_2: autoDraw = False
90.1977 	EXP 	text_4: autoDraw = False
90.3164 	EXP 	window1: mouseVisible = True
