14.5296 	WARNING 	Speech-to-text recognition module for PocketSphinx is not available (use command `pip install SpeechRecognition` to get it). Transcription will be unavailable using that service this session.
14.5306 	WARNING 	Speech-to-text recognition using Google online services is not available (use command `pip install google-api-core google-auth google-cloud google-cloud-speech googleapis-common-protos` to get it). Transcription will be unavailable using that service this session.
14.5327 	ERROR 	Support for the `sounddevice` audio backend is not available this session. Please install `psychopy-sounddevice` and restart the session to enable support.
259.6837 	WARNING 	User requested fullscreen with size [1536  864], but screen is actually [1920, 1080]. Using actual size
260.5002 	EXP 	Created window1 = Window(allowGUI=True, allowStencil=False, autoLog=True, backendConf=UNKNOWN, backgroundFit=<method-wrapper '__getattribute__' of attributeSetter object at 0x000002115E3EC0D0>, backgroundImage=<method-wrapper '__getattribute__' of attributeSetter object at 0x000002115E3EC090>, bitsMode=UNKNOWN, blendMode='avg', bpc=(8, 8, 8), color=array([0, 0, 0]), colorSpace='rgb', depthBits=8, fullscr=<method-wrapper '__getattribute__' of attributeSetter object at 0x000002115D37D8D0>, gamma=None, gammaErrorPolicy='raise', lms=UNKNOWN, monitor=<psychopy.monitors.calibTools.Monitor object at 0x000002116C2A8210>, multiSample=False, name='window1', numSamples=2, pos=(0, 0), screen=0, size=array([1920, 1080]), stencilBits=0, stereo=False, units='height', useFBO=True, useRetina=False, viewOri=0.0, viewPos=None, viewScale=None, waitBlanking=True, winType='pyglet')
260.5004 	EXP 	window1: mouseVisible = True
260.5004 	EXP 	window1: backgroundImage = None
260.5004 	EXP 	window1: backgroundFit = 'cover'
260.5006 	EXP 	window1: mouseVisible = False
260.5006 	EXP 	window1: Attempting to measure frame rate of screen (0) ...
260.5006 	EXP 	window1: recordFrameIntervals = False
260.6653 	EXP 	window1: recordFrameIntervals = True
260.8493 	EXP 	Screen (0) actual frame rate measured at 59.84Hz
260.8494 	EXP 	window1: recordFrameIntervals = False
265.1414 	EXP 	Created text_2 = TextStim(__class__=<class 'psychopy.visual.text.TextStim'>, alignHoriz=method-wrapper(...), alignText='center', alignVert=method-wrapper(...), anchorHoriz='center', anchorVert='center', antialias=True, autoDraw=False, autoLog=True, bold=False, color=array([1., 1., 1.]), colorSpace='rgb', contrast=1.0, depth=0.0, flipHoriz=False, flipVert=False, font='Open Sans', fontFiles=[], height=0.05, italic=False, languageStyle='LTR', name='text_2', opacity=1.0, ori=0.0, pos=array([0., 0.]), rgb=UNKNOWN, text='Press spacebar to start the experiment\n\n', units='height', win=Window(...), wrapWidth=1)
265.1813 	EXP 	Created GA = GratingStim(__class__=<class 'psychopy.visual.grating.GratingStim'>, anchor='center', autoDraw=False, autoLog=True, blendmode='avg', color=array([1., 1., 1.]), colorSpace='rgb', contrast=1.0, depth=-2.0, interpolate=True, mask='circle', maskParams=None, name='GA', opacity=1.0, ori=0.0, phase=array([0., 0.]), pos=array([0., 0.]), rgbPedestal=array([0., 0., 0.]), sf=array([1., 1.]), size=array([8.5]), tex='sqr', texRes=512.0, units='deg', win=Window(...))
265.1865 	EXP 	Created polygon = ShapeStim(__class__=<class 'psychopy.visual.shape.ShapeStim'>, anchor=('center', 'center'), autoDraw=False, autoLog=True, closeShape=True, color=method-wrapper(...), colorSpace='rgb', contrast=None, depth=-3.0, fillColor=array([0., 0., 0.]), fillColorSpace='rgb', fillRGB=array([0., 0., 0.]), interpolate=True, lineColor=array([0., 0., 0.]), lineColorSpace='rgb', lineRGB=array([0., 0., 0.]), lineWidth=1.0, name='polygon', opacity=1.0, ori=0.0, pos=array([0., 0.]), size=array([0.05, 0.05]), units='height', vertices=ndarray(...), win=Window(...), windingRule=None)
265.1876 	EXP 	Created text_3 = TextStim(__class__=<class 'psychopy.visual.text.TextStim'>, alignHoriz=method-wrapper(...), alignText='center', alignVert=method-wrapper(...), anchorHoriz='center', anchorVert='center', antialias=True, autoDraw=False, autoLog=True, bold=False, color=array([1., 1., 1.]), colorSpace='rgb', contrast=1.0, depth=-4.0, flipHoriz=False, flipVert=False, font='Open Sans', fontFiles=[], height=0.05, italic=False, languageStyle='LTR', name='text_3', opacity=1.0, ori=0.0, pos=array([0.   , 0.125]), rgb=UNKNOWN, text='', units='height', win=Window(...), wrapWidth=1)
265.1898 	EXP 	Created polygon_2 = ShapeStim(__class__=<class 'psychopy.visual.shape.ShapeStim'>, anchor=('center', 'center'), autoDraw=False, autoLog=True, closeShape=True, color=method-wrapper(...), colorSpace='rgb', contrast=None, depth=-2.0, fillColor=array([0., 0., 0.]), fillColorSpace='rgb', fillRGB=array([0., 0., 0.]), interpolate=True, lineColor=array([0., 0., 0.]), lineColorSpace='rgb', lineRGB=array([0., 0., 0.]), lineWidth=1.0, name='polygon_2', opacity=1.0, ori=0.0, pos=array([0., 0.]), size=array([0.05, 0.05]), units='height', vertices=ndarray(...), win=Window(...), windingRule=None)
265.1906 	EXP 	Created text_4 = TextStim(__class__=<class 'psychopy.visual.text.TextStim'>, alignHoriz=method-wrapper(...), alignText='center', alignVert=method-wrapper(...), anchorHoriz='center', anchorVert='center', antialias=True, autoDraw=False, autoLog=True, bold=False, color=array([1., 1., 1.]), colorSpace='rgb', contrast=1.0, depth=-3.0, flipHoriz=False, flipVert=False, font='Open Sans', fontFiles=[], height=0.05, italic=False, languageStyle='LTR', name='text_4', opacity=1.0, ori=0.0, pos=array([0.   , 0.125]), rgb=UNKNOWN, text='', units='height', win=Window(...), wrapWidth=1)
265.1927 	EXP 	Created polygon_3 = ShapeStim(__class__=<class 'psychopy.visual.shape.ShapeStim'>, anchor=('center', 'center'), autoDraw=False, autoLog=True, closeShape=True, color=method-wrapper(...), colorSpace='rgb', contrast=None, depth=0.0, fillColor=array([0., 0., 0.]), fillColorSpace='rgb', fillRGB=array([0., 0., 0.]), interpolate=True, lineColor=array([0., 0., 0.]), lineColorSpace='rgb', lineRGB=array([0., 0., 0.]), lineWidth=1.0, name='polygon_3', opacity=1.0, ori=0.0, pos=array([0., 0.]), size=array([0.05, 0.05]), units='height', vertices=ndarray(...), win=Window(...), windingRule=None)
265.2333 	EXP 	Created GA_2 = GratingStim(__class__=<class 'psychopy.visual.grating.GratingStim'>, anchor='center', autoDraw=False, autoLog=True, blendmode='avg', color=array([1., 1., 1.]), colorSpace='rgb', contrast=1.0, depth=-2.0, interpolate=True, mask='circle', maskParams=None, name='GA_2', opacity=1.0, ori=0.0, phase=array([0., 0.]), pos=array([0., 0.]), rgbPedestal=array([0., 0., 0.]), sf=array([1., 1.]), size=array([8.5]), tex='sqr', texRes=512.0, units='deg', win=Window(...))
265.2358 	EXP 	Created polygon_4 = ShapeStim(__class__=<class 'psychopy.visual.shape.ShapeStim'>, anchor=('center', 'center'), autoDraw=False, autoLog=True, closeShape=True, color=method-wrapper(...), colorSpace='rgb', contrast=None, depth=-3.0, fillColor=array([0., 0., 0.]), fillColorSpace='rgb', fillRGB=array([0., 0., 0.]), interpolate=True, lineColor=array([0., 0., 0.]), lineColorSpace='rgb', lineRGB=array([0., 0., 0.]), lineWidth=1.0, name='polygon_4', opacity=1.0, ori=0.0, pos=array([0., 0.]), size=array([0.05, 0.05]), units='height', vertices=ndarray(...), win=Window(...), windingRule=None)
265.2370 	EXP 	Created text_5 = TextStim(__class__=<class 'psychopy.visual.text.TextStim'>, alignHoriz=method-wrapper(...), alignText='center', alignVert=method-wrapper(...), anchorHoriz='center', anchorVert='center', antialias=True, autoDraw=False, autoLog=True, bold=False, color=array([1., 1., 1.]), colorSpace='rgb', contrast=1.0, depth=-4.0, flipHoriz=False, flipVert=False, font='Open Sans', fontFiles=[], height=0.05, italic=False, languageStyle='LTR', name='text_5', opacity=1.0, ori=0.0, pos=array([0.   , 0.125]), rgb=UNKNOWN, text='', units='height', win=Window(...), wrapWidth=1)
265.2391 	EXP 	Created polygon_5 = ShapeStim(__class__=<class 'psychopy.visual.shape.ShapeStim'>, anchor=('center', 'center'), autoDraw=False, autoLog=True, closeShape=True, color=method-wrapper(...), colorSpace='rgb', contrast=None, depth=-2.0, fillColor=array([0., 0., 0.]), fillColorSpace='rgb', fillRGB=array([0., 0., 0.]), interpolate=True, lineColor=array([0., 0., 0.]), lineColorSpace='rgb', lineRGB=array([0., 0., 0.]), lineWidth=1.0, name='polygon_5', opacity=1.0, ori=0.0, pos=array([0., 0.]), size=array([0.05, 0.05]), units='height', vertices=ndarray(...), win=Window(...), windingRule=None)
265.2400 	EXP 	Created text_6 = TextStim(__class__=<class 'psychopy.visual.text.TextStim'>, alignHoriz=method-wrapper(...), alignText='center', alignVert=method-wrapper(...), anchorHoriz='center', anchorVert='center', antialias=True, autoDraw=False, autoLog=True, bold=False, color=array([1., 1., 1.]), colorSpace='rgb', contrast=1.0, depth=-3.0, flipHoriz=False, flipVert=False, font='Open Sans', fontFiles=[], height=0.05, italic=False, languageStyle='LTR', name='text_6', opacity=1.0, ori=0.0, pos=array([0.   , 0.125]), rgb=UNKNOWN, text='', units='height', win=Window(...), wrapWidth=1)
265.2422 	EXP 	Created polygon_6 = ShapeStim(__class__=<class 'psychopy.visual.shape.ShapeStim'>, anchor=('center', 'center'), autoDraw=False, autoLog=True, closeShape=True, color=method-wrapper(...), colorSpace='rgb', contrast=None, depth=0.0, fillColor=array([0., 0., 0.]), fillColorSpace='rgb', fillRGB=array([0., 0., 0.]), interpolate=True, lineColor=array([0., 0., 0.]), lineColorSpace='rgb', lineRGB=array([0., 0., 0.]), lineWidth=1.0, name='polygon_6', opacity=1.0, ori=0.0, pos=array([0., 0.]), size=array([0.05, 0.05]), units='height', vertices=ndarray(...), win=Window(...), windingRule=None)
265.2470 	EXP 	text_2: autoDraw = True
269.3508 	EXP 	Created sequence: random, trialTypes=1, nReps=0, seed=None
269.3532 	EXP 	Created sequence: random, trialTypes=1, nReps=1, seed=None
269.3537 	EXP 	New trial (rep=0, index=0): None
269.4353 	DATA 	Keypress: space
269.4379 	EXP 	text_2: autoDraw = False
269.4379 	EXP 	GA_2: sf = array([4., 4.])
269.4379 	EXP 	text_5: height = 0.05
269.4379 	EXP 	text_5: height = 0.05
269.4379 	EXP 	text_5: height = 0.05
269.4379 	EXP 	text_5: text = 'Spatial frequency: 4.000\nContrast: 5.0'
269.4379 	EXP 	text_6: height = 0.05
269.4379 	EXP 	text_6: height = 0.05
269.4379 	EXP 	text_6: height = 0.05
269.4379 	EXP 	text_6: text = 'Spatial frequency: 4.000\nContrast: 5.0'
269.4379 	EXP 	GA_2: autoDraw = True
269.4379 	EXP 	polygon_5: autoDraw = True
269.4379 	EXP 	text_6: autoDraw = True
269.4379 	EXP 	GA_2: tex = 'sqr'
272.4612 	EXP 	GA_2: autoDraw = False
272.4612 	EXP 	polygon_5: autoDraw = False
272.4612 	EXP 	text_6: autoDraw = False
272.4612 	EXP 	GA_2: autoDraw = False
272.4612 	EXP 	polygon_5: autoDraw = False
272.4612 	EXP 	text_6: autoDraw = False
272.4612 	EXP 	GA_2: sf = array([4.05, 4.05])
272.4612 	EXP 	text_5: height = 0.05
272.4612 	EXP 	text_5: height = 0.05
272.4612 	EXP 	text_5: height = 0.05
272.4612 	EXP 	text_5: text = 'Spatial frequency: 4.050\nContrast: 5.0'
272.4612 	EXP 	text_6: height = 0.05
272.4612 	EXP 	text_6: height = 0.05
272.4612 	EXP 	text_6: height = 0.05
272.4612 	EXP 	text_6: text = 'Spatial frequency: 4.050\nContrast: 5.0'
272.4612 	EXP 	GA_2: autoDraw = True
272.4612 	EXP 	polygon_5: autoDraw = True
272.4612 	EXP 	text_6: autoDraw = True
272.4612 	EXP 	GA_2: tex = 'sqr'
275.4765 	EXP 	GA_2: autoDraw = False
275.4765 	EXP 	polygon_5: autoDraw = False
275.4765 	EXP 	text_6: autoDraw = False
275.4765 	EXP 	GA_2: autoDraw = False
275.4765 	EXP 	polygon_5: autoDraw = False
275.4765 	EXP 	text_6: autoDraw = False
275.4765 	EXP 	GA_2: sf = array([4.1, 4.1])
275.4765 	EXP 	text_5: height = 0.05
275.4765 	EXP 	text_5: height = 0.05
275.4765 	EXP 	text_5: height = 0.05
275.4765 	EXP 	text_5: text = 'Spatial frequency: 4.100\nContrast: 5.0'
275.4765 	EXP 	text_6: height = 0.05
275.4765 	EXP 	text_6: height = 0.05
275.4765 	EXP 	text_6: height = 0.05
275.4765 	EXP 	text_6: text = 'Spatial frequency: 4.100\nContrast: 5.0'
275.4765 	EXP 	GA_2: autoDraw = True
275.4765 	EXP 	polygon_5: autoDraw = True
275.4765 	EXP 	text_6: autoDraw = True
275.4765 	EXP 	GA_2: tex = 'sqr'
278.4888 	EXP 	GA_2: autoDraw = False
278.4888 	EXP 	polygon_5: autoDraw = False
278.4888 	EXP 	text_6: autoDraw = False
278.4888 	EXP 	GA_2: autoDraw = False
278.4888 	EXP 	polygon_5: autoDraw = False
278.4888 	EXP 	text_6: autoDraw = False
278.4888 	EXP 	GA_2: sf = array([4.05, 4.05])
278.4888 	EXP 	text_5: height = 0.05
278.4888 	EXP 	text_5: height = 0.05
278.4888 	EXP 	text_5: height = 0.05
278.4888 	EXP 	text_5: text = 'Spatial frequency: 4.050\nContrast: 5.0'
278.4888 	EXP 	text_6: height = 0.05
278.4888 	EXP 	text_6: height = 0.05
278.4888 	EXP 	text_6: height = 0.05
278.4888 	EXP 	text_6: text = 'Spatial frequency: 4.050\nContrast: 5.0'
278.4888 	EXP 	GA_2: autoDraw = True
278.4888 	EXP 	polygon_5: autoDraw = True
278.4888 	EXP 	text_6: autoDraw = True
278.4888 	EXP 	GA_2: tex = 'sqr'
281.5176 	EXP 	GA_2: autoDraw = False
281.5176 	EXP 	polygon_5: autoDraw = False
281.5176 	EXP 	text_6: autoDraw = False
281.5176 	EXP 	GA_2: autoDraw = False
281.5176 	EXP 	polygon_5: autoDraw = False
281.5176 	EXP 	text_6: autoDraw = False
281.5176 	EXP 	GA_2: sf = array([4.05, 4.05])
281.5176 	EXP 	text_5: text = 'Spatial frequency: 4.050\nContrast: 5.0'
281.5176 	EXP 	text_6: text = 'Spatial frequency: 4.050\nContrast: 5.0'
281.5176 	EXP 	GA_2: autoDraw = True
281.5176 	EXP 	polygon_5: autoDraw = True
281.5176 	EXP 	text_6: autoDraw = True
281.5176 	EXP 	GA_2: tex = 'sqr'
284.5452 	EXP 	GA_2: autoDraw = False
284.5452 	EXP 	polygon_5: autoDraw = False
284.5452 	EXP 	text_6: autoDraw = False
284.5452 	EXP 	GA_2: autoDraw = False
284.5452 	EXP 	polygon_5: autoDraw = False
284.5452 	EXP 	text_6: autoDraw = False
284.5452 	EXP 	GA_2: sf = array([4.1, 4.1])
284.5452 	EXP 	text_5: height = 0.05
284.5452 	EXP 	text_5: height = 0.05
284.5452 	EXP 	text_5: height = 0.05
284.5452 	EXP 	text_5: text = 'Spatial frequency: 4.100\nContrast: 5.0'
284.5452 	EXP 	text_6: height = 0.05
284.5452 	EXP 	text_6: height = 0.05
284.5452 	EXP 	text_6: height = 0.05
284.5452 	EXP 	text_6: text = 'Spatial frequency: 4.100\nContrast: 5.0'
284.5452 	EXP 	GA_2: autoDraw = True
284.5452 	EXP 	polygon_5: autoDraw = True
284.5452 	EXP 	text_6: autoDraw = True
284.5452 	EXP 	GA_2: tex = 'sqr'
287.5511 	EXP 	GA_2: autoDraw = False
287.5511 	EXP 	polygon_5: autoDraw = False
287.5511 	EXP 	text_6: autoDraw = False
287.5511 	EXP 	GA_2: autoDraw = False
287.5511 	EXP 	polygon_5: autoDraw = False
287.5511 	EXP 	text_6: autoDraw = False
287.5511 	EXP 	GA_2: sf = array([4.1, 4.1])
287.5511 	EXP 	text_5: text = 'Spatial frequency: 4.100\nContrast: 5.0'
287.5511 	EXP 	text_6: text = 'Spatial frequency: 4.100\nContrast: 5.0'
287.5511 	EXP 	GA_2: autoDraw = True
287.5511 	EXP 	polygon_5: autoDraw = True
287.5511 	EXP 	text_6: autoDraw = True
287.5511 	EXP 	GA_2: tex = 'sqr'
290.5797 	EXP 	GA_2: autoDraw = False
290.5797 	EXP 	polygon_5: autoDraw = False
290.5797 	EXP 	text_6: autoDraw = False
290.5797 	EXP 	GA_2: autoDraw = False
290.5797 	EXP 	polygon_5: autoDraw = False
290.5797 	EXP 	text_6: autoDraw = False
290.5797 	EXP 	GA_2: sf = array([4.05, 4.05])
290.5797 	EXP 	text_5: height = 0.05
290.5797 	EXP 	text_5: height = 0.05
290.5797 	EXP 	text_5: height = 0.05
290.5797 	EXP 	text_5: text = 'Spatial frequency: 4.050\nContrast: 5.0'
290.5797 	EXP 	text_6: height = 0.05
290.5797 	EXP 	text_6: height = 0.05
290.5797 	EXP 	text_6: height = 0.05
290.5797 	EXP 	text_6: text = 'Spatial frequency: 4.050\nContrast: 5.0'
290.5797 	EXP 	GA_2: autoDraw = True
290.5797 	EXP 	polygon_5: autoDraw = True
290.5797 	EXP 	text_6: autoDraw = True
290.5797 	EXP 	GA_2: tex = 'sqr'
293.5852 	EXP 	GA_2: autoDraw = False
293.5852 	EXP 	polygon_5: autoDraw = False
293.5852 	EXP 	text_6: autoDraw = False
293.5852 	EXP 	GA_2: autoDraw = False
293.5852 	EXP 	polygon_5: autoDraw = False
293.5852 	EXP 	text_6: autoDraw = False
293.5852 	EXP 	GA_2: sf = array([4.05, 4.05])
293.5852 	EXP 	text_5: text = 'Spatial frequency: 4.050\nContrast: 5.0'
293.5852 	EXP 	text_6: text = 'Spatial frequency: 4.050\nContrast: 5.0'
293.5852 	EXP 	GA_2: autoDraw = True
293.5852 	EXP 	polygon_5: autoDraw = True
293.5852 	EXP 	text_6: autoDraw = True
293.5852 	EXP 	GA_2: tex = 'sqr'
296.6112 	EXP 	GA_2: autoDraw = False
296.6112 	EXP 	polygon_5: autoDraw = False
296.6112 	EXP 	text_6: autoDraw = False
296.6112 	EXP 	GA_2: autoDraw = False
296.6112 	EXP 	polygon_5: autoDraw = False
296.6112 	EXP 	text_6: autoDraw = False
296.6112 	EXP 	GA_2: sf = array([4., 4.])
296.6112 	EXP 	text_5: height = 0.05
296.6112 	EXP 	text_5: height = 0.05
296.6112 	EXP 	text_5: height = 0.05
296.6112 	EXP 	text_5: text = 'Spatial frequency: 4.000\nContrast: 5.0'
296.6112 	EXP 	text_6: height = 0.05
296.6112 	EXP 	text_6: height = 0.05
296.6112 	EXP 	text_6: height = 0.05
296.6112 	EXP 	text_6: text = 'Spatial frequency: 4.000\nContrast: 5.0'
296.6112 	EXP 	GA_2: autoDraw = True
296.6112 	EXP 	polygon_5: autoDraw = True
296.6112 	EXP 	text_6: autoDraw = True
296.6112 	EXP 	GA_2: tex = 'sqr'
299.6268 	EXP 	GA_2: autoDraw = False
299.6268 	EXP 	polygon_5: autoDraw = False
299.6268 	EXP 	text_6: autoDraw = False
299.6268 	EXP 	GA_2: autoDraw = False
299.6268 	EXP 	polygon_5: autoDraw = False
299.6268 	EXP 	text_6: autoDraw = False
299.6268 	EXP 	GA_2: sf = array([4.05, 4.05])
299.6268 	EXP 	text_5: height = 0.05
299.6268 	EXP 	text_5: height = 0.05
299.6268 	EXP 	text_5: height = 0.05
299.6268 	EXP 	text_5: text = 'Spatial frequency: 4.050\nContrast: 5.0'
299.6268 	EXP 	text_6: height = 0.05
299.6268 	EXP 	text_6: height = 0.05
299.6268 	EXP 	text_6: height = 0.05
299.6268 	EXP 	text_6: text = 'Spatial frequency: 4.050\nContrast: 5.0'
299.6268 	EXP 	GA_2: autoDraw = True
299.6268 	EXP 	polygon_5: autoDraw = True
299.6268 	EXP 	text_6: autoDraw = True
299.6268 	EXP 	GA_2: tex = 'sqr'
302.6439 	EXP 	GA_2: autoDraw = False
302.6439 	EXP 	polygon_5: autoDraw = False
302.6439 	EXP 	text_6: autoDraw = False
302.6439 	EXP 	GA_2: autoDraw = False
302.6439 	EXP 	polygon_5: autoDraw = False
302.6439 	EXP 	text_6: autoDraw = False
302.6439 	EXP 	GA_2: sf = array([4.1, 4.1])
302.6439 	EXP 	text_5: height = 0.05
302.6439 	EXP 	text_5: height = 0.05
302.6439 	EXP 	text_5: height = 0.05
302.6439 	EXP 	text_5: text = 'Spatial frequency: 4.100\nContrast: 5.0'
302.6439 	EXP 	text_6: height = 0.05
302.6439 	EXP 	text_6: height = 0.05
302.6439 	EXP 	text_6: height = 0.05
302.6439 	EXP 	text_6: text = 'Spatial frequency: 4.100\nContrast: 5.0'
302.6439 	EXP 	GA_2: autoDraw = True
302.6439 	EXP 	polygon_5: autoDraw = True
302.6439 	EXP 	text_6: autoDraw = True
302.6439 	EXP 	GA_2: tex = 'sqr'
305.6655 	EXP 	GA_2: autoDraw = False
305.6655 	EXP 	polygon_5: autoDraw = False
305.6655 	EXP 	text_6: autoDraw = False
305.6655 	EXP 	GA_2: autoDraw = False
305.6655 	EXP 	polygon_5: autoDraw = False
305.6655 	EXP 	text_6: autoDraw = False
305.6655 	EXP 	GA_2: sf = array([4.15, 4.15])
305.6655 	EXP 	text_5: height = 0.05
305.6655 	EXP 	text_5: height = 0.05
305.6655 	EXP 	text_5: height = 0.05
305.6655 	EXP 	text_5: text = 'Spatial frequency: 4.150\nContrast: 5.0'
305.6655 	EXP 	text_6: height = 0.05
305.6655 	EXP 	text_6: height = 0.05
305.6655 	EXP 	text_6: height = 0.05
305.6655 	EXP 	text_6: text = 'Spatial frequency: 4.150\nContrast: 5.0'
305.6655 	EXP 	GA_2: autoDraw = True
305.6655 	EXP 	polygon_5: autoDraw = True
305.6655 	EXP 	text_6: autoDraw = True
305.6655 	EXP 	GA_2: tex = 'sqr'
308.6798 	EXP 	GA_2: autoDraw = False
308.6798 	EXP 	polygon_5: autoDraw = False
308.6798 	EXP 	text_6: autoDraw = False
308.6798 	EXP 	GA_2: autoDraw = False
308.6798 	EXP 	polygon_5: autoDraw = False
308.6798 	EXP 	text_6: autoDraw = False
308.6798 	EXP 	GA_2: sf = array([4.2, 4.2])
308.6798 	EXP 	text_5: height = 0.05
308.6798 	EXP 	text_5: height = 0.05
308.6798 	EXP 	text_5: height = 0.05
308.6798 	EXP 	text_5: text = 'Spatial frequency: 4.200\nContrast: 5.0'
308.6798 	EXP 	text_6: height = 0.05
308.6798 	EXP 	text_6: height = 0.05
308.6798 	EXP 	text_6: height = 0.05
308.6798 	EXP 	text_6: text = 'Spatial frequency: 4.200\nContrast: 5.0'
308.6798 	EXP 	GA_2: autoDraw = True
308.6798 	EXP 	polygon_5: autoDraw = True
308.6798 	EXP 	text_6: autoDraw = True
308.6798 	EXP 	GA_2: tex = 'sqr'
311.6860 	EXP 	GA_2: autoDraw = False
311.6860 	EXP 	polygon_5: autoDraw = False
311.6860 	EXP 	text_6: autoDraw = False
311.6860 	EXP 	GA_2: autoDraw = False
311.6860 	EXP 	polygon_5: autoDraw = False
311.6860 	EXP 	text_6: autoDraw = False
311.6860 	EXP 	GA_2: sf = array([4.2, 4.2])
311.6860 	EXP 	text_5: text = 'Spatial frequency: 4.200\nContrast: 5.0'
311.6860 	EXP 	text_6: text = 'Spatial frequency: 4.200\nContrast: 5.0'
311.6860 	EXP 	GA_2: autoDraw = True
311.6860 	EXP 	polygon_5: autoDraw = True
311.6860 	EXP 	text_6: autoDraw = True
311.6860 	EXP 	GA_2: tex = 'sqr'
314.7104 	EXP 	GA_2: autoDraw = False
314.7104 	EXP 	polygon_5: autoDraw = False
314.7104 	EXP 	text_6: autoDraw = False
314.7104 	EXP 	GA_2: autoDraw = False
314.7104 	EXP 	polygon_5: autoDraw = False
314.7104 	EXP 	text_6: autoDraw = False
314.7104 	EXP 	GA_2: sf = array([4.15, 4.15])
314.7104 	EXP 	text_5: height = 0.05
314.7104 	EXP 	text_5: height = 0.05
314.7104 	EXP 	text_5: height = 0.05
314.7104 	EXP 	text_5: text = 'Spatial frequency: 4.150\nContrast: 5.0'
314.7104 	EXP 	text_6: height = 0.05
314.7104 	EXP 	text_6: height = 0.05
314.7104 	EXP 	text_6: height = 0.05
314.7104 	EXP 	text_6: text = 'Spatial frequency: 4.150\nContrast: 5.0'
314.7104 	EXP 	GA_2: autoDraw = True
314.7104 	EXP 	polygon_5: autoDraw = True
314.7104 	EXP 	text_6: autoDraw = True
314.7104 	EXP 	GA_2: tex = 'sqr'
317.7338 	EXP 	GA_2: autoDraw = False
317.7338 	EXP 	polygon_5: autoDraw = False
317.7338 	EXP 	text_6: autoDraw = False
317.7338 	EXP 	GA_2: autoDraw = False
317.7338 	EXP 	polygon_5: autoDraw = False
317.7338 	EXP 	text_6: autoDraw = False
317.7338 	EXP 	GA_2: sf = array([4.2, 4.2])
317.7338 	EXP 	text_5: height = 0.05
317.7338 	EXP 	text_5: height = 0.05
317.7338 	EXP 	text_5: height = 0.05
317.7338 	EXP 	text_5: text = 'Spatial frequency: 4.200\nContrast: 5.0'
317.7338 	EXP 	text_6: height = 0.05
317.7338 	EXP 	text_6: height = 0.05
317.7338 	EXP 	text_6: height = 0.05
317.7338 	EXP 	text_6: text = 'Spatial frequency: 4.200\nContrast: 5.0'
317.7338 	EXP 	GA_2: autoDraw = True
317.7338 	EXP 	polygon_5: autoDraw = True
317.7338 	EXP 	text_6: autoDraw = True
317.7338 	EXP 	GA_2: tex = 'sqr'
320.7513 	EXP 	GA_2: autoDraw = False
320.7513 	EXP 	polygon_5: autoDraw = False
320.7513 	EXP 	text_6: autoDraw = False
320.7513 	EXP 	GA_2: autoDraw = False
320.7513 	EXP 	polygon_5: autoDraw = False
320.7513 	EXP 	text_6: autoDraw = False
320.7513 	EXP 	GA_2: sf = array([4.2, 4.2])
320.7513 	EXP 	text_5: text = 'Spatial frequency: 4.200\nContrast: 5.0'
320.7513 	EXP 	text_6: text = 'Spatial frequency: 4.200\nContrast: 5.0'
320.7513 	EXP 	GA_2: autoDraw = True
320.7513 	EXP 	polygon_5: autoDraw = True
320.7513 	EXP 	text_6: autoDraw = True
320.7513 	EXP 	GA_2: tex = 'sqr'
323.7782 	EXP 	GA_2: autoDraw = False
323.7782 	EXP 	polygon_5: autoDraw = False
323.7782 	EXP 	text_6: autoDraw = False
323.7782 	EXP 	GA_2: autoDraw = False
323.7782 	EXP 	polygon_5: autoDraw = False
323.7782 	EXP 	text_6: autoDraw = False
323.7782 	EXP 	GA_2: sf = array([4.15, 4.15])
323.7782 	EXP 	text_5: height = 0.05
323.7782 	EXP 	text_5: height = 0.05
323.7782 	EXP 	text_5: height = 0.05
323.7782 	EXP 	text_5: text = 'Spatial frequency: 4.150\nContrast: 5.0'
323.7782 	EXP 	text_6: height = 0.05
323.7782 	EXP 	text_6: height = 0.05
323.7782 	EXP 	text_6: height = 0.05
323.7782 	EXP 	text_6: text = 'Spatial frequency: 4.150\nContrast: 5.0'
323.7782 	EXP 	GA_2: autoDraw = True
323.7782 	EXP 	polygon_5: autoDraw = True
323.7782 	EXP 	text_6: autoDraw = True
323.7782 	EXP 	GA_2: tex = 'sqr'
326.7938 	EXP 	GA_2: autoDraw = False
326.7938 	EXP 	polygon_5: autoDraw = False
326.7938 	EXP 	text_6: autoDraw = False
326.7938 	EXP 	GA_2: autoDraw = False
326.7938 	EXP 	polygon_5: autoDraw = False
326.7938 	EXP 	text_6: autoDraw = False
326.7938 	EXP 	GA_2: sf = array([4.2, 4.2])
326.7938 	EXP 	text_5: height = 0.05
326.7938 	EXP 	text_5: height = 0.05
326.7938 	EXP 	text_5: height = 0.05
326.7938 	EXP 	text_5: text = 'Spatial frequency: 4.200\nContrast: 5.0'
326.7938 	EXP 	text_6: height = 0.05
326.7938 	EXP 	text_6: height = 0.05
326.7938 	EXP 	text_6: height = 0.05
326.7938 	EXP 	text_6: text = 'Spatial frequency: 4.200\nContrast: 5.0'
326.7938 	EXP 	GA_2: autoDraw = True
326.7938 	EXP 	polygon_5: autoDraw = True
326.7938 	EXP 	text_6: autoDraw = True
326.7938 	EXP 	GA_2: tex = 'sqr'
335.7843 	EXP 	window1: mouseVisible = True
